<?xml version="1.0" encoding="UTF-8"?>
<coverage generated="1765319735017" clover="3.2.0">
  <project timestamp="1765319735017" name="All files">
    <metrics statements="1052" coveredstatements="728" conditionals="898" coveredconditionals="595" methods="296" coveredmethods="196" elements="2246" coveredelements="1519" complexity="0" loc="1052" ncloc="1052" packages="7" files="27" classes="27"/>
    <package name="api">
      <metrics statements="47" coveredstatements="44" conditionals="36" coveredconditionals="28" methods="10" coveredmethods="8"/>
      <file name="axios.js" path="C:\Users\samee\OneDrive\Documents\NJIT\CS490\CS490-HotSho-project\frontend\src\api\axios.js">
        <metrics statements="47" coveredstatements="44" conditionals="36" coveredconditionals="28" methods="10" coveredmethods="8"/>
        <line num="4" count="2" type="stmt"/>
        <line num="11" count="2" type="stmt"/>
        <line num="12" count="12" type="cond" truecount="2" falsecount="0"/>
        <line num="13" count="11" type="stmt"/>
        <line num="15" count="1" type="stmt"/>
        <line num="20" count="2" type="stmt"/>
        <line num="23" count="0" type="stmt"/>
        <line num="27" count="6" type="stmt"/>
        <line num="36" count="6" type="cond" truecount="2" falsecount="0"/>
        <line num="38" count="4" type="stmt"/>
        <line num="40" count="4" type="stmt"/>
        <line num="41" count="4" type="cond" truecount="1" falsecount="2"/>
        <line num="42" count="4" type="cond" truecount="2" falsecount="0"/>
        <line num="43" count="4" type="cond" truecount="2" falsecount="0"/>
        <line num="46" count="4" type="cond" truecount="3" falsecount="0"/>
        <line num="49" count="4" type="cond" truecount="4" falsecount="0"/>
        <line num="50" count="2" type="stmt"/>
        <line num="52" count="2" type="cond" truecount="1" falsecount="1"/>
        <line num="56" count="2" type="stmt"/>
        <line num="59" count="2" type="cond" truecount="1" falsecount="1"/>
        <line num="61" count="2" type="stmt"/>
        <line num="62" count="2" type="stmt"/>
        <line num="63" count="2" type="stmt"/>
        <line num="64" count="2" type="stmt"/>
        <line num="68" count="0" type="cond" truecount="0" falsecount="2"/>
        <line num="72" count="6" type="stmt"/>
        <line num="74" count="6" type="stmt"/>
        <line num="79" count="2" type="stmt"/>
        <line num="82" count="1" type="stmt"/>
        <line num="83" count="1" type="stmt"/>
        <line num="86" count="0" type="stmt"/>
        <line num="96" count="2" type="cond" truecount="1" falsecount="0"/>
        <line num="99" count="2" type="stmt"/>
        <line num="100" count="3" type="stmt"/>
        <line num="101" count="3" type="stmt"/>
        <line num="103" count="2" type="stmt"/>
        <line num="106" count="2" type="cond" truecount="4" falsecount="0"/>
        <line num="107" count="1" type="stmt"/>
        <line num="111" count="1" type="stmt"/>
        <line num="112" count="1" type="stmt"/>
        <line num="116" count="1" type="stmt"/>
        <line num="124" count="2" type="stmt"/>
        <line num="125" count="2" type="cond" truecount="2" falsecount="1"/>
        <line num="133" count="2" type="stmt"/>
        <line num="134" count="2" type="cond" truecount="2" falsecount="0"/>
        <line num="143" count="2" type="stmt"/>
        <line num="144" count="2" type="stmt"/>
      </file>
    </package>
    <package name="assets">
      <metrics statements="0" coveredstatements="0" conditionals="0" coveredconditionals="0" methods="0" coveredmethods="0"/>
      <file name="logo-full.svg" path="C:\Users\samee\OneDrive\Documents\NJIT\CS490\CS490-HotSho-project\frontend\src\assets\logo-full.svg">
        <metrics statements="0" coveredstatements="0" conditionals="0" coveredconditionals="0" methods="0" coveredmethods="0"/>
      </file>
      <file name="logo-icon.svg" path="C:\Users\samee\OneDrive\Documents\NJIT\CS490\CS490-HotSho-project\frontend\src\assets\logo-icon.svg">
        <metrics statements="0" coveredstatements="0" conditionals="0" coveredconditionals="0" methods="0" coveredmethods="0"/>
      </file>
      <file name="logo-text.svg" path="C:\Users\samee\OneDrive\Documents\NJIT\CS490\CS490-HotSho-project\frontend\src\assets\logo-text.svg">
        <metrics statements="0" coveredstatements="0" conditionals="0" coveredconditionals="0" methods="0" coveredmethods="0"/>
      </file>
      <file name="logo-white.svg" path="C:\Users\samee\OneDrive\Documents\NJIT\CS490\CS490-HotSho-project\frontend\src\assets\logo-white.svg">
        <metrics statements="0" coveredstatements="0" conditionals="0" coveredconditionals="0" methods="0" coveredmethods="0"/>
      </file>
    </package>
    <package name="components">
      <metrics statements="703" coveredstatements="417" conditionals="661" coveredconditionals="391" methods="206" coveredmethods="115"/>
      <file name="Button.jsx" path="C:\Users\samee\OneDrive\Documents\NJIT\CS490\CS490-HotSho-project\frontend\src\components\Button.jsx">
        <metrics statements="4" coveredstatements="4" conditionals="15" coveredconditionals="15" methods="1" coveredmethods="1"/>
        <line num="16" count="7" type="stmt"/>
        <line num="23" count="7" type="stmt"/>
        <line num="24" count="7" type="stmt"/>
        <line num="33" count="7" type="stmt"/>
      </file>
      <file name="CandidateSuggestionModal.jsx" path="C:\Users\samee\OneDrive\Documents\NJIT\CS490\CS490-HotSho-project\frontend\src\components\CandidateSuggestionModal.jsx">
        <metrics statements="44" coveredstatements="12" conditionals="33" coveredconditionals="4" methods="12" coveredmethods="1"/>
        <line num="8" count="1" type="stmt"/>
        <line num="9" count="1" type="stmt"/>
        <line num="16" count="1" type="stmt"/>
        <line num="17" count="1" type="stmt"/>
        <line num="18" count="1" type="stmt"/>
        <line num="19" count="1" type="stmt"/>
        <line num="21" count="1" type="stmt"/>
        <line num="22" count="0" type="stmt"/>
        <line num="23" count="0" type="stmt"/>
        <line num="26" count="1" type="stmt"/>
        <line num="27" count="0" type="cond" truecount="0" falsecount="5"/>
        <line num="28" count="0" type="stmt"/>
        <line num="29" count="0" type="stmt"/>
        <line num="32" count="0" type="stmt"/>
        <line num="33" count="0" type="stmt"/>
        <line num="34" count="0" type="stmt"/>
        <line num="36" count="0" type="stmt"/>
        <line num="37" count="0" type="stmt"/>
        <line num="38" count="0" type="stmt"/>
        <line num="39" count="0" type="stmt"/>
        <line num="40" count="0" type="cond" truecount="0" falsecount="2"/>
        <line num="42" count="0" type="stmt"/>
        <line num="43" count="0" type="stmt"/>
        <line num="45" count="0" type="stmt"/>
        <line num="49" count="1" type="stmt"/>
        <line num="50" count="0" type="stmt"/>
        <line num="51" count="0" type="stmt"/>
        <line num="52" count="0" type="stmt"/>
        <line num="53" count="0" type="stmt"/>
        <line num="54" count="0" type="stmt"/>
        <line num="68" count="0" type="stmt"/>
        <line num="69" count="0" type="cond" truecount="0" falsecount="2"/>
        <line num="72" count="0" type="stmt"/>
        <line num="73" count="0" type="stmt"/>
        <line num="75" count="0" type="stmt"/>
        <line num="79" count="1" type="cond" truecount="1" falsecount="1"/>
        <line num="82" count="1" type="stmt"/>
        <line num="83" count="0" type="cond" truecount="0" falsecount="2"/>
        <line num="84" count="0" type="stmt"/>
        <line num="88" count="1" type="stmt"/>
        <line num="94" count="0" type="stmt"/>
        <line num="222" count="0" type="stmt"/>
        <line num="229" count="0" type="stmt"/>
        <line num="246" count="0" type="stmt"/>
      </file>
      <file name="Card.jsx" path="C:\Users\samee\OneDrive\Documents\NJIT\CS490\CS490-HotSho-project\frontend\src\components\Card.jsx">
        <metrics statements="11" coveredstatements="8" conditionals="25" coveredconditionals="14" methods="2" coveredmethods="1"/>
        <line num="27" count="50" type="cond" truecount="3" falsecount="0"/>
        <line num="30" count="50" type="stmt"/>
        <line num="40" count="50" type="stmt"/>
        <line num="41" count="50" type="cond" truecount="1" falsecount="1"/>
        <line num="42" count="50" type="cond" truecount="2" falsecount="2"/>
        <line num="44" count="50" type="stmt"/>
        <line num="46" count="50" type="stmt"/>
        <line num="53" count="0" type="cond" truecount="0" falsecount="4"/>
        <line num="54" count="0" type="stmt"/>
        <line num="55" count="0" type="stmt"/>
        <line num="70" count="1" type="stmt"/>
      </file>
      <file name="Container.jsx" path="C:\Users\samee\OneDrive\Documents\NJIT\CS490\CS490-HotSho-project\frontend\src\components\Container.jsx">
        <metrics statements="7" coveredstatements="7" conditionals="11" coveredconditionals="8" methods="1" coveredmethods="1"/>
        <line num="25" count="18" type="stmt"/>
        <line num="30" count="18" type="cond" truecount="1" falsecount="1"/>
        <line num="31" count="18" type="cond" truecount="1" falsecount="1"/>
        <line num="32" count="18" type="cond" truecount="1" falsecount="1"/>
        <line num="34" count="18" type="stmt"/>
        <line num="36" count="18" type="stmt"/>
        <line num="43" count="1" type="stmt"/>
      </file>
      <file name="CoverLetterEditor.jsx" path="C:\Users\samee\OneDrive\Documents\NJIT\CS490\CS490-HotSho-project\frontend\src\components\CoverLetterEditor.jsx">
        <metrics statements="176" coveredstatements="95" conditionals="127" coveredconditionals="53" methods="40" coveredmethods="16"/>
        <line num="19" count="1" type="stmt"/>
        <line num="26" count="33" type="cond" truecount="1" falsecount="1"/>
        <line num="27" count="33" type="stmt"/>
        <line num="28" count="33" type="stmt"/>
        <line num="29" count="33" type="stmt"/>
        <line num="32" count="33" type="stmt"/>
        <line num="33" count="33" type="stmt"/>
        <line num="34" count="33" type="stmt"/>
        <line num="35" count="33" type="stmt"/>
        <line num="38" count="33" type="stmt"/>
        <line num="39" count="33" type="stmt"/>
        <line num="40" count="33" type="stmt"/>
        <line num="41" count="33" type="stmt"/>
        <line num="42" count="33" type="stmt"/>
        <line num="43" count="33" type="stmt"/>
        <line num="46" count="33" type="stmt"/>
        <line num="47" count="33" type="stmt"/>
        <line num="48" count="33" type="stmt"/>
        <line num="49" count="33" type="stmt"/>
        <line num="50" count="33" type="stmt"/>
        <line num="53" count="33" type="stmt"/>
        <line num="54" count="33" type="stmt"/>
        <line num="57" count="33" type="stmt"/>
        <line num="67" count="0" type="stmt"/>
        <line num="68" count="0" type="stmt"/>
        <line num="69" count="0" type="stmt"/>
        <line num="72" count="0" type="stmt"/>
        <line num="73" count="0" type="stmt"/>
        <line num="75" count="0" type="stmt"/>
        <line num="76" count="0" type="stmt"/>
        <line num="77" count="0" type="stmt"/>
        <line num="79" count="0" type="cond" truecount="0" falsecount="2"/>
        <line num="80" count="0" type="stmt"/>
        <line num="84" count="0" type="cond" truecount="0" falsecount="2"/>
        <line num="85" count="0" type="stmt"/>
        <line num="87" count="0" type="stmt"/>
        <line num="88" count="0" type="stmt"/>
        <line num="94" count="33" type="stmt"/>
        <line num="95" count="19" type="cond" truecount="1" falsecount="1"/>
        <line num="96" count="19" type="stmt"/>
        <line num="97" count="0" type="stmt"/>
        <line num="98" count="0" type="stmt"/>
        <line num="99" count="0" type="stmt"/>
        <line num="105" count="33" type="stmt"/>
        <line num="106" count="19" type="stmt"/>
        <line num="107" count="19" type="cond" truecount="1" falsecount="1"/>
        <line num="108" count="0" type="stmt"/>
        <line num="114" count="33" type="stmt"/>
        <line num="115" count="0" type="cond" truecount="0" falsecount="4"/>
        <line num="117" count="0" type="stmt"/>
        <line num="118" count="0" type="stmt"/>
        <line num="122" count="0" type="stmt"/>
        <line num="124" count="0" type="stmt"/>
        <line num="129" count="33" type="stmt"/>
        <line num="130" count="3" type="cond" truecount="4" falsecount="0"/>
        <line num="132" count="2" type="stmt"/>
        <line num="133" count="2" type="stmt"/>
        <line num="134" count="2" type="stmt"/>
        <line num="138" count="1" type="stmt"/>
        <line num="139" count="1" type="cond" truecount="1" falsecount="1"/>
        <line num="140" count="1" type="stmt"/>
        <line num="143" count="1" type="stmt"/>
        <line num="144" count="1" type="stmt"/>
        <line num="146" count="2" type="stmt"/>
        <line num="151" count="33" type="stmt"/>
        <line num="152" count="3" type="stmt"/>
        <line num="153" count="3" type="cond" truecount="1" falsecount="1"/>
        <line num="155" count="3" type="stmt"/>
        <line num="156" count="3" type="stmt"/>
        <line num="157" count="3" type="stmt"/>
        <line num="158" count="2" type="cond" truecount="1" falsecount="1"/>
        <line num="159" count="3" type="stmt"/>
        <line num="161" count="1" type="stmt"/>
        <line num="162" count="1" type="stmt"/>
        <line num="164" count="3" type="stmt"/>
        <line num="169" count="33" type="stmt"/>
        <line num="170" count="1" type="stmt"/>
        <line num="171" count="1" type="cond" truecount="1" falsecount="1"/>
        <line num="173" count="1" type="stmt"/>
        <line num="174" count="1" type="stmt"/>
        <line num="175" count="1" type="stmt"/>
        <line num="176" count="0" type="stmt"/>
        <line num="177" count="0" type="stmt"/>
        <line num="179" count="1" type="stmt"/>
        <line num="180" count="1" type="stmt"/>
        <line num="182" count="1" type="stmt"/>
        <line num="187" count="33" type="stmt"/>
        <line num="188" count="0" type="cond" truecount="0" falsecount="2"/>
        <line num="189" count="0" type="stmt"/>
        <line num="190" count="0" type="stmt"/>
        <line num="193" count="0" type="stmt"/>
        <line num="194" count="0" type="stmt"/>
        <line num="195" count="0" type="stmt"/>
        <line num="199" count="0" type="stmt"/>
        <line num="200" count="0" type="stmt"/>
        <line num="202" count="0" type="stmt"/>
        <line num="203" count="0" type="stmt"/>
        <line num="205" count="0" type="stmt"/>
        <line num="210" count="33" type="stmt"/>
        <line num="211" count="0" type="cond" truecount="0" falsecount="2"/>
        <line num="212" count="0" type="stmt"/>
        <line num="213" count="0" type="stmt"/>
        <line num="216" count="0" type="stmt"/>
        <line num="217" count="0" type="stmt"/>
        <line num="218" count="0" type="stmt"/>
        <line num="222" count="0" type="stmt"/>
        <line num="223" count="0" type="stmt"/>
        <line num="225" count="0" type="stmt"/>
        <line num="226" count="0" type="stmt"/>
        <line num="228" count="0" type="stmt"/>
        <line num="233" count="33" type="stmt"/>
        <line num="234" count="2" type="cond" truecount="1" falsecount="1"/>
        <line num="236" count="2" type="stmt"/>
        <line num="237" count="2" type="stmt"/>
        <line num="238" count="1" type="cond" truecount="1" falsecount="1"/>
        <line num="239" count="2" type="stmt"/>
        <line num="241" count="1" type="stmt"/>
        <line num="242" count="1" type="stmt"/>
        <line num="247" count="33" type="stmt"/>
        <line num="248" count="1" type="cond" truecount="3" falsecount="1"/>
        <line num="251" count="1" type="stmt"/>
        <line num="255" count="1" type="stmt"/>
        <line num="256" count="1" type="stmt"/>
        <line num="258" count="1" type="stmt"/>
        <line num="259" count="1" type="stmt"/>
        <line num="262" count="1" type="stmt"/>
        <line num="263" count="0" type="stmt"/>
        <line num="264" count="0" type="stmt"/>
        <line num="268" count="1" type="cond" truecount="1" falsecount="1"/>
        <line num="269" count="1" type="stmt"/>
        <line num="270" count="1" type="stmt"/>
        <line num="273" count="1" type="stmt"/>
        <line num="276" count="1" type="stmt"/>
        <line num="277" count="1" type="cond" truecount="2" falsecount="0"/>
        <line num="282" count="33" type="stmt"/>
        <line num="283" count="0" type="cond" truecount="0" falsecount="4"/>
        <line num="286" count="0" type="stmt"/>
        <line num="289" count="0" type="cond" truecount="0" falsecount="4"/>
        <line num="291" count="0" type="stmt"/>
        <line num="292" count="0" type="cond" truecount="0" falsecount="4"/>
        <line num="294" count="0" type="stmt"/>
        <line num="297" count="0" type="stmt"/>
        <line num="298" count="0" type="stmt"/>
        <line num="299" count="0" type="stmt"/>
        <line num="303" count="33" type="stmt"/>
        <line num="304" count="0" type="cond" truecount="0" falsecount="4"/>
        <line num="306" count="0" type="stmt"/>
        <line num="307" count="0" type="stmt"/>
        <line num="308" count="0" type="stmt"/>
        <line num="312" count="33" type="stmt"/>
        <line num="313" count="0" type="cond" truecount="0" falsecount="2"/>
        <line num="315" count="0" type="stmt"/>
        <line num="316" count="0" type="cond" truecount="0" falsecount="2"/>
        <line num="317" count="0" type="stmt"/>
        <line num="318" count="0" type="stmt"/>
        <line num="322" count="33" type="cond" truecount="1" falsecount="1"/>
        <line num="323" count="0" type="stmt"/>
        <line num="326" count="33" type="stmt"/>
        <line num="333" count="1" type="stmt"/>
        <line num="340" count="1" type="stmt"/>
        <line num="347" count="0" type="stmt"/>
        <line num="448" count="0" type="stmt"/>
        <line num="459" count="1" type="stmt"/>
        <line num="474" count="1" type="stmt"/>
        <line num="493" count="0" type="stmt"/>
        <line num="531" count="0" type="stmt"/>
        <line num="542" count="0" type="stmt"/>
        <line num="566" count="0" type="stmt"/>
        <line num="575" count="0" type="stmt"/>
        <line num="576" count="0" type="stmt"/>
        <line num="592" count="0" type="stmt"/>
        <line num="600" count="0" type="stmt"/>
        <line num="608" count="0" type="stmt"/>
        <line num="625" count="0" type="stmt"/>
        <line num="636" count="1" type="stmt"/>
        <line num="647" count="0" type="stmt"/>
      </file>
      <file name="ErrorMessage.jsx" path="C:\Users\samee\OneDrive\Documents\NJIT\CS490\CS490-HotSho-project\frontend\src\components\ErrorMessage.jsx">
        <metrics statements="14" coveredstatements="14" conditionals="27" coveredconditionals="27" methods="4" coveredmethods="4"/>
        <line num="13" count="15" type="cond" truecount="2" falsecount="0"/>
        <line num="15" count="13" type="cond" truecount="2" falsecount="0"/>
        <line num="16" count="15" type="cond" truecount="2" falsecount="0"/>
        <line num="17" count="15" type="cond" truecount="3" falsecount="0"/>
        <line num="18" count="15" type="cond" truecount="2" falsecount="0"/>
        <line num="20" count="15" type="stmt"/>
        <line num="47" count="1" type="stmt"/>
        <line num="100" count="4" type="stmt"/>
        <line num="111" count="4" type="cond" truecount="2" falsecount="0"/>
        <line num="113" count="2" type="stmt"/>
        <line num="114" count="2" type="stmt"/>
        <line num="117" count="2" type="cond" truecount="2" falsecount="0"/>
        <line num="119" count="1" type="stmt"/>
        <line num="126" count="4" type="stmt"/>
      </file>
      <file name="InformationalInterviewCard.jsx" path="C:\Users\samee\OneDrive\Documents\NJIT\CS490\CS490-HotSho-project\frontend\src\components\InformationalInterviewCard.jsx">
        <metrics statements="42" coveredstatements="23" conditionals="56" coveredconditionals="39" methods="13" coveredmethods="7"/>
        <line num="6" count="1" type="stmt"/>
        <line num="16" count="31" type="stmt"/>
        <line num="17" count="31" type="stmt"/>
        <line num="18" count="31" type="stmt"/>
        <line num="20" count="31" type="stmt"/>
        <line num="21" count="31" type="cond" truecount="1" falsecount="1"/>
        <line num="22" count="31" type="stmt"/>
        <line num="29" count="31" type="stmt"/>
        <line num="30" count="31" type="cond" truecount="1" falsecount="1"/>
        <line num="31" count="31" type="stmt"/>
        <line num="32" count="31" type="stmt"/>
        <line num="33" count="31" type="stmt"/>
        <line num="34" count="31" type="stmt"/>
        <line num="35" count="31" type="stmt"/>
        <line num="38" count="31" type="stmt"/>
        <line num="39" count="0" type="stmt"/>
        <line num="40" count="0" type="stmt"/>
        <line num="41" count="0" type="stmt"/>
        <line num="42" count="0" type="stmt"/>
        <line num="43" count="0" type="stmt"/>
        <line num="46" count="0" type="cond" truecount="0" falsecount="4"/>
        <line num="47" count="0" type="stmt"/>
        <line num="48" count="0" type="cond" truecount="0" falsecount="4"/>
        <line num="49" count="0" type="stmt"/>
        <line num="52" count="0" type="stmt"/>
        <line num="53" count="0" type="stmt"/>
        <line num="55" count="0" type="stmt"/>
        <line num="56" count="0" type="stmt"/>
        <line num="58" count="0" type="stmt"/>
        <line num="62" count="31" type="stmt"/>
        <line num="63" count="31" type="cond" truecount="3" falsecount="0"/>
        <line num="64" count="31" type="cond" truecount="2" falsecount="0"/>
        <line num="66" count="31" type="stmt"/>
        <line num="110" count="0" type="stmt"/>
        <line num="115" count="155" type="stmt"/>
        <line num="124" count="0" type="stmt"/>
        <line num="134" count="1" type="stmt"/>
        <line num="143" count="0" type="stmt"/>
        <line num="151" count="1" type="stmt"/>
        <line num="158" count="1" type="stmt"/>
        <line num="193" count="0" type="stmt"/>
        <line num="211" count="0" type="stmt"/>
      </file>
      <file name="InsightsPanel.jsx" path="C:\Users\samee\OneDrive\Documents\NJIT\CS490\CS490-HotSho-project\frontend\src\components\InsightsPanel.jsx">
        <metrics statements="38" coveredstatements="30" conditionals="56" coveredconditionals="31" methods="12" coveredmethods="10"/>
        <line num="9" count="1" type="stmt"/>
        <line num="10" count="7" type="cond" truecount="1" falsecount="1"/>
        <line num="11" count="0" type="cond" truecount="0" falsecount="4"/>
        <line num="13" count="0" type="cond" truecount="0" falsecount="13"/>
        <line num="18" count="0" type="stmt"/>
        <line num="22" count="4" type="stmt"/>
        <line num="23" count="4" type="stmt"/>
        <line num="24" count="4" type="stmt"/>
        <line num="25" count="4" type="stmt"/>
        <line num="26" count="4" type="stmt"/>
        <line num="28" count="4" type="stmt"/>
        <line num="29" count="3" type="stmt"/>
        <line num="30" count="3" type="stmt"/>
        <line num="31" count="3" type="stmt"/>
        <line num="33" count="3" type="stmt"/>
        <line num="34" count="3" type="stmt"/>
        <line num="35" count="3" type="stmt"/>
        <line num="36" count="3" type="stmt"/>
        <line num="37" count="3" type="stmt"/>
        <line num="38" count="3" type="cond" truecount="2" falsecount="0"/>
        <line num="40" count="0" type="stmt"/>
        <line num="41" count="0" type="stmt"/>
        <line num="43" count="3" type="stmt"/>
        <line num="47" count="4" type="stmt"/>
        <line num="48" count="3" type="cond" truecount="1" falsecount="1"/>
        <line num="49" count="3" type="stmt"/>
        <line num="53" count="4" type="cond" truecount="1" falsecount="1"/>
        <line num="56" count="4" type="stmt"/>
        <line num="57" count="0" type="cond" truecount="0" falsecount="2"/>
        <line num="58" count="0" type="stmt"/>
        <line num="62" count="4" type="stmt"/>
        <line num="68" count="0" type="stmt"/>
        <line num="141" count="1" type="stmt"/>
        <line num="158" count="2" type="stmt"/>
        <line num="177" count="1" type="stmt"/>
        <line num="194" count="1" type="stmt"/>
        <line num="211" count="1" type="stmt"/>
        <line num="227" count="1" type="stmt"/>
      </file>
      <file name="InterviewPreparationView.jsx" path="C:\Users\samee\OneDrive\Documents\NJIT\CS490\CS490-HotSho-project\frontend\src\components\InterviewPreparationView.jsx">
        <metrics statements="42" coveredstatements="0" conditionals="50" coveredconditionals="0" methods="8" coveredmethods="0"/>
        <line num="8" count="0" type="stmt"/>
        <line num="9" count="0" type="stmt"/>
        <line num="14" count="0" type="cond" truecount="0" falsecount="2"/>
        <line num="15" count="0" type="stmt"/>
        <line num="16" count="0" type="stmt"/>
        <line num="17" count="0" type="stmt"/>
        <line num="19" count="0" type="stmt"/>
        <line num="20" count="0" type="cond" truecount="0" falsecount="2"/>
        <line num="21" count="0" type="stmt"/>
        <line num="29" count="0" type="stmt"/>
        <line num="30" count="0" type="stmt"/>
        <line num="31" count="0" type="stmt"/>
        <line num="33" count="0" type="stmt"/>
        <line num="34" count="0" type="stmt"/>
        <line num="35" count="0" type="stmt"/>
        <line num="36" count="0" type="stmt"/>
        <line num="42" count="0" type="stmt"/>
        <line num="43" count="0" type="stmt"/>
        <line num="45" count="0" type="stmt"/>
        <line num="46" count="0" type="stmt"/>
        <line num="48" count="0" type="stmt"/>
        <line num="52" count="0" type="stmt"/>
        <line num="53" count="0" type="stmt"/>
        <line num="54" count="0" type="stmt"/>
        <line num="56" count="0" type="stmt"/>
        <line num="57" count="0" type="stmt"/>
        <line num="58" count="0" type="stmt"/>
        <line num="59" count="0" type="stmt"/>
        <line num="67" count="0" type="stmt"/>
        <line num="69" count="0" type="stmt"/>
        <line num="70" count="0" type="stmt"/>
        <line num="72" count="0" type="stmt"/>
        <line num="76" count="0" type="cond" truecount="0" falsecount="2"/>
        <line num="78" count="0" type="stmt"/>
        <line num="150" count="0" type="cond" truecount="0" falsecount="5"/>
        <line num="151" count="0" type="cond" truecount="0" falsecount="2"/>
        <line num="152" count="0" type="stmt"/>
        <line num="174" count="0" type="cond" truecount="0" falsecount="6"/>
        <line num="175" count="0" type="stmt"/>
        <line num="195" count="0" type="cond" truecount="0" falsecount="6"/>
        <line num="196" count="0" type="stmt"/>
        <line num="211" count="0" type="stmt"/>
      </file>
      <file name="LoadingSpinner.jsx" path="C:\Users\samee\OneDrive\Documents\NJIT\CS490\CS490-HotSho-project\frontend\src\components\LoadingSpinner.jsx">
        <metrics statements="10" coveredstatements="10" conditionals="10" coveredconditionals="10" methods="1" coveredmethods="1"/>
        <line num="12" count="3" type="stmt"/>
        <line num="18" count="35" type="stmt"/>
        <line num="24" count="35" type="stmt"/>
        <line num="30" count="35" type="stmt"/>
        <line num="36" count="35" type="cond" truecount="2" falsecount="0"/>
        <line num="53" count="35" type="stmt"/>
        <line num="64" count="35" type="cond" truecount="2" falsecount="0"/>
        <line num="65" count="6" type="stmt"/>
        <line num="72" count="29" type="stmt"/>
        <line num="75" count="3" type="stmt"/>
      </file>
      <file name="Logo.jsx" path="C:\Users\samee\OneDrive\Documents\NJIT\CS490\CS490-HotSho-project\frontend\src\components\Logo.jsx">
        <metrics statements="8" coveredstatements="8" conditionals="17" coveredconditionals="17" methods="1" coveredmethods="1"/>
        <line num="16" count="8" type="stmt"/>
        <line num="24" count="82" type="stmt"/>
        <line num="33" count="82" type="stmt"/>
        <line num="42" count="82" type="stmt"/>
        <line num="49" count="82" type="cond" truecount="2" falsecount="0"/>
        <line num="50" count="82" type="cond" truecount="2" falsecount="0"/>
        <line num="52" count="82" type="stmt"/>
        <line num="68" count="8" type="stmt"/>
      </file>
      <file name="Navbar.jsx" path="C:\Users\samee\OneDrive\Documents\NJIT\CS490\CS490-HotSho-project\frontend\src\components\Navbar.jsx">
        <metrics statements="113" coveredstatements="76" conditionals="101" coveredconditionals="71" methods="71" coveredmethods="45"/>
        <line num="9" count="70" type="stmt"/>
        <line num="10" count="70" type="stmt"/>
        <line num="11" count="70" type="stmt"/>
        <line num="12" count="70" type="stmt"/>
        <line num="13" count="70" type="stmt"/>
        <line num="14" count="70" type="stmt"/>
        <line num="15" count="70" type="stmt"/>
        <line num="16" count="70" type="stmt"/>
        <line num="19" count="70" type="stmt"/>
        <line num="20" count="0" type="stmt"/>
        <line num="22" count="0" type="stmt"/>
        <line num="25" count="0" type="stmt"/>
        <line num="28" count="0" type="stmt"/>
        <line num="29" count="0" type="stmt"/>
        <line num="32" count="0" type="stmt"/>
        <line num="33" count="0" type="stmt"/>
        <line num="39" count="0" type="stmt"/>
        <line num="41" count="0" type="stmt"/>
        <line num="43" count="0" type="stmt"/>
        <line num="44" count="0" type="stmt"/>
        <line num="49" count="70" type="stmt"/>
        <line num="50" count="54" type="stmt"/>
        <line num="51" count="50" type="stmt"/>
        <line num="52" count="50" type="stmt"/>
        <line num="53" count="50" type="stmt"/>
        <line num="54" count="50" type="stmt"/>
        <line num="56" count="49" type="cond" truecount="2" falsecount="0"/>
        <line num="57" count="9" type="stmt"/>
        <line num="59" count="40" type="stmt"/>
        <line num="63" count="1" type="stmt"/>
        <line num="64" count="1" type="stmt"/>
        <line num="68" count="54" type="cond" truecount="2" falsecount="0"/>
        <line num="69" count="50" type="stmt"/>
        <line num="71" count="50" type="stmt"/>
        <line num="72" count="50" type="stmt"/>
        <line num="77" count="70" type="stmt"/>
        <line num="78" count="28" type="stmt"/>
        <line num="82" count="70" type="stmt"/>
        <line num="83" count="502" type="cond" truecount="2" falsecount="0"/>
        <line num="88" count="70" type="stmt"/>
        <line num="134" count="2" type="stmt"/>
        <line num="135" count="2" type="stmt"/>
        <line num="138" count="1" type="cond" truecount="1" falsecount="1"/>
        <line num="139" count="1" type="stmt"/>
        <line num="145" count="4" type="stmt"/>
        <line num="147" count="0" type="cond" truecount="0" falsecount="2"/>
        <line num="148" count="0" type="stmt"/>
        <line num="161" count="0" type="cond" truecount="0" falsecount="2"/>
        <line num="162" count="0" type="stmt"/>
        <line num="165" count="1" type="stmt"/>
        <line num="168" count="0" type="stmt"/>
        <line num="171" count="0" type="stmt"/>
        <line num="174" count="0" type="stmt"/>
        <line num="177" count="0" type="stmt"/>
        <line num="180" count="0" type="stmt"/>
        <line num="183" count="0" type="stmt"/>
        <line num="186" count="0" type="stmt"/>
        <line num="189" count="0" type="stmt"/>
        <line num="192" count="0" type="stmt"/>
        <line num="195" count="0" type="stmt"/>
        <line num="198" count="0" type="stmt"/>
        <line num="201" count="0" type="stmt"/>
        <line num="204" count="0" type="stmt"/>
        <line num="207" count="0" type="stmt"/>
        <line num="210" count="0" type="stmt"/>
        <line num="213" count="0" type="stmt"/>
        <line num="216" count="0" type="stmt"/>
        <line num="220" count="0" type="stmt"/>
        <line num="223" count="0" type="stmt"/>
        <line num="226" count="0" type="stmt"/>
        <line num="229" count="0" type="stmt"/>
        <line num="232" count="0" type="stmt"/>
        <line num="268" count="14" type="stmt"/>
        <line num="302" count="54" type="cond" truecount="2" falsecount="0"/>
        <line num="314" count="54" type="cond" truecount="1" falsecount="1"/>
        <line num="328" count="54" type="cond" truecount="2" falsecount="0"/>
        <line num="340" count="54" type="cond" truecount="2" falsecount="0"/>
        <line num="352" count="54" type="cond" truecount="2" falsecount="0"/>
        <line num="364" count="54" type="cond" truecount="2" falsecount="0"/>
        <line num="376" count="54" type="cond" truecount="2" falsecount="0"/>
        <line num="389" count="54" type="cond" truecount="2" falsecount="0"/>
        <line num="401" count="54" type="cond" truecount="1" falsecount="1"/>
        <line num="413" count="54" type="cond" truecount="1" falsecount="1"/>
        <line num="425" count="54" type="cond" truecount="1" falsecount="1"/>
        <line num="437" count="54" type="cond" truecount="1" falsecount="1"/>
        <line num="449" count="54" type="cond" truecount="1" falsecount="1"/>
        <line num="462" count="54" type="cond" truecount="1" falsecount="1"/>
        <line num="475" count="54" type="cond" truecount="1" falsecount="1"/>
        <line num="487" count="54" type="cond" truecount="1" falsecount="1"/>
        <line num="499" count="54" type="cond" truecount="1" falsecount="1"/>
        <line num="511" count="54" type="cond" truecount="1" falsecount="1"/>
        <line num="523" count="54" type="cond" truecount="1" falsecount="1"/>
        <line num="535" count="54" type="cond" truecount="1" falsecount="1"/>
        <line num="547" count="54" type="cond" truecount="1" falsecount="1"/>
        <line num="559" count="54" type="cond" truecount="1" falsecount="1"/>
        <line num="571" count="54" type="cond" truecount="1" falsecount="1"/>
        <line num="583" count="54" type="cond" truecount="1" falsecount="1"/>
        <line num="595" count="54" type="cond" truecount="1" falsecount="1"/>
        <line num="607" count="54" type="cond" truecount="1" falsecount="1"/>
        <line num="619" count="54" type="cond" truecount="1" falsecount="1"/>
        <line num="631" count="54" type="cond" truecount="1" falsecount="1"/>
        <line num="661" count="11" type="stmt"/>
        <line num="662" count="11" type="stmt"/>
        <line num="663" count="23" type="cond" truecount="3" falsecount="1"/>
        <line num="664" count="23" type="cond" truecount="2" falsecount="0"/>
        <line num="666" count="3" type="stmt"/>
        <line num="670" count="6" type="cond" truecount="1" falsecount="1"/>
        <line num="671" count="6" type="cond" truecount="2" falsecount="0"/>
        <line num="672" count="6" type="stmt"/>
        <line num="685" count="5" type="cond" truecount="1" falsecount="1"/>
        <line num="686" count="5" type="cond" truecount="2" falsecount="0"/>
        <line num="687" count="5" type="stmt"/>
        <line num="691" count="5" type="cond" truecount="2" falsecount="0"/>
      </file>
      <file name="OutcomeModal.jsx" path="C:\Users\samee\OneDrive\Documents\NJIT\CS490\CS490-HotSho-project\frontend\src\components\OutcomeModal.jsx">
        <metrics statements="45" coveredstatements="17" conditionals="32" coveredconditionals="23" methods="13" coveredmethods="5"/>
        <line num="8" count="9" type="stmt"/>
        <line num="9" count="9" type="stmt"/>
        <line num="17" count="9" type="stmt"/>
        <line num="18" count="9" type="stmt"/>
        <line num="19" count="9" type="stmt"/>
        <line num="20" count="9" type="stmt"/>
        <line num="22" count="9" type="stmt"/>
        <line num="23" count="4" type="cond" truecount="1" falsecount="1"/>
        <line num="24" count="4" type="stmt"/>
        <line num="33" count="4" type="cond" truecount="1" falsecount="1"/>
        <line num="34" count="0" type="stmt"/>
        <line num="38" count="9" type="stmt"/>
        <line num="39" count="1" type="stmt"/>
        <line num="42" count="9" type="stmt"/>
        <line num="43" count="0" type="stmt"/>
        <line num="44" count="0" type="stmt"/>
        <line num="46" count="0" type="stmt"/>
        <line num="47" count="0" type="stmt"/>
        <line num="48" count="0" type="stmt"/>
        <line num="49" count="0" type="stmt"/>
        <line num="56" count="0" type="stmt"/>
        <line num="58" count="0" type="stmt"/>
        <line num="59" count="0" type="stmt"/>
        <line num="61" count="0" type="stmt"/>
        <line num="65" count="9" type="stmt"/>
        <line num="66" count="0" type="stmt"/>
        <line num="67" count="0" type="stmt"/>
        <line num="69" count="0" type="stmt"/>
        <line num="70" count="0" type="stmt"/>
        <line num="71" count="0" type="stmt"/>
        <line num="73" count="0" type="stmt"/>
        <line num="83" count="0" type="stmt"/>
        <line num="84" count="0" type="stmt"/>
        <line num="86" count="0" type="stmt"/>
        <line num="87" count="0" type="stmt"/>
        <line num="89" count="0" type="stmt"/>
        <line num="93" count="9" type="cond" truecount="2" falsecount="0"/>
        <line num="95" count="7" type="stmt"/>
        <line num="135" count="0" type="stmt"/>
        <line num="149" count="0" type="stmt"/>
        <line num="163" count="1" type="stmt"/>
        <line num="178" count="0" type="stmt"/>
        <line num="194" count="0" type="stmt"/>
        <line num="208" count="0" type="stmt"/>
        <line num="233" count="0" type="stmt"/>
      </file>
      <file name="ProfilePictureUpload.jsx" path="C:\Users\samee\OneDrive\Documents\NJIT\CS490\CS490-HotSho-project\frontend\src\components\ProfilePictureUpload.jsx">
        <metrics statements="96" coveredstatements="91" conditionals="67" coveredconditionals="61" methods="18" coveredmethods="17"/>
        <line num="8" count="62" type="stmt"/>
        <line num="9" count="62" type="stmt"/>
        <line num="10" count="62" type="stmt"/>
        <line num="11" count="62" type="stmt"/>
        <line num="12" count="62" type="stmt"/>
        <line num="13" count="62" type="stmt"/>
        <line num="14" count="62" type="stmt"/>
        <line num="15" count="62" type="stmt"/>
        <line num="16" count="62" type="stmt"/>
        <line num="18" count="62" type="stmt"/>
        <line num="19" count="8" type="stmt"/>
        <line num="20" count="8" type="cond" truecount="1" falsecount="1"/>
        <line num="22" count="8" type="stmt"/>
        <line num="25" count="8" type="cond" truecount="2" falsecount="0"/>
        <line num="26" count="1" type="stmt"/>
        <line num="32" count="1" type="stmt"/>
        <line num="36" count="7" type="cond" truecount="2" falsecount="0"/>
        <line num="37" count="1" type="stmt"/>
        <line num="43" count="1" type="stmt"/>
        <line num="46" count="6" type="stmt"/>
        <line num="48" count="6" type="stmt"/>
        <line num="49" count="6" type="stmt"/>
        <line num="50" count="5" type="stmt"/>
        <line num="52" count="5" type="stmt"/>
        <line num="55" count="5" type="stmt"/>
        <line num="56" count="5" type="stmt"/>
        <line num="57" count="5" type="stmt"/>
        <line num="59" count="1" type="stmt"/>
        <line num="60" count="1" type="stmt"/>
        <line num="66" count="1" type="stmt"/>
        <line num="70" count="62" type="stmt"/>
        <line num="71" count="3" type="cond" truecount="1" falsecount="1"/>
        <line num="73" count="0" type="stmt"/>
        <line num="74" count="0" type="stmt"/>
        <line num="77" count="3" type="stmt"/>
        <line num="78" count="3" type="stmt"/>
        <line num="79" count="3" type="stmt"/>
        <line num="81" count="3" type="stmt"/>
        <line num="82" count="3" type="stmt"/>
        <line num="83" count="3" type="stmt"/>
        <line num="86" count="3" type="stmt"/>
        <line num="87" count="3" type="stmt"/>
        <line num="89" count="3" type="stmt"/>
        <line num="91" count="3" type="stmt"/>
        <line num="97" count="2" type="stmt"/>
        <line num="100" count="2" type="cond" truecount="1" falsecount="1"/>
        <line num="101" count="2" type="stmt"/>
        <line num="105" count="2" type="stmt"/>
        <line num="106" count="2" type="stmt"/>
        <line num="107" count="2" type="stmt"/>
        <line num="108" count="2" type="stmt"/>
        <line num="111" count="2" type="cond" truecount="1" falsecount="1"/>
        <line num="112" count="2" type="stmt"/>
        <line num="115" count="1" type="stmt"/>
        <line num="116" count="1" type="stmt"/>
        <line num="117" count="1" type="stmt"/>
        <line num="119" count="3" type="stmt"/>
        <line num="123" count="62" type="stmt"/>
        <line num="124" count="3" type="cond" truecount="2" falsecount="0"/>
        <line num="125" count="1" type="stmt"/>
        <line num="128" count="2" type="stmt"/>
        <line num="129" count="2" type="stmt"/>
        <line num="131" count="2" type="stmt"/>
        <line num="132" count="2" type="stmt"/>
        <line num="133" count="2" type="stmt"/>
        <line num="135" count="2" type="stmt"/>
        <line num="138" count="2" type="cond" truecount="1" falsecount="1"/>
        <line num="139" count="2" type="stmt"/>
        <line num="143" count="2" type="stmt"/>
        <line num="144" count="2" type="stmt"/>
        <line num="145" count="2" type="stmt"/>
        <line num="147" count="0" type="stmt"/>
        <line num="148" count="0" type="stmt"/>
        <line num="150" count="2" type="stmt"/>
        <line num="154" count="62" type="stmt"/>
        <line num="155" count="3" type="stmt"/>
        <line num="156" count="3" type="stmt"/>
        <line num="157" count="3" type="stmt"/>
        <line num="158" count="3" type="stmt"/>
        <line num="159" count="3" type="cond" truecount="1" falsecount="1"/>
        <line num="160" count="3" type="stmt"/>
        <line num="164" count="62" type="cond" truecount="2" falsecount="0"/>
        <line num="166" count="62" type="stmt"/>
        <line num="172" count="2" type="stmt"/>
        <line num="173" count="2" type="stmt"/>
        <line num="174" count="14" type="stmt"/>
        <line num="196" count="6" type="stmt"/>
        <line num="202" count="1" type="stmt"/>
        <line num="203" count="1" type="stmt"/>
        <line num="246" count="0" type="stmt"/>
        <line num="268" count="2" type="cond" truecount="2" falsecount="0"/>
        <line num="269" count="2" type="cond" truecount="2" falsecount="0"/>
        <line num="281" count="1" type="cond" truecount="2" falsecount="0"/>
        <line num="282" count="1" type="cond" truecount="2" falsecount="0"/>
        <line num="293" count="1" type="cond" truecount="4" falsecount="0"/>
        <line num="294" count="1" type="cond" truecount="4" falsecount="0"/>
      </file>
      <file name="ProtectedRoute.jsx" path="C:\Users\samee\OneDrive\Documents\NJIT\CS490\CS490-HotSho-project\frontend\src\components\ProtectedRoute.jsx">
        <metrics statements="7" coveredstatements="7" conditionals="4" coveredconditionals="4" methods="1" coveredmethods="1"/>
        <line num="15" count="11" type="stmt"/>
        <line num="16" count="11" type="stmt"/>
        <line num="19" count="11" type="cond" truecount="2" falsecount="0"/>
        <line num="20" count="2" type="stmt"/>
        <line num="32" count="9" type="cond" truecount="2" falsecount="0"/>
        <line num="33" count="5" type="stmt"/>
        <line num="37" count="4" type="stmt"/>
      </file>
      <file name="RequestInterviewModal.jsx" path="C:\Users\samee\OneDrive\Documents\NJIT\CS490\CS490-HotSho-project\frontend\src\components\RequestInterviewModal.jsx">
        <metrics statements="46" coveredstatements="15" conditionals="30" coveredconditionals="14" methods="8" coveredmethods="4"/>
        <line num="8" count="9" type="stmt"/>
        <line num="9" count="9" type="stmt"/>
        <line num="19" count="9" type="stmt"/>
        <line num="20" count="9" type="stmt"/>
        <line num="21" count="9" type="stmt"/>
        <line num="22" count="9" type="stmt"/>
        <line num="24" count="9" type="stmt"/>
        <line num="25" count="3" type="stmt"/>
        <line num="26" count="3" type="stmt"/>
        <line num="29" count="9" type="stmt"/>
        <line num="30" count="0" type="cond" truecount="0" falsecount="5"/>
        <line num="31" count="0" type="stmt"/>
        <line num="32" count="0" type="stmt"/>
        <line num="35" count="0" type="stmt"/>
        <line num="36" count="0" type="stmt"/>
        <line num="38" count="0" type="stmt"/>
        <line num="39" count="0" type="stmt"/>
        <line num="40" count="0" type="stmt"/>
        <line num="41" count="0" type="stmt"/>
        <line num="49" count="0" type="stmt"/>
        <line num="51" count="0" type="stmt"/>
        <line num="52" count="0" type="stmt"/>
        <line num="54" count="0" type="stmt"/>
        <line num="58" count="9" type="stmt"/>
        <line num="59" count="0" type="stmt"/>
        <line num="61" count="0" type="cond" truecount="0" falsecount="5"/>
        <line num="62" count="0" type="stmt"/>
        <line num="63" count="0" type="stmt"/>
        <line num="66" count="0" type="stmt"/>
        <line num="67" count="0" type="stmt"/>
        <line num="69" count="0" type="stmt"/>
        <line num="70" count="0" type="stmt"/>
        <line num="71" count="0" type="stmt"/>
        <line num="72" count="0" type="stmt"/>
        <line num="78" count="0" type="stmt"/>
        <line num="79" count="0" type="stmt"/>
        <line num="81" count="0" type="stmt"/>
        <line num="82" count="0" type="stmt"/>
        <line num="84" count="0" type="stmt"/>
        <line num="88" count="9" type="cond" truecount="2" falsecount="0"/>
        <line num="91" count="8" type="stmt"/>
        <line num="92" count="0" type="cond" truecount="0" falsecount="2"/>
        <line num="93" count="0" type="stmt"/>
        <line num="97" count="8" type="stmt"/>
        <line num="103" count="1" type="stmt"/>
        <line num="272" count="0" type="stmt"/>
      </file>
    </package>
    <package name="components.interviewPrep">
      <metrics statements="24" coveredstatements="24" conditionals="26" coveredconditionals="23" methods="20" coveredmethods="20"/>
      <file name="QuestionCard.jsx" path="C:\Users\samee\OneDrive\Documents\NJIT\CS490\CS490-HotSho-project\frontend\src\components\interviewPrep\QuestionCard.jsx">
        <metrics statements="8" coveredstatements="8" conditionals="18" coveredconditionals="15" methods="6" coveredmethods="6"/>
        <line num="4" count="4" type="stmt"/>
        <line num="5" count="4" type="stmt"/>
        <line num="10" count="4" type="stmt"/>
        <line num="15" count="4" type="stmt"/>
        <line num="29" count="8" type="stmt"/>
        <line num="36" count="1" type="stmt"/>
        <line num="41" count="1" type="cond" truecount="2" falsecount="0"/>
        <line num="58" count="4" type="stmt"/>
      </file>
      <file name="QuestionFilters.jsx" path="C:\Users\samee\OneDrive\Documents\NJIT\CS490\CS490-HotSho-project\frontend\src\components\interviewPrep\QuestionFilters.jsx">
        <metrics statements="16" coveredstatements="16" conditionals="8" coveredconditionals="8" methods="14" coveredmethods="14"/>
        <line num="4" count="17" type="stmt"/>
        <line num="5" count="5" type="stmt"/>
        <line num="6" count="4" type="stmt"/>
        <line num="7" count="4" type="cond" truecount="2" falsecount="0"/>
        <line num="8" count="4" type="stmt"/>
        <line num="11" count="17" type="stmt"/>
        <line num="12" count="4" type="stmt"/>
        <line num="13" count="4" type="stmt"/>
        <line num="14" count="4" type="cond" truecount="2" falsecount="0"/>
        <line num="15" count="4" type="stmt"/>
        <line num="18" count="17" type="stmt"/>
        <line num="22" count="51" type="stmt"/>
        <line num="28" count="51" type="stmt"/>
        <line num="32" count="2" type="stmt"/>
        <line num="40" count="1" type="stmt"/>
        <line num="43" count="1" type="stmt"/>
      </file>
    </package>
    <package name="hooks">
      <metrics statements="15" coveredstatements="15" conditionals="9" coveredconditionals="9" methods="3" coveredmethods="3"/>
      <file name="useAccountDeletionCheck.js" path="C:\Users\samee\OneDrive\Documents\NJIT\CS490\CS490-HotSho-project\frontend\src\hooks\useAccountDeletionCheck.js">
        <metrics statements="15" coveredstatements="15" conditionals="9" coveredconditionals="9" methods="3" coveredmethods="3"/>
        <line num="14" count="1" type="stmt"/>
        <line num="15" count="6" type="stmt"/>
        <line num="16" count="6" type="stmt"/>
        <line num="18" count="6" type="stmt"/>
        <line num="19" count="6" type="stmt"/>
        <line num="20" count="6" type="cond" truecount="2" falsecount="0"/>
        <line num="22" count="5" type="stmt"/>
        <line num="23" count="5" type="stmt"/>
        <line num="24" count="5" type="stmt"/>
        <line num="27" count="5" type="stmt"/>
        <line num="32" count="4" type="cond" truecount="5" falsecount="0"/>
        <line num="33" count="3" type="stmt"/>
        <line num="34" count="3" type="stmt"/>
        <line num="39" count="3" type="stmt"/>
        <line num="45" count="6" type="stmt"/>
      </file>
    </package>
    <package name="pages">
      <metrics statements="72" coveredstatements="41" conditionals="36" coveredconditionals="25" methods="19" coveredmethods="12"/>
      <file name="InformationalInterviews.jsx" path="C:\Users\samee\OneDrive\Documents\NJIT\CS490\CS490-HotSho-project\frontend\src\pages\InformationalInterviews.jsx">
        <metrics statements="72" coveredstatements="41" conditionals="36" coveredconditionals="25" methods="19" coveredmethods="12"/>
        <line num="20" count="1" type="stmt"/>
        <line num="28" count="25" type="stmt"/>
        <line num="29" count="25" type="stmt"/>
        <line num="30" count="25" type="stmt"/>
        <line num="31" count="25" type="stmt"/>
        <line num="32" count="25" type="stmt"/>
        <line num="33" count="25" type="stmt"/>
        <line num="36" count="25" type="stmt"/>
        <line num="37" count="25" type="stmt"/>
        <line num="38" count="25" type="stmt"/>
        <line num="39" count="25" type="stmt"/>
        <line num="40" count="25" type="stmt"/>
        <line num="41" count="25" type="stmt"/>
        <line num="43" count="25" type="stmt"/>
        <line num="44" count="7" type="stmt"/>
        <line num="45" count="7" type="stmt"/>
        <line num="46" count="7" type="stmt"/>
        <line num="47" count="7" type="stmt"/>
        <line num="48" count="7" type="stmt"/>
        <line num="50" count="7" type="stmt"/>
        <line num="55" count="7" type="cond" truecount="1" falsecount="1"/>
        <line num="56" count="7" type="stmt"/>
        <line num="58" count="0" type="stmt"/>
        <line num="59" count="0" type="stmt"/>
        <line num="61" count="7" type="stmt"/>
        <line num="65" count="7" type="stmt"/>
        <line num="68" count="25" type="stmt"/>
        <line num="69" count="0" type="stmt"/>
        <line num="70" count="0" type="stmt"/>
        <line num="71" count="0" type="stmt"/>
        <line num="73" count="0" type="stmt"/>
        <line num="78" count="0" type="cond" truecount="0" falsecount="2"/>
        <line num="79" count="0" type="stmt"/>
        <line num="81" count="0" type="stmt"/>
        <line num="85" count="25" type="stmt"/>
        <line num="86" count="0" type="cond" truecount="0" falsecount="2"/>
        <line num="87" count="0" type="stmt"/>
        <line num="90" count="0" type="stmt"/>
        <line num="91" count="0" type="stmt"/>
        <line num="92" count="0" type="stmt"/>
        <line num="93" count="0" type="stmt"/>
        <line num="94" count="0" type="stmt"/>
        <line num="96" count="0" type="stmt"/>
        <line num="97" count="0" type="stmt"/>
        <line num="101" count="25" type="stmt"/>
        <line num="102" count="0" type="stmt"/>
        <line num="103" count="0" type="stmt"/>
        <line num="106" count="25" type="stmt"/>
        <line num="107" count="0" type="stmt"/>
        <line num="108" count="0" type="stmt"/>
        <line num="111" count="25" type="stmt"/>
        <line num="112" count="0" type="stmt"/>
        <line num="113" count="0" type="stmt"/>
        <line num="114" count="0" type="stmt"/>
        <line num="115" count="0" type="stmt"/>
        <line num="116" count="0" type="stmt"/>
        <line num="117" count="0" type="stmt"/>
        <line num="118" count="0" type="stmt"/>
        <line num="121" count="25" type="stmt"/>
        <line num="122" count="240" type="stmt"/>
        <line num="125" count="25" type="cond" truecount="2" falsecount="0"/>
        <line num="126" count="7" type="stmt"/>
        <line num="133" count="18" type="stmt"/>
        <line num="149" count="1" type="stmt"/>
        <line num="155" count="1" type="stmt"/>
        <line num="161" count="1" type="stmt"/>
        <line num="196" count="0" type="stmt"/>
        <line num="206" count="1" type="stmt"/>
        <line num="228" count="68" type="stmt"/>
        <line num="239" count="20" type="stmt"/>
        <line num="264" count="0" type="stmt"/>
        <line num="272" count="2" type="stmt"/>
      </file>
    </package>
    <package name="utils">
      <metrics statements="191" coveredstatements="187" conditionals="130" coveredconditionals="119" methods="38" coveredmethods="38"/>
      <file name="imageUtils.js" path="C:\Users\samee\OneDrive\Documents\NJIT\CS490\CS490-HotSho-project\frontend\src\utils\imageUtils.js">
        <metrics statements="44" coveredstatements="44" conditionals="14" coveredconditionals="13" methods="11" coveredmethods="11"/>
        <line num="13" count="2" type="cond" truecount="3" falsecount="0"/>
        <line num="14" count="5" type="stmt"/>
        <line num="15" count="5" type="stmt"/>
        <line num="17" count="5" type="stmt"/>
        <line num="18" count="4" type="stmt"/>
        <line num="20" count="4" type="stmt"/>
        <line num="22" count="3" type="stmt"/>
        <line num="23" count="3" type="stmt"/>
        <line num="26" count="3" type="stmt"/>
        <line num="27" count="3" type="stmt"/>
        <line num="29" count="3" type="cond" truecount="2" falsecount="0"/>
        <line num="30" count="2" type="cond" truecount="2" falsecount="0"/>
        <line num="31" count="1" type="stmt"/>
        <line num="32" count="1" type="stmt"/>
        <line num="35" count="1" type="cond" truecount="1" falsecount="1"/>
        <line num="36" count="1" type="stmt"/>
        <line num="37" count="1" type="stmt"/>
        <line num="42" count="3" type="stmt"/>
        <line num="43" count="3" type="stmt"/>
        <line num="46" count="3" type="stmt"/>
        <line num="49" count="3" type="stmt"/>
        <line num="51" count="3" type="cond" truecount="2" falsecount="0"/>
        <line num="52" count="2" type="stmt"/>
        <line num="54" count="1" type="stmt"/>
        <line num="62" count="4" type="stmt"/>
        <line num="63" count="1" type="stmt"/>
        <line num="66" count="4" type="stmt"/>
        <line num="69" count="5" type="stmt"/>
        <line num="70" count="1" type="stmt"/>
        <line num="73" count="5" type="stmt"/>
        <line num="82" count="2" type="stmt"/>
        <line num="83" count="5" type="stmt"/>
        <line num="84" count="5" type="stmt"/>
        <line num="93" count="2" type="cond" truecount="1" falsecount="0"/>
        <line num="94" count="3" type="stmt"/>
        <line num="95" count="3" type="stmt"/>
        <line num="103" count="2" type="stmt"/>
        <line num="104" count="4" type="cond" truecount="2" falsecount="0"/>
        <line num="106" count="3" type="stmt"/>
        <line num="107" count="3" type="stmt"/>
        <line num="108" count="3" type="stmt"/>
        <line num="110" count="3" type="stmt"/>
        <line num="119" count="2" type="stmt"/>
        <line num="120" count="1" type="stmt"/>
      </file>
      <file name="profileCompleteness.js" path="C:\Users\samee\OneDrive\Documents\NJIT\CS490\CS490-HotSho-project\frontend\src\utils\profileCompleteness.js">
        <metrics statements="147" coveredstatements="143" conditionals="116" coveredconditionals="106" methods="27" coveredmethods="27"/>
        <line num="7" count="1" type="stmt"/>
        <line num="17" count="1" type="stmt"/>
        <line num="28" count="1" type="stmt"/>
        <line num="95" count="1" type="stmt"/>
        <line num="129" count="5" type="cond" truecount="2" falsecount="0"/>
        <line num="137" count="5" type="cond" truecount="2" falsecount="0"/>
        <line num="146" count="5" type="stmt"/>
        <line num="147" count="5" type="cond" truecount="2" falsecount="0"/>
        <line num="148" count="5" type="stmt"/>
        <line num="150" count="0" type="stmt"/>
        <line num="161" count="5" type="stmt"/>
        <line num="162" count="5" type="cond" truecount="2" falsecount="0"/>
        <line num="163" count="5" type="stmt"/>
        <line num="165" count="1" type="stmt"/>
        <line num="176" count="5" type="stmt"/>
        <line num="187" count="5" type="stmt"/>
        <line num="188" count="5" type="stmt"/>
        <line num="189" count="5" type="stmt"/>
        <line num="191" count="5" type="stmt"/>
        <line num="192" count="40" type="stmt"/>
        <line num="193" count="40" type="cond" truecount="2" falsecount="0"/>
        <line num="195" count="40" type="cond" truecount="2" falsecount="0"/>
        <line num="196" count="8" type="stmt"/>
        <line num="198" count="32" type="cond" truecount="2" falsecount="0"/>
        <line num="199" count="2" type="stmt"/>
        <line num="201" count="30" type="stmt"/>
        <line num="206" count="5" type="stmt"/>
        <line num="213" count="5" type="stmt"/>
        <line num="220" count="5" type="stmt"/>
        <line num="221" count="5" type="stmt"/>
        <line num="222" count="5" type="stmt"/>
        <line num="224" count="5" type="stmt"/>
        <line num="225" count="20" type="stmt"/>
        <line num="226" count="20" type="cond" truecount="2" falsecount="0"/>
        <line num="228" count="20" type="cond" truecount="2" falsecount="0"/>
        <line num="229" count="12" type="stmt"/>
        <line num="231" count="8" type="cond" truecount="2" falsecount="0"/>
        <line num="232" count="3" type="stmt"/>
        <line num="234" count="5" type="stmt"/>
        <line num="239" count="5" type="stmt"/>
        <line num="246" count="5" type="cond" truecount="2" falsecount="0"/>
        <line num="248" count="5" type="cond" truecount="2" falsecount="0"/>
        <line num="249" count="3" type="stmt"/>
        <line num="257" count="2" type="stmt"/>
        <line num="258" count="2" type="stmt"/>
        <line num="261" count="2" type="cond" truecount="2" falsecount="0"/>
        <line num="262" count="2" type="cond" truecount="2" falsecount="0"/>
        <line num="265" count="4" type="cond" truecount="2" falsecount="0"/>
        <line num="266" count="2" type="stmt"/>
        <line num="269" count="2" type="stmt"/>
        <line num="270" count="2" type="cond" truecount="2" falsecount="0"/>
        <line num="271" count="1" type="stmt"/>
        <line num="278" count="2" type="cond" truecount="2" falsecount="0"/>
        <line num="279" count="1" type="stmt"/>
        <line num="282" count="2" type="stmt"/>
        <line num="289" count="5" type="cond" truecount="2" falsecount="0"/>
        <line num="291" count="5" type="cond" truecount="2" falsecount="0"/>
        <line num="292" count="4" type="stmt"/>
        <line num="299" count="1" type="stmt"/>
        <line num="300" count="1" type="stmt"/>
        <line num="303" count="1" type="cond" truecount="1" falsecount="1"/>
        <line num="306" count="1" type="cond" truecount="2" falsecount="0"/>
        <line num="307" count="1" type="stmt"/>
        <line num="310" count="1" type="cond" truecount="1" falsecount="1"/>
        <line num="311" count="1" type="stmt"/>
        <line num="314" count="1" type="stmt"/>
        <line num="315" count="1" type="cond" truecount="1" falsecount="1"/>
        <line num="316" count="0" type="stmt"/>
        <line num="323" count="1" type="stmt"/>
        <line num="330" count="5" type="cond" truecount="2" falsecount="0"/>
        <line num="332" count="5" type="cond" truecount="2" falsecount="0"/>
        <line num="333" count="3" type="stmt"/>
        <line num="340" count="2" type="stmt"/>
        <line num="341" count="2" type="stmt"/>
        <line num="344" count="2" type="cond" truecount="2" falsecount="0"/>
        <line num="345" count="2" type="cond" truecount="2" falsecount="0"/>
        <line num="346" count="2" type="cond" truecount="1" falsecount="1"/>
        <line num="349" count="13" type="stmt"/>
        <line num="350" count="2" type="stmt"/>
        <line num="353" count="2" type="cond" truecount="2" falsecount="0"/>
        <line num="354" count="1" type="stmt"/>
        <line num="357" count="2" type="cond" truecount="2" falsecount="0"/>
        <line num="358" count="1" type="stmt"/>
        <line num="361" count="2" type="stmt"/>
        <line num="368" count="5" type="stmt"/>
        <line num="370" count="5" type="cond" truecount="2" falsecount="0"/>
        <line num="372" count="5" type="cond" truecount="2" falsecount="0"/>
        <line num="373" count="2" type="stmt"/>
        <line num="380" count="3" type="stmt"/>
        <line num="381" count="3" type="stmt"/>
        <line num="383" count="3" type="cond" truecount="2" falsecount="0"/>
        <line num="384" count="3" type="cond" truecount="2" falsecount="0"/>
        <line num="387" count="4" type="cond" truecount="3" falsecount="1"/>
        <line num="388" count="3" type="stmt"/>
        <line num="390" count="3" type="cond" truecount="2" falsecount="0"/>
        <line num="391" count="1" type="stmt"/>
        <line num="394" count="2" type="stmt"/>
        <line num="396" count="1" type="stmt"/>
        <line num="404" count="5" type="stmt"/>
        <line num="406" count="5" type="cond" truecount="2" falsecount="0"/>
        <line num="408" count="5" type="cond" truecount="2" falsecount="0"/>
        <line num="409" count="2" type="stmt"/>
        <line num="416" count="2" type="stmt"/>
        <line num="417" count="2" type="stmt"/>
        <line num="419" count="2" type="cond" truecount="2" falsecount="0"/>
        <line num="420" count="2" type="cond" truecount="1" falsecount="1"/>
        <line num="422" count="2" type="cond" truecount="2" falsecount="0"/>
        <line num="423" count="1" type="stmt"/>
        <line num="426" count="2" type="stmt"/>
        <line num="428" count="1" type="stmt"/>
        <line num="436" count="5" type="stmt"/>
        <line num="447" count="5" type="stmt"/>
        <line num="448" count="5" type="stmt"/>
        <line num="449" count="35" type="stmt"/>
        <line num="453" count="5" type="stmt"/>
        <line num="456" count="5" type="stmt"/>
        <line num="457" count="40" type="cond" truecount="2" falsecount="0"/>
        <line num="458" count="20" type="stmt"/>
        <line num="460" count="20" type="stmt"/>
        <line num="464" count="5" type="cond" truecount="2" falsecount="0"/>
        <line num="465" count="5" type="cond" truecount="1" falsecount="1"/>
        <line num="467" count="5" type="stmt"/>
        <line num="468" count="5" type="cond" truecount="1" falsecount="1"/>
        <line num="469" count="0" type="stmt"/>
        <line num="470" count="5" type="cond" truecount="1" falsecount="1"/>
        <line num="471" count="0" type="stmt"/>
        <line num="474" count="5" type="stmt"/>
        <line num="488" count="5" type="stmt"/>
        <line num="490" count="5" type="stmt"/>
        <line num="491" count="35" type="stmt"/>
        <line num="492" count="35" type="cond" truecount="1" falsecount="1"/>
        <line num="495" count="35" type="stmt"/>
        <line num="496" count="15" type="stmt"/>
        <line num="505" count="35" type="stmt"/>
        <line num="506" count="48" type="cond" truecount="2" falsecount="0"/>
        <line num="507" count="48" type="stmt"/>
        <line num="517" count="5" type="stmt"/>
        <line num="518" count="152" type="cond" truecount="4" falsecount="0"/>
        <line num="519" count="123" type="cond" truecount="4" falsecount="0"/>
        <line num="520" count="117" type="stmt"/>
        <line num="528" count="5" type="cond" truecount="2" falsecount="0"/>
        <line num="529" count="4" type="cond" truecount="2" falsecount="0"/>
        <line num="530" count="3" type="cond" truecount="2" falsecount="0"/>
        <line num="531" count="2" type="cond" truecount="2" falsecount="0"/>
        <line num="532" count="1" type="stmt"/>
        <line num="539" count="2" type="stmt"/>
        <line num="559" count="2" type="cond" truecount="2" falsecount="0"/>
      </file>
    </package>
  </project>
</coverage>
