{"C:\\Users\\samee\\OneDrive\\Documents\\NJIT\\CS490\\CS490-HotSho-project\\frontend\\src\\api\\axios.js": {"path":"C:\\Users\\samee\\OneDrive\\Documents\\NJIT\\CS490\\CS490-HotSho-project\\frontend\\src\\api\\axios.js","statementMap":{"0":{"start":{"line":4,"column":12},"end":{"line":7,"column":2}},"1":{"start":{"line":11,"column":28},"end":{"line":17,"column":1}},"2":{"start":{"line":12,"column":4},"end":{"line":16,"column":5}},"3":{"start":{"line":13,"column":8},"end":{"line":13,"column":73}},"4":{"start":{"line":15,"column":8},"end":{"line":15,"column":60}},"5":{"start":{"line":20,"column":0},"end":{"line":76,"column":2}},"6":{"start":{"line":23,"column":8},"end":{"line":23,"column":24}},"7":{"start":{"line":27,"column":28},"end":{"line":34,"column":9}},"8":{"start":{"line":36,"column":8},"end":{"line":69,"column":9}},"9":{"start":{"line":38,"column":37},"end":{"line":38,"column":51}},"10":{"start":{"line":40,"column":12},"end":{"line":40,"column":44}},"11":{"start":{"line":41,"column":12},"end":{"line":41,"column":92}},"12":{"start":{"line":42,"column":12},"end":{"line":42,"column":60}},"13":{"start":{"line":43,"column":12},"end":{"line":43,"column":52}},"14":{"start":{"line":46,"column":12},"end":{"line":46,"column":85}},"15":{"start":{"line":49,"column":12},"end":{"line":57,"column":13}},"16":{"start":{"line":50,"column":16},"end":{"line":50,"column":52}},"17":{"start":{"line":52,"column":16},"end":{"line":52,"column":116}},"18":{"start":{"line":56,"column":16},"end":{"line":56,"column":86}},"19":{"start":{"line":59,"column":15},"end":{"line":69,"column":9}},"20":{"start":{"line":61,"column":12},"end":{"line":61,"column":46}},"21":{"start":{"line":62,"column":12},"end":{"line":62,"column":40}},"22":{"start":{"line":63,"column":12},"end":{"line":63,"column":90}},"23":{"start":{"line":64,"column":12},"end":{"line":64,"column":41}},"24":{"start":{"line":68,"column":12},"end":{"line":68,"column":76}},"25":{"start":{"line":72,"column":8},"end":{"line":72,"column":40}},"26":{"start":{"line":74,"column":8},"end":{"line":74,"column":37}},"27":{"start":{"line":79,"column":0},"end":{"line":88,"column":2}},"28":{"start":{"line":82,"column":8},"end":{"line":82,"column":68}},"29":{"start":{"line":83,"column":8},"end":{"line":83,"column":22}},"30":{"start":{"line":86,"column":8},"end":{"line":86,"column":37}},"31":{"start":{"line":96,"column":28},"end":{"line":117,"column":1}},"32":{"start":{"line":99,"column":4},"end":{"line":114,"column":5}},"33":{"start":{"line":99,"column":17},"end":{"line":99,"column":18}},"34":{"start":{"line":100,"column":8},"end":{"line":113,"column":9}},"35":{"start":{"line":101,"column":12},"end":{"line":101,"column":37}},"36":{"start":{"line":103,"column":12},"end":{"line":103,"column":30}},"37":{"start":{"line":106,"column":12},"end":{"line":108,"column":13}},"38":{"start":{"line":107,"column":16},"end":{"line":107,"column":28}},"39":{"start":{"line":111,"column":26},"end":{"line":111,"column":47}},"40":{"start":{"line":112,"column":12},"end":{"line":112,"column":69}},"41":{"start":{"line":112,"column":41},"end":{"line":112,"column":67}},"42":{"start":{"line":116,"column":4},"end":{"line":116,"column":20}},"43":{"start":{"line":124,"column":31},"end":{"line":126,"column":1}},"44":{"start":{"line":125,"column":4},"end":{"line":125,"column":89}},"45":{"start":{"line":133,"column":35},"end":{"line":135,"column":1}},"46":{"start":{"line":134,"column":4},"end":{"line":134,"column":43}},"47":{"start":{"line":143,"column":27},"end":{"line":145,"column":1}},"48":{"start":{"line":144,"column":4},"end":{"line":144,"column":54}}},"fnMap":{"0":{"name":"(anonymous_0)","decl":{"start":{"line":11,"column":28},"end":{"line":11,"column":29}},"loc":{"start":{"line":11,"column":39},"end":{"line":17,"column":1}},"line":11},"1":{"name":"(anonymous_1)","decl":{"start":{"line":21,"column":4},"end":{"line":21,"column":5}},"loc":{"start":{"line":21,"column":18},"end":{"line":24,"column":5}},"line":21},"2":{"name":"(anonymous_2)","decl":{"start":{"line":25,"column":4},"end":{"line":25,"column":9}},"loc":{"start":{"line":25,"column":21},"end":{"line":75,"column":5}},"line":25},"3":{"name":"(anonymous_3)","decl":{"start":{"line":80,"column":4},"end":{"line":80,"column":5}},"loc":{"start":{"line":80,"column":16},"end":{"line":84,"column":5}},"line":80},"4":{"name":"(anonymous_4)","decl":{"start":{"line":85,"column":4},"end":{"line":85,"column":5}},"loc":{"start":{"line":85,"column":15},"end":{"line":87,"column":5}},"line":85},"5":{"name":"(anonymous_5)","decl":{"start":{"line":96,"column":28},"end":{"line":96,"column":33}},"loc":{"start":{"line":96,"column":65},"end":{"line":117,"column":1}},"line":96},"6":{"name":"(anonymous_6)","decl":{"start":{"line":112,"column":30},"end":{"line":112,"column":37}},"loc":{"start":{"line":112,"column":41},"end":{"line":112,"column":67}},"line":112},"7":{"name":"(anonymous_7)","decl":{"start":{"line":124,"column":31},"end":{"line":124,"column":32}},"loc":{"start":{"line":124,"column":42},"end":{"line":126,"column":1}},"line":124},"8":{"name":"(anonymous_8)","decl":{"start":{"line":133,"column":35},"end":{"line":133,"column":36}},"loc":{"start":{"line":133,"column":46},"end":{"line":135,"column":1}},"line":133},"9":{"name":"(anonymous_9)","decl":{"start":{"line":143,"column":27},"end":{"line":143,"column":28}},"loc":{"start":{"line":143,"column":49},"end":{"line":145,"column":1}},"line":143}},"branchMap":{"0":{"loc":{"start":{"line":5,"column":13},"end":{"line":5,"column":73}},"type":"binary-expr","locations":[{"start":{"line":5,"column":13},"end":{"line":5,"column":46}},{"start":{"line":5,"column":50},"end":{"line":5,"column":73}}],"line":5},"1":{"loc":{"start":{"line":12,"column":4},"end":{"line":16,"column":5}},"type":"if","locations":[{"start":{"line":12,"column":4},"end":{"line":16,"column":5}},{"start":{"line":14,"column":11},"end":{"line":16,"column":5}}],"line":12},"2":{"loc":{"start":{"line":36,"column":8},"end":{"line":69,"column":9}},"type":"if","locations":[{"start":{"line":36,"column":8},"end":{"line":69,"column":9}},{"start":{"line":59,"column":15},"end":{"line":69,"column":9}}],"line":36},"3":{"loc":{"start":{"line":41,"column":34},"end":{"line":41,"column":91}},"type":"binary-expr","locations":[{"start":{"line":41,"column":34},"end":{"line":41,"column":47}},{"start":{"line":41,"column":51},"end":{"line":41,"column":64}},{"start":{"line":41,"column":68},"end":{"line":41,"column":91}}],"line":41},"4":{"loc":{"start":{"line":42,"column":36},"end":{"line":42,"column":59}},"type":"binary-expr","locations":[{"start":{"line":42,"column":36},"end":{"line":42,"column":51}},{"start":{"line":42,"column":55},"end":{"line":42,"column":59}}],"line":42},"5":{"loc":{"start":{"line":43,"column":33},"end":{"line":43,"column":51}},"type":"binary-expr","locations":[{"start":{"line":43,"column":33},"end":{"line":43,"column":45}},{"start":{"line":43,"column":49},"end":{"line":43,"column":51}}],"line":43},"6":{"loc":{"start":{"line":46,"column":35},"end":{"line":46,"column":84}},"type":"binary-expr","locations":[{"start":{"line":46,"column":35},"end":{"line":46,"column":48}},{"start":{"line":46,"column":52},"end":{"line":46,"column":66}},{"start":{"line":46,"column":70},"end":{"line":46,"column":84}}],"line":46},"7":{"loc":{"start":{"line":49,"column":12},"end":{"line":57,"column":13}},"type":"if","locations":[{"start":{"line":49,"column":12},"end":{"line":57,"column":13}},{"start":{},"end":{}}],"line":49},"8":{"loc":{"start":{"line":49,"column":16},"end":{"line":49,"column":69}},"type":"binary-expr","locations":[{"start":{"line":49,"column":16},"end":{"line":49,"column":30}},{"start":{"line":49,"column":34},"end":{"line":49,"column":69}}],"line":49},"9":{"loc":{"start":{"line":52,"column":56},"end":{"line":52,"column":114}},"type":"binary-expr","locations":[{"start":{"line":52,"column":56},"end":{"line":52,"column":68}},{"start":{"line":52,"column":72},"end":{"line":52,"column":114}}],"line":52},"10":{"loc":{"start":{"line":59,"column":15},"end":{"line":69,"column":9}},"type":"if","locations":[{"start":{"line":59,"column":15},"end":{"line":69,"column":9}},{"start":{"line":66,"column":15},"end":{"line":69,"column":9}}],"line":59},"11":{"loc":{"start":{"line":68,"column":34},"end":{"line":68,"column":75}},"type":"binary-expr","locations":[{"start":{"line":68,"column":34},"end":{"line":68,"column":47}},{"start":{"line":68,"column":51},"end":{"line":68,"column":75}}],"line":68},"12":{"loc":{"start":{"line":96,"column":46},"end":{"line":96,"column":60}},"type":"default-arg","locations":[{"start":{"line":96,"column":59},"end":{"line":96,"column":60}}],"line":96},"13":{"loc":{"start":{"line":106,"column":12},"end":{"line":108,"column":13}},"type":"if","locations":[{"start":{"line":106,"column":12},"end":{"line":108,"column":13}},{"start":{},"end":{}}],"line":106},"14":{"loc":{"start":{"line":106,"column":16},"end":{"line":106,"column":68}},"type":"binary-expr","locations":[{"start":{"line":106,"column":16},"end":{"line":106,"column":44}},{"start":{"line":106,"column":48},"end":{"line":106,"column":68}}],"line":106},"15":{"loc":{"start":{"line":125,"column":11},"end":{"line":125,"column":88}},"type":"binary-expr","locations":[{"start":{"line":125,"column":11},"end":{"line":125,"column":37}},{"start":{"line":125,"column":41},"end":{"line":125,"column":54}},{"start":{"line":125,"column":58},"end":{"line":125,"column":88}}],"line":125},"16":{"loc":{"start":{"line":134,"column":11},"end":{"line":134,"column":42}},"type":"binary-expr","locations":[{"start":{"line":134,"column":11},"end":{"line":134,"column":36}},{"start":{"line":134,"column":40},"end":{"line":134,"column":42}}],"line":134}},"s":{"0":2,"1":2,"2":2,"3":1,"4":1,"5":2,"6":0,"7":6,"8":6,"9":4,"10":4,"11":4,"12":4,"13":4,"14":4,"15":4,"16":2,"17":2,"18":2,"19":2,"20":2,"21":2,"22":2,"23":2,"24":0,"25":6,"26":6,"27":2,"28":1,"29":1,"30":0,"31":2,"32":2,"33":2,"34":3,"35":3,"36":2,"37":2,"38":1,"39":1,"40":1,"41":1,"42":1,"43":2,"44":2,"45":2,"46":2,"47":2,"48":2},"f":{"0":2,"1":0,"2":6,"3":1,"4":0,"5":2,"6":1,"7":2,"8":2,"9":2},"b":{"0":[2,0],"1":[1,1],"2":[4,2],"3":[4,0,0],"4":[4,2],"5":[4,2],"6":[4,2,2],"7":[2,2],"8":[4,2],"9":[2,0],"10":[2,0],"11":[0,0],"12":[2],"13":[1,1],"14":[2,1],"15":[2,1,0],"16":[2,1]},"meta":{"lastBranch":17,"lastFunction":10,"lastStatement":49,"seen":{"s:4:12:7:2":0,"b:5:13:5:46:5:50:5:73":0,"s:11:28:17:1":1,"f:11:28:11:29":0,"b:12:4:16:5:14:11:16:5":1,"s:12:4:16:5":2,"s:13:8:13:73":3,"s:15:8:15:60":4,"s:20:0:76:2":5,"f:21:4:21:5":1,"s:23:8:23:24":6,"f:25:4:25:9":2,"s:27:28:34:9":7,"b:36:8:69:9:59:15:69:9":2,"s:36:8:69:9":8,"s:38:37:38:51":9,"s:40:12:40:44":10,"s:41:12:41:92":11,"b:41:34:41:47:41:51:41:64:41:68:41:91":3,"s:42:12:42:60":12,"b:42:36:42:51:42:55:42:59":4,"s:43:12:43:52":13,"b:43:33:43:45:43:49:43:51":5,"s:46:12:46:85":14,"b:46:35:46:48:46:52:46:66:46:70:46:84":6,"b:49:12:57:13:undefined:undefined:undefined:undefined":7,"s:49:12:57:13":15,"b:49:16:49:30:49:34:49:69":8,"s:50:16:50:52":16,"s:52:16:52:116":17,"b:52:56:52:68:52:72:52:114":9,"s:56:16:56:86":18,"b:59:15:69:9:66:15:69:9":10,"s:59:15:69:9":19,"s:61:12:61:46":20,"s:62:12:62:40":21,"s:63:12:63:90":22,"s:64:12:64:41":23,"s:68:12:68:76":24,"b:68:34:68:47:68:51:68:75":11,"s:72:8:72:40":25,"s:74:8:74:37":26,"s:79:0:88:2":27,"f:80:4:80:5":3,"s:82:8:82:68":28,"s:83:8:83:22":29,"f:85:4:85:5":4,"s:86:8:86:37":30,"s:96:28:117:1":31,"f:96:28:96:33":5,"b:96:59:96:60":12,"s:99:4:114:5":32,"s:99:17:99:18":33,"s:100:8:113:9":34,"s:101:12:101:37":35,"s:103:12:103:30":36,"b:106:12:108:13:undefined:undefined:undefined:undefined":13,"s:106:12:108:13":37,"b:106:16:106:44:106:48:106:68":14,"s:107:16:107:28":38,"s:111:26:111:47":39,"s:112:12:112:69":40,"f:112:30:112:37":6,"s:112:41:112:67":41,"s:116:4:116:20":42,"s:124:31:126:1":43,"f:124:31:124:32":7,"s:125:4:125:89":44,"b:125:11:125:37:125:41:125:54:125:58:125:88":15,"s:133:35:135:1":45,"f:133:35:133:36":8,"s:134:4:134:43":46,"b:134:11:134:36:134:40:134:42":16,"s:143:27:145:1":47,"f:143:27:143:28":9,"s:144:4:144:54":48}}}
,"C:\\Users\\samee\\OneDrive\\Documents\\NJIT\\CS490\\CS490-HotSho-project\\frontend\\src\\components\\Button.jsx": {"path":"C:\\Users\\samee\\OneDrive\\Documents\\NJIT\\CS490\\CS490-HotSho-project\\frontend\\src\\components\\Button.jsx","statementMap":{"0":{"start":{"line":16,"column":18},"end":{"line":21,"column":null}},"1":{"start":{"line":23,"column":17},"end":{"line":23,"column":null}},"2":{"start":{"line":24,"column":19},"end":{"line":31,"column":null}},"3":{"start":{"line":33,"column":4},"end":{"line":51,"column":null}}},"fnMap":{"0":{"name":"Button","decl":{"start":{"line":7,"column":24},"end":{"line":7,"column":31}},"loc":{"start":{"line":15,"column":3},"end":{"line":53,"column":null}},"line":15}},"branchMap":{"0":{"loc":{"start":{"line":9,"column":4},"end":{"line":9,"column":null}},"type":"default-arg","locations":[{"start":{"line":9,"column":14},"end":{"line":9,"column":null}}],"line":9},"1":{"loc":{"start":{"line":10,"column":4},"end":{"line":10,"column":null}},"type":"default-arg","locations":[{"start":{"line":10,"column":11},"end":{"line":10,"column":null}}],"line":10},"2":{"loc":{"start":{"line":11,"column":4},"end":{"line":11,"column":null}},"type":"default-arg","locations":[{"start":{"line":11,"column":16},"end":{"line":11,"column":null}}],"line":11},"3":{"loc":{"start":{"line":12,"column":4},"end":{"line":12,"column":null}},"type":"default-arg","locations":[{"start":{"line":12,"column":15},"end":{"line":12,"column":null}}],"line":12},"4":{"loc":{"start":{"line":13,"column":4},"end":{"line":13,"column":null}},"type":"default-arg","locations":[{"start":{"line":13,"column":16},"end":{"line":13,"column":null}}],"line":13},"5":{"loc":{"start":{"line":39,"column":16},"end":{"line":39,"column":null}},"type":"binary-expr","locations":[{"start":{"line":39,"column":16},"end":{"line":39,"column":29}},{"start":{"line":39,"column":29},"end":{"line":39,"column":null}}],"line":39},"6":{"loc":{"start":{"line":42,"column":22},"end":{"line":42,"column":null}},"type":"binary-expr","locations":[{"start":{"line":42,"column":22},"end":{"line":42,"column":34}},{"start":{"line":42,"column":34},"end":{"line":42,"column":null}}],"line":42},"7":{"loc":{"start":{"line":46,"column":13},"end":{"line":49,"column":null}},"type":"binary-expr","locations":[{"start":{"line":46,"column":13},"end":{"line":46,"column":null}},{"start":{"line":47,"column":16},"end":{"line":49,"column":null}}],"line":46},"8":{"loc":{"start":{"line":48,"column":42},"end":{"line":48,"column":100}},"type":"cond-expr","locations":[{"start":{"line":48,"column":61},"end":{"line":48,"column":68}},{"start":{"line":48,"column":68},"end":{"line":48,"column":100}}],"line":48},"9":{"loc":{"start":{"line":48,"column":68},"end":{"line":48,"column":100}},"type":"cond-expr","locations":[{"start":{"line":48,"column":87},"end":{"line":48,"column":94}},{"start":{"line":48,"column":94},"end":{"line":48,"column":100}}],"line":48}},"s":{"0":7,"1":7,"2":7,"3":7},"f":{"0":7},"b":{"0":[7],"1":[7],"2":[7],"3":[7],"4":[7],"5":[7,3],"6":[7,6],"7":[7,3],"8":[1,2],"9":[1,1]},"meta":{"lastBranch":10,"lastFunction":1,"lastStatement":4,"seen":{"f:7:24:7:31":0,"b:9:14:9:Infinity":0,"b:10:11:10:Infinity":1,"b:11:16:11:Infinity":2,"b:12:15:12:Infinity":3,"b:13:16:13:Infinity":4,"s:16:18:21:Infinity":0,"s:23:17:23:Infinity":1,"s:24:19:31:Infinity":2,"s:33:4:51:Infinity":3,"b:39:16:39:29:39:29:39:Infinity":5,"b:42:22:42:34:42:34:42:Infinity":6,"b:46:13:46:Infinity:47:16:49:Infinity":7,"b:48:61:48:68:48:68:48:100":8,"b:48:87:48:94:48:94:48:100":9}}}
,"C:\\Users\\samee\\OneDrive\\Documents\\NJIT\\CS490\\CS490-HotSho-project\\frontend\\src\\components\\CoverLetterEditor.jsx": {"path":"C:\\Users\\samee\\OneDrive\\Documents\\NJIT\\CS490\\CS490-HotSho-project\\frontend\\src\\components\\CoverLetterEditor.jsx","statementMap":{"0":{"start":{"line":19,"column":26},"end":{"line":696,"column":null}},"1":{"start":{"line":26,"column":28},"end":{"line":26,"column":null}},"2":{"start":{"line":27,"column":32},"end":{"line":27,"column":null}},"3":{"start":{"line":28,"column":32},"end":{"line":28,"column":null}},"4":{"start":{"line":29,"column":38},"end":{"line":29,"column":null}},"5":{"start":{"line":32,"column":42},"end":{"line":32,"column":null}},"6":{"start":{"line":33,"column":46},"end":{"line":33,"column":null}},"7":{"start":{"line":34,"column":50},"end":{"line":34,"column":null}},"8":{"start":{"line":35,"column":62},"end":{"line":35,"column":null}},"9":{"start":{"line":38,"column":42},"end":{"line":38,"column":null}},"10":{"start":{"line":39,"column":44},"end":{"line":39,"column":null}},"11":{"start":{"line":40,"column":38},"end":{"line":40,"column":null}},"12":{"start":{"line":41,"column":44},"end":{"line":41,"column":null}},"13":{"start":{"line":42,"column":36},"end":{"line":42,"column":null}},"14":{"start":{"line":43,"column":36},"end":{"line":43,"column":null}},"15":{"start":{"line":46,"column":50},"end":{"line":46,"column":null}},"16":{"start":{"line":47,"column":58},"end":{"line":47,"column":null}},"17":{"start":{"line":48,"column":50},"end":{"line":48,"column":null}},"18":{"start":{"line":49,"column":56},"end":{"line":49,"column":null}},"19":{"start":{"line":50,"column":30},"end":{"line":50,"column":null}},"20":{"start":{"line":53,"column":8},"end":{"line":53,"column":null}},"21":{"start":{"line":54,"column":32},"end":{"line":54,"column":null}},"22":{"start":{"line":57,"column":8},"end":{"line":91,"column":null}},"23":{"start":{"line":67,"column":19},"end":{"line":67,"column":null}},"24":{"start":{"line":68,"column":6},"end":{"line":68,"column":null}},"25":{"start":{"line":69,"column":6},"end":{"line":69,"column":null}},"26":{"start":{"line":72,"column":19},"end":{"line":72,"column":null}},"27":{"start":{"line":73,"column":19},"end":{"line":73,"column":null}},"28":{"start":{"line":75,"column":6},"end":{"line":75,"column":null}},"29":{"start":{"line":76,"column":6},"end":{"line":76,"column":null}},"30":{"start":{"line":77,"column":6},"end":{"line":77,"column":null}},"31":{"start":{"line":79,"column":6},"end":{"line":81,"column":null}},"32":{"start":{"line":80,"column":8},"end":{"line":80,"column":null}},"33":{"start":{"line":84,"column":6},"end":{"line":86,"column":null}},"34":{"start":{"line":85,"column":8},"end":{"line":85,"column":null}},"35":{"start":{"line":87,"column":6},"end":{"line":89,"column":null}},"36":{"start":{"line":88,"column":8},"end":{"line":88,"column":null}},"37":{"start":{"line":94,"column":2},"end":{"line":102,"column":null}},"38":{"start":{"line":95,"column":4},"end":{"line":101,"column":null}},"39":{"start":{"line":96,"column":6},"end":{"line":100,"column":null}},"40":{"start":{"line":97,"column":29},"end":{"line":97,"column":null}},"41":{"start":{"line":98,"column":21},"end":{"line":98,"column":null}},"42":{"start":{"line":99,"column":8},"end":{"line":99,"column":null}},"43":{"start":{"line":105,"column":2},"end":{"line":111,"column":null}},"44":{"start":{"line":106,"column":4},"end":{"line":110,"column":null}},"45":{"start":{"line":107,"column":6},"end":{"line":109,"column":null}},"46":{"start":{"line":108,"column":8},"end":{"line":108,"column":null}},"47":{"start":{"line":114,"column":25},"end":{"line":126,"column":null}},"48":{"start":{"line":115,"column":4},"end":{"line":115,"column":null}},"49":{"start":{"line":115,"column":49},"end":{"line":115,"column":null}},"50":{"start":{"line":117,"column":4},"end":{"line":125,"column":null}},"51":{"start":{"line":118,"column":6},"end":{"line":121,"column":null}},"52":{"start":{"line":122,"column":6},"end":{"line":122,"column":null}},"53":{"start":{"line":124,"column":6},"end":{"line":124,"column":null}},"54":{"start":{"line":129,"column":27},"end":{"line":148,"column":null}},"55":{"start":{"line":130,"column":4},"end":{"line":130,"column":null}},"56":{"start":{"line":130,"column":43},"end":{"line":130,"column":null}},"57":{"start":{"line":132,"column":4},"end":{"line":132,"column":null}},"58":{"start":{"line":133,"column":4},"end":{"line":147,"column":null}},"59":{"start":{"line":134,"column":6},"end":{"line":137,"column":null}},"60":{"start":{"line":138,"column":6},"end":{"line":138,"column":null}},"61":{"start":{"line":139,"column":6},"end":{"line":141,"column":null}},"62":{"start":{"line":140,"column":8},"end":{"line":140,"column":null}},"63":{"start":{"line":143,"column":6},"end":{"line":143,"column":null}},"64":{"start":{"line":144,"column":6},"end":{"line":144,"column":null}},"65":{"start":{"line":146,"column":6},"end":{"line":146,"column":null}},"66":{"start":{"line":151,"column":24},"end":{"line":166,"column":null}},"67":{"start":{"line":152,"column":17},"end":{"line":152,"column":null}},"68":{"start":{"line":153,"column":4},"end":{"line":153,"column":null}},"69":{"start":{"line":153,"column":22},"end":{"line":153,"column":null}},"70":{"start":{"line":155,"column":4},"end":{"line":155,"column":null}},"71":{"start":{"line":156,"column":4},"end":{"line":165,"column":null}},"72":{"start":{"line":157,"column":23},"end":{"line":157,"column":null}},"73":{"start":{"line":158,"column":6},"end":{"line":158,"column":null}},"74":{"start":{"line":159,"column":6},"end":{"line":159,"column":null}},"75":{"start":{"line":161,"column":6},"end":{"line":161,"column":null}},"76":{"start":{"line":162,"column":6},"end":{"line":162,"column":null}},"77":{"start":{"line":164,"column":6},"end":{"line":164,"column":null}},"78":{"start":{"line":169,"column":29},"end":{"line":184,"column":null}},"79":{"start":{"line":170,"column":17},"end":{"line":170,"column":null}},"80":{"start":{"line":171,"column":4},"end":{"line":171,"column":null}},"81":{"start":{"line":171,"column":22},"end":{"line":171,"column":null}},"82":{"start":{"line":173,"column":4},"end":{"line":173,"column":null}},"83":{"start":{"line":174,"column":4},"end":{"line":183,"column":null}},"84":{"start":{"line":175,"column":23},"end":{"line":175,"column":null}},"85":{"start":{"line":176,"column":6},"end":{"line":176,"column":null}},"86":{"start":{"line":177,"column":6},"end":{"line":177,"column":null}},"87":{"start":{"line":179,"column":6},"end":{"line":179,"column":null}},"88":{"start":{"line":180,"column":6},"end":{"line":180,"column":null}},"89":{"start":{"line":182,"column":6},"end":{"line":182,"column":null}},"90":{"start":{"line":187,"column":22},"end":{"line":207,"column":null}},"91":{"start":{"line":188,"column":4},"end":{"line":191,"column":null}},"92":{"start":{"line":189,"column":6},"end":{"line":189,"column":null}},"93":{"start":{"line":190,"column":6},"end":{"line":190,"column":null}},"94":{"start":{"line":193,"column":4},"end":{"line":193,"column":null}},"95":{"start":{"line":194,"column":4},"end":{"line":206,"column":null}},"96":{"start":{"line":195,"column":23},"end":{"line":198,"column":null}},"97":{"start":{"line":199,"column":6},"end":{"line":199,"column":null}},"98":{"start":{"line":200,"column":6},"end":{"line":200,"column":null}},"99":{"start":{"line":202,"column":6},"end":{"line":202,"column":null}},"100":{"start":{"line":203,"column":6},"end":{"line":203,"column":null}},"101":{"start":{"line":205,"column":6},"end":{"line":205,"column":null}},"102":{"start":{"line":210,"column":38},"end":{"line":230,"column":null}},"103":{"start":{"line":211,"column":4},"end":{"line":214,"column":null}},"104":{"start":{"line":212,"column":6},"end":{"line":212,"column":null}},"105":{"start":{"line":213,"column":6},"end":{"line":213,"column":null}},"106":{"start":{"line":216,"column":4},"end":{"line":216,"column":null}},"107":{"start":{"line":217,"column":4},"end":{"line":229,"column":null}},"108":{"start":{"line":218,"column":23},"end":{"line":221,"column":null}},"109":{"start":{"line":222,"column":6},"end":{"line":222,"column":null}},"110":{"start":{"line":223,"column":6},"end":{"line":223,"column":null}},"111":{"start":{"line":225,"column":6},"end":{"line":225,"column":null}},"112":{"start":{"line":226,"column":6},"end":{"line":226,"column":null}},"113":{"start":{"line":228,"column":6},"end":{"line":228,"column":null}},"114":{"start":{"line":233,"column":22},"end":{"line":244,"column":null}},"115":{"start":{"line":234,"column":4},"end":{"line":234,"column":null}},"116":{"start":{"line":234,"column":24},"end":{"line":234,"column":null}},"117":{"start":{"line":236,"column":4},"end":{"line":243,"column":null}},"118":{"start":{"line":237,"column":23},"end":{"line":237,"column":null}},"119":{"start":{"line":238,"column":6},"end":{"line":238,"column":null}},"120":{"start":{"line":239,"column":6},"end":{"line":239,"column":null}},"121":{"start":{"line":241,"column":6},"end":{"line":241,"column":null}},"122":{"start":{"line":242,"column":6},"end":{"line":242,"column":null}},"123":{"start":{"line":247,"column":26},"end":{"line":279,"column":null}},"124":{"start":{"line":248,"column":4},"end":{"line":248,"column":null}},"125":{"start":{"line":248,"column":38},"end":{"line":248,"column":null}},"126":{"start":{"line":251,"column":24},"end":{"line":251,"column":null}},"127":{"start":{"line":255,"column":24},"end":{"line":255,"column":null}},"128":{"start":{"line":256,"column":18},"end":{"line":256,"column":null}},"129":{"start":{"line":258,"column":18},"end":{"line":258,"column":null}},"130":{"start":{"line":259,"column":19},"end":{"line":259,"column":null}},"131":{"start":{"line":262,"column":4},"end":{"line":265,"column":null}},"132":{"start":{"line":263,"column":6},"end":{"line":263,"column":null}},"133":{"start":{"line":264,"column":6},"end":{"line":264,"column":null}},"134":{"start":{"line":268,"column":4},"end":{"line":271,"column":null}},"135":{"start":{"line":269,"column":24},"end":{"line":269,"column":null}},"136":{"start":{"line":270,"column":6},"end":{"line":270,"column":null}},"137":{"start":{"line":273,"column":4},"end":{"line":273,"column":null}},"138":{"start":{"line":276,"column":4},"end":{"line":278,"column":null}},"139":{"start":{"line":277,"column":6},"end":{"line":277,"column":null}},"140":{"start":{"line":277,"column":29},"end":{"line":277,"column":87}},"141":{"start":{"line":282,"column":25},"end":{"line":300,"column":null}},"142":{"start":{"line":283,"column":4},"end":{"line":283,"column":null}},"143":{"start":{"line":283,"column":34},"end":{"line":283,"column":null}},"144":{"start":{"line":286,"column":26},"end":{"line":286,"column":null}},"145":{"start":{"line":289,"column":4},"end":{"line":295,"column":null}},"146":{"start":{"line":291,"column":6},"end":{"line":291,"column":null}},"147":{"start":{"line":292,"column":4},"end":{"line":295,"column":null}},"148":{"start":{"line":294,"column":6},"end":{"line":294,"column":null}},"149":{"start":{"line":297,"column":4},"end":{"line":297,"column":null}},"150":{"start":{"line":298,"column":4},"end":{"line":298,"column":null}},"151":{"start":{"line":299,"column":4},"end":{"line":299,"column":null}},"152":{"start":{"line":303,"column":29},"end":{"line":309,"column":null}},"153":{"start":{"line":304,"column":4},"end":{"line":304,"column":null}},"154":{"start":{"line":304,"column":34},"end":{"line":304,"column":null}},"155":{"start":{"line":306,"column":4},"end":{"line":306,"column":null}},"156":{"start":{"line":307,"column":4},"end":{"line":307,"column":null}},"157":{"start":{"line":308,"column":4},"end":{"line":308,"column":null}},"158":{"start":{"line":312,"column":25},"end":{"line":320,"column":null}},"159":{"start":{"line":313,"column":4},"end":{"line":313,"column":null}},"160":{"start":{"line":313,"column":17},"end":{"line":313,"column":null}},"161":{"start":{"line":315,"column":22},"end":{"line":315,"column":null}},"162":{"start":{"line":316,"column":4},"end":{"line":319,"column":null}},"163":{"start":{"line":317,"column":6},"end":{"line":317,"column":null}},"164":{"start":{"line":318,"column":6},"end":{"line":318,"column":null}},"165":{"start":{"line":322,"column":2},"end":{"line":324,"column":null}},"166":{"start":{"line":323,"column":4},"end":{"line":323,"column":null}},"167":{"start":{"line":326,"column":2},"end":{"line":694,"column":null}},"168":{"start":{"line":333,"column":27},"end":{"line":333,"column":null}},"169":{"start":{"line":340,"column":27},"end":{"line":340,"column":null}},"170":{"start":{"line":347,"column":27},"end":{"line":347,"column":null}},"171":{"start":{"line":448,"column":35},"end":{"line":448,"column":null}},"172":{"start":{"line":459,"column":22},"end":{"line":480,"column":null}},"173":{"start":{"line":474,"column":43},"end":{"line":474,"column":null}},"174":{"start":{"line":493,"column":35},"end":{"line":493,"column":null}},"175":{"start":{"line":531,"column":26},"end":{"line":531,"column":null}},"176":{"start":{"line":542,"column":26},"end":{"line":545,"column":null}},"177":{"start":{"line":566,"column":35},"end":{"line":566,"column":null}},"178":{"start":{"line":575,"column":20},"end":{"line":580,"column":null}},"179":{"start":{"line":576,"column":40},"end":{"line":576,"column":null}},"180":{"start":{"line":592,"column":35},"end":{"line":592,"column":null}},"181":{"start":{"line":600,"column":20},"end":{"line":613,"column":null}},"182":{"start":{"line":608,"column":39},"end":{"line":608,"column":null}},"183":{"start":{"line":625,"column":35},"end":{"line":625,"column":null}},"184":{"start":{"line":636,"column":22},"end":{"line":652,"column":null}},"185":{"start":{"line":647,"column":41},"end":{"line":647,"column":null}}},"fnMap":{"0":{"name":"(anonymous_0)","decl":{"start":{"line":19,"column":26},"end":{"line":19,"column":27}},"loc":{"start":{"line":24,"column":6},"end":{"line":696,"column":null}},"line":24},"1":{"name":"(anonymous_1)","decl":{"start":{"line":65,"column":14},"end":{"line":65,"column":15}},"loc":{"start":{"line":65,"column":30},"end":{"line":70,"column":null}},"line":65},"2":{"name":"(anonymous_2)","decl":{"start":{"line":71,"column":14},"end":{"line":71,"column":15}},"loc":{"start":{"line":71,"column":30},"end":{"line":90,"column":null}},"line":71},"3":{"name":"(anonymous_3)","decl":{"start":{"line":87,"column":44},"end":{"line":87,"column":50}},"loc":{"start":{"line":87,"column":50},"end":{"line":89,"column":9}},"line":87},"4":{"name":"(anonymous_4)","decl":{"start":{"line":94,"column":12},"end":{"line":94,"column":18}},"loc":{"start":{"line":94,"column":18},"end":{"line":102,"column":5}},"line":94},"5":{"name":"(anonymous_5)","decl":{"start":{"line":96,"column":35},"end":{"line":96,"column":41}},"loc":{"start":{"line":96,"column":41},"end":{"line":100,"column":7}},"line":96},"6":{"name":"(anonymous_6)","decl":{"start":{"line":105,"column":12},"end":{"line":105,"column":18}},"loc":{"start":{"line":105,"column":18},"end":{"line":111,"column":5}},"line":105},"7":{"name":"(anonymous_7)","decl":{"start":{"line":106,"column":11},"end":{"line":106,"column":17}},"loc":{"start":{"line":106,"column":17},"end":{"line":110,"column":null}},"line":106},"8":{"name":"(anonymous_8)","decl":{"start":{"line":114,"column":25},"end":{"line":114,"column":32}},"loc":{"start":{"line":114,"column":50},"end":{"line":126,"column":null}},"line":114},"9":{"name":"(anonymous_9)","decl":{"start":{"line":129,"column":27},"end":{"line":129,"column":39}},"loc":{"start":{"line":129,"column":39},"end":{"line":148,"column":null}},"line":129},"10":{"name":"(anonymous_10)","decl":{"start":{"line":151,"column":24},"end":{"line":151,"column":36}},"loc":{"start":{"line":151,"column":36},"end":{"line":166,"column":null}},"line":151},"11":{"name":"(anonymous_11)","decl":{"start":{"line":169,"column":29},"end":{"line":169,"column":41}},"loc":{"start":{"line":169,"column":41},"end":{"line":184,"column":null}},"line":169},"12":{"name":"(anonymous_12)","decl":{"start":{"line":187,"column":22},"end":{"line":187,"column":34}},"loc":{"start":{"line":187,"column":34},"end":{"line":207,"column":null}},"line":187},"13":{"name":"(anonymous_13)","decl":{"start":{"line":210,"column":38},"end":{"line":210,"column":50}},"loc":{"start":{"line":210,"column":50},"end":{"line":230,"column":null}},"line":210},"14":{"name":"(anonymous_14)","decl":{"start":{"line":233,"column":22},"end":{"line":233,"column":34}},"loc":{"start":{"line":233,"column":34},"end":{"line":244,"column":null}},"line":233},"15":{"name":"(anonymous_15)","decl":{"start":{"line":247,"column":26},"end":{"line":247,"column":27}},"loc":{"start":{"line":247,"column":37},"end":{"line":279,"column":null}},"line":247},"16":{"name":"(anonymous_16)","decl":{"start":{"line":262,"column":41},"end":{"line":262,"column":42}},"loc":{"start":{"line":262,"column":73},"end":{"line":265,"column":5}},"line":262},"17":{"name":"(anonymous_17)","decl":{"start":{"line":276,"column":22},"end":{"line":276,"column":null}},"loc":{"start":{"line":277,"column":6},"end":{"line":277,"column":null}},"line":277},"18":{"name":"(anonymous_18)","decl":{"start":{"line":277,"column":24},"end":{"line":277,"column":29}},"loc":{"start":{"line":277,"column":29},"end":{"line":277,"column":87}},"line":277},"19":{"name":"(anonymous_19)","decl":{"start":{"line":282,"column":25},"end":{"line":282,"column":26}},"loc":{"start":{"line":282,"column":38},"end":{"line":300,"column":null}},"line":282},"20":{"name":"(anonymous_20)","decl":{"start":{"line":303,"column":29},"end":{"line":303,"column":30}},"loc":{"start":{"line":303,"column":44},"end":{"line":309,"column":null}},"line":303},"21":{"name":"(anonymous_21)","decl":{"start":{"line":312,"column":25},"end":{"line":312,"column":26}},"loc":{"start":{"line":312,"column":38},"end":{"line":320,"column":null}},"line":312},"22":{"name":"(anonymous_22)","decl":{"start":{"line":333,"column":21},"end":{"line":333,"column":27}},"loc":{"start":{"line":333,"column":27},"end":{"line":333,"column":null}},"line":333},"23":{"name":"(anonymous_23)","decl":{"start":{"line":340,"column":21},"end":{"line":340,"column":27}},"loc":{"start":{"line":340,"column":27},"end":{"line":340,"column":null}},"line":340},"24":{"name":"(anonymous_24)","decl":{"start":{"line":347,"column":21},"end":{"line":347,"column":27}},"loc":{"start":{"line":347,"column":27},"end":{"line":347,"column":null}},"line":347},"25":{"name":"(anonymous_25)","decl":{"start":{"line":448,"column":29},"end":{"line":448,"column":35}},"loc":{"start":{"line":448,"column":35},"end":{"line":448,"column":null}},"line":448},"26":{"name":"(anonymous_26)","decl":{"start":{"line":458,"column":40},"end":{"line":458,"column":41}},"loc":{"start":{"line":459,"column":22},"end":{"line":480,"column":null}},"line":459},"27":{"name":"(anonymous_27)","decl":{"start":{"line":474,"column":37},"end":{"line":474,"column":43}},"loc":{"start":{"line":474,"column":43},"end":{"line":474,"column":null}},"line":474},"28":{"name":"(anonymous_28)","decl":{"start":{"line":493,"column":29},"end":{"line":493,"column":35}},"loc":{"start":{"line":493,"column":35},"end":{"line":493,"column":null}},"line":493},"29":{"name":"(anonymous_29)","decl":{"start":{"line":530,"column":56},"end":{"line":530,"column":57}},"loc":{"start":{"line":531,"column":26},"end":{"line":531,"column":null}},"line":531},"30":{"name":"(anonymous_30)","decl":{"start":{"line":541,"column":59},"end":{"line":541,"column":60}},"loc":{"start":{"line":542,"column":26},"end":{"line":545,"column":null}},"line":542},"31":{"name":"(anonymous_31)","decl":{"start":{"line":566,"column":29},"end":{"line":566,"column":35}},"loc":{"start":{"line":566,"column":35},"end":{"line":566,"column":null}},"line":566},"32":{"name":"(anonymous_32)","decl":{"start":{"line":574,"column":51},"end":{"line":574,"column":52}},"loc":{"start":{"line":575,"column":20},"end":{"line":580,"column":null}},"line":575},"33":{"name":"(anonymous_33)","decl":{"start":{"line":576,"column":34},"end":{"line":576,"column":40}},"loc":{"start":{"line":576,"column":40},"end":{"line":576,"column":null}},"line":576},"34":{"name":"(anonymous_34)","decl":{"start":{"line":592,"column":29},"end":{"line":592,"column":35}},"loc":{"start":{"line":592,"column":35},"end":{"line":592,"column":null}},"line":592},"35":{"name":"(anonymous_35)","decl":{"start":{"line":599,"column":59},"end":{"line":599,"column":60}},"loc":{"start":{"line":600,"column":20},"end":{"line":613,"column":null}},"line":600},"36":{"name":"(anonymous_36)","decl":{"start":{"line":608,"column":33},"end":{"line":608,"column":39}},"loc":{"start":{"line":608,"column":39},"end":{"line":608,"column":null}},"line":608},"37":{"name":"(anonymous_37)","decl":{"start":{"line":625,"column":29},"end":{"line":625,"column":35}},"loc":{"start":{"line":625,"column":35},"end":{"line":625,"column":null}},"line":625},"38":{"name":"(anonymous_38)","decl":{"start":{"line":635,"column":55},"end":{"line":635,"column":56}},"loc":{"start":{"line":636,"column":22},"end":{"line":652,"column":null}},"line":636},"39":{"name":"(anonymous_39)","decl":{"start":{"line":647,"column":35},"end":{"line":647,"column":41}},"loc":{"start":{"line":647,"column":41},"end":{"line":647,"column":null}},"line":647}},"branchMap":{"0":{"loc":{"start":{"line":26,"column":41},"end":{"line":26,"column":61}},"type":"binary-expr","locations":[{"start":{"line":26,"column":41},"end":{"line":26,"column":59}},{"start":{"line":26,"column":59},"end":{"line":26,"column":61}}],"line":26},"1":{"loc":{"start":{"line":79,"column":6},"end":{"line":81,"column":null}},"type":"if","locations":[{"start":{"line":79,"column":6},"end":{"line":81,"column":null}},{"start":{},"end":{}}],"line":79},"2":{"loc":{"start":{"line":84,"column":6},"end":{"line":86,"column":null}},"type":"if","locations":[{"start":{"line":84,"column":6},"end":{"line":86,"column":null}},{"start":{},"end":{}}],"line":84},"3":{"loc":{"start":{"line":95,"column":4},"end":{"line":101,"column":null}},"type":"if","locations":[{"start":{"line":95,"column":4},"end":{"line":101,"column":null}},{"start":{},"end":{}}],"line":95},"4":{"loc":{"start":{"line":107,"column":6},"end":{"line":109,"column":null}},"type":"if","locations":[{"start":{"line":107,"column":6},"end":{"line":109,"column":null}},{"start":{},"end":{}}],"line":107},"5":{"loc":{"start":{"line":115,"column":4},"end":{"line":115,"column":null}},"type":"if","locations":[{"start":{"line":115,"column":4},"end":{"line":115,"column":null}},{"start":{},"end":{}}],"line":115},"6":{"loc":{"start":{"line":115,"column":8},"end":{"line":115,"column":49}},"type":"binary-expr","locations":[{"start":{"line":115,"column":8},"end":{"line":115,"column":26}},{"start":{"line":115,"column":26},"end":{"line":115,"column":49}}],"line":115},"7":{"loc":{"start":{"line":130,"column":4},"end":{"line":130,"column":null}},"type":"if","locations":[{"start":{"line":130,"column":4},"end":{"line":130,"column":null}},{"start":{},"end":{}}],"line":130},"8":{"loc":{"start":{"line":130,"column":8},"end":{"line":130,"column":43}},"type":"binary-expr","locations":[{"start":{"line":130,"column":8},"end":{"line":130,"column":26}},{"start":{"line":130,"column":26},"end":{"line":130,"column":43}}],"line":130},"9":{"loc":{"start":{"line":139,"column":6},"end":{"line":141,"column":null}},"type":"if","locations":[{"start":{"line":139,"column":6},"end":{"line":141,"column":null}},{"start":{},"end":{}}],"line":139},"10":{"loc":{"start":{"line":153,"column":4},"end":{"line":153,"column":null}},"type":"if","locations":[{"start":{"line":153,"column":4},"end":{"line":153,"column":null}},{"start":{},"end":{}}],"line":153},"11":{"loc":{"start":{"line":158,"column":24},"end":{"line":158,"column":64}},"type":"binary-expr","locations":[{"start":{"line":158,"column":24},"end":{"line":158,"column":62}},{"start":{"line":158,"column":62},"end":{"line":158,"column":64}}],"line":158},"12":{"loc":{"start":{"line":171,"column":4},"end":{"line":171,"column":null}},"type":"if","locations":[{"start":{"line":171,"column":4},"end":{"line":171,"column":null}},{"start":{},"end":{}}],"line":171},"13":{"loc":{"start":{"line":188,"column":4},"end":{"line":191,"column":null}},"type":"if","locations":[{"start":{"line":188,"column":4},"end":{"line":191,"column":null}},{"start":{},"end":{}}],"line":188},"14":{"loc":{"start":{"line":211,"column":4},"end":{"line":214,"column":null}},"type":"if","locations":[{"start":{"line":211,"column":4},"end":{"line":214,"column":null}},{"start":{},"end":{}}],"line":211},"15":{"loc":{"start":{"line":220,"column":14},"end":{"line":220,"column":null}},"type":"cond-expr","locations":[{"start":{"line":220,"column":51},"end":{"line":220,"column":65}},{"start":{"line":220,"column":65},"end":{"line":220,"column":null}}],"line":220},"16":{"loc":{"start":{"line":234,"column":4},"end":{"line":234,"column":null}},"type":"if","locations":[{"start":{"line":234,"column":4},"end":{"line":234,"column":null}},{"start":{},"end":{}}],"line":234},"17":{"loc":{"start":{"line":238,"column":21},"end":{"line":238,"column":53}},"type":"binary-expr","locations":[{"start":{"line":238,"column":21},"end":{"line":238,"column":51}},{"start":{"line":238,"column":51},"end":{"line":238,"column":53}}],"line":238},"18":{"loc":{"start":{"line":248,"column":4},"end":{"line":248,"column":null}},"type":"if","locations":[{"start":{"line":248,"column":4},"end":{"line":248,"column":null}},{"start":{},"end":{}}],"line":248},"19":{"loc":{"start":{"line":248,"column":8},"end":{"line":248,"column":38}},"type":"binary-expr","locations":[{"start":{"line":248,"column":8},"end":{"line":248,"column":19}},{"start":{"line":248,"column":19},"end":{"line":248,"column":38}}],"line":248},"20":{"loc":{"start":{"line":268,"column":4},"end":{"line":271,"column":null}},"type":"if","locations":[{"start":{"line":268,"column":4},"end":{"line":271,"column":null}},{"start":{},"end":{}}],"line":268},"21":{"loc":{"start":{"line":277,"column":29},"end":{"line":277,"column":87}},"type":"binary-expr","locations":[{"start":{"line":277,"column":29},"end":{"line":277,"column":54}},{"start":{"line":277,"column":54},"end":{"line":277,"column":87}}],"line":277},"22":{"loc":{"start":{"line":283,"column":4},"end":{"line":283,"column":null}},"type":"if","locations":[{"start":{"line":283,"column":4},"end":{"line":283,"column":null}},{"start":{},"end":{}}],"line":283},"23":{"loc":{"start":{"line":283,"column":8},"end":{"line":283,"column":34}},"type":"binary-expr","locations":[{"start":{"line":283,"column":8},"end":{"line":283,"column":19}},{"start":{"line":283,"column":19},"end":{"line":283,"column":34}}],"line":283},"24":{"loc":{"start":{"line":289,"column":4},"end":{"line":295,"column":null}},"type":"if","locations":[{"start":{"line":289,"column":4},"end":{"line":295,"column":null}},{"start":{"line":292,"column":4},"end":{"line":295,"column":null}}],"line":289},"25":{"loc":{"start":{"line":289,"column":8},"end":{"line":289,"column":86}},"type":"binary-expr","locations":[{"start":{"line":289,"column":8},"end":{"line":289,"column":35}},{"start":{"line":289,"column":35},"end":{"line":289,"column":86}}],"line":289},"26":{"loc":{"start":{"line":292,"column":4},"end":{"line":295,"column":null}},"type":"if","locations":[{"start":{"line":292,"column":4},"end":{"line":295,"column":null}},{"start":{},"end":{}}],"line":292},"27":{"loc":{"start":{"line":292,"column":15},"end":{"line":292,"column":93}},"type":"binary-expr","locations":[{"start":{"line":292,"column":15},"end":{"line":292,"column":42}},{"start":{"line":292,"column":42},"end":{"line":292,"column":93}}],"line":292},"28":{"loc":{"start":{"line":304,"column":4},"end":{"line":304,"column":null}},"type":"if","locations":[{"start":{"line":304,"column":4},"end":{"line":304,"column":null}},{"start":{},"end":{}}],"line":304},"29":{"loc":{"start":{"line":304,"column":8},"end":{"line":304,"column":34}},"type":"binary-expr","locations":[{"start":{"line":304,"column":8},"end":{"line":304,"column":19}},{"start":{"line":304,"column":19},"end":{"line":304,"column":34}}],"line":304},"30":{"loc":{"start":{"line":313,"column":4},"end":{"line":313,"column":null}},"type":"if","locations":[{"start":{"line":313,"column":4},"end":{"line":313,"column":null}},{"start":{},"end":{}}],"line":313},"31":{"loc":{"start":{"line":316,"column":4},"end":{"line":319,"column":null}},"type":"if","locations":[{"start":{"line":316,"column":4},"end":{"line":319,"column":null}},{"start":{},"end":{}}],"line":316},"32":{"loc":{"start":{"line":322,"column":2},"end":{"line":324,"column":null}},"type":"if","locations":[{"start":{"line":322,"column":2},"end":{"line":324,"column":null}},{"start":{},"end":{}}],"line":322},"33":{"loc":{"start":{"line":334,"column":44},"end":{"line":334,"column":105}},"type":"cond-expr","locations":[{"start":{"line":334,"column":70},"end":{"line":334,"column":86}},{"start":{"line":334,"column":86},"end":{"line":334,"column":105}}],"line":334},"34":{"loc":{"start":{"line":341,"column":44},"end":{"line":341,"column":107}},"type":"cond-expr","locations":[{"start":{"line":341,"column":72},"end":{"line":341,"column":88}},{"start":{"line":341,"column":88},"end":{"line":341,"column":107}}],"line":341},"35":{"loc":{"start":{"line":348,"column":44},"end":{"line":348,"column":111}},"type":"cond-expr","locations":[{"start":{"line":348,"column":76},"end":{"line":348,"column":92}},{"start":{"line":348,"column":92},"end":{"line":348,"column":111}}],"line":348},"36":{"loc":{"start":{"line":363,"column":13},"end":{"line":363,"column":null}},"type":"cond-expr","locations":[{"start":{"line":363,"column":34},"end":{"line":363,"column":42}},{"start":{"line":363,"column":42},"end":{"line":363,"column":null}}],"line":363},"37":{"loc":{"start":{"line":371,"column":13},"end":{"line":371,"column":null}},"type":"cond-expr","locations":[{"start":{"line":371,"column":38},"end":{"line":371,"column":46}},{"start":{"line":371,"column":46},"end":{"line":371,"column":null}}],"line":371},"38":{"loc":{"start":{"line":379,"column":22},"end":{"line":379,"column":null}},"type":"binary-expr","locations":[{"start":{"line":379,"column":22},"end":{"line":379,"column":39}},{"start":{"line":379,"column":39},"end":{"line":379,"column":null}}],"line":379},"39":{"loc":{"start":{"line":383,"column":13},"end":{"line":383,"column":null}},"type":"cond-expr","locations":[{"start":{"line":383,"column":34},"end":{"line":383,"column":42}},{"start":{"line":383,"column":42},"end":{"line":383,"column":null}}],"line":383},"40":{"loc":{"start":{"line":387,"column":22},"end":{"line":387,"column":null}},"type":"binary-expr","locations":[{"start":{"line":387,"column":22},"end":{"line":387,"column":39}},{"start":{"line":387,"column":39},"end":{"line":387,"column":null}}],"line":387},"41":{"loc":{"start":{"line":391,"column":13},"end":{"line":391,"column":null}},"type":"cond-expr","locations":[{"start":{"line":391,"column":37},"end":{"line":391,"column":45}},{"start":{"line":391,"column":45},"end":{"line":391,"column":null}}],"line":391},"42":{"loc":{"start":{"line":411,"column":13},"end":{"line":411,"column":null}},"type":"cond-expr","locations":[{"start":{"line":411,"column":24},"end":{"line":411,"column":38}},{"start":{"line":411,"column":38},"end":{"line":411,"column":null}}],"line":411},"43":{"loc":{"start":{"line":416,"column":9},"end":{"line":419,"column":null}},"type":"binary-expr","locations":[{"start":{"line":416,"column":9},"end":{"line":416,"column":null}},{"start":{"line":417,"column":10},"end":{"line":419,"column":null}}],"line":416},"44":{"loc":{"start":{"line":437,"column":8},"end":{"line":658,"column":null}},"type":"binary-expr","locations":[{"start":{"line":440,"column":10},"end":{"line":440,"column":28}},{"start":{"line":440,"column":28},"end":{"line":440,"column":47}},{"start":{"line":440,"column":47},"end":{"line":440,"column":63}},{"start":{"line":440,"column":63},"end":{"line":440,"column":82}},{"start":{"line":440,"column":82},"end":{"line":440,"column":null}},{"start":{"line":441,"column":10},"end":{"line":658,"column":null}}],"line":437},"45":{"loc":{"start":{"line":443,"column":13},"end":{"line":484,"column":null}},"type":"binary-expr","locations":[{"start":{"line":443,"column":13},"end":{"line":443,"column":null}},{"start":{"line":444,"column":14},"end":{"line":484,"column":null}}],"line":443},"46":{"loc":{"start":{"line":454,"column":17},"end":{"line":482,"column":null}},"type":"cond-expr","locations":[{"start":{"line":455,"column":18},"end":{"line":455,"column":null}},{"start":{"line":457,"column":18},"end":{"line":482,"column":null}}],"line":454},"47":{"loc":{"start":{"line":463,"column":30},"end":{"line":465,"column":null}},"type":"cond-expr","locations":[{"start":{"line":463,"column":62},"end":{"line":463,"column":null}},{"start":{"line":464,"column":30},"end":{"line":465,"column":null}}],"line":463},"48":{"loc":{"start":{"line":464,"column":30},"end":{"line":465,"column":null}},"type":"cond-expr","locations":[{"start":{"line":464,"column":62},"end":{"line":464,"column":null}},{"start":{"line":465,"column":30},"end":{"line":465,"column":null}}],"line":464},"49":{"loc":{"start":{"line":488,"column":13},"end":{"line":557,"column":null}},"type":"binary-expr","locations":[{"start":{"line":488,"column":13},"end":{"line":488,"column":32}},{"start":{"line":488,"column":32},"end":{"line":488,"column":null}},{"start":{"line":489,"column":14},"end":{"line":557,"column":null}}],"line":488},"50":{"loc":{"start":{"line":502,"column":22},"end":{"line":504,"column":null}},"type":"cond-expr","locations":[{"start":{"line":502,"column":64},"end":{"line":502,"column":null}},{"start":{"line":503,"column":22},"end":{"line":504,"column":null}}],"line":502},"51":{"loc":{"start":{"line":503,"column":22},"end":{"line":504,"column":null}},"type":"cond-expr","locations":[{"start":{"line":503,"column":64},"end":{"line":503,"column":null}},{"start":{"line":504,"column":22},"end":{"line":504,"column":null}}],"line":503},"52":{"loc":{"start":{"line":526,"column":19},"end":{"line":534,"column":null}},"type":"binary-expr","locations":[{"start":{"line":526,"column":19},"end":{"line":526,"column":49}},{"start":{"line":526,"column":49},"end":{"line":526,"column":null}},{"start":{"line":527,"column":20},"end":{"line":534,"column":null}}],"line":526},"53":{"loc":{"start":{"line":537,"column":19},"end":{"line":548,"column":null}},"type":"binary-expr","locations":[{"start":{"line":537,"column":19},"end":{"line":537,"column":52}},{"start":{"line":537,"column":52},"end":{"line":537,"column":null}},{"start":{"line":538,"column":20},"end":{"line":548,"column":null}}],"line":537},"54":{"loc":{"start":{"line":551,"column":19},"end":{"line":554,"column":null}},"type":"binary-expr","locations":[{"start":{"line":551,"column":19},"end":{"line":551,"column":null}},{"start":{"line":552,"column":20},"end":{"line":554,"column":null}}],"line":551},"55":{"loc":{"start":{"line":561,"column":13},"end":{"line":583,"column":null}},"type":"binary-expr","locations":[{"start":{"line":561,"column":13},"end":{"line":561,"column":29}},{"start":{"line":561,"column":29},"end":{"line":561,"column":null}},{"start":{"line":562,"column":14},"end":{"line":583,"column":null}}],"line":561},"56":{"loc":{"start":{"line":587,"column":13},"end":{"line":616,"column":null}},"type":"binary-expr","locations":[{"start":{"line":587,"column":13},"end":{"line":587,"column":32}},{"start":{"line":587,"column":32},"end":{"line":587,"column":null}},{"start":{"line":588,"column":14},"end":{"line":616,"column":null}}],"line":587},"57":{"loc":{"start":{"line":620,"column":13},"end":{"line":656,"column":null}},"type":"binary-expr","locations":[{"start":{"line":620,"column":13},"end":{"line":620,"column":null}},{"start":{"line":621,"column":14},"end":{"line":656,"column":null}}],"line":620},"58":{"loc":{"start":{"line":631,"column":17},"end":{"line":654,"column":null}},"type":"cond-expr","locations":[{"start":{"line":632,"column":18},"end":{"line":632,"column":null}},{"start":{"line":634,"column":18},"end":{"line":654,"column":null}}],"line":631}},"s":{"0":1,"1":33,"2":33,"3":33,"4":33,"5":33,"6":33,"7":33,"8":33,"9":33,"10":33,"11":33,"12":33,"13":33,"14":33,"15":33,"16":33,"17":33,"18":33,"19":33,"20":33,"21":33,"22":33,"23":0,"24":0,"25":0,"26":0,"27":0,"28":0,"29":0,"30":0,"31":0,"32":0,"33":0,"34":0,"35":0,"36":0,"37":33,"38":19,"39":19,"40":0,"41":0,"42":0,"43":33,"44":19,"45":19,"46":0,"47":33,"48":0,"49":0,"50":0,"51":0,"52":0,"53":0,"54":33,"55":3,"56":1,"57":2,"58":2,"59":2,"60":1,"61":1,"62":1,"63":1,"64":1,"65":2,"66":33,"67":3,"68":3,"69":0,"70":3,"71":3,"72":3,"73":2,"74":3,"75":1,"76":1,"77":3,"78":33,"79":1,"80":1,"81":0,"82":1,"83":1,"84":1,"85":0,"86":0,"87":1,"88":1,"89":1,"90":33,"91":0,"92":0,"93":0,"94":0,"95":0,"96":0,"97":0,"98":0,"99":0,"100":0,"101":0,"102":33,"103":0,"104":0,"105":0,"106":0,"107":0,"108":0,"109":0,"110":0,"111":0,"112":0,"113":0,"114":33,"115":2,"116":0,"117":2,"118":2,"119":1,"120":2,"121":1,"122":1,"123":33,"124":1,"125":0,"126":1,"127":1,"128":1,"129":1,"130":1,"131":1,"132":0,"133":0,"134":1,"135":1,"136":1,"137":1,"138":1,"139":1,"140":1,"141":33,"142":0,"143":0,"144":0,"145":0,"146":0,"147":0,"148":0,"149":0,"150":0,"151":0,"152":33,"153":0,"154":0,"155":0,"156":0,"157":0,"158":33,"159":0,"160":0,"161":0,"162":0,"163":0,"164":0,"165":33,"166":0,"167":33,"168":1,"169":1,"170":0,"171":0,"172":1,"173":1,"174":0,"175":0,"176":0,"177":0,"178":0,"179":0,"180":0,"181":0,"182":0,"183":0,"184":1,"185":0},"f":{"0":33,"1":0,"2":0,"3":0,"4":19,"5":0,"6":19,"7":19,"8":0,"9":3,"10":3,"11":1,"12":0,"13":0,"14":2,"15":1,"16":0,"17":1,"18":1,"19":0,"20":0,"21":0,"22":1,"23":1,"24":0,"25":0,"26":1,"27":1,"28":0,"29":0,"30":0,"31":0,"32":0,"33":0,"34":0,"35":0,"36":0,"37":0,"38":1,"39":0},"b":{"0":[33,0],"1":[0,0],"2":[0,0],"3":[19,0],"4":[0,19],"5":[0,0],"6":[0,0],"7":[1,2],"8":[3,2],"9":[1,0],"10":[0,3],"11":[2,0],"12":[0,1],"13":[0,0],"14":[0,0],"15":[0,0],"16":[0,2],"17":[1,0],"18":[0,1],"19":[1,1],"20":[1,0],"21":[1,1],"22":[0,0],"23":[0,0],"24":[0,0],"25":[0,0],"26":[0,0],"27":[0,0],"28":[0,0],"29":[0,0],"30":[0,0],"31":[0,0],"32":[0,33],"33":[0,33],"34":[0,33],"35":[0,33],"36":[3,30],"37":[1,32],"38":[33,0],"39":[0,33],"40":[33,0],"41":[0,33],"42":[2,31],"43":[33,1],"44":[33,30,30,30,30,4],"45":[4,3],"46":[2,1],"47":[0,1],"48":[1,0],"49":[4,0,0],"50":[0,0],"51":[0,0],"52":[0,0,0],"53":[0,0,0],"54":[0,0],"55":[4,0,0],"56":[4,0,0],"57":[4,1],"58":[0,1]},"meta":{"lastBranch":59,"lastFunction":40,"lastStatement":186,"seen":{"s:19:26:696:Infinity":0,"f:19:26:19:27":0,"s:26:28:26:Infinity":1,"b:26:41:26:59:26:59:26:61":0,"s:27:32:27:Infinity":2,"s:28:32:28:Infinity":3,"s:29:38:29:Infinity":4,"s:32:42:32:Infinity":5,"s:33:46:33:Infinity":6,"s:34:50:34:Infinity":7,"s:35:62:35:Infinity":8,"s:38:42:38:Infinity":9,"s:39:44:39:Infinity":10,"s:40:38:40:Infinity":11,"s:41:44:41:Infinity":12,"s:42:36:42:Infinity":13,"s:43:36:43:Infinity":14,"s:46:50:46:Infinity":15,"s:47:58:47:Infinity":16,"s:48:50:48:Infinity":17,"s:49:56:49:Infinity":18,"s:50:30:50:Infinity":19,"s:53:8:53:Infinity":20,"s:54:32:54:Infinity":21,"s:57:8:91:Infinity":22,"f:65:14:65:15":1,"s:67:19:67:Infinity":23,"s:68:6:68:Infinity":24,"s:69:6:69:Infinity":25,"f:71:14:71:15":2,"s:72:19:72:Infinity":26,"s:73:19:73:Infinity":27,"s:75:6:75:Infinity":28,"s:76:6:76:Infinity":29,"s:77:6:77:Infinity":30,"b:79:6:81:Infinity:undefined:undefined:undefined:undefined":1,"s:79:6:81:Infinity":31,"s:80:8:80:Infinity":32,"b:84:6:86:Infinity:undefined:undefined:undefined:undefined":2,"s:84:6:86:Infinity":33,"s:85:8:85:Infinity":34,"s:87:6:89:Infinity":35,"f:87:44:87:50":3,"s:88:8:88:Infinity":36,"s:94:2:102:Infinity":37,"f:94:12:94:18":4,"b:95:4:101:Infinity:undefined:undefined:undefined:undefined":3,"s:95:4:101:Infinity":38,"s:96:6:100:Infinity":39,"f:96:35:96:41":5,"s:97:29:97:Infinity":40,"s:98:21:98:Infinity":41,"s:99:8:99:Infinity":42,"s:105:2:111:Infinity":43,"f:105:12:105:18":6,"s:106:4:110:Infinity":44,"f:106:11:106:17":7,"b:107:6:109:Infinity:undefined:undefined:undefined:undefined":4,"s:107:6:109:Infinity":45,"s:108:8:108:Infinity":46,"s:114:25:126:Infinity":47,"f:114:25:114:32":8,"b:115:4:115:Infinity:undefined:undefined:undefined:undefined":5,"s:115:4:115:Infinity":48,"b:115:8:115:26:115:26:115:49":6,"s:115:49:115:Infinity":49,"s:117:4:125:Infinity":50,"s:118:6:121:Infinity":51,"s:122:6:122:Infinity":52,"s:124:6:124:Infinity":53,"s:129:27:148:Infinity":54,"f:129:27:129:39":9,"b:130:4:130:Infinity:undefined:undefined:undefined:undefined":7,"s:130:4:130:Infinity":55,"b:130:8:130:26:130:26:130:43":8,"s:130:43:130:Infinity":56,"s:132:4:132:Infinity":57,"s:133:4:147:Infinity":58,"s:134:6:137:Infinity":59,"s:138:6:138:Infinity":60,"b:139:6:141:Infinity:undefined:undefined:undefined:undefined":9,"s:139:6:141:Infinity":61,"s:140:8:140:Infinity":62,"s:143:6:143:Infinity":63,"s:144:6:144:Infinity":64,"s:146:6:146:Infinity":65,"s:151:24:166:Infinity":66,"f:151:24:151:36":10,"s:152:17:152:Infinity":67,"b:153:4:153:Infinity:undefined:undefined:undefined:undefined":10,"s:153:4:153:Infinity":68,"s:153:22:153:Infinity":69,"s:155:4:155:Infinity":70,"s:156:4:165:Infinity":71,"s:157:23:157:Infinity":72,"s:158:6:158:Infinity":73,"b:158:24:158:62:158:62:158:64":11,"s:159:6:159:Infinity":74,"s:161:6:161:Infinity":75,"s:162:6:162:Infinity":76,"s:164:6:164:Infinity":77,"s:169:29:184:Infinity":78,"f:169:29:169:41":11,"s:170:17:170:Infinity":79,"b:171:4:171:Infinity:undefined:undefined:undefined:undefined":12,"s:171:4:171:Infinity":80,"s:171:22:171:Infinity":81,"s:173:4:173:Infinity":82,"s:174:4:183:Infinity":83,"s:175:23:175:Infinity":84,"s:176:6:176:Infinity":85,"s:177:6:177:Infinity":86,"s:179:6:179:Infinity":87,"s:180:6:180:Infinity":88,"s:182:6:182:Infinity":89,"s:187:22:207:Infinity":90,"f:187:22:187:34":12,"b:188:4:191:Infinity:undefined:undefined:undefined:undefined":13,"s:188:4:191:Infinity":91,"s:189:6:189:Infinity":92,"s:190:6:190:Infinity":93,"s:193:4:193:Infinity":94,"s:194:4:206:Infinity":95,"s:195:23:198:Infinity":96,"s:199:6:199:Infinity":97,"s:200:6:200:Infinity":98,"s:202:6:202:Infinity":99,"s:203:6:203:Infinity":100,"s:205:6:205:Infinity":101,"s:210:38:230:Infinity":102,"f:210:38:210:50":13,"b:211:4:214:Infinity:undefined:undefined:undefined:undefined":14,"s:211:4:214:Infinity":103,"s:212:6:212:Infinity":104,"s:213:6:213:Infinity":105,"s:216:4:216:Infinity":106,"s:217:4:229:Infinity":107,"s:218:23:221:Infinity":108,"b:220:51:220:65:220:65:220:Infinity":15,"s:222:6:222:Infinity":109,"s:223:6:223:Infinity":110,"s:225:6:225:Infinity":111,"s:226:6:226:Infinity":112,"s:228:6:228:Infinity":113,"s:233:22:244:Infinity":114,"f:233:22:233:34":14,"b:234:4:234:Infinity:undefined:undefined:undefined:undefined":16,"s:234:4:234:Infinity":115,"s:234:24:234:Infinity":116,"s:236:4:243:Infinity":117,"s:237:23:237:Infinity":118,"s:238:6:238:Infinity":119,"b:238:21:238:51:238:51:238:53":17,"s:239:6:239:Infinity":120,"s:241:6:241:Infinity":121,"s:242:6:242:Infinity":122,"s:247:26:279:Infinity":123,"f:247:26:247:27":15,"b:248:4:248:Infinity:undefined:undefined:undefined:undefined":18,"s:248:4:248:Infinity":124,"b:248:8:248:19:248:19:248:38":19,"s:248:38:248:Infinity":125,"s:251:24:251:Infinity":126,"s:255:24:255:Infinity":127,"s:256:18:256:Infinity":128,"s:258:18:258:Infinity":129,"s:259:19:259:Infinity":130,"s:262:4:265:Infinity":131,"f:262:41:262:42":16,"s:263:6:263:Infinity":132,"s:264:6:264:Infinity":133,"b:268:4:271:Infinity:undefined:undefined:undefined:undefined":20,"s:268:4:271:Infinity":134,"s:269:24:269:Infinity":135,"s:270:6:270:Infinity":136,"s:273:4:273:Infinity":137,"s:276:4:278:Infinity":138,"f:276:22:276:Infinity":17,"s:277:6:277:Infinity":139,"f:277:24:277:29":18,"s:277:29:277:87":140,"b:277:29:277:54:277:54:277:87":21,"s:282:25:300:Infinity":141,"f:282:25:282:26":19,"b:283:4:283:Infinity:undefined:undefined:undefined:undefined":22,"s:283:4:283:Infinity":142,"b:283:8:283:19:283:19:283:34":23,"s:283:34:283:Infinity":143,"s:286:26:286:Infinity":144,"b:289:4:295:Infinity:292:4:295:Infinity":24,"s:289:4:295:Infinity":145,"b:289:8:289:35:289:35:289:86":25,"s:291:6:291:Infinity":146,"b:292:4:295:Infinity:undefined:undefined:undefined:undefined":26,"s:292:4:295:Infinity":147,"b:292:15:292:42:292:42:292:93":27,"s:294:6:294:Infinity":148,"s:297:4:297:Infinity":149,"s:298:4:298:Infinity":150,"s:299:4:299:Infinity":151,"s:303:29:309:Infinity":152,"f:303:29:303:30":20,"b:304:4:304:Infinity:undefined:undefined:undefined:undefined":28,"s:304:4:304:Infinity":153,"b:304:8:304:19:304:19:304:34":29,"s:304:34:304:Infinity":154,"s:306:4:306:Infinity":155,"s:307:4:307:Infinity":156,"s:308:4:308:Infinity":157,"s:312:25:320:Infinity":158,"f:312:25:312:26":21,"b:313:4:313:Infinity:undefined:undefined:undefined:undefined":30,"s:313:4:313:Infinity":159,"s:313:17:313:Infinity":160,"s:315:22:315:Infinity":161,"b:316:4:319:Infinity:undefined:undefined:undefined:undefined":31,"s:316:4:319:Infinity":162,"s:317:6:317:Infinity":163,"s:318:6:318:Infinity":164,"b:322:2:324:Infinity:undefined:undefined:undefined:undefined":32,"s:322:2:324:Infinity":165,"s:323:4:323:Infinity":166,"s:326:2:694:Infinity":167,"f:333:21:333:27":22,"s:333:27:333:Infinity":168,"b:334:70:334:86:334:86:334:105":33,"f:340:21:340:27":23,"s:340:27:340:Infinity":169,"b:341:72:341:88:341:88:341:107":34,"f:347:21:347:27":24,"s:347:27:347:Infinity":170,"b:348:76:348:92:348:92:348:111":35,"b:363:34:363:42:363:42:363:Infinity":36,"b:371:38:371:46:371:46:371:Infinity":37,"b:379:22:379:39:379:39:379:Infinity":38,"b:383:34:383:42:383:42:383:Infinity":39,"b:387:22:387:39:387:39:387:Infinity":40,"b:391:37:391:45:391:45:391:Infinity":41,"b:411:24:411:38:411:38:411:Infinity":42,"b:416:9:416:Infinity:417:10:419:Infinity":43,"b:440:10:440:28:440:28:440:47:440:47:440:63:440:63:440:82:440:82:440:Infinity:441:10:658:Infinity":44,"b:443:13:443:Infinity:444:14:484:Infinity":45,"f:448:29:448:35":25,"s:448:35:448:Infinity":171,"b:455:18:455:Infinity:457:18:482:Infinity":46,"f:458:40:458:41":26,"s:459:22:480:Infinity":172,"b:463:62:463:Infinity:464:30:465:Infinity":47,"b:464:62:464:Infinity:465:30:465:Infinity":48,"f:474:37:474:43":27,"s:474:43:474:Infinity":173,"b:488:13:488:32:488:32:488:Infinity:489:14:557:Infinity":49,"f:493:29:493:35":28,"s:493:35:493:Infinity":174,"b:502:64:502:Infinity:503:22:504:Infinity":50,"b:503:64:503:Infinity:504:22:504:Infinity":51,"b:526:19:526:49:526:49:526:Infinity:527:20:534:Infinity":52,"f:530:56:530:57":29,"s:531:26:531:Infinity":175,"b:537:19:537:52:537:52:537:Infinity:538:20:548:Infinity":53,"f:541:59:541:60":30,"s:542:26:545:Infinity":176,"b:551:19:551:Infinity:552:20:554:Infinity":54,"b:561:13:561:29:561:29:561:Infinity:562:14:583:Infinity":55,"f:566:29:566:35":31,"s:566:35:566:Infinity":177,"f:574:51:574:52":32,"s:575:20:580:Infinity":178,"f:576:34:576:40":33,"s:576:40:576:Infinity":179,"b:587:13:587:32:587:32:587:Infinity:588:14:616:Infinity":56,"f:592:29:592:35":34,"s:592:35:592:Infinity":180,"f:599:59:599:60":35,"s:600:20:613:Infinity":181,"f:608:33:608:39":36,"s:608:39:608:Infinity":182,"b:620:13:620:Infinity:621:14:656:Infinity":57,"f:625:29:625:35":37,"s:625:35:625:Infinity":183,"b:632:18:632:Infinity:634:18:654:Infinity":58,"f:635:55:635:56":38,"s:636:22:652:Infinity":184,"f:647:35:647:41":39,"s:647:41:647:Infinity":185}}}
,"C:\\Users\\samee\\OneDrive\\Documents\\NJIT\\CS490\\CS490-HotSho-project\\frontend\\src\\components\\ErrorMessage.jsx": {"path":"C:\\Users\\samee\\OneDrive\\Documents\\NJIT\\CS490\\CS490-HotSho-project\\frontend\\src\\components\\ErrorMessage.jsx","statementMap":{"0":{"start":{"line":13,"column":2},"end":{"line":13,"column":null}},"1":{"start":{"line":13,"column":14},"end":{"line":13,"column":null}},"2":{"start":{"line":15,"column":25},"end":{"line":15,"column":null}},"3":{"start":{"line":16,"column":19},"end":{"line":16,"column":null}},"4":{"start":{"line":17,"column":18},"end":{"line":17,"column":null}},"5":{"start":{"line":18,"column":22},"end":{"line":18,"column":null}},"6":{"start":{"line":20,"column":2},"end":{"line":96,"column":null}},"7":{"start":{"line":47,"column":18},"end":{"line":50,"column":null}},"8":{"start":{"line":100,"column":0},"end":{"line":105,"column":null}},"9":{"start":{"line":111,"column":2},"end":{"line":111,"column":null}},"10":{"start":{"line":111,"column":35},"end":{"line":111,"column":null}},"11":{"start":{"line":113,"column":21},"end":{"line":115,"column":null}},"12":{"start":{"line":114,"column":13},"end":{"line":114,"column":null}},"13":{"start":{"line":117,"column":2},"end":{"line":117,"column":null}},"14":{"start":{"line":117,"column":19},"end":{"line":117,"column":null}},"15":{"start":{"line":119,"column":2},"end":{"line":122,"column":null}},"16":{"start":{"line":126,"column":0},"end":{"line":129,"column":null}}},"fnMap":{"0":{"name":"ErrorMessage","decl":{"start":{"line":7,"column":24},"end":{"line":7,"column":37}},"loc":{"start":{"line":12,"column":3},"end":{"line":98,"column":null}},"line":12},"1":{"name":"(anonymous_1)","decl":{"start":{"line":46,"column":33},"end":{"line":46,"column":34}},"loc":{"start":{"line":47,"column":18},"end":{"line":50,"column":null}},"line":47},"2":{"name":"FieldError","decl":{"start":{"line":110,"column":16},"end":{"line":110,"column":27}},"loc":{"start":{"line":110,"column":49},"end":{"line":124,"column":null}},"line":110},"3":{"name":"(anonymous_3)","decl":{"start":{"line":114,"column":4},"end":{"line":114,"column":5}},"loc":{"start":{"line":114,"column":13},"end":{"line":114,"column":null}},"line":114}},"branchMap":{"0":{"loc":{"start":{"line":11,"column":2},"end":{"line":11,"column":null}},"type":"default-arg","locations":[{"start":{"line":11,"column":14},"end":{"line":11,"column":null}}],"line":11},"1":{"loc":{"start":{"line":13,"column":2},"end":{"line":13,"column":null}},"type":"if","locations":[{"start":{"line":13,"column":2},"end":{"line":13,"column":null}},{"start":{},"end":{}}],"line":13},"2":{"loc":{"start":{"line":15,"column":25},"end":{"line":15,"column":null}},"type":"binary-expr","locations":[{"start":{"line":15,"column":25},"end":{"line":15,"column":62}},{"start":{"line":15,"column":62},"end":{"line":15,"column":null}}],"line":15},"3":{"loc":{"start":{"line":16,"column":19},"end":{"line":16,"column":null}},"type":"binary-expr","locations":[{"start":{"line":16,"column":19},"end":{"line":16,"column":50}},{"start":{"line":16,"column":50},"end":{"line":16,"column":null}}],"line":16},"4":{"loc":{"start":{"line":17,"column":18},"end":{"line":17,"column":null}},"type":"binary-expr","locations":[{"start":{"line":17,"column":18},"end":{"line":17,"column":48}},{"start":{"line":17,"column":48},"end":{"line":17,"column":65}},{"start":{"line":17,"column":65},"end":{"line":17,"column":null}}],"line":17},"5":{"loc":{"start":{"line":18,"column":22},"end":{"line":18,"column":null}},"type":"binary-expr","locations":[{"start":{"line":18,"column":22},"end":{"line":18,"column":51}},{"start":{"line":18,"column":51},"end":{"line":18,"column":null}}],"line":18},"6":{"loc":{"start":{"line":38,"column":13},"end":{"line":38,"column":null}},"type":"cond-expr","locations":[{"start":{"line":38,"column":30},"end":{"line":38,"column":48}},{"start":{"line":38,"column":48},"end":{"line":38,"column":null}}],"line":38},"7":{"loc":{"start":{"line":44,"column":13},"end":{"line":52,"column":null}},"type":"binary-expr","locations":[{"start":{"line":44,"column":13},"end":{"line":44,"column":null}},{"start":{"line":45,"column":14},"end":{"line":52,"column":null}}],"line":44},"8":{"loc":{"start":{"line":58,"column":13},"end":{"line":64,"column":null}},"type":"binary-expr","locations":[{"start":{"line":58,"column":13},"end":{"line":58,"column":25}},{"start":{"line":58,"column":25},"end":{"line":58,"column":null}},{"start":{"line":59,"column":14},"end":{"line":64,"column":null}}],"line":58},"9":{"loc":{"start":{"line":66,"column":13},"end":{"line":72,"column":null}},"type":"binary-expr","locations":[{"start":{"line":66,"column":13},"end":{"line":66,"column":null}},{"start":{"line":67,"column":14},"end":{"line":72,"column":null}}],"line":66},"10":{"loc":{"start":{"line":78,"column":9},"end":{"line":93,"column":null}},"type":"binary-expr","locations":[{"start":{"line":78,"column":9},"end":{"line":78,"column":null}},{"start":{"line":79,"column":10},"end":{"line":93,"column":null}}],"line":78},"11":{"loc":{"start":{"line":111,"column":2},"end":{"line":111,"column":null}},"type":"if","locations":[{"start":{"line":111,"column":2},"end":{"line":111,"column":null}},{"start":{},"end":{}}],"line":111},"12":{"loc":{"start":{"line":117,"column":2},"end":{"line":117,"column":null}},"type":"if","locations":[{"start":{"line":117,"column":2},"end":{"line":117,"column":null}},{"start":{},"end":{}}],"line":117}},"s":{"0":15,"1":2,"2":13,"3":15,"4":15,"5":15,"6":15,"7":1,"8":4,"9":4,"10":2,"11":2,"12":2,"13":2,"14":2,"15":1,"16":4},"f":{"0":15,"1":1,"2":4,"3":2},"b":{"0":[15],"1":[2,13],"2":[13,11],"3":[15,11],"4":[15,4,1],"5":[15,12],"6":[2,11],"7":[15,1],"8":[15,2,1],"9":[15,5],"10":[15,5],"11":[2,2],"12":[1,1]},"meta":{"lastBranch":13,"lastFunction":4,"lastStatement":17,"seen":{"f:7:24:7:37":0,"b:11:14:11:Infinity":0,"b:13:2:13:Infinity:undefined:undefined:undefined:undefined":1,"s:13:2:13:Infinity":0,"s:13:14:13:Infinity":1,"s:15:25:15:Infinity":2,"b:15:25:15:62:15:62:15:Infinity":2,"s:16:19:16:Infinity":3,"b:16:19:16:50:16:50:16:Infinity":3,"s:17:18:17:Infinity":4,"b:17:18:17:48:17:48:17:65:17:65:17:Infinity":4,"s:18:22:18:Infinity":5,"b:18:22:18:51:18:51:18:Infinity":5,"s:20:2:96:Infinity":6,"b:38:30:38:48:38:48:38:Infinity":6,"b:44:13:44:Infinity:45:14:52:Infinity":7,"f:46:33:46:34":1,"s:47:18:50:Infinity":7,"b:58:13:58:25:58:25:58:Infinity:59:14:64:Infinity":8,"b:66:13:66:Infinity:67:14:72:Infinity":9,"b:78:9:78:Infinity:79:10:93:Infinity":10,"s:100:0:105:Infinity":8,"f:110:16:110:27":2,"b:111:2:111:Infinity:undefined:undefined:undefined:undefined":11,"s:111:2:111:Infinity":9,"s:111:35:111:Infinity":10,"s:113:21:115:Infinity":11,"f:114:4:114:5":3,"s:114:13:114:Infinity":12,"b:117:2:117:Infinity:undefined:undefined:undefined:undefined":12,"s:117:2:117:Infinity":13,"s:117:19:117:Infinity":14,"s:119:2:122:Infinity":15,"s:126:0:129:Infinity":16}}}
,"C:\\Users\\samee\\OneDrive\\Documents\\NJIT\\CS490\\CS490-HotSho-project\\frontend\\src\\components\\LoadingSpinner.jsx": {"path":"C:\\Users\\samee\\OneDrive\\Documents\\NJIT\\CS490\\CS490-HotSho-project\\frontend\\src\\components\\LoadingSpinner.jsx","statementMap":{"0":{"start":{"line":12,"column":23},"end":{"line":73,"column":null}},"1":{"start":{"line":18,"column":22},"end":{"line":22,"column":null}},"2":{"start":{"line":24,"column":26},"end":{"line":28,"column":null}},"3":{"start":{"line":30,"column":22},"end":{"line":34,"column":null}},"4":{"start":{"line":36,"column":25},"end":{"line":49,"column":null}},"5":{"start":{"line":53,"column":4},"end":{"line":61,"column":null}},"6":{"start":{"line":64,"column":2},"end":{"line":70,"column":null}},"7":{"start":{"line":65,"column":4},"end":{"line":68,"column":null}},"8":{"start":{"line":72,"column":2},"end":{"line":72,"column":null}},"9":{"start":{"line":75,"column":0},"end":{"line":80,"column":null}}},"fnMap":{"0":{"name":"(anonymous_0)","decl":{"start":{"line":12,"column":23},"end":{"line":12,"column":24}},"loc":{"start":{"line":17,"column":6},"end":{"line":73,"column":null}},"line":17}},"branchMap":{"0":{"loc":{"start":{"line":13,"column":2},"end":{"line":13,"column":null}},"type":"default-arg","locations":[{"start":{"line":13,"column":9},"end":{"line":13,"column":null}}],"line":13},"1":{"loc":{"start":{"line":14,"column":2},"end":{"line":14,"column":null}},"type":"default-arg","locations":[{"start":{"line":14,"column":9},"end":{"line":14,"column":null}}],"line":14},"2":{"loc":{"start":{"line":15,"column":2},"end":{"line":15,"column":null}},"type":"default-arg","locations":[{"start":{"line":15,"column":15},"end":{"line":15,"column":null}}],"line":15},"3":{"loc":{"start":{"line":16,"column":2},"end":{"line":16,"column":null}},"type":"default-arg","locations":[{"start":{"line":16,"column":12},"end":{"line":16,"column":null}}],"line":16},"4":{"loc":{"start":{"line":36,"column":25},"end":{"line":49,"column":null}},"type":"cond-expr","locations":[{"start":{"line":37,"column":4},"end":{"line":39,"column":null}},{"start":{"line":41,"column":4},"end":{"line":49,"column":null}}],"line":36},"5":{"loc":{"start":{"line":55,"column":7},"end":{"line":58,"column":null}},"type":"binary-expr","locations":[{"start":{"line":55,"column":7},"end":{"line":55,"column":null}},{"start":{"line":56,"column":8},"end":{"line":58,"column":null}}],"line":55},"6":{"loc":{"start":{"line":64,"column":2},"end":{"line":70,"column":null}},"type":"if","locations":[{"start":{"line":64,"column":2},"end":{"line":70,"column":null}},{"start":{},"end":{}}],"line":64}},"s":{"0":2,"1":27,"2":27,"3":27,"4":27,"5":27,"6":27,"7":6,"8":21,"9":2},"f":{"0":27},"b":{"0":[27],"1":[27],"2":[27],"3":[27],"4":[7,20],"5":[27,25],"6":[6,21]},"meta":{"lastBranch":7,"lastFunction":1,"lastStatement":10,"seen":{"s:12:23:73:Infinity":0,"f:12:23:12:24":0,"b:13:9:13:Infinity":0,"b:14:9:14:Infinity":1,"b:15:15:15:Infinity":2,"b:16:12:16:Infinity":3,"s:18:22:22:Infinity":1,"s:24:26:28:Infinity":2,"s:30:22:34:Infinity":3,"s:36:25:49:Infinity":4,"b:37:4:39:Infinity:41:4:49:Infinity":4,"s:53:4:61:Infinity":5,"b:55:7:55:Infinity:56:8:58:Infinity":5,"b:64:2:70:Infinity:undefined:undefined:undefined:undefined":6,"s:64:2:70:Infinity":6,"s:65:4:68:Infinity":7,"s:72:2:72:Infinity":8,"s:75:0:80:Infinity":9}}}
,"C:\\Users\\samee\\OneDrive\\Documents\\NJIT\\CS490\\CS490-HotSho-project\\frontend\\src\\components\\Logo.jsx": {"path":"C:\\Users\\samee\\OneDrive\\Documents\\NJIT\\CS490\\CS490-HotSho-project\\frontend\\src\\components\\Logo.jsx","statementMap":{"0":{"start":{"line":12,"column":13},"end":{"line":62,"column":null}},"1":{"start":{"line":20,"column":16},"end":{"line":26,"column":null}},"2":{"start":{"line":29,"column":20},"end":{"line":35,"column":null}},"3":{"start":{"line":38,"column":22},"end":{"line":43,"column":null}},"4":{"start":{"line":45,"column":18},"end":{"line":45,"column":null}},"5":{"start":{"line":46,"column":21},"end":{"line":46,"column":null}},"6":{"start":{"line":48,"column":2},"end":{"line":60,"column":null}},"7":{"start":{"line":64,"column":0},"end":{"line":70,"column":null}}},"fnMap":{"0":{"name":"(anonymous_0)","decl":{"start":{"line":12,"column":13},"end":{"line":12,"column":14}},"loc":{"start":{"line":18,"column":6},"end":{"line":62,"column":null}},"line":18}},"branchMap":{"0":{"loc":{"start":{"line":13,"column":2},"end":{"line":13,"column":null}},"type":"default-arg","locations":[{"start":{"line":13,"column":12},"end":{"line":13,"column":null}}],"line":13},"1":{"loc":{"start":{"line":14,"column":2},"end":{"line":14,"column":null}},"type":"default-arg","locations":[{"start":{"line":14,"column":9},"end":{"line":14,"column":null}}],"line":14},"2":{"loc":{"start":{"line":15,"column":2},"end":{"line":15,"column":null}},"type":"default-arg","locations":[{"start":{"line":15,"column":16},"end":{"line":15,"column":null}}],"line":15},"3":{"loc":{"start":{"line":16,"column":2},"end":{"line":16,"column":null}},"type":"default-arg","locations":[{"start":{"line":16,"column":17},"end":{"line":16,"column":null}}],"line":16},"4":{"loc":{"start":{"line":17,"column":2},"end":{"line":17,"column":null}},"type":"default-arg","locations":[{"start":{"line":17,"column":14},"end":{"line":17,"column":null}}],"line":17},"5":{"loc":{"start":{"line":25,"column":21},"end":{"line":25,"column":45}},"type":"binary-expr","locations":[{"start":{"line":25,"column":21},"end":{"line":25,"column":36}},{"start":{"line":25,"column":36},"end":{"line":25,"column":45}}],"line":25},"6":{"loc":{"start":{"line":25,"column":53},"end":{"line":25,"column":76}},"type":"binary-expr","locations":[{"start":{"line":25,"column":53},"end":{"line":25,"column":69}},{"start":{"line":25,"column":69},"end":{"line":25,"column":76}}],"line":25},"7":{"loc":{"start":{"line":34,"column":21},"end":{"line":34,"column":44}},"type":"binary-expr","locations":[{"start":{"line":34,"column":21},"end":{"line":34,"column":36}},{"start":{"line":34,"column":36},"end":{"line":34,"column":44}}],"line":34},"8":{"loc":{"start":{"line":34,"column":52},"end":{"line":34,"column":75}},"type":"binary-expr","locations":[{"start":{"line":34,"column":52},"end":{"line":34,"column":68}},{"start":{"line":34,"column":68},"end":{"line":34,"column":75}}],"line":34},"9":{"loc":{"start":{"line":45,"column":18},"end":{"line":45,"column":null}},"type":"binary-expr","locations":[{"start":{"line":45,"column":18},"end":{"line":45,"column":42}},{"start":{"line":45,"column":42},"end":{"line":45,"column":null}}],"line":45},"10":{"loc":{"start":{"line":46,"column":21},"end":{"line":46,"column":null}},"type":"cond-expr","locations":[{"start":{"line":46,"column":42},"end":{"line":46,"column":60}},{"start":{"line":46,"column":60},"end":{"line":46,"column":null}}],"line":46}},"s":{"0":7,"1":82,"2":82,"3":82,"4":82,"5":82,"6":82,"7":7},"f":{"0":82},"b":{"0":[82],"1":[82],"2":[82],"3":[82],"4":[82],"5":[82,79],"6":[82,79],"7":[82,79],"8":[82,79],"9":[82,1],"10":[10,72]},"meta":{"lastBranch":11,"lastFunction":1,"lastStatement":8,"seen":{"s:12:13:62:Infinity":0,"f:12:13:12:14":0,"b:13:12:13:Infinity":0,"b:14:9:14:Infinity":1,"b:15:16:15:Infinity":2,"b:16:17:16:Infinity":3,"b:17:14:17:Infinity":4,"s:20:16:26:Infinity":1,"b:25:21:25:36:25:36:25:45":5,"b:25:53:25:69:25:69:25:76":6,"s:29:20:35:Infinity":2,"b:34:21:34:36:34:36:34:44":7,"b:34:52:34:68:34:68:34:75":8,"s:38:22:43:Infinity":3,"s:45:18:45:Infinity":4,"b:45:18:45:42:45:42:45:Infinity":9,"s:46:21:46:Infinity":5,"b:46:42:46:60:46:60:46:Infinity":10,"s:48:2:60:Infinity":6,"s:64:0:70:Infinity":7}}}
,"C:\\Users\\samee\\OneDrive\\Documents\\NJIT\\CS490\\CS490-HotSho-project\\frontend\\src\\components\\Navbar.jsx": {"path":"C:\\Users\\samee\\OneDrive\\Documents\\NJIT\\CS490\\CS490-HotSho-project\\frontend\\src\\components\\Navbar.jsx","statementMap":{"0":{"start":{"line":9,"column":21},"end":{"line":9,"column":null}},"1":{"start":{"line":10,"column":17},"end":{"line":10,"column":null}},"2":{"start":{"line":11,"column":10},"end":{"line":11,"column":null}},"3":{"start":{"line":12,"column":44},"end":{"line":12,"column":null}},"4":{"start":{"line":13,"column":44},"end":{"line":13,"column":null}},"5":{"start":{"line":14,"column":52},"end":{"line":14,"column":null}},"6":{"start":{"line":15,"column":46},"end":{"line":15,"column":null}},"7":{"start":{"line":18,"column":4},"end":{"line":43,"column":null}},"8":{"start":{"line":19,"column":36},"end":{"line":35,"column":null}},"9":{"start":{"line":20,"column":12},"end":{"line":34,"column":null}},"10":{"start":{"line":21,"column":30},"end":{"line":21,"column":null}},"11":{"start":{"line":22,"column":16},"end":{"line":22,"column":null}},"12":{"start":{"line":23,"column":33},"end":{"line":23,"column":null}},"13":{"start":{"line":25,"column":16},"end":{"line":29,"column":null}},"14":{"start":{"line":26,"column":20},"end":{"line":26,"column":null}},"15":{"start":{"line":28,"column":20},"end":{"line":28,"column":null}},"16":{"start":{"line":32,"column":16},"end":{"line":32,"column":null}},"17":{"start":{"line":33,"column":16},"end":{"line":33,"column":null}},"18":{"start":{"line":37,"column":8},"end":{"line":42,"column":null}},"19":{"start":{"line":38,"column":12},"end":{"line":38,"column":null}},"20":{"start":{"line":40,"column":29},"end":{"line":40,"column":null}},"21":{"start":{"line":41,"column":12},"end":{"line":41,"column":null}},"22":{"start":{"line":41,"column":25},"end":{"line":41,"column":null}},"23":{"start":{"line":46,"column":4},"end":{"line":48,"column":null}},"24":{"start":{"line":47,"column":8},"end":{"line":47,"column":null}},"25":{"start":{"line":51,"column":25},"end":{"line":55,"column":null}},"26":{"start":{"line":52,"column":8},"end":{"line":55,"column":null}},"27":{"start":{"line":57,"column":4},"end":{"line":587,"column":null}},"28":{"start":{"line":103,"column":52},"end":{"line":103,"column":null}},"29":{"start":{"line":103,"column":69},"end":{"line":103,"column":99}},"30":{"start":{"line":104,"column":36},"end":{"line":104,"column":null}},"31":{"start":{"line":107,"column":36},"end":{"line":107,"column":null}},"32":{"start":{"line":107,"column":57},"end":{"line":107,"column":null}},"33":{"start":{"line":108,"column":36},"end":{"line":108
[...]
t":{"line":226,"column":21},"end":{"line":226,"column":26}},{"start":{"line":226,"column":30},"end":{"line":226,"column":64}}],"line":226},"8":{"loc":{"start":{"line":228,"column":4},"end":{"line":236,"column":5}},"type":"if","locations":[{"start":{"line":228,"column":4},"end":{"line":236,"column":5}},{"start":{"line":230,"column":11},"end":{"line":236,"column":5}}],"line":228},"9":{"loc":{"start":{"line":231,"column":6},"end":{"line":235,"column":7}},"type":"if","locations":[{"start":{"line":231,"column":6},"end":{"line":235,"column":7}},{"start":{"line":233,"column":13},"end":{"line":235,"column":7}}],"line":231},"10":{"loc":{"start":{"line":246,"column":21},"end":{"line":246,"column":46}},"type":"binary-expr","locations":[{"start":{"line":246,"column":21},"end":{"line":246,"column":40}},{"start":{"line":246,"column":44},"end":{"line":246,"column":46}}],"line":246},"11":{"loc":{"start":{"line":248,"column":2},"end":{"line":254,"column":3}},"type":"if","locations":[{"start":{"line":248,"column":2},"end":{"line":254,"column":3}},{"start":{},"end":{}}],"line":248},"12":{"loc":{"start":{"line":261,"column":2},"end":{"line":261,"column":42}},"type":"if","locations":[{"start":{"line":261,"column":2},"end":{"line":261,"column":42}},{"start":{},"end":{}}],"line":261},"13":{"loc":{"start":{"line":262,"column":2},"end":{"line":262,"column":42}},"type":"if","locations":[{"start":{"line":262,"column":2},"end":{"line":262,"column":42}},{"start":{},"end":{}}],"line":262},"14":{"loc":{"start":{"line":265,"column":50},"end":{"line":265,"column":92}},"type":"binary-expr","locations":[{"start":{"line":265,"column":50},"end":{"line":265,"column":63}},{"start":{"line":265,"column":67},"end":{"line":265,"column":92}}],"line":265},"15":{"loc":{"start":{"line":270,"column":2},"end":{"line":276,"column":3}},"type":"if","locations":[{"start":{"line":270,"column":2},"end":{"line":276,"column":3}},{"start":{},"end":{}}],"line":270},"16":{"loc":{"start":{"line":278,"column":2},"end":{"line":280,"column":3}},"type":"if","locations":[{"start":{"line":278,"column":2},"end":{"line":280,"column":3}},{"start":{},"end":{}}],"line":278},"17":{"loc":{"start":{"line":289,"column":20},"end":{"line":289,"column":44}},"type":"binary-expr","locations":[{"start":{"line":289,"column":20},"end":{"line":289,"column":38}},{"start":{"line":289,"column":42},"end":{"line":289,"column":44}}],"line":289},"18":{"loc":{"start":{"line":291,"column":2},"end":{"line":297,"column":3}},"type":"if","locations":[{"start":{"line":291,"column":2},"end":{"line":297,"column":3}},{"start":{},"end":{}}],"line":291},"19":{"loc":{"start":{"line":303,"column":2},"end":{"line":303,"column":41}},"type":"if","locations":[{"start":{"line":303,"column":2},"end":{"line":303,"column":41}},{"start":{},"end":{}}],"line":303},"20":{"loc":{"start":{"line":306,"column":49},"end":{"line":306,"column":93}},"type":"binary-expr","locations":[{"start":{"line":306,"column":49},"end":{"line":306,"column":63}},{"start":{"line":306,"column":67},"end":{"line":306,"column":93}}],"line":306},"21":{"loc":{"start":{"line":310,"column":2},"end":{"line":312,"column":3}},"type":"if","locations":[{"start":{"line":310,"column":2},"end":{"line":312,"column":3}},{"start":{},"end":{}}],"line":310},"22":{"loc":{"start":{"line":315,"column":2},"end":{"line":321,"column":3}},"type":"if","locations":[{"start":{"line":315,"column":2},"end":{"line":321,"column":3}},{"start":{},"end":{}}],"line":315},"23":{"loc":{"start":{"line":330,"column":17},"end":{"line":330,"column":38}},"type":"binary-expr","locations":[{"start":{"line":330,"column":17},"end":{"line":330,"column":32}},{"start":{"line":330,"column":36},"end":{"line":330,"column":38}}],"line":330},"24":{"loc":{"start":{"line":332,"column":2},"end":{"line":338,"column":3}},"type":"if","locations":[{"start":{"line":332,"column":2},"end":{"line":338,"column":3}},{"start":{},"end":{}}],"line":332},"25":{"loc":{"start":{"line":344,"column":2},"end":{"line":344,"column":38}},"type":"if","locations":[{"start":{"line":344,"column":2},"end":{"line":344,"column":38}},{"start":{},"end":{}}],"line":344},"26":{"loc":{"start":{"line":345,"column":2},"end":{"line":345,"column":38}},"type":"if","locations":[{"start":{"line":345,"column":2},"end":{"line":345,"column":38}},{"start":{},"end":{}}],"line":345},"27":{"loc":{"start":{"line":346,"column":2},"end":{"line":346,"column":39}},"type":"if","locations":[{"start":{"line":346,"column":2},"end":{"line":346,"column":39}},{"start":{},"end":{}}],"line":346},"28":{"loc":{"start":{"line":353,"column":2},"end":{"line":355,"column":3}},"type":"if","locations":[{"start":{"line":353,"column":2},"end":{"line":355,"column":3}},{"start":{},"end":{}}],"line":353},"29":{"loc":{"start":{"line":357,"column":2},"end":{"line":359,"column":3}},"type":"if","locations":[{"start":{"line":357,"column":2},"end":{"line":359,"column":3}},{"start":{},"end":{}}],"line":357},"30":{"loc":{"start":{"line":370,"column":21},"end":{"line":370,"column":45}},"type":"binary-expr","locations":[{"start":{"line":370,"column":21},"end":{"line":370,"column":39}},{"start":{"line":370,"column":43},"end":{"line":370,"column":45}}],"line":370},"31":{"loc":{"start":{"line":372,"column":4},"end":{"line":378,"column":5}},"type":"if","locations":[{"start":{"line":372,"column":4},"end":{"line":378,"column":5}},{"start":{},"end":{}}],"line":372},"32":{"loc":{"start":{"line":383,"column":4},"end":{"line":383,"column":42}},"type":"if","locations":[{"start":{"line":383,"column":4},"end":{"line":383,"column":42}},{"start":{},"end":{}}],"line":383},"33":{"loc":{"start":{"line":384,"column":4},"end":{"line":384,"column":42}},"type":"if","locations":[{"start":{"line":384,"column":4},"end":{"line":384,"column":42}},{"start":{},"end":{}}],"line":384},"34":{"loc":{"start":{"line":387,"column":42},"end":{"line":387,"column":114}},"type":"binary-expr","locations":[{"start":{"line":387,"column":43},"end":{"line":387,"column":48}},{"start":{"line":387,"column":52},"end":{"line":387,"column":68}},{"start":{"line":387,"column":74},"end":{"line":387,"column":86}},{"start":{"line":387,"column":90},"end":{"line":387,"column":113}}],"line":387},"35":{"loc":{"start":{"line":390,"column":4},"end":{"line":392,"column":5}},"type":"if","locations":[{"start":{"line":390,"column":4},"end":{"line":392,"column":5}},{"start":{},"end":{}}],"line":390},"36":{"loc":{"start":{"line":406,"column":27},"end":{"line":406,"column":57}},"type":"binary-expr","locations":[{"start":{"line":406,"column":27},"end":{"line":406,"column":51}},{"start":{"line":406,"column":55},"end":{"line":406,"column":57}}],"line":406},"37":{"loc":{"start":{"line":408,"column":4},"end":{"line":414,"column":5}},"type":"if","locations":[{"start":{"line":408,"column":4},"end":{"line":414,"column":5}},{"start":{},"end":{}}],"line":408},"38":{"loc":{"start":{"line":419,"column":4},"end":{"line":419,"column":48}},"type":"if","locations":[{"start":{"line":419,"column":4},"end":{"line":419,"column":48}},{"start":{},"end":{}}],"line":419},"39":{"loc":{"start":{"line":420,"column":4},"end":{"line":420,"column":48}},"type":"if","locations":[{"start":{"line":420,"column":4},"end":{"line":420,"column":48}},{"start":{},"end":{}}],"line":420},"40":{"loc":{"start":{"line":422,"column":4},"end":{"line":424,"column":5}},"type":"if","locations":[{"start":{"line":422,"column":4},"end":{"line":424,"column":5}},{"start":{},"end":{}}],"line":422},"41":{"loc":{"start":{"line":457,"column":4},"end":{"line":459,"column":5}},"type":"if","locations":[{"start":{"line":457,"column":4},"end":{"line":459,"column":5}},{"start":{},"end":{}}],"line":457},"42":{"loc":{"start":{"line":464,"column":19},"end":{"line":464,"column":52}},"type":"binary-expr","locations":[{"start":{"line":464,"column":19},"end":{"line":464,"column":36}},{"start":{"line":464,"column":40},"end":{"line":464,"column":52}}],"line":464},"43":{"loc":{"start":{"line":465,"column":20},"end":{"line":465,"column":83}},"type":"binary-expr","locations":[{"start":{"line":465,"column":20},"end":{"line":465,"column":49}},{"start":{"line":465,"column":53},"end":{"line":465,"column":83}}],"line":465},"44":{"loc":{"start":{"line":468,"column":2},"end":{"line":472,"column":3}},"type":"if","locations":[{"start":{"line":468,"column":2},"end":{"line":472,"column":3}},{"start":{"line":470,"column":9},"end":{"line":472,"column":3}}],"line":468},"45":{"loc":{"start":{"line":470,"column":9},"end":{"line":472,"column":3}},"type":"if","locations":[{"start":{"line":470,"column":9},"end":{"line":472,"column":3}},{"start":{},"end":{}}],"line":470},"46":{"loc":{"start":{"line":492,"column":24},"end":{"line":492,"column":69}},"type":"binary-expr","locations":[{"start":{"line":492,"column":24},"end":{"line":492,"column":55}},{"start":{"line":492,"column":59},"end":{"line":492,"column":69}}],"line":492},"47":{"loc":{"start":{"line":506,"column":24},"end":{"line":506,"column":84}},"type":"cond-expr","locations":[{"start":{"line":506,"column":37},"end":{"line":506,"column":71}},{"start":{"line":506,"column":74},"end":{"line":506,"column":84}}],"line":506},"48":{"loc":{"start":{"line":518,"column":4},"end":{"line":518,"column":66}},"type":"if","locations":[{"start":{"line":518,"column":4},"end":{"line":518,"column":66}},{"start":{},"end":{}}],"line":518},"49":{"loc":{"start":{"line":518,"column":8},"end":{"line":518,"column":54}},"type":"binary-expr","locations":[{"start":{"line":518,"column":8},"end":{"line":518,"column":29}},{"start":{"line":518,"column":33},"end":{"line":518,"column":54}}],"line":518},"50":{"loc":{"start":{"line":519,"column":4},"end":{"line":519,"column":65}},"type":"if","locations":[{"start":{"line":519,"column":4},"end":{"line":519,"column":65}},{"start":{},"end":{}}],"line":519},"51":{"loc":{"start":{"line":519,"column":8},"end":{"line":519,"column":54}},"type":"binary-expr","locations":[{"start":{"line":519,"column":8},"end":{"line":519,"column":29}},{"start":{"line":519,"column":33},"end":{"line":519,"column":54}}],"line":519},"52":{"loc":{"start":{"line":528,"column":2},"end":{"line":528,"column":131}},"type":"if","locations":[{"start":{"line":528,"column":2},"end":{"line":528,"column":131}},{"start":{},"end":{}}],"line":528},"53":{"loc":{"start":{"line":529,"column":2},"end":{"line":529,"column":125}},"type":"if","locations":[{"start":{"line":529,"column":2},"end":{"line":529,"column":125}},{"start":{},"end":{}}],"line":529},"54":{"loc":{"start":{"line":530,"column":2},"end":{"line":530,"column":129}},"type":"if","locations":[{"start":{"line":530,"column":2},"end":{"line":530,"column":129}},{"start":{},"end":{}}],"line":530},"55":{"loc":{"start":{"line":531,"column":2},"end":{"line":531,"column":129}},"type":"if","locations":[{"start":{"line":531,"column":2},"end":{"line":531,"column":129}},{"start":{},"end":{}}],"line":531},"56":{"loc":{"start":{"line":559,"column":9},"end":{"line":559,"column":33}},"type":"binary-expr","locations":[{"start":{"line":559,"column":9},"end":{"line":559,"column":24}},{"start":{"line":559,"column":28},"end":{"line":559,"column":33}}],"line":559}},"s":{"0":1,"1":1,"2":1,"3":1,"4":5,"5":5,"6":5,"7":5,"8":5,"9":0,"10":5,"11":5,"12":5,"13":1,"14":5,"15":5,"16":5,"17":5,"18":5,"19":40,"20":40,"21":40,"22":8,"23":32,"24":2,"25":30,"26":5,"27":5,"28":5,"29":5,"30":5,"31":5,"32":20,"33":20,"34":20,"35":12,"36":8,"37":3,"38":5,"39":5,"40":5,"41":5,"42":3,"43":2,"44":2,"45":2,"46":1,"47":2,"48":1,"49":2,"50":4,"51":2,"52":2,"53":2,"54":1,"55":2,"56":1,"57":2,"58":5,"59":5,"60":4,"61":1,"62":1,"63":1,"64":0,"65":1,"66":1,"67":1,"68":1,"69":1,"70":1,"71":1,"72":0,"73":1,"74":5,"75":5,"76":3,"77":2,"78":2,"79":2,"80":1,"81":2,"82":1,"83":2,"84":0,"85":2,"86":13,"87":2,"88":2,"89":1,"90":2,"91":1,"92":2,"93":5,"94":5,"95":5,"96":2,"97":3,"98":3,"99":3,"100":1,"101":3,"102":1,"103":3,"104":4,"105":3,"106":3,"107":1,"108":2,"109":1,"110":5,"111":5,"112":5,"113":2,"114":2,"115":2,"116":2,"117":1,"118":2,"119":0,"120":2,"121":1,"122":2,"123":1,"124":5,"125":5,"126":5,"127":35,"128":5,"129":5,"130":40,"131":20,"132":20,"133":5,"134":5,"135":5,"136":5,"137":0,"138":5,"139":0,"140":5,"141":5,"142":5,"143":35,"144":35,"145":35,"146":15,"147":35,"148":48,"149":48,"150":5,"151":152,"152":29,"153":123,"154":6,"155":117,"156":5,"157":1,"158":4,"159":4,"160":3,"161":3,"162":2,"163":2,"164":1,"165":2,"166":2},"f":{"0":5,"1":5,"2":5,"3":5,"4":5,"5":40,"6":5,"7":20,"8":5,"9":4,"10":5,"11":1,"12":5,"13":13,"14":5,"15":4,"16":5,"17":5,"18":35,"19":40,"20":5,"21":35,"22":15,"23":48,"24":152,"25":5,"26":2},"b":{"0":[5,3],"1":[5,3],"2":[5,2],"3":[5,2],"4":[40,8],"5":[8,32],"6":[2,30],"7":[20,12],"8":[12,8],"9":[3,5],"10":[5,3],"11":[3,2],"12":[1,1],"13":[1,1],"14":[4,1],"15":[1,1],"16":[1,1],"17":[5,4],"18":[4,1],"19":[0,1],"20":[1,1],"21":[1,0],"22":[0,1],"23":[5,3],"24":[3,2],"25":[1,1],"26":[1,1],"27":[0,2],"28":[1,1],"29":[1,1],"30":[5,2],"31":[2,3],"32":[1,2],"33":[1,2],"34":[4,1,3,0],"35":[1,2],"36":[5,2],"37":[2,3],"38":[1,1],"39":[0,2],"40":[1,1],"41":[20,20],"42":[5,1],"43":[5,0],"44":[0,5],"45":[0,5],"46":[35,0],"47":[7,41],"48":[29,123],"49":[152,47],"50":[6,117],"51":[123,105],"52":[1,4],"53":[1,3],"54":[1,2],"55":[1,1],"56":[2,1]},"meta":{"lastBranch":57,"lastFunction":27,"lastStatement":167,"seen":{"s:7:35:14:1":0,"s:17:24:25:1":1,"s:28:28:92:1":2,"s:95:22:170:1":3,"f:129:11:129:12":0,"s:129:21:129:56":4,"b:129:22:129:45:129:49:129:50":0,"f:137:11:137:12":1,"s:137:21:137:53":5,"b:137:22:137:41:137:45:137:46":1,"f:145:11:145:12":2,"s:146:6:151:7":6,"s:147:25:147:45":7,"b:147:25:147:39:147:43:147:45":2,"s:148:8:148:36":8,"s:150:8:150:21":9,"f:160:11:160:12":3,"s:161:6:166:7":10,"s:162:22:162:48":11,"b:162:22:162:42:162:46:162:48":3,"s:163:8:163:33":12,"s:165:8:165:21":13,"f:175:9:175:32":4,"s:176:17:185:3":14,"s:187:14:187:15":15,"s:188:18:188:20":16,"s:189:19:189:21":17,"s:191:2:204:5":18,"f:191:17:191:22":5,"s:192:18:192:37":19,"s:193:21:193:64":20,"b:193:21:193:26:193:30:193:64":4,"b:195:4:203:5:197:11:203:5":5,"s:195:4:203:5":21,"s:196:6:196:28":22,"b:198:6:202:7:200:13:202:7":6,"s:198:6:202:7":23,"s:199:8:199:65":24,"s:201:8:201:66":25,"s:206:2:206:38":26,"f:212:9:212:39":6,"s:213:17:218:3":27,"s:220:14:220:15":28,"s:221:18:221:20":29,"s:222:19:222:21":30,"s:224:2:237:5":31,"f:224:17:224:22":7,"s:225:18:225:37":32,"s:226:21:226:64":33,"b:226:21:226:26:226:30:226:64":7,"b:228:4:236:5:230:11:236:5":8,"s:228:4:236:5":34,"s:229:6:229:28":35,"b:231:6:235:7:233:13:235:7":9,"s:231:6:235:7":36,"s:232:8:232:65":37,"s:234:8:234:66":38,"s:239:2:239:38":39,"f:245:9:245:33":8,"s:246:21:246:46":40,"b:246:21:246:40:246:44:246:46":10,"b:248:2:254:3:undefined:undefined:undefined:undefined":11,"s:248:2:254:3":41,"s:249:4:253:6":42,"s:257:14:257:16":43,"s:258:19:258:21":44,"b:261:2:261:42:undefined:undefined:undefined:undefined":12,"s:261:2:261:42":45,"s:261:30:261:42":46,"b:262:2:262:42:undefined:undefined:undefined:undefined":13,"s:262:2:262:42":47,"s:262:30:262:42":48,"s:265:27:265:93":49,"f:265:45:265:46":9,"s:265:50:265:92":50,"b:265:50:265:63:265:67:265:92":14,"s:266:2:266:76":51,"s:269:30:269:73":52,"b:270:2:276:3:undefined:undefined:undefined:undefined":15,"s:270:2:276:3":53,"s:271:4:275:7":54,"b:278:2:280:3:undefined:undefined:undefined:undefined":16,"s:278:2:280:3":55,"s:279:4:279:104":56,"s:282:2:282:64":57,"f:288:9:288:32":10,"s:289:20:289:44":58,"b:289:20:289:38:289:42:289:44":17,"b:291:2:297:3:undefined:undefined:undefined:undefined":18,"s:291:2:297:3":59,"s:292:4:296:6":60,"s:299:14:299:16":61,"s:300:19:300:21":62,"b:303:2:303:41:undefined:undefined:undefined:undefined":19,"s:303:2:303:41":63,"s:303:29:303:41":64,"s:306:27:306:94":65,"f:306:44:306:45":11,"s:306:49:306:93":66,"b:306:49:306:63:306:67:306:93":20,"s:307:2:307:75":67,"b:310:2:312:3:undefined:undefined:undefined:undefined":21,"s:310:2:312:3":68,"s:311:4:311:102":69,"s:314:30:314:72":70,"b:315:2:321:3:undefined:undefined:undefined:undefined":22,"s:315:2:321:3":71,"s:316:4:320:7":72,"s:323:2:323:64":73,"f:329:9:329:29":12,"s:330:17:330:38":74,"b:330:17:330:32:330:36:330:38":23,"b:332:2:338:3:undefined:undefined:undefined:undefined":24,"s:332:2:338:3":75,"s:333:4:337:6":76,"s:340:14:340:16":77,"s:341:19:341:21":78,"b:344:2:344:38:undefined:undefined:undefined:undefined":25,"s:344:2:344:38":79,"s:344:26:344:38":80,"b:345:2:345:38:undefined:undefined:undefined:undefined":26,"s:345:2:345:38":81,"s:345:26:345:38":82,"b:346:2:346:39:undefined:undefined:undefined:undefined":27,"s:346:2:346:39":83,"s:346:27:346:39":84,"s:349:21:349:57":85,"f:349:40:349:41":13,"s:349:45:349:55":86,"s:350:2:350:45":87,"b:353:2:355:3:undefined:undefined:undefined:undefined":28,"s:353:2:355:3":88,"s:354:4:354:77":89,"b:357:2:359:3:undefined:undefined:undefined:undefined":29,"s:357:2:359:3":90,"s:358:4:358:89":91,"s:361:2:361:64":92,"f:367:9:367:31":14,"s:368:2:397:3":93,"s:370:21:370:45":94,"b:370:21:370:39:370:43:370:45":30,"b:372:4:378:5:undefined:undefined:undefined:undefined":31,"s:372:4:378:5":95,"s:373:6:377:8":96,"s:380:16:380:18":97,"s:381:21:381:23":98,"b:383:4:383:42:undefined:undefined:undefined:undefined":32,"s:383:4:383:42":99,"s:383:30:383:42":100,"b:384:4:384:42:undefined:undefined:undefined:undefined":33,"s:384:4:384:42":101,"s:384:30:384:42":102,"s:387:21:387:115":103,"f:387:37:387:38":15,"s:387:42:387:114":104,"b:387:43:387:48:387:52:387:68:387:74:387:86:387:90:387:113":34,"s:388:4:388:68":105,"b:390:4:392:5:undefined:undefined:undefined:undefined":35,"s:390:4:392:5":106,"s:391:6:391:94":107,"s:394:4:394:66":108,"s:396:4:396:85":109,"f:403:9:403:37":16,"s:404:2:429:3":110,"s:406:27:406:57":111,"b:406:27:406:51:406:55:406:57":36,"b:408:4:414:5:undefined:undefined:undefined:undefined":37,"s:408:4:414:5":112,"s:409:6:413:8":113,"s:416:16:416:18":114,"s:417:21:417:23":115,"b:419:4:419:48:undefined:undefined:undefined:undefined":38,"s:419:4:419:48":116,"s:419:36:419:48":117,"b:420:4:420:48:undefined:undefined:undefined:undefined":39,"s:420:4:420:48":118,"s:420:36:420:48":119,"b:422:4:424:5:undefined:undefined:undefined:undefined":40,"s:422:4:424:5":120,"s:423:6:423:106":121,"s:426:4:426:66":122,"s:428:4:428:91":123,"f:435:16:435:44":17,"s:436:19:444:3":124,"s:447:21:447:22":125,"s:448:2:450:5":126,"f:448:32:448:35":18,"s:449:4:449:71":127,"s:453:22:453:51":128,"s:456:23:461:4":129,"f:456:37:456:42":19,"b:457:4:459:5:undefined:undefined:undefined:undefined":41,"s:457:4:459:5":130,"s:458:6:458:35":131,"s:460:4:460:43":132,"s:464:19:464:52":133,"b:464:19:464:36:464:40:464:52":42,"s:465:20:465:83":134,"b:465:20:465:49:465:53:465:83":43,"s:467:27:467:42":135,"b:468:2:472:3:470:9:472:3":44,"s:468:2:472:3":136,"s:469:4:469:37":137,"b:470:9:472:3:undefined:undefined:undefined:undefined":45,"s:470:9:472:3":138,"s:471:4:471:41":139,"s:474:2:481:4":140,"f:487:9:487:28":20,"s:488:22:488:24":141,"s:490:2:514:5":142,"f:490:32:490:42":21,"s:491:20:491:40":143,"s:492:24:492:69":144,"b:492:24:492:55:492:59:492:69":46,"s:495:4:502:7":145,"f:495:28:495:32":22,"s:496:6:501:9":146,"s:505:4:513:7":147,"f:505:29:505:33":23,"s:506:24:506:84":148,"b:506:37:506:71:506:74:506:84":47,"s:507:6:512:9":149,"s:517:2:521:5":150,"f:517:26:517:27":24,"b:518:4:518:66:undefined:undefined:undefined:undefined":48,"s:518:4:518:66":151,"b:518:8:518:29:518:33:518:54":49,"s:518:56:518:66":152,"b:519:4:519:65:undefined:undefined:undefined:undefined":50,"s:519:4:519:65":153,"b:519:8:519:29:519:33:519:54":51,"s:519:56:519:65":154,"s:520:4:520:31":155,"f:527:16:527:34":25,"b:528:2:528:131:undefined:undefined:undefined:undefined":52,"s:528:2:528:131":156,"s:528:19:528:131":157,"b:529:2:529:125:undefined:undefined:undefined:undefined":53,"s:529:2:529:125":158,"s:529:19:529:125":159,"b:530:2:530:129:undefined:undefined:undefined:undefined":54,"s:530:2:530:129":160,"s:530:19:530:129":161,"b:531:2:531:129:undefined:undefined:undefined:undefined":55,"s:531:2:531:129":162,"s:531:19:531:129":163,"s:532:2:532:109":164,"f:538:16:538:31":26,"s:539:19:557:3":165,"s:559:2:559:34":166,"b:559:9:559:24:559:28:559:33":56}}}
}
