{"C:\\Users\\samee\\OneDrive\\Documents\\NJIT\\CS490\\CS490-HotSho-project\\frontend\\src\\api\\axios.js": {"path":"C:\\Users\\samee\\OneDrive\\Documents\\NJIT\\CS490\\CS490-HotSho-project\\frontend\\src\\api\\axios.js","statementMap":{"0":{"start":{"line":4,"column":12},"end":{"line":7,"column":2}},"1":{"start":{"line":11,"column":28},"end":{"line":17,"column":1}},"2":{"start":{"line":12,"column":4},"end":{"line":16,"column":5}},"3":{"start":{"line":13,"column":8},"end":{"line":13,"column":73}},"4":{"start":{"line":15,"column":8},"end":{"line":15,"column":60}},"5":{"start":{"line":20,"column":0},"end":{"line":76,"column":2}},"6":{"start":{"line":23,"column":8},"end":{"line":23,"column":24}},"7":{"start":{"line":27,"column":28},"end":{"line":34,"column":9}},"8":{"start":{"line":36,"column":8},"end":{"line":69,"column":9}},"9":{"start":{"line":38,"column":37},"end":{"line":38,"column":51}},"10":{"start":{"line":40,"column":12},"end":{"line":40,"column":44}},"11":{"start":{"line":41,"column":12},"end":{"line":41,"column":92}},"12":{"start":{"line":42,"column":12},"end":{"line":42,"column":60}},"13":{"start":{"line":43,"column":12},"end":{"line":43,"column":52}},"14":{"start":{"line":46,"column":12},"end":{"line":46,"column":85}},"15":{"start":{"line":49,"column":12},"end":{"line":57,"column":13}},"16":{"start":{"line":50,"column":16},"end":{"line":50,"column":52}},"17":{"start":{"line":52,"column":16},"end":{"line":52,"column":116}},"18":{"start":{"line":56,"column":16},"end":{"line":56,"column":86}},"19":{"start":{"line":59,"column":15},"end":{"line":69,"column":9}},"20":{"start":{"line":61,"column":12},"end":{"line":61,"column":46}},"21":{"start":{"line":62,"column":12},"end":{"line":62,"column":40}},"22":{"start":{"line":63,"column":12},"end":{"line":63,"column":90}},"23":{"start":{"line":64,"column":12},"end":{"line":64,"column":41}},"24":{"start":{"line":68,"column":12},"end":{"line":68,"column":76}},"25":{"start":{"line":72,"column":8},"end":{"line":72,"column":40}},"26":{"start":{"line":74,"column":8},"end":{"line":74,"column":37}},"27":{"start":{"line":79,"column":0},"end":{"line":88,"column":2}},"28":{"start":{"line":82,"column":8},"end":{"line":82,"column":68}},"29":{"start":{"line":83,"column":8},"end":{"line":83,"column":22}},"30":{"start":{"line":86,"column":8},"end":{"line":86,"column":37}},"31":{"start":{"line":96,"column":28},"end":{"line":117,"column":1}},"32":{"start":{"line":99,"column":4},"end":{"line":114,"column":5}},"33":{"start":{"line":99,"column":17},"end":{"line":99,"column":18}},"34":{"start":{"line":100,"column":8},"end":{"line":113,"column":9}},"35":{"start":{"line":101,"column":12},"end":{"line":101,"column":37}},"36":{"start":{"line":103,"column":12},"end":{"line":103,"column":30}},"37":{"start":{"line":106,"column":12},"end":{"line":108,"column":13}},"38":{"start":{"line":107,"column":16},"end":{"line":107,"column":28}},"39":{"start":{"line":111,"column":26},"end":{"line":111,"column":47}},"40":{"start":{"line":112,"column":12},"end":{"line":112,"column":69}},"41":{"start":{"line":112,"column":41},"end":{"line":112,"column":67}},"42":{"start":{"line":116,"column":4},"end":{"line":116,"column":20}},"43":{"start":{"line":124,"column":31},"end":{"line":126,"column":1}},"44":{"start":{"line":125,"column":4},"end":{"line":125,"column":89}},"45":{"start":{"line":133,"column":35},"end":{"line":135,"column":1}},"46":{"start":{"line":134,"column":4},"end":{"line":134,"column":43}},"47":{"start":{"line":143,"column":27},"end":{"line":145,"column":1}},"48":{"start":{"line":144,"column":4},"end":{"line":144,"column":54}}},"fnMap":{"0":{"name":"(anonymous_0)","decl":{"start":{"line":11,"column":28},"end":{"line":11,"column":29}},"loc":{"start":{"line":11,"column":39},"end":{"line":17,"column":1}},"line":11},"1":{"name":"(anonymous_1)","decl":{"start":{"line":21,"column":4},"end":{"line":21,"column":5}},"loc":{"start":{"line":21,"column":18},"end":{"line":24,"column":5}},"line":21},"2":{"name":"(anonymous_2)","decl":{"start":{"line":25,"column":4},"end":{"line":25,"column":9}},"loc":{"start":{"line":25,"column":21},"end":{"line":75,"column":5}},"line":25},"3":{"name":"(anonymous_3)","decl":{"start":{"line":80,"column":4},"end":{"line":80,"column":5}},"loc":{"start":{"line":80,"column":16},"end":{"line":84,"column":5}},"line":80},"4":{"name":"(anonymous_4)","decl":{"start":{"line":85,"column":4},"end":{"line":85,"column":5}},"loc":{"start":{"line":85,"column":15},"end":{"line":87,"column":5}},"line":85},"5":{"name":"(anonymous_5)","decl":{"start":{"line":96,"column":28},"end":{"line":96,"column":33}},"loc":{"start":{"line":96,"column":65},"end":{"line":117,"column":1}},"line":96},"6":{"name":"(anonymous_6)","decl":{"start":{"line":112,"column":30},"end":{"line":112,"column":37}},"loc":{"start":{"line":112,"column":41},"end":{"line":112,"column":67}},"line":112},"7":{"name":"(anonymous_7)","decl":{"start":{"line":124,"column":31},"end":{"line":124,"column":32}},"loc":{"start":{"line":124,"column":42},"end":{"line":126,"column":1}},"line":124},"8":{"name":"(anonymous_8)","decl":{"start":{"line":133,"column":35},"end":{"line":133,"column":36}},"loc":{"start":{"line":133,"column":46},"end":{"line":135,"column":1}},"line":133},"9":{"name":"(anonymous_9)","decl":{"start":{"line":143,"column":27},"end":{"line":143,"column":28}},"loc":{"start":{"line":143,"column":49},"end":{"line":145,"column":1}},"line":143}},"branchMap":{"0":{"loc":{"start":{"line":5,"column":13},"end":{"line":5,"column":73}},"type":"binary-expr","locations":[{"start":{"line":5,"column":13},"end":{"line":5,"column":46}},{"start":{"line":5,"column":50},"end":{"line":5,"column":73}}],"line":5},"1":{"loc":{"start":{"line":12,"column":4},"end":{"line":16,"column":5}},"type":"if","locations":[{"start":{"line":12,"column":4},"end":{"line":16,"column":5}},{"start":{"line":14,"column":11},"end":{"line":16,"column":5}}],"line":12},"2":{"loc":{"start":{"line":36,"column":8},"end":{"line":69,"column":9}},"type":"if","locations":[{"start":{"line":36,"column":8},"end":{"line":69,"column":9}},{"start":{"line":59,"column":15},"end":{"line":69,"column":9}}],"line":36},"3":{"loc":{"start":{"line":41,"column":34},"end":{"line":41,"column":91}},"type":"binary-expr","locations":[{"start":{"line":41,"column":34},"end":{"line":41,"column":47}},{"start":{"line":41,"column":51},"end":{"line":41,"column":64}},{"start":{"line":41,"column":68},"end":{"line":41,"column":91}}],"line":41},"4":{"loc":{"start":{"line":42,"column":36},"end":{"line":42,"column":59}},"type":"binary-expr","locations":[{"start":{"line":42,"column":36},"end":{"line":42,"column":51}},{"start":{"line":42,"column":55},"end":{"line":42,"column":59}}],"line":42},"5":{"loc":{"start":{"line":43,"column":33},"end":{"line":43,"column":51}},"type":"binary-expr","locations":[{"start":{"line":43,"column":33},"end":{"line":43,"column":45}},{"start":{"line":43,"column":49},"end":{"line":43,"column":51}}],"line":43},"6":{"loc":{"start":{"line":46,"column":35},"end":{"line":46,"column":84}},"type":"binary-expr","locations":[{"start":{"line":46,"column":35},"end":{"line":46,"column":48}},{"start":{"line":46,"column":52},"end":{"line":46,"column":66}},{"start":{"line":46,"column":70},"end":{"line":46,"column":84}}],"line":46},"7":{"loc":{"start":{"line":49,"column":12},"end":{"line":57,"column":13}},"type":"if","locations":[{"start":{"line":49,"column":12},"end":{"line":57,"column":13}},{"start":{},"end":{}}],"line":49},"8":{"loc":{"start":{"line":49,"column":16},"end":{"line":49,"column":69}},"type":"binary-expr","locations":[{"start":{"line":49,"column":16},"end":{"line":49,"column":30}},{"start":{"line":49,"column":34},"end":{"line":49,"column":69}}],"line":49},"9":{"loc":{"start":{"line":52,"column":56},"end":{"line":52,"column":114}},"type":"binary-expr","locations":[{"start":{"line":52,"column":56},"end":{"line":52,"column":68}},{"start":{"line":52,"column":72},"end":{"line":52,"column":114}}],"line":52},"10":{"loc":{"start":{"line":59,"column":15},"end":{"line":69,"column":9}},"type":"if","locations":[{"start":{"line":59,"column":15},"end":{"line":69,"column":9}},{"start":{"line":66,"column":15},"end":{"line":69,"column":9}}],"line":59},"11":{"loc":{"start":{"line":68,"column":34},"end":{"line":68,"column":75}},"type":"binary-expr","locations":[{"start":{"line":68,"column":34},"end":{"line":68,"column":47}},{"start":{"line":68,"column":51},"end":{"line":68,"column":75}}],"line":68},"12":{"loc":{"start":{"line":96,"column":46},"end":{"line":96,"column":60}},"type":"default-arg","locations":[{"start":{"line":96,"column":59},"end":{"line":96,"column":60}}],"line":96},"13":{"loc":{"start":{"line":106,"column":12},"end":{"line":108,"column":13}},"type":"if","locations":[{"start":{"line":106,"column":12},"end":{"line":108,"column":13}},{"start":{},"end":{}}],"line":106},"14":{"loc":{"start":{"line":106,"column":16},"end":{"line":106,"column":68}},"type":"binary-expr","locations":[{"start":{"line":106,"column":16},"end":{"line":106,"column":44}},{"start":{"line":106,"column":48},"end":{"line":106,"column":68}}],"line":106},"15":{"loc":{"start":{"line":125,"column":11},"end":{"line":125,"column":88}},"type":"binary-expr","locations":[{"start":{"line":125,"column":11},"end":{"line":125,"column":37}},{"start":{"line":125,"column":41},"end":{"line":125,"column":54}},{"start":{"line":125,"column":58},"end":{"line":125,"column":88}}],"line":125},"16":{"loc":{"start":{"line":134,"column":11},"end":{"line":134,"column":42}},"type":"binary-expr","locations":[{"start":{"line":134,"column":11},"end":{"line":134,"column":36}},{"start":{"line":134,"column":40},"end":{"line":134,"column":42}}],"line":134}},"s":{"0":2,"1":2,"2":3,"3":2,"4":1,"5":2,"6":0,"7":1,"8":1,"9":0,"10":0,"11":0,"12":0,"13":0,"14":0,"15":0,"16":0,"17":0,"18":0,"19":1,"20":1,"21":1,"22":1,"23":1,"24":0,"25":1,"26":1,"27":2,"28":1,"29":1,"30":0,"31":2,"32":2,"33":2,"34":3,"35":3,"36":2,"37":2,"38":1,"39":1,"40":1,"41":1,"42":1,"43":2,"44":2,"45":2,"46":2,"47":2,"48":2},"f":{"0":3,"1":0,"2":1,"3":1,"4":0,"5":2,"6":1,"7":2,"8":2,"9":2},"b":{"0":[2,2],"1":[2,1],"2":[0,1],"3":[0,0,0],"4":[0,0],"5":[0,0],"6":[0,0,0],"7":[0,0],"8":[0,0],"9":[0,0],"10":[1,0],"11":[0,0],"12":[2],"13":[1,1],"14":[2,1],"15":[2,1,0],"16":[2,1]},"meta":{"lastBranch":17,"lastFunction":10,"lastStatement":49,"seen":{"s:4:12:7:2":0,"b:5:13:5:46:5:50:5:73":0,"s:11:28:17:1":1,"f:11:28:11:29":0,"b:12:4:16:5:14:11:16:5":1,"s:12:4:16:5":2,"s:13:8:13:73":3,"s:15:8:15:60":4,"s:20:0:76:2":5,"f:21:4:21:5":1,"s:23:8:23:24":6,"f:25:4:25:9":2,"s:27:28:34:9":7,"b:36:8:69:9:59:15:69:9":2,"s:36:8:69:9":8,"s:38:37:38:51":9,"s:40:12:40:44":10,"s:41:12:41:92":11,"b:41:34:41:47:41:51:41:64:41:68:41:91":3,"s:42:12:42:60":12,"b:42:36:42:51:42:55:42:59":4,"s:43:12:43:52":13,"b:43:33:43:45:43:49:43:51":5,"s:46:12:46:85":14,"b:46:35:46:48:46:52:46:66:46:70:46:84":6,"b:49:12:57:13:undefined:undefined:undefined:undefined":7,"s:49:12:57:13":15,"b:49:16:49:30:49:34:49:69":8,"s:50:16:50:52":16,"s:52:16:52:116":17,"b:52:56:52:68:52:72:52:114":9,"s:56:16:56:86":18,"b:59:15:69:9:66:15:69:9":10,"s:59:15:69:9":19,"s:61:12:61:46":20,"s:62:12:62:40":21,"s:63:12:63:90":22,"s:64:12:64:41":23,"s:68:12:68:76":24,"b:68:34:68:47:68:51:68:75":11,"s:72:8:72:40":25,"s:74:8:74:37":26,"s:79:0:88:2":27,"f:80:4:80:5":3,"s:82:8:82:68":28,"s:83:8:83:22":29,"f:85:4:85:5":4,"s:86:8:86:37":30,"s:96:28:117:1":31,"f:96:28:96:33":5,"b:96:59:96:60":12,"s:99:4:114:5":32,"s:99:17:99:18":33,"s:100:8:113:9":34,"s:101:12:101:37":35,"s:103:12:103:30":36,"b:106:12:108:13:undefined:undefined:undefined:undefined":13,"s:106:12:108:13":37,"b:106:16:106:44:106:48:106:68":14,"s:107:16:107:28":38,"s:111:26:111:47":39,"s:112:12:112:69":40,"f:112:30:112:37":6,"s:112:41:112:67":41,"s:116:4:116:20":42,"s:124:31:126:1":43,"f:124:31:124:32":7,"s:125:4:125:89":44,"b:125:11:125:37:125:41:125:54:125:58:125:88":15,"s:133:35:135:1":45,"f:133:35:133:36":8,"s:134:4:134:43":46,"b:134:11:134:36:134:40:134:42":16,"s:143:27:145:1":47,"f:143:27:143:28":9,"s:144:4:144:54":48}}}
,"C:\\Users\\samee\\OneDrive\\Documents\\NJIT\\CS490\\CS490-HotSho-project\\frontend\\src\\components\\Button.jsx": {"path":"C:\\Users\\samee\\OneDrive\\Documents\\NJIT\\CS490\\CS490-HotSho-project\\frontend\\src\\components\\Button.jsx","statementMap":{"0":{"start":{"line":16,"column":18},"end":{"line":20,"column":null}},"1":{"start":{"line":22,"column":17},"end":{"line":22,"column":null}},"2":{"start":{"line":23,"column":19},"end":{"line":30,"column":null}},"3":{"start":{"line":32,"column":4},"end":{"line":50,"column":null}}},"fnMap":{"0":{"name":"Button","decl":{"start":{"line":7,"column":24},"end":{"line":7,"column":31}},"loc":{"start":{"line":15,"column":3},"end":{"line":52,"column":null}},"line":15}},"branchMap":{"0":{"loc":{"start":{"line":9,"column":4},"end":{"line":9,"column":null}},"type":"default-arg","locations":[{"start":{"line":9,"column":14},"end":{"line":9,"column":null}}],"line":9},"1":{"loc":{"start":{"line":10,"column":4},"end":{"line":10,"column":null}},"type":"default-arg","locations":[{"start":{"line":10,"column":11},"end":{"line":10,"column":null}}],"line":10},"2":{"loc":{"start":{"line":11,"column":4},"end":{"line":11,"column":null}},"type":"default-arg","locations":[{"start":{"line":11,"column":16},"end":{"line":11,"column":null}}],"line":11},"3":{"loc":{"start":{"line":12,"column":4},"end":{"line":12,"column":null}},"type":"default-arg","locations":[{"start":{"line":12,"column":15},"end":{"line":12,"column":null}}],"line":12},"4":{"loc":{"start":{"line":13,"column":4},"end":{"line":13,"column":null}},"type":"default-arg","locations":[{"start":{"line":13,"column":16},"end":{"line":13,"column":null}}],"line":13},"5":{"loc":{"start":{"line":38,"column":16},"end":{"line":38,"column":null}},"type":"binary-expr","locations":[{"start":{"line":38,"column":16},"end":{"line":38,"column":29}},{"start":{"line":38,"column":29},"end":{"line":38,"column":null}}],"line":38},"6":{"loc":{"start":{"line":41,"column":22},"end":{"line":41,"column":null}},"type":"binary-expr","locations":[{"start":{"line":41,"column":22},"end":{"line":41,"column":34}},{"start":{"line":41,"column":34},"end":{"line":41,"column":null}}],"line":41},"7":{"loc":{"start":{"line":45,"column":13},"end":{"line":48,"column":null}},"type":"binary-expr","locations":[{"start":{"line":45,"column":13},"end":{"line":45,"column":null}},{"start":{"line":46,"column":16},"end":{"line":48,"column":null}}],"line":45},"8":{"loc":{"start":{"line":47,"column":42},"end":{"line":47,"column":100}},"type":"cond-expr","locations":[{"start":{"line":47,"column":61},"end":{"line":47,"column":68}},{"start":{"line":47,"column":68},"end":{"line":47,"column":100}}],"line":47},"9":{"loc":{"start":{"line":47,"column":68},"end":{"line":47,"column":100}},"type":"cond-expr","locations":[{"start":{"line":47,"column":87},"end":{"line":47,"column":94}},{"start":{"line":47,"column":94},"end":{"line":47,"column":100}}],"line":47}},"s":{"0":1,"1":1,"2":1,"3":1},"f":{"0":1},"b":{"0":[1],"1":[1],"2":[1],"3":[1],"4":[1],"5":[1,0],"6":[1,1],"7":[1,0],"8":[0,0],"9":[0,0]},"meta":{"lastBranch":10,"lastFunction":1,"lastStatement":4,"seen":{"f:7:24:7:31":0,"b:9:14:9:Infinity":0,"b:10:11:10:Infinity":1,"b:11:16:11:Infinity":2,"b:12:15:12:Infinity":3,"b:13:16:13:Infinity":4,"s:16:18:20:Infinity":0,"s:22:17:22:Infinity":1,"s:23:19:30:Infinity":2,"s:32:4:50:Infinity":3,"b:38:16:38:29:38:29:38:Infinity":5,"b:41:22:41:34:41:34:41:Infinity":6,"b:45:13:45:Infinity:46:16:48:Infinity":7,"b:47:61:47:68:47:68:47:100":8,"b:47:87:47:94:47:94:47:100":9}}}
,"C:\\Users\\samee\\OneDrive\\Documents\\NJIT\\CS490\\CS490-HotSho-project\\frontend\\src\\components\\ErrorMessage.jsx": {"path":"C:\\Users\\samee\\OneDrive\\Documents\\NJIT\\CS490\\CS490-HotSho-project\\frontend\\src\\components\\ErrorMessage.jsx","statementMap":{"0":{"start":{"line":13,"column":2},"end":{"line":13,"column":null}},"1":{"start":{"line":13,"column":14},"end":{"line":13,"column":null}},"2":{"start":{"line":15,"column":25},"end":{"line":15,"column":null}},"3":{"start":{"line":16,"column":19},"end":{"line":16,"column":null}},"4":{"start":{"line":17,"column":18},"end":{"line":17,"column":null}},"5":{"start":{"line":18,"column":22},"end":{"line":18,"column":null}},"6":{"start":{"line":20,"column":2},"end":{"line":96,"column":null}},"7":{"start":{"line":47,"column":18},"end":{"line":50,"column":null}},"8":{"start":{"line":100,"column":0},"end":{"line":105,"column":null}},"9":{"start":{"line":111,"column":2},"end":{"line":111,"column":null}},"10":{"start":{"line":111,"column":35},"end":{"line":111,"column":null}},"11":{"start":{"line":113,"column":21},"end":{"line":115,"column":null}},"12":{"start":{"line":114,"column":13},"end":{"line":114,"column":null}},"13":{"start":{"line":117,"column":2},"end":{"line":117,"column":null}},"14":{"start":{"line":117,"column":19},"end":{"line":117,"column":null}},"15":{"start":{"line":119,"column":2},"end":{"line":122,"column":null}},"16":{"start":{"line":126,"column":0},"end":{"line":129,"column":null}}},"fnMap":{"0":{"name":"ErrorMessage","decl":{"start":{"line":7,"column":24},"end":{"line":7,"column":37}},"loc":{"start":{"line":12,"column":3},"end":{"line":98,"column":null}},"line":12},"1":{"name":"(anonymous_1)","decl":{"start":{"line":46,"column":33},"end":{"line":46,"column":34}},"loc":{"start":{"line":47,"column":18},"end":{"line":50,"column":null}},"line":47},"2":{"name":"FieldError","decl":{"start":{"line":110,"column":16},"end":{"line":110,"column":27}},"loc":{"start":{"line":110,"column":49},"end":{"line":124,"column":null}},"line":110},"3":{"name":"(anonymous_3)","decl":{"start":{"line":114,"column":4},"end":{"line":114,"column":5}},"loc":{"start":{"line":114,"column":13},"end":{"line":114,"column":null}},"line":114}},"branchMap":{"0":{"loc":{"start":{"line":11,"column":2},"end":{"line":11,"column":null}},"type":"default-arg","locations":[{"start":{"line":11,"column":14},"end":{"line":11,"column":null}}],"line":11},"1":{"loc":{"start":{"line":13,"column":2},"end":{"line":13,"column":null}},"type":"if","locations":[{"start":{"line":13,"column":2},"end":{"line":13,"column":null}},{"start":{},"end":{}}],"line":13},"2":{"loc":{"start":{"line":15,"column":25},"end":{"line":15,"column":null}},"type":"binary-expr","locations":[{"start":{"line":15,"column":25},"end":{"line":15,"column":62}},{"start":{"line":15,"column":62},"end":{"line":15,"column":null}}],"line":15},"3":{"loc":{"start":{"line":16,"column":19},"end":{"line":16,"column":null}},"type":"binary-expr","locations":[{"start":{"line":16,"column":19},"end":{"line":16,"column":50}},{"start":{"line":16,"column":50},"end":{"line":16,"column":null}}],"line":16},"4":{"loc":{"start":{"line":17,"column":18},"end":{"line":17,"column":null}},"type":"binary-expr","locations":[{"start":{"line":17,"column":18},"end":{"line":17,"column":48}},{"start":{"line":17,"column":48},"end":{"line":17,"column":65}},{"start":{"line":17,"column":65},"end":{"line":17,"column":null}}],"line":17},"5":{"loc":{"start":{"line":18,"column":22},"end":{"line":18,"column":null}},"type":"binary-expr","locations":[{"start":{"line":18,"column":22},"end":{"line":18,"column":51}},{"start":{"line":18,"column":51},"end":{"line":18,"column":null}}],"line":18},"6":{"loc":{"start":{"line":38,"column":13},"end":{"line":38,"column":null}},"type":"cond-expr","locations":[{"start":{"line":38,"column":30},"end":{"line":38,"column":48}},{"start":{"line":38,"column":48},"end":{"line":38,"column":null}}],"line":38},"7":{"loc":{"start":{"line":44,"column":13},"end":{"line":52,"column":null}},"type":"binary-expr","locations":[{"start":{"line":44,"column":13},"end":{"line":44,"column":null}},{"start":{"line":45,"column":14},"end":{"line":52,"column":null}}],"line":44},"8":{"loc":{"start":{"line":58,"column":13},"end":{"line":64,"column":null}},"type":"binary-expr","locations":[{"start":{"line":58,"column":13},"end":{"line":58,"column":25}},{"start":{"line":58,"column":25},"end":{"line":58,"column":null}},{"start":{"line":59,"column":14},"end":{"line":64,"column":null}}],"line":58},"9":{"loc":{"start":{"line":66,"column":13},"end":{"line":72,"column":null}},"type":"binary-expr","locations":[{"start":{"line":66,"column":13},"end":{"line":66,"column":null}},{"start":{"line":67,"column":14},"end":{"line":72,"column":null}}],"line":66},"10":{"loc":{"start":{"line":78,"column":9},"end":{"line":93,"column":null}},"type":"binary-expr","locations":[{"start":{"line":78,"column":9},"end":{"line":78,"column":null}},{"start":{"line":79,"column":10},"end":{"line":93,"column":null}}],"line":78},"11":{"loc":{"start":{"line":111,"column":2},"end":{"line":111,"column":null}},"type":"if","locations":[{"start":{"line":111,"column":2},"end":{"line":111,"column":null}},{"start":{},"end":{}}],"line":111},"12":{"loc":{"start":{"line":117,"column":2},"end":{"line":117,"column":null}},"type":"if","locations":[{"start":{"line":117,"column":2},"end":{"line":117,"column":null}},{"start":{},"end":{}}],"line":117}},"s":{"0":4,"1":0,"2":4,"3":4,"4":4,"5":4,"6":4,"7":0,"8":3,"9":0,"10":0,"11":0,"12":0,"13":0,"14":0,"15":0,"16":3},"f":{"0":4,"1":0,"2":0,"3":0},"b":{"0":[4],"1":[0,4],"2":[4,4],"3":[4,4],"4":[4,0,0],"5":[4,4],"6":[0,4],"7":[4,0],"8":[4,0,0],"9":[4,3],"10":[4,3],"11":[0,0],"12":[0,0]},"meta":{"lastBranch":13,"lastFunction":4,"lastStatement":17,"seen":{"f:7:24:7:37":0,"b:11:14:11:Infinity":0,"b:13:2:13:Infinity:undefined:undefined:undefined:undefined":1,"s:13:2:13:Infinity":0,"s:13:14:13:Infinity":1,"s:15:25:15:Infinity":2,"b:15:25:15:62:15:62:15:Infinity":2,"s:16:19:16:Infinity":3,"b:16:19:16:50:16:50:16:Infinity":3,"s:17:18:17:Infinity":4,"b:17:18:17:48:17:48:17:65:17:65:17:Infinity":4,"s:18:22:18:Infinity":5,"b:18:22:18:51:18:51:18:Infinity":5,"s:20:2:96:Infinity":6,"b:38:30:38:48:38:48:38:Infinity":6,"b:44:13:44:Infinity:45:14:52:Infinity":7,"f:46:33:46:34":1,"s:47:18:50:Infinity":7,"b:58:13:58:25:58:25:58:Infinity:59:14:64:Infinity":8,"b:66:13:66:Infinity:67:14:72:Infinity":9,"b:78:9:78:Infinity:79:10:93:Infinity":10,"s:100:0:105:Infinity":8,"f:110:16:110:27":2,"b:111:2:111:Infinity:undefined:undefined:undefined:undefined":11,"s:111:2:111:Infinity":9,"s:111:35:111:Infinity":10,"s:113:21:115:Infinity":11,"f:114:4:114:5":3,"s:114:13:114:Infinity":12,"b:117:2:117:Infinity:undefined:undefined:undefined:undefined":12,"s:117:2:117:Infinity":13,"s:117:19:117:Infinity":14,"s:119:2:122:Infinity":15,"s:126:0:129:Infinity":16}}}
,"C:\\Users\\samee\\OneDrive\\Documents\\NJIT\\CS490\\CS490-HotSho-project\\frontend\\src\\components\\LoadingSpinner.jsx": {"path":"C:\\Users\\samee\\OneDrive\\Documents\\NJIT\\CS490\\CS490-HotSho-project\\frontend\\src\\components\\LoadingSpinner.jsx","statementMap":{"0":{"start":{"line":12,"column":23},"end":{"line":73,"column":null}},"1":{"start":{"line":18,"column":22},"end":{"line":22,"column":null}},"2":{"start":{"line":24,"column":26},"end":{"line":28,"column":null}},"3":{"start":{"line":30,"column":22},"end":{"line":34,"column":null}},"4":{"start":{"line":36,"column":25},"end":{"line":49,"column":null}},"5":{"start":{"line":53,"column":4},"end":{"line":61,"column":null}},"6":{"start":{"line":64,"column":2},"end":{"line":70,"column":null}},"7":{"start":{"line":65,"column":4},"end":{"line":68,"column":null}},"8":{"start":{"line":72,"column":2},"end":{"line":72,"column":null}},"9":{"start":{"line":75,"column":0},"end":{"line":80,"column":null}}},"fnMap":{"0":{"name":"(anonymous_0)","decl":{"start":{"line":12,"column":23},"end":{"line":12,"column":24}},"loc":{"start":{"line":17,"column":6},"end":{"line":73,"column":null}},"line":17}},"branchMap":{"0":{"loc":{"start":{"line":13,"column":2},"end":{"line":13,"column":null}},"type":"default-arg","locations":[{"start":{"line":13,"column":9},"end":{"line":13,"column":null}}],"line":13},"1":{"loc":{"start":{"line":14,"column":2},"end":{"line":14,"column":null}},"type":"default-arg","locations":[{"start":{"line":14,"column":9},"end":{"line":14,"column":null}}],"line":14},"2":{"loc":{"start":{"line":15,"column":2},"end":{"line":15,"column":null}},"type":"default-arg","locations":[{"start":{"line":15,"column":15},"end":{"line":15,"column":null}}],"line":15},"3":{"loc":{"start":{"line":16,"column":2},"end":{"line":16,"column":null}},"type":"default-arg","locations":[{"start":{"line":16,"column":12},"end":{"line":16,"column":null}}],"line":16},"4":{"loc":{"start":{"line":36,"column":25},"end":{"line":49,"column":null}},"type":"cond-expr","locations":[{"start":{"line":37,"column":4},"end":{"line":39,"column":null}},{"start":{"line":41,"column":4},"end":{"line":49,"column":null}}],"line":36},"5":{"loc":{"start":{"line":55,"column":7},"end":{"line":58,"column":null}},"type":"binary-expr","locations":[{"start":{"line":55,"column":7},"end":{"line":55,"column":null}},{"start":{"line":56,"column":8},"end":{"line":58,"column":null}}],"line":55},"6":{"loc":{"start":{"line":64,"column":2},"end":{"line":70,"column":null}},"type":"if","locations":[{"start":{"line":64,"column":2},"end":{"line":70,"column":null}},{"start":{},"end":{}}],"line":64}},"s":{"0":2,"1":2,"2":2,"3":2,"4":2,"5":2,"6":2,"7":2,"8":0,"9":2},"f":{"0":2},"b":{"0":[2],"1":[2],"2":[2],"3":[2],"4":[2,0],"5":[2,2],"6":[2,0]},"meta":{"lastBranch":7,"lastFunction":1,"lastStatement":10,"seen":{"s:12:23:73:Infinity":0,"f:12:23:12:24":0,"b:13:9:13:Infinity":0,"b:14:9:14:Infinity":1,"b:15:15:15:Infinity":2,"b:16:12:16:Infinity":3,"s:18:22:22:Infinity":1,"s:24:26:28:Infinity":2,"s:30:22:34:Infinity":3,"s:36:25:49:Infinity":4,"b:37:4:39:Infinity:41:4:49:Infinity":4,"s:53:4:61:Infinity":5,"b:55:7:55:Infinity:56:8:58:Infinity":5,"b:64:2:70:Infinity:undefined:undefined:undefined:undefined":6,"s:64:2:70:Infinity":6,"s:65:4:68:Infinity":7,"s:72:2:72:Infinity":8,"s:75:0:80:Infinity":9}}}
,"C:\\Users\\samee\\OneDrive\\Documents\\NJIT\\CS490\\CS490-HotSho-project\\frontend\\src\\components\\Logo.jsx": {"path":"C:\\Users\\samee\\OneDrive\\Documents\\NJIT\\CS490\\CS490-HotSho-project\\frontend\\src\\components\\Logo.jsx","statementMap":{"0":{"start":{"line":12,"column":13},"end":{"line":62,"column":null}},"1":{"start":{"line":20,"column":16},"end":{"line":26,"column":null}},"2":{"start":{"line":29,"column":20},"end":{"line":35,"column":null}},"3":{"start":{"line":38,"column":22},"end":{"line":43,"column":null}},"4":{"start":{"line":45,"column":18},"end":{"line":45,"column":null}},"5":{"start":{"line":46,"column":21},"end":{"line":46,"column":null}},"6":{"start":{"line":48,"column":2},"end":{"line":60,"column":null}},"7":{"start":{"line":64,"column":0},"end":{"line":70,"column":null}}},"fnMap":{"0":{"name":"(anonymous_0)","decl":{"start":{"line":12,"column":13},"end":{"line":12,"column":14}},"loc":{"start":{"line":18,"column":6},"end":{"line":62,"column":null}},"line":18}},"branchMap":{"0":{"loc":{"start":{"line":13,"column":2},"end":{"line":13,"column":null}},"type":"default-arg","locations":[{"start":{"line":13,"column":12},"end":{"line":13,"column":null}}],"line":13},"1":{"loc":{"start":{"line":14,"column":2},"end":{"line":14,"column":null}},"type":"default-arg","locations":[{"start":{"line":14,"column":9},"end":{"line":14,"column":null}}],"line":14},"2":{"loc":{"start":{"line":15,"column":2},"end":{"line":15,"column":null}},"type":"default-arg","locations":[{"start":{"line":15,"column":16},"end":{"line":15,"column":null}}],"line":15},"3":{"loc":{"start":{"line":16,"column":2},"end":{"line":16,"column":null}},"type":"default-arg","locations":[{"start":{"line":16,"column":17},"end":{"line":16,"column":null}}],"line":16},"4":{"loc":{"start":{"line":17,"column":2},"end":{"line":17,"column":null}},"type":"default-arg","locations":[{"start":{"line":17,"column":14},"end":{"line":17,"column":null}}],"line":17},"5":{"loc":{"start":{"line":25,"column":21},"end":{"line":25,"column":45}},"type":"binary-expr","locations":[{"start":{"line":25,"column":21},"end":{"line":25,"column":36}},{"start":{"line":25,"column":36},"end":{"line":25,"column":45}}],"line":25},"6":{"loc":{"start":{"line":25,"column":53},"end":{"line":25,"column":76}},"type":"binary-expr","locations":[{"start":{"line":25,"column":53},"end":{"line":25,"column":69}},{"start":{"line":25,"column":69},"end":{"line":25,"column":76}}],"line":25},"7":{"loc":{"start":{"line":34,"column":21},"end":{"line":34,"column":44}},"type":"binary-expr","locations":[{"start":{"line":34,"column":21},"end":{"line":34,"column":36}},{"start":{"line":34,"column":36},"end":{"line":34,"column":44}}],"line":34},"8":{"loc":{"start":{"line":34,"column":52},"end":{"line":34,"column":75}},"type":"binary-expr","locations":[{"start":{"line":34,"column":52},"end":{"line":34,"column":68}},{"start":{"line":34,"column":68},"end":{"line":34,"column":75}}],"line":34},"9":{"loc":{"start":{"line":45,"column":18},"end":{"line":45,"column":null}},"type":"binary-expr","locations":[{"start":{"line":45,"column":18},"end":{"line":45,"column":42}},{"start":{"line":45,"column":42},"end":{"line":45,"column":null}}],"line":45},"10":{"loc":{"start":{"line":46,"column":21},"end":{"line":46,"column":null}},"type":"cond-expr","locations":[{"start":{"line":46,"column":42},"end":{"line":46,"column":60}},{"start":{"line":46,"column":60},"end":{"line":46,"column":null}}],"line":46}},"s":{"0":3,"1":3,"2":3,"3":3,"4":3,"5":3,"6":3,"7":3},"f":{"0":3},"b":{"0":[3],"1":[3],"2":[3],"3":[3],"4":[3],"5":[3,3],"6":[3,3],"7":[3,3],"8":[3,3],"9":[3,0],"10":[2,1]},"meta":{"lastBranch":11,"lastFunction":1,"lastStatement":8,"seen":{"s:12:13:62:Infinity":0,"f:12:13:12:14":0,"b:13:12:13:Infinity":0,"b:14:9:14:Infinity":1,"b:15:16:15:Infinity":2,"b:16:17:16:Infinity":3,"b:17:14:17:Infinity":4,"s:20:16:26:Infinity":1,"b:25:21:25:36:25:36:25:45":5,"b:25:53:25:69:25:69:25:76":6,"s:29:20:35:Infinity":2,"b:34:21:34:36:34:36:34:44":7,"b:34:52:34:68:34:68:34:75":8,"s:38:22:43:Infinity":3,"s:45:18:45:Infinity":4,"b:45:18:45:42:45:42:45:Infinity":9,"s:46:21:46:Infinity":5,"b:46:42:46:60:46:60:46:Infinity":10,"s:48:2:60:Infinity":6,"s:64:0:70:Infinity":7}}}
,"C:\\Users\\samee\\OneDrive\\Documents\\NJIT\\CS490\\CS490-HotSho-project\\frontend\\src\\components\\Navbar.jsx": {"path":"C:\\Users\\samee\\OneDrive\\Documents\\NJIT\\CS490\\CS490-HotSho-project\\frontend\\src\\components\\Navbar.jsx","statementMap":{"0":{"start":{"line":9,"column":21},"end":{"line":9,"column":null}},"1":{"start":{"line":10,"column":17},"end":{"line":10,"column":null}},"2":{"start":{"line":11,"column":10},"end":{"line":11,"column":null}},"3":{"start":{"line":12,"column":44},"end":{"line":12,"column":null}},"4":{"start":{"line":13,"column":44},"end":{"line":13,"column":null}},"5":{"start":{"line":16,"column":4},"end":{"line":41,"column":null}},"6":{"start":{"line":17,"column":36},"end":{"line":33,"column":null}},"7":{"start":{"line":18,"column":12},"end":{"line":32,"column":null}},"8":{"start":{"line":19,"column":30},"end":{"line":19,"column":null}},"9":{"start":{"line":20,"column":16},"end":{"line":20,"column":null}},"10":{"start":{"line":21,"column":33},"end":{"line":21,"column":null}},"11":{"start":{"line":23,"column":16},"end":{"line":27,"column":null}},"12":{"start":{"line":24,"column":20},"end":{"line":24,"column":null}},"13":{"start":{"line":26,"column":20},"end":{"line":26,"column":null}},"14":{"start":{"line":30,"column":16},"end":{"line":30,"column":null}},"15":{"start":{"line":31,"column":16},"end":{"line":31,"column":null}},"16":{"start":{"line":35,"column":8},"end":{"line":40,"column":null}},"17":{"start":{"line":36,"column":12},"end":{"line":36,"column":null}},"18":{"start":{"line":38,"column":29},"end":{"line":38,"column":null}},"19":{"start":{"line":39,"column":12},"end":{"line":39,"column":null}},"20":{"start":{"line":39,"column":25},"end":{"line":39,"column":null}},"21":{"start":{"line":44,"column":4},"end":{"line":46,"column":null}},"22":{"start":{"line":45,"column":8},"end":{"line":45,"column":null}},"23":{"start":{"line":49,"column":25},"end":{"line":54,"column":null}},"24":{"start":{"line":50,"column":8},"end":{"line":54,"column":null}},"25":{"start":{"line":56,"column":4},"end":{"line":322,"column":null}},"26":{"start":{"line":146,"column":39},"end":{"line":146,"column":null}},"27":{"start":{"line":181,"column":32},"end":{"line":185,"column":null}},"28":{"start":{"line":194,"column":32},"end":{"line":198,"column":null}},"29":{"start":{"line":209,"column":32},"end":{"line":213,"column":null}},"30":{"start":{"line":222,"column":32},"end":{"line":226,"column":null}},"31":{"start":{"line":235,"column":32},"end":{"line":239,"column":null}},"32":{"start":{"line":248,"column":32},"end":{"line":252,"column":null}},"33":{"start":{"line":261,"column":32},"end":{"line":265,"column":null}}},"fnMap":{"0":{"name":"Navbar","decl":{"start":{"line":8,"column":24},"end":{"line":8,"column":33}},"loc":{"start":{"line":8,"column":33},"end":{"line":324,"column":null}},"line":8},"1":{"name":"(anonymous_1)","decl":{"start":{"line":16,"column":14},"end":{"line":16,"column":20}},"loc":{"start":{"line":16,"column":20},"end":{"line":41,"column":7}},"line":16},"2":{"name":"(anonymous_2)","decl":{"start":{"line":17,"column":36},"end":{"line":17,"column":48}},"loc":{"start":{"line":17,"column":48},"end":{"line":33,"column":null}},"line":17},"3":{"name":"(anonymous_3)","decl":{"start":{"line":39,"column":19},"end":{"line":39,"column":25}},"loc":{"start":{"line":39,"column":25},"end":{"line":39,"column":null}},"line":39},"4":{"name":"(anonymous_4)","decl":{"start":{"line":44,"column":14},"end":{"line":44,"column":20}},"loc":{"start":{"line":44,"column":20},"end":{"line":46,"column":7}},"line":44},"5":{"name":"(anonymous_5)","decl":{"start":{"line":49,"column":25},"end":{"line":49,"column":26}},"loc":{"start":{"line":50,"column":8},"end":{"line":54,"column":null}},"line":50},"6":{"name":"(anonymous_6)","decl":{"start":{"line":146,"column":33},"end":{"line":146,"column":39}},"loc":{"start":{"line":146,"column":39},"end":{"line":146,"column":null}},"line":146},"7":{"name":"(anonymous_7)","decl":{"start":{"line":180,"column":39},"end":{"line":180,"column":40}},"loc":{"start":{"line":181,"column":32},"end":{"line":185,"column":null}},"line":181},"8":{"name":"(anonymous_8)","decl":{"start":{"line":193,"column":39},"end":{"line":193,"column":40}},"loc":{"start":{"line":194,"column":32},"end":{"line":198,"column":null}},"line":194},"9":{"name":"(anonymous_9)","decl":{"start":{"line":208,"column":39},"end":{"line":208,"column":40}},"loc":{"start":{"line":209,"column":32},"end":{"line":213,"column":null}},"line":209},"10":{"name":"(anonymous_10)","decl":{"start":{"line":221,"column":39},"end":{"line":221,"column":40}},"loc":{"start":{"line":222,"column":32},"end":{"line":226,"column":null}},"line":222},"11":{"name":"(anonymous_11)","decl":{"start":{"line":234,"column":39},"end":{"line":234,"column":40}},"loc":{"start":{"line":235,"column":32},"end":{"line":239,"column":null}},"line":235},"12":{"name":"(anonymous_12)","decl":{"start":{"line":247,"column":39},"end":{"line":247,"column":40}},"loc":{"start":{"line":248,"column":32},"end":{"line":252,"column":null}},"line":248},"13":{"name":"(anonymous_13)","decl":{"start":{"line":260,"column":39},"end":{"line":260,"column":40}},"loc":{"start":{"line":261,"column":32},"end":{"line":265,"column":null}},"line":261}},"branchMap":{"0":{"loc":{"start":{"line":23,"column":16},"end":{"line":27,"column":null}},"type":"if","locations":[{"start":{"line":23,"column":16},"end":{"line":27,"column":null}},{"start":{"line":25,"column":23},"end":{"line":27,"column":null}}],"line":23},"1":{"loc":{"start":{"line":35,"column":8},"end":{"line":40,"column":null}},"type":"if","locations":[{"start":{"line":35,"column":8},"end":{"line":40,"column":null}},{"start":{},"end":{}}],"line":35},"2":{"loc":{"start":{"line":51,"column":12},"end":{"line":53,"column":null}},"type":"cond-expr","locations":[{"start":{"line":52,"column":18},"end":{"line":52,"column":null}},{"start":{"line":53,"column":18},"end":{"line":53,"column":null}}],"line":51},"3":{"loc":{"start":{"line":105,"column":33},"end":{"line":138,"column":null}},"type":"binary-expr","locations":[{"start":{"line":105,"column":33},"end":{"line":105,"column":null}},{"start":{"line":106,"column":36},"end":{"line":138,"column":null}}],"line":105},"4":{"loc":{"start":{"line":152,"column":25},"end":{"line":161,"column":null}},"type":"cond-expr","locations":[{"start":{"line":154,"column":28},"end":{"line":156,"column":null}},{"start":{"line":159,"column":28},"end":{"line":161,"column":null}}],"line":152},"5":{"loc":{"start":{"line":171,"column":20},"end":{"line":171,"column":null}},"type":"cond-expr","locations":[{"start":{"line":171,"column":37},"end":{"line":171,"column":62}},{"start":{"line":171,"column":62},"end":{"line":171,"column":null}}],"line":171},"6":{"loc":{"start":{"line":182,"column":36},"end":{"line":184,"column":null}},"type":"cond-expr","locations":[{"start":{"line":183,"column":42},"end":{"line":183,"column":null}},{"start":{"line":184,"column":42},"end":{"line":184,"column":null}}],"line":182},"7":{"loc":{"start":{"line":195,"column":36},"end":{"line":197,"column":null}},"type":"cond-expr","locations":[{"start":{"line":196,"column":42},"end":{"line":196,"column":null}},{"start":{"line":197,"column":42},"end":{"line":197,"column":null}}],"line":195},"8":{"loc":{"start":{"line":210,"column":36},"end":{"line":212,"column":null}},"type":"cond-expr","locations":[{"start":{"line":211,"column":42},"end":{"line":211,"column":null}},{"start":{"line":212,"column":42},"end":{"line":212,"column":null}}],"line":210},"9":{"loc":{"start":{"line":223,"column":36},"end":{"line":225,"column":null}},"type":"cond-expr","locations":[{"start":{"line":224,"column":42},"end":{"line":224,"column":null}},{"start":{"line":225,"column":42},"end":{"line":225,"column":null}}],"line":223},"10":{"loc":{"start":{"line":236,"column":36},"end":{"line":238,"column":null}},"type":"cond-expr","locations":[{"start":{"line":237,"column":42},"end":{"line":237,"column":null}},{"start":{"line":238,"column":42},"end":{"line":238,"column":null}}],"line":236},"11":{"loc":{"start":{"line":249,"column":36},"end":{"line":251,"column":null}},"type":"cond-expr","locations":[{"start":{"line":250,"column":42},"end":{"line":250,"column":null}},{"start":{"line":251,"column":42},"end":{"line":251,"column":null}}],"line":249},"12":{"loc":{"start":{"line":262,"column":36},"end":{"line":264,"column":null}},"type":"cond-expr","locations":[{"start":{"line":263,"column":42},"end":{"line":263,"column":null}},{"start":{"line":264,"column":42},"end":{"line":264,"column":null}}],"line":262},"13":{"loc":{"start":{"line":283,"column":33},"end":{"line":315,"column":null}},"type":"binary-expr","locations":[{"start":{"line":283,"column":33},"end":{"line":283,"column":null}},{"start":{"line":284,"column":36},"end":{"line":315,"column":null}}],"line":283}},"s":{"0":1,"1":1,"2":1,"3":1,"4":1,"5":1,"6":1,"7":1,"8":1,"9":1,"10":1,"11":0,"12":0,"13":0,"14":1,"15":1,"16":1,"17":1,"18":1,"19":1,"20":1,"21":1,"22":1,"23":1,"24":7,"25":1,"26":0,"27":1,"28":1,"29":1,"30":1,"31":1,"32":1,"33":1},"f":{"0":1,"1":1,"2":1,"3":1,"4":1,"5":7,"6":0,"7":1,"8":1,"9":1,"10":1,"11":1,"12":1,"13":1},"b":{"0":[0,0],"1":[1,0],"2":[0,7],"3":[1,0],"4":[0,1],"5":[0,1],"6":[0,1],"7":[0,1],"8":[0,1],"9":[0,1],"10":[0,1],"11":[0,1],"12":[0,1],"13":[1,0]},"meta":{"lastBranch":14,"lastFunction":14,"lastStatement":34,"seen":{"f:8:24:8:33":0,"s:9:21:9:Infinity":0,"s:10:17:10:Infinity":1,"s:11:10:11:Infinity":2,"s:12:44:12:Infinity":3,"s:13:44:13:Infinity":4,"s:16:4:41:Infinity":5,"f:16:14:16:20":1,"s:17:36:33:Infinity":6,"f:17:36:17:48":2,"s:18:12:32:Infinity":7,"s:19:30:19:Infinity":8,"s:20:16:20:Infinity":9,"s:21:33:21:Infinity":10,"b:23:16:27:Infinity:25:23:27:Infinity":0,"s:23:16:27:Infinity":11,"s:24:20:24:Infinity":12,"s:26:20:26:Infinity":13,"s:30:16:30:Infinity":14,"s:31:16:31:Infinity":15,"b:35:8:40:Infinity:undefined:undefined:undefined:undefined":1,"s:35:8:40:Infinity":16,"s:36:12:36:Infinity":17,"s:38:29:38:Infinity":18,"s:39:12:39:Infinity":19,"f:39:19:39:25":3,"s:39:25:39:Infinity":20,"s:44:4:46:Infinity":21,"f:44:14:44:20":4,"s:45:8:45:Infinity":22,"s:49:25:54:Infinity":23,"f:49:25:49:26":5,"s:50:8:54:Infinity":24,"b:52:18:52:Infinity:53:18:53:Infinity":2,"s:56:4:322:Infinity":25,"b:105:33:105:Infinity:106:36:138:Infinity":3,"f:146:33:146:39":6,"s:146:39:146:Infinity":26,"b:154:28:156:Infinity:159:28:161:Infinity":4,"b:171:37:171:62:171:62:171:Infinity":5,"f:180:39:180:40":7,"s:181:32:185:Infinity":27,"b:183:42:183:Infinity:184:42:184:Infinity":6,"f:193:39:193:40":8,"s:194:32:198:Infinity":28,"b:196:42:196:Infinity:197:42:197:Infinity":7,"f:208:39:208:40":9,"s:209:32:213:Infinity":29,"b:211:42:211:Infinity:212:42:212:Infinity":8,"f:221:39:221:40":10,"s:222:32:226:Infinity":30,"b:224:42:224:Infinity:225:42:225:Infinity":9,"f:234:39:234:40":11,"s:235:32:239:Infinity":31,"b:237:42:237:Infinity:238:42:238:Infinity":10,"f:247:39:247:40":12,"s:248:32:252:Infinity":32,"b:250:42:250:Infinity:251:42:251:Infinity":11,"f:260:39:260:40":13,"s:261:32:265:Infinity":33,"b:263:42:263:Infinity:264:42:264:Infinity":12,"b:283:33:283:Infinity:284:36:315:Infinity":13}}}
,"C:\\Users\\samee\\OneDrive\\Documents\\NJIT\\CS490\\CS490-HotSho-project\\frontend\\src\\components\\ProfilePictureUpload.jsx": {"path":"C:\\Users\\samee\\OneDrive\\Documents\\NJIT\\CS490\\CS490-HotSho-project\\frontend\\src\\components\\ProfilePictureUpload.jsx","statementMap":{"0":{"start":{"line":8,"column":19},"end":{"line":8,"column":null}},"1":{"start":{"line":9,"column":28},"end":{"line":9,"column":null}},"2":{"start":{"line":10,"column":38},"end":{"line":10,"column":null}},"3":{"start":{"line":11,"column":36},"end":{"line":11,"column":null}},"4":{"start":{"line":12,"column":42},"end":{"line":12,"column":null}},"5":{"start":{"line":13,"column":24},"end":{"line":13,"column":null}},"6":{"start":{"line":14,"column":32},"end":{"line":14,"column":null}},"7":{"start":{"line":15,"column":34},"end":{"line":15,"column":null}},"8":{"start":{"line":16,"column":8},"end":{"line":16,"column":null}},"9":{"start":{"line":18,"column":27},"end":{"line":68,"column":null}},"10":{"start":{"line":19,"column":17},"end":{"line":19,"column":null}},"11":{"start":{"line":20,"column":4},"end":{"line":20,"column":null}},"12":{"start":{"line":20,"column":15},"end":{"line":20,"column":null}},"13":{"start":{"line":22,"column":4},"end":{"line":22,"column":null}},"14":{"start":{"line":25,"column":4},"end":{"line":33,"column":null}},"15":{"start":{"line":26,"column":6},"end":{"line":31,"column":null}},"16":{"start":{"line":32,"column":6},"end":{"line":32,"column":null}},"17":{"start":{"line":36,"column":4},"end":{"line":44,"column":null}},"18":{"start":{"line":37,"column":6},"end":{"line":42,"column":null}},"19":{"start":{"line":43,"column":6},"end":{"line":43,"column":null}},"20":{"start":{"line":46,"column":4},"end":{"line":67,"column":null}},"21":{"start":{"line":48,"column":6},"end":{"line":48,"column":null}},"22":{"start":{"line":49,"column":26},"end":{"line":49,"column":null}},"23":{"start":{"line":50,"column":12},"end":{"line":50,"column":null}},"24":{"start":{"line":52,"column":6},"end":{"line":52,"column":null}},"25":{"start":{"line":55,"column":25},"end":{"line":55,"column":null}},"26":{"start":{"line":56,"column":6},"end":{"line":56,"column":null}},"27":{"start":{"line":57,"column":6},"end":{"line":57,"column":null}},"28":{"start":{"line":59,"column":6},"end":{"line":59,"column":null}},"29":{"start":{"line":60,"column":6},"end":{"line":65,"column":null}},"30":{"start":{"line":66,"column":6},"end":{"line":66,"column":null}},"31":{"start":{"line":70,"column":21},"end":{"line":121,"column":null}},"32":{"start":{"line":71,"column":4},"end":{"line":75,"column":null}},"33":{"start":{"line":73,"column":6},"end":{"line":73,"column":null}},"34":{"start":{"line":74,"column":6},"end":{"line":74,"column":null}},"35":{"start":{"line":77,"column":4},"end":{"line":77,"column":null}},"36":{"start":{"line":78,"column":4},"end":{"line":78,"column":null}},"37":{"start":{"line":79,"column":4},"end":{"line":79,"column":null}},"38":{"start":{"line":81,"column":4},"end":{"line":120,"column":null}},"39":{"start":{"line":82,"column":20},"end":{"line":82,"column":null}},"40":{"start":{"line":83,"column":6},"end":{"line":83,"column":null}},"41":{"start":{"line":86,"column":23},"end":{"line":86,"column":null}},"42":{"start":{"line":87,"column":6},"end":{"line":87,"column":null}},"43":{"start":{"line":89,"column":6},"end":{"line":89,"column":null}},"44":{"start":{"line":91,"column":23},"end":{"line":95,"column":null}},"45":{"start":{"line":97,"column":6},"end":{"line":97,"column":null}},"46":{"start":{"line":100,"column":6},"end":{"line":102,"column":null}},"47":{"start":{"line":101,"column":8},"end":{"line":101,"column":null}},"48":{"start":{"line":105,"column":6},"end":{"line":105,"column":null}},"49":{"start":{"line":106,"column":6},"end":{"line":106,"column":null}},"50":{"start":{"line":107,"column":6},"end":{"line":107,"column":null}},"51":{"start":{"line":108,"column":6},"end":{"line":108,"column":null}},"52":{"start":{"line":111,"column":6},"end":{"line":113,"column":null}},"53":{"start":{"line":112,"column":8},"end":{"line":112,"column":null}},"54":{"start":{"line":115,"column":6},"end":{"line":115,"column":null}},"55":{"start":{"line":116,"column":6},"end":{"line":116,"column":null}},"56":{"start":{"line":117,"column":6},"end":{"line":117,"column":null}},"57":{"start":{"line":119,"column":6},"end":{"line":119,"column":null}},"58":{"start":{"line":123,"column":23},"end":{"line":152,"column":null}},"59":{"start":{"line":124,"column":4},"end":{"line":126,"column":null}},"60":{"start":{"line":125,"column":6},"end":{"line":125,"column":null}},"61":{"start":{"line":128,"column":4},"end":{"line":128,"column":null}},"62":{"start":{"line":129,"column":4},"end":{"line":129,"column":null}},"63":{"start":{"line":131,"column":4},"end":{"line":151,"column":null}},"64":{"start":{"line":132,"column":20},"end":{"line":132,"column":null}},"65":{"start":{"line":133,"column":6},"end":{"line":133,"column":null}},"66":{"start":{"line":135,"column":6},"end":{"line":135,"column":null}},"67":{"start":{"line":138,"column":6},"end":{"line":140,"column":null}},"68":{"start":{"line":139,"column":8},"end":{"line":139,"column":null}},"69":{"start":{"line":143,"column":6},"end":{"line":143,"column":null}},"70":{"start":{"line":144,"column":6},"end":{"line":144,"column":null}},"71":{"start":{"line":145,"column":6},"end":{"line":145,"column":null}},"72":{"start":{"line":147,"column":6},"end":{"line":147,"column":null}},"73":{"start":{"line":148,"column":6},"end":{"line":148,"column":null}},"74":{"start":{"line":150,"column":6},"end":{"line":150,"column":null}},"75":{"start":{"line":154,"column":23},"end":{"line":162,"column":null}},"76":{"start":{"line":155,"column":4},"end":{"line":155,"column":null}},"77":{"start":{"line":156,"column":4},"end":{"line":156,"column":null}},"78":{"start":{"line":157,"column":4},"end":{"line":157,"column":null}},"79":{"start":{"line":158,"column":4},"end":{"line":158,"column":null}},"80":{"start":{"line":159,"column":4},"end":{"line":161,"column":null}},"81":{"start":{"line":160,"column":6},"end":{"line":160,"column":null}},"82":{"start":{"line":164,"column":25},"end":{"line":164,"column":null}},"83":{"start":{"line":166,"column":2},"end":{"line":302,"column":null}},"84":{"start":{"line":172,"column":28},"end":{"line":172,"column":null}},"85":{"start":{"line":173,"column":28},"end":{"line":173,"column":null}},"86":{"start":{"line":174,"column":23},"end":{"line":174,"column":null}},"87":{"start":{"line":196,"column":169},"end":{"line":196,"column":null}},"88":{"start":{"line":202,"column":34},"end":{"line":202,"column":null}},"89":{"start":{"line":203,"column":33},"end":{"line":203,"column":null}},"90":{"start":{"line":246,"column":33},"end":{"line":246,"column":null}},"91":{"start":{"line":268,"column":36},"end":{"line":268,"column":null}},"92":{"start":{"line":269,"column":35},"end":{"line":269,"column":null}},"93":{"start":{"line":281,"column":38},"end":{"line":281,"column":null}},"94":{"start":{"line":282,"column":37},"end":{"line":282,"column":null}},"95":{"start":{"line":293,"column":36},"end":{"line":293,"column":null}},"96":{"start":{"line":294,"column":35},"end":{"line":294,"column":null}}},"fnMap":{"0":{"name":"ProfilePictureUpload","decl":{"start":{"line":7,"column":24},"end":{"line":7,"column":45}},"loc":{"start":{"line":7,"column":99},"end":{"line":304,"column":null}},"line":7},"1":{"name":"(anonymous_1)","decl":{"start":{"line":18,"column":27},"end":{"line":18,"column":34}},"loc":{"start":{"line":18,"column":40},"end":{"line":68,"column":null}},"line":18},"2":{"name":"(anonymous_2)","decl":{"start":{"line":70,"column":21},"end":{"line":70,"column":33}},"loc":{"start":{"line":70,"column":33},"end":{"line":121,"column":null}},"line":70},"3":{"name":"(anonymous_3)","decl":{"start":{"line":123,"column":23},"end":{"line":123,"column":35}},"loc":{"start":{"line":123,"column":35},"end":{"line":152,"column":null}},"line":123},"4":{"name":"(anonymous_4)","decl":{"start":{"line":154,"column":23},"end":{"line":154,"column":29}},"loc":{"start":{"line":154,"column":29},"end":{"line":162,"column":null}},"line":154},"5":{"name":"(anonymous_5)","decl":{"start":{"line":172,"column":22},"end":{"line":172,"column":28}},"loc":{"start":{"line":172,"column":28},"end":{"line":172,"column":null}},"line":172},"6":{"name":"(anonymous_6)","decl":{"start":{"line":173,"column":22},"end":{"line":173,"column":28}},"loc":{"start":{"line":173,"column":28},"end":{"line":173,"column":null}},"line":173},"7":{"name":"(anonymous_7)","decl":{"start":{"line":174,"column":17},"end":{"line":174,"column":23}},"loc":{"start":{"line":174,"column":23},"end":{"line":174,"column":null}},"line":174},"8":{"name":"(anonymous_8)","decl":{"start":{"line":196,"column":162},"end":{"line":196,"column":163}},"loc":{"start":{"line":196,"column":169},"end":{"line":196,"column":null}},"line":196},"9":{"name":"(anonymous_9)","decl":{"start":{"line":202,"column":27},"end":{"line":202,"column":28}},"loc":{"start":{"line":202,"column":34},"end":{"line":202,"column":null}},"line":202},"10":{"name":"(anonymous_10)","decl":{"start":{"line":203,"column":26},"end":{"line":203,"column":27}},"loc":{"start":{"line":203,"column":33},"end":{"line":203,"column":null}},"line":203},"11":{"name":"(anonymous_11)","decl":{"start":{"line":246,"column":27},"end":{"line":246,"column":33}},"loc":{"start":{"line":246,"column":33},"end":{"line":246,"column":null}},"line":246},"12":{"name":"(anonymous_12)","decl":{"start":{"line":268,"column":29},"end":{"line":268,"column":30}},"loc":{"start":{"line":268,"column":36},"end":{"line":268,"column":null}},"line":268},"13":{"name":"(anonymous_13)","decl":{"start":{"line":269,"column":28},"end":{"line":269,"column":29}},"loc":{"start":{"line":269,"column":35},"end":{"line":269,"column":null}},"line":269},"14":{"name":"(anonymous_14)","decl":{"start":{"line":281,"column":31},"end":{"line":281,"column":32}},"loc":{"start":{"line":281,"column":38},"end":{"line":281,"column":null}},"line":281},"15":{"name":"(anonymous_15)","decl":{"start":{"line":282,"column":30},"end":{"line":282,"column":31}},"loc":{"start":{"line":282,"column":37},"end":{"line":282,"column":null}},"line":282},"16":{"name":"(anonymous_16)","decl":{"start":{"line":293,"column":29},"end":{"line":293,"column":30}},"loc":{"start":{"line":293,"column":36},"end":{"line":293,"column":null}},"line":293},"17":{"name":"(anonymous_17)","decl":{"start":{"line":294,"column":28},"end":{"line":294,"column":29}},"loc":{"start":{"line":294,"column":35},"end":{"line":294,"column":null}},"line":294}},"branchMap":{"0":{"loc":{"start":{"line":20,"column":4},"end":{"line":20,"column":null}},"type":"if","locations":[{"start":{"line":20,"column":4},"end":{"line":20,"column":null}},{"start":{},"end":{}}],"line":20},"1":{"loc":{"start":{"line":25,"column":4},"end":{"line":33,"column":null}},"type":"if","locations":[{"start":{"line":25,"column":4},"end":{"line":33,"column":null}},{"start":{},"end":{}}],"line":25},"2":{"loc":{"start":{"line":36,"column":4},"end":{"line":44,"column":null}},"type":"if","locations":[{"start":{"line":36,"column":4},"end":{"line":44,"column":null}},{"start":{},"end":{}}],"line":36},"3":{"loc":{"start":{"line":71,"column":4},"end":{"line":75,"column":null}},"type":"if","locations":[{"start":{"line":71,"column":4},"end":{"line":75,"column":null}},{"start":{},"end":{}}],"line":71},"4":{"loc":{"start":{"line":100,"column":6},"end":{"line":102,"column":null}},"type":"if","locations":[{"start":{"line":100,"column":6},"end":{"line":102,"column":null}},{"start":{},"end":{}}],"line":100},"5":{"loc":{"start":{"line":111,"column":6},"end":{"line":113,"column":null}},"type":"if","locations":[{"start":{"line":111,"column":6},"end":{"line":113,"column":null}},{"start":{},"end":{}}],"line":111},"6":{"loc":{"start":{"line":124,"column":4},"end":{"line":126,"column":null}},"type":"if","locations":[{"start":{"line":124,"column":4},"end":{"line":126,"column":null}},{"start":{},"end":{}}],"line":124},"7":{"loc":{"start":{"line":138,"column":6},"end":{"line":140,"column":null}},"type":"if","locations":[{"start":{"line":138,"column":6},"end":{"line":140,"column":null}},{"start":{},"end":{}}],"line":138},"8":{"loc":{"start":{"line":159,"column":4},"end":{"line":161,"column":null}},"type":"if","locations":[{"start":{"line":159,"column":4},"end":{"line":161,"column":null}},{"start":{},"end":{}}],"line":159},"9":{"loc":{"start":{"line":164,"column":25},"end":{"line":164,"column":null}},"type":"binary-expr","locations":[{"start":{"line":164,"column":25},"end":{"line":164,"column":36}},{"start":{"line":164,"column":36},"end":{"line":164,"column":null}}],"line":164},"10":{"loc":{"start":{"line":177,"column":9},"end":{"line":182,"column":null}},"type":"cond-expr","locations":[{"start":{"line":178,"column":10},"end":{"line":178,"column":null}},{"start":{"line":180,"column":10},"end":{"line":182,"column":null}}],"line":177},"11":{"loc":{"start":{"line":186,"column":118},"end":{"line":186,"column":157}},"type":"cond-expr","locations":[{"start":{"line":186,"column":131},"end":{"line":186,"column":146}},{"start":{"line":186,"column":146},"end":{"line":186,"column":157}}],"line":186},"12":{"loc":{"start":{"line":194,"column":7},"end":{"line":300,"column":null}},"type":"binary-expr","locations":[{"start":{"line":194,"column":7},"end":{"line":194,"column":null}},{"start":{"line":195,"column":8},"end":{"line":300,"column":null}}],"line":194},"13":{"loc":{"start":{"line":217,"column":17},"end":{"line":224,"column":null}},"type":"cond-expr","locations":[{"start":{"line":218,"column":18},"end":{"line":218,"column":null}},{"start":{"line":219,"column":20},"end":{"line":224,"column":null}}],"line":217},"14":{"loc":{"start":{"line":219,"column":20},"end":{"line":224,"column":null}},"type":"cond-expr","locations":[{"start":{"line":220,"column":18},"end":{"line":220,"column":null}},{"start":{"line":222,"column":18},"end":{"line":224,"column":null}}],"line":219},"15":{"loc":{"start":{"line":229,"column":15},"end":{"line":238,"column":null}},"type":"binary-expr","locations":[{"start":{"line":229,"column":15},"end":{"line":229,"column":30}},{"start":{"line":229,"column":30},"end":{"line":229,"column":null}},{"start":{"line":230,"column":16},"end":{"line":238,"column":null}}],"line":229},"16":{"loc":{"start":{"line":243,"column":13},"end":{"line":248,"column":null}},"type":"binary-expr","locations":[{"start":{"line":243,"column":13},"end":{"line":243,"column":null}},{"start":{"line":244,"column":14},"end":{"line":248,"column":null}}],"line":243},"17":{"loc":{"start":{"line":266,"column":113},"end":{"line":266,"column":163}},"type":"cond-expr","locations":[{"start":{"line":266,"column":127},"end":{"line":266,"column":161}},{"start":{"line":266,"column":161},"end":{"line":266,"column":163}}],"line":266},"18":{"loc":{"start":{"line":268,"column":36},"end":{"line":268,"column":null}},"type":"binary-expr","locations":[{"start":{"line":268,"column":36},"end":{"line":268,"column":53}},{"start":{"line":268,"column":53},"end":{"line":268,"column":null}}],"line":268},"19":{"loc":{"start":{"line":269,"column":35},"end":{"line":269,"column":null}},"type":"binary-expr","locations":[{"start":{"line":269,"column":35},"end":{"line":269,"column":52}},{"start":{"line":269,"column":52},"end":{"line":269,"column":null}}],"line":269},"20":{"loc":{"start":{"line":275,"column":15},"end":{"line":285,"column":null}},"type":"binary-expr","locations":[{"start":{"line":275,"column":15},"end":{"line":275,"column":null}},{"start":{"line":276,"column":16},"end":{"line":285,"column":null}}],"line":275},"21":{"loc":{"start":{"line":280,"column":44},"end":{"line":280,"column":80}},"type":"cond-expr","locations":[{"start":{"line":280,"column":58},"end":{"line":280,"column":70}},{"start":{"line":280,"column":70},"end":{"line":280,"column":80}}],"line":280},"22":{"loc":{"start":{"line":281,"column":38},"end":{"line":281,"column":null}},"type":"binary-expr","locations":[{"start":{"line":281,"column":38},"end":{"line":281,"column":55}},{"start":{"line":281,"column":55},"end":{"line":281,"column":null}}],"line":281},"23":{"loc":{"start":{"line":282,"column":37},"end":{"line":282,"column":null}},"type":"binary-expr","locations":[{"start":{"line":282,"column":37},"end":{"line":282,"column":54}},{"start":{"line":282,"column":54},"end":{"line":282,"column":null}}],"line":282},"24":{"loc":{"start":{"line":284,"column":19},"end":{"line":284,"column":null}},"type":"cond-expr","locations":[{"start":{"line":284,"column":33},"end":{"line":284,"column":49}},{"start":{"line":284,"column":49},"end":{"line":284,"column":null}}],"line":284},"25":{"loc":{"start":{"line":290,"column":26},"end":{"line":290,"column":null}},"type":"binary-expr","locations":[{"start":{"line":290,"column":26},"end":{"line":290,"column":41}},{"start":{"line":290,"column":41},"end":{"line":290,"column":null}}],"line":290},"26":{"loc":{"start":{"line":292,"column":43},"end":{"line":292,"column":97}},"type":"cond-expr","locations":[{"start":{"line":292,"column":75},"end":{"line":292,"column":87}},{"start":{"line":292,"column":87},"end":{"line":292,"column":97}}],"line":292},"27":{"loc":{"start":{"line":292,"column":43},"end":{"line":292,"column":75}},"type":"binary-expr","locations":[{"start":{"line":292,"column":43},"end":{"line":292,"column":58}},{"start":{"line":292,"column":58},"end":{"line":292,"column":75}}],"line":292},"28":{"loc":{"start":{"line":293,"column":36},"end":{"line":293,"column":null}},"type":"binary-expr","locations":[{"start":{"line":293,"column":36},"end":{"line":293,"column":72}},{"start":{"line":293,"column":72},"end":{"line":293,"column":null}}],"line":293},"29":{"loc":{"start":{"line":293,"column":38},"end":{"line":293,"column":72}},"type":"binary-expr","locations":[{"start":{"line":293,"column":38},"end":{"line":293,"column":53}},{"start":{"line":293,"column":53},"end":{"line":293,"column":72}}],"line":293},"30":{"loc":{"start":{"line":294,"column":35},"end":{"line":294,"column":null}},"type":"binary-expr","locations":[{"start":{"line":294,"column":35},"end":{"line":294,"column":71}},{"start":{"line":294,"column":71},"end":{"line":294,"column":null}}],"line":294},"31":{"loc":{"start":{"line":294,"column":37},"end":{"line":294,"column":71}},"type":"binary-expr","locations":[{"start":{"line":294,"column":37},"end":{"line":294,"column":52}},{"start":{"line":294,"column":52},"end":{"line":294,"column":71}}],"line":294},"32":{"loc":{"start":{"line":296,"column":17},"end":{"line":296,"column":null}},"type":"cond-expr","locations":[{"start":{"line":296,"column":31},"end":{"line":296,"column":45}},{"start":{"line":296,"column":45},"end":{"line":296,"column":null}}],"line":296}},"s":{"0":21,"1":21,"2":21,"3":21,"4":21,"5":21,"6":21,"7":21,"8":21,"9":21,"10":4,"11":4,"12":0,"13":4,"14":4,"15":1,"16":1,"17":3,"18":1,"19":1,"20":2,"21":2,"22":2,"23":1,"24":1,"25":1,"26":1,"27":1,"28":1,"29":1,"30":1,"31":21,"32":1,"33":0,"34":0,"35":1,"36":1,"37":1,"38":1,"39":1,"40":1,"41":1,"42":1,"43":1,"44":1,"45":1,"46":1,"47":1,"48":1,"49":1,"50":1,"51":1,"52":1,"53":1,"54":0,"55":0,"56":0,"57":1,"58":21,"59":1,"60":0,"61":1,"62":1,"63":1,"64":1,"65":1,"66":1,"67":1,"68":1,"69":1,"70":1,"71":1,"72":0,"73":0,"74":1,"75":21,"76":0,"77":0,"78":0,"79":0,"80":0,"81":0,"82":21,"83":21,"84":0,"85":0,"86":5,"87":2,"88":0,"89":0,"90":0,"91":0,"92":0,"93":0,"94":0,"95":0,"96":0},"f":{"0":21,"1":4,"2":1,"3":1,"4":0,"5":0,"6":0,"7":5,"8":2,"9":0,"10":0,"11":0,"12":0,"13":0,"14":0,"15":0,"16":0,"17":0},"b":{"0":[0,4],"1":[1,3],"2":[1,2],"3":[0,1],"4":[1,0],"5":[1,0],"6":[0,1],"7":[1,0],"8":[0,0],"9":[21,19],"10":[6,15],"11":[0,21],"12":[21,13],"13":[2,11],"14":[2,9],"15":[13,2,1],"16":[13,3],"17":[2,11],"18":[0,0],"19":[0,0],"20":[13,2],"21":[1,1],"22":[0,0],"23":[0,0],"24":[1,1],"25":[13,11],"26":[12,1],"27":[13,11],"28":[0,0],"29":[0,0],"30":[0,0],"31":[0,0],"32":[2,11]},"meta":{"lastBranch":33,"lastFunction":18,"lastStatement":97,"seen":{"f:7:24:7:45":0,"s:8:19:8:Infinity":0,"s:9:28:9:Infinity":1,"s:10:38:10:Infinity":2,"s:11:36:11:Infinity":3,"s:12:42:12:Infinity":4,"s:13:24:13:Infinity":5,"s:14:32:14:Infinity":6,"s:15:34:15:Infinity":7,"s:16:8:16:Infinity":8,"s:18:27:68:Infinity":9,"f:18:27:18:34":1,"s:19:17:19:Infinity":10,"b:20:4:20:Infinity:undefined:undefined:undefined:undefined":0,"s:20:4:20:Infinity":11,"s:20:15:20:Infinity":12,"s:22:4:22:Infinity":13,"b:25:4:33:Infinity:undefined:undefined:undefined:undefined":1,"s:25:4:33:Infinity":14,"s:26:6:31:Infinity":15,"s:32:6:32:Infinity":16,"b:36:4:44:Infinity:undefined:undefined:undefined:undefined":2,"s:36:4:44:Infinity":17,"s:37:6:42:Infinity":18,"s:43:6:43:Infinity":19,"s:46:4:67:Infinity":20,"s:48:6:48:Infinity":21,"s:49:26:49:Infinity":22,"s:50:12:50:Infinity":23,"s:52:6:52:Infinity":24,"s:55:25:55:Infinity":25,"s:56:6:56:Infinity":26,"s:57:6:57:Infinity":27,"s:59:6:59:Infinity":28,"s:60:6:65:Infinity":29,"s:66:6:66:Infinity":30,"s:70:21:121:Infinity":31,"f:70:21:70:33":2,"b:71:4:75:Infinity:undefined:undefined:undefined:undefined":3,"s:71:4:75:Infinity":32,"s:73:6:73:Infinity":33,"s:74:6:74:Infinity":34,"s:77:4:77:Infinity":35,"s:78:4:78:Infinity":36,"s:79:4:79:Infinity":37,"s:81:4:120:Infinity":38,"s:82:20:82:Infinity":39,"s:83:6:83:Infinity":40,"s:86:23:86:Infinity":41,"s:87:6:87:Infinity":42,"s:89:6:89:Infinity":43,"s:91:23:95:Infinity":44,"s:97:6:97:Infinity":45,"b:100:6:102:Infinity:undefined:undefined:undefined:undefined":4,"s:100:6:102:Infinity":46,"s:101:8:101:Infinity":47,"s:105:6:105:Infinity":48,"s:106:6:106:Infinity":49,"s:107:6:107:Infinity":50,"s:108:6:108:Infinity":51,"b:111:6:113:Infinity:undefined:undefined:undefined:undefined":5,"s:111:6:113:Infinity":52,"s:112:8:112:Infinity":53,"s:115:6:115:Infinity":54,"s:116:6:116:Infinity":55,"s:117:6:117:Infinity":56,"s:119:6:119:Infinity":57,"s:123:23:152:Infinity":58,"f:123:23:123:35":3,"b:124:4:126:Infinity:undefined:undefined:undefined:undefined":6,"s:124:4:126:Infinity":59,"s:125:6:125:Infinity":60,"s:128:4:128:Infinity":61,"s:129:4:129:Infinity":62,"s:131:4:151:Infinity":63,"s:132:20:132:Infinity":64,"s:133:6:133:Infinity":65,"s:135:6:135:Infinity":66,"b:138:6:140:Infinity:undefined:undefined:undefined:undefined":7,"s:138:6:140:Infinity":67,"s:139:8:139:Infinity":68,"s:143:6:143:Infinity":69,"s:144:6:144:Infinity":70,"s:145:6:145:Infinity":71,"s:147:6:147:Infinity":72,"s:148:6:148:Infinity":73,"s:150:6:150:Infinity":74,"s:154:23:162:Infinity":75,"f:154:23:154:29":4,"s:155:4:155:Infinity":76,"s:156:4:156:Infinity":77,"s:157:4:157:Infinity":78,"s:158:4:158:Infinity":79,"b:159:4:161:Infinity:undefined:undefined:undefined:undefined":8,"s:159:4:161:Infinity":80,"s:160:6:160:Infinity":81,"s:164:25:164:Infinity":82,"b:164:25:164:36:164:36:164:Infinity":9,"s:166:2:302:Infinity":83,"f:172:22:172:28":5,"s:172:28:172:Infinity":84,"f:173:22:173:28":6,"s:173:28:173:Infinity":85,"f:174:17:174:23":7,"s:174:23:174:Infinity":86,"b:178:10:178:Infinity:180:10:182:Infinity":10,"b:186:131:186:146:186:146:186:157":11,"b:194:7:194:Infinity:195:8:300:Infinity":12,"f:196:162:196:163":8,"s:196:169:196:Infinity":87,"f:202:27:202:28":9,"s:202:34:202:Infinity":88,"f:203:26:203:27":10,"s:203:33:203:Infinity":89,"b:218:18:218:Infinity:219:20:224:Infinity":13,"b:220:18:220:Infinity:222:18:224:Infinity":14,"b:229:15:229:30:229:30:229:Infinity:230:16:238:Infinity":15,"b:243:13:243:Infinity:244:14:248:Infinity":16,"f:246:27:246:33":11,"s:246:33:246:Infinity":90,"b:266:127:266:161:266:161:266:163":17,"f:268:29:268:30":12,"s:268:36:268:Infinity":91,"b:268:36:268:53:268:53:268:Infinity":18,"f:269:28:269:29":13,"s:269:35:269:Infinity":92,"b:269:35:269:52:269:52:269:Infinity":19,"b:275:15:275:Infinity:276:16:285:Infinity":20,"b:280:58:280:70:280:70:280:80":21,"f:281:31:281:32":14,"s:281:38:281:Infinity":93,"b:281:38:281:55:281:55:281:Infinity":22,"f:282:30:282:31":15,"s:282:37:282:Infinity":94,"b:282:37:282:54:282:54:282:Infinity":23,"b:284:33:284:49:284:49:284:Infinity":24,"b:290:26:290:41:290:41:290:Infinity":25,"b:292:75:292:87:292:87:292:97":26,"b:292:43:292:58:292:58:292:75":27,"f:293:29:293:30":16,"s:293:36:293:Infinity":95,"b:293:36:293:72:293:72:293:Infinity":28,"b:293:38:293:53:293:53:293:72":29,"f:294:28:294:29":17,"s:294:35:294:Infinity":96,"b:294:35:294:71:294:71:294:Infinity":30,"b:294:37:294:52:294:52:294:71":31,"b:296:31:296:45:296:45:296:Infinity":32}}}
,"C:\\Users\\samee\\OneDrive\\Documents\\NJIT\\CS490\\CS490-HotSho-project\\frontend\\src\\components\\ProtectedRoute.jsx": {"path":"C:\\Users\\samee\\OneDrive\\Documents\\NJIT\\CS490\\CS490-HotSho-project\\frontend\\src\\components\\ProtectedRoute.jsx","statementMap":{"0":{"start":{"line":15,"column":31},"end":{"line":15,"column":null}},"1":{"start":{"line":16,"column":8},"end":{"line":16,"column":null}},"2":{"start":{"line":19,"column":2},"end":{"line":28,"column":null}},"3":{"start":{"line":20,"column":4},"end":{"line":26,"column":null}},"4":{"start":{"line":32,"column":2},"end":{"line":34,"column":null}},"5":{"start":{"line":33,"column":4},"end":{"line":33,"column":null}},"6":{"start":{"line":37,"column":2},"end":{"line":37,"column":null}}},"fnMap":{"0":{"name":"ProtectedRoute","decl":{"start":{"line":14,"column":24},"end":{"line":14,"column":39}},"loc":{"start":{"line":14,"column":53},"end":{"line":38,"column":null}},"line":14}},"branchMap":{"0":{"loc":{"start":{"line":19,"column":2},"end":{"line":28,"column":null}},"type":"if","locations":[{"start":{"line":19,"column":2},"end":{"line":28,"column":null}},{"start":{},"end":{}}],"line":19},"1":{"loc":{"start":{"line":32,"column":2},"end":{"line":34,"column":null}},"type":"if","locations":[{"start":{"line":32,"column":2},"end":{"line":34,"column":null}},{"start":{},"end":{}}],"line":32}},"s":{"0":11,"1":11,"2":11,"3":2,"4":9,"5":5,"6":4},"f":{"0":11},"b":{"0":[2,9],"1":[5,4]},"meta":{"lastBranch":2,"lastFunction":1,"lastStatement":7,"seen":{"f:14:24:14:39":0,"s:15:31:15:Infinity":0,"s:16:8:16:Infinity":1,"b:19:2:28:Infinity:undefined:undefined:undefined:undefined":0,"s:19:2:28:Infinity":2,"s:20:4:26:Infinity":3,"b:32:2:34:Infinity:undefined:undefined:undefined:undefined":1,"s:32:2:34:Infinity":4,"s:33:4:33:Infinity":5,"s:37:2:37:Infinity":6}}}
,"C:\\Users\\samee\\OneDrive\\Documents\\NJIT\\CS490\\CS490-HotSho-project\\frontend\\src\\hooks\\useAccountDeletionCheck.js": {"path":"C:\\Users\\samee\\OneDrive\\Documents\\NJIT\\CS490\\CS490-HotSho-project\\frontend\\src\\hooks\\useAccountDeletionCheck.js","statementMap":{"0":{"start":{"line":14,"column":39},"end":{"line":45,"column":1}},"1":{"start":{"line":15,"column":43},"end":{"line":15,"column":53}},"2":{"start":{"line":17,"column":1},"end":{"line":44,"column":38}},"3":{"start":{"line":18,"column":31},"end":{"line":41,"column":5}},"4":{"start":{"line":19,"column":6},"end":{"line":19,"column":30}},"5":{"start":{"line":19,"column":23},"end":{"line":19,"column":30}},"6":{"start":{"line":21,"column":6},"end":{"line":40,"column":7}},"7":{"start":{"line":22,"column":22},"end":{"line":22,"column":38}},"8":{"start":{"line":23,"column":7},"end":{"line":23,"column":28}},"9":{"start":{"line":26,"column":8},"end":{"line":26,"column":39}},"10":{"start":{"line":31,"column":8},"end":{"line":38,"column":9}},"11":{"start":{"line":32,"column":10},"end":{"line":32,"column":85}},"12":{"start":{"line":33,"column":10},"end":{"line":36,"column":12}},"13":{"start":{"line":37,"column":10},"end":{"line":37,"column":20}},"14":{"start":{"line":43,"column":4},"end":{"line":43,"column":25}}},"fnMap":{"0":{"name":"(anonymous_0)","decl":{"start":{"line":14,"column":39},"end":{"line":14,"column":40}},"loc":{"start":{"line":14,"column":45},"end":{"line":45,"column":1}},"line":14},"1":{"name":"(anonymous_1)","decl":{"start":{"line":17,"column":12},"end":{"line":17,"column":13}},"loc":{"start":{"line":17,"column":18},"end":{"line":44,"column":3}},"line":17},"2":{"name":"(anonymous_2)","decl":{"start":{"line":18,"column":31},"end":{"line":18,"column":36}},"loc":{"start":{"line":18,"column":43},"end":{"line":41,"column":5}},"line":18}},"branchMap":{"0":{"loc":{"start":{"line":19,"column":6},"end":{"line":19,"column":30}},"type":"if","locations":[{"start":{"line":19,"column":6},"end":{"line":19,"column":30}},{"start":{},"end":{}}],"line":19},"1":{"loc":{"start":{"line":31,"column":8},"end":{"line":38,"column":9}},"type":"if","locations":[{"start":{"line":31,"column":8},"end":{"line":38,"column":9}},{"start":{},"end":{}}],"line":31},"2":{"loc":{"start":{"line":31,"column":12},"end":{"line":31,"column":112}},"type":"binary-expr","locations":[{"start":{"line":31,"column":12},"end":{"line":31,"column":41}},{"start":{"line":31,"column":45},"end":{"line":31,"column":74}},{"start":{"line":31,"column":78},"end":{"line":31,"column":112}}],"line":31},"3":{"loc":{"start":{"line":35,"column":12},"end":{"line":35,"column":76}},"type":"binary-expr","locations":[{"start":{"line":35,"column":12},"end":{"line":35,"column":40}},{"start":{"line":35,"column":44},"end":{"line":35,"column":76}}],"line":35}},"s":{"0":1,"1":6,"2":6,"3":6,"4":6,"5":1,"6":5,"7":5,"8":5,"9":5,"10":4,"11":3,"12":3,"13":3,"14":6},"f":{"0":6,"1":6,"2":6},"b":{"0":[1,5],"1":[3,1],"2":[4,3,2],"3":[3,1]},"meta":{"lastBranch":4,"lastFunction":3,"lastStatement":15,"seen":{"s:14:39:45:1":0,"f:14:39:14:40":0,"s:15:43:15:53":1,"s:17:1:44:38":2,"f:17:12:17:13":1,"s:18:31:41:5":3,"f:18:31:18:36":2,"b:19:6:19:30:undefined:undefined:undefined:undefined":0,"s:19:6:19:30":4,"s:19:23:19:30":5,"s:21:6:40:7":6,"s:22:22:22:38":7,"s:23:7:23:28":8,"s:26:8:26:39":9,"b:31:8:38:9:undefined:undefined:undefined:undefined":1,"s:31:8:38:9":10,"b:31:12:31:41:31:45:31:74:31:78:31:112":2,"s:32:10:32:85":11,"s:33:10:36:12":12,"b:35:12:35:40:35:44:35:76":3,"s:37:10:37:20":13,"s:43:4:43:25":14}}}
,"C:\\Users\\samee\\OneDrive\\Documents\\NJIT\\CS490\\CS490-HotSho-project\\frontend\\src\\utils\\imageUtils.js": {"path":"C:\\Users\\samee\\OneDrive\\Documents\\NJIT\\CS490\\CS490-HotSho-project\\frontend\\src\\utils\\imageUtils.js","statementMap":{"0":{"start":{"line":13,"column":27},"end":{"line":75,"column":1}},"1":{"start":{"line":14,"column":2},"end":{"line":74,"column":5}},"2":{"start":{"line":15,"column":19},"end":{"line":15,"column":35}},"3":{"start":{"line":17,"column":4},"end":{"line":67,"column":6}},"4":{"start":{"line":18,"column":18},"end":{"line":18,"column":29}},"5":{"start":{"line":20,"column":6},"end":{"line":60,"column":8}},"6":{"start":{"line":22,"column":23},"end":{"line":22,"column":55}},"7":{"start":{"line":23,"column":20},"end":{"line":23,"column":43}},"8":{"start":{"line":26,"column":20},"end":{"line":26,"column":29}},"9":{"start":{"line":27,"column":21},"end":{"line":27,"column":31}},"10":{"start":{"line":29,"column":8},"end":{"line":39,"column":9}},"11":{"start":{"line":30,"column":10},"end":{"line":33,"column":11}},"12":{"start":{"line":31,"column":12},"end":{"line":31,"column":61}},"13":{"start":{"line":32,"column":12},"end":{"line":32,"column":29}},"14":{"start":{"line":35,"column":10},"end":{"line":38,"column":11}},"15":{"start":{"line":36,"column":12},"end":{"line":36,"column":61}},"16":{"start":{"line":37,"column":12},"end":{"line":37,"column":31}},"17":{"start":{"line":42,"column":8},"end":{"line":42,"column":29}},"18":{"start":{"line":43,"column":8},"end":{"line":43,"column":31}},"19":{"start":{"line":46,"column":8},"end":{"line":46,"column":48}},"20":{"start":{"line":49,"column":8},"end":{"line":59,"column":10}},"21":{"start":{"line":51,"column":12},"end":{"line":55,"column":13}},"22":{"start":{"line":52,"column":14},"end":{"line":52,"column":28}},"23":{"start":{"line":54,"column":14},"end":{"line":54,"column":69}},"24":{"start":{"line":62,"column":6},"end":{"line":64,"column":8}},"25":{"start":{"line":63,"column":8},"end":{"line":63,"column":50}},"26":{"start":{"line":66,"column":6},"end":{"line":66,"column":32}},"27":{"start":{"line":69,"column":4},"end":{"line":71,"column":6}},"28":{"start":{"line":70,"column":6},"end":{"line":70,"column":47}},"29":{"start":{"line":73,"column":4},"end":{"line":73,"column":31}},"30":{"start":{"line":82,"column":32},"end":{"line":85,"column":1}},"31":{"start":{"line":83,"column":21},"end":{"line":83,"column":61}},"32":{"start":{"line":84,"column":2},"end":{"line":84,"column":40}},"33":{"start":{"line":93,"column":32},"end":{"line":96,"column":1}},"34":{"start":{"line":94,"column":23},"end":{"line":94,"column":46}},"35":{"start":{"line":95,"column":2},"end":{"line":95,"column":35}},"36":{"start":{"line":103,"column":30},"end":{"line":111,"column":1}},"37":{"start":{"line":104,"column":2},"end":{"line":104,"column":36}},"38":{"start":{"line":104,"column":19},"end":{"line":104,"column":36}},"39":{"start":{"line":106,"column":12},"end":{"line":106,"column":16}},"40":{"start":{"line":107,"column":16},"end":{"line":107,"column":43}},"41":{"start":{"line":108,"column":12},"end":{"line":108,"column":53}},"42":{"start":{"line":110,"column":2},"end":{"line":110,"column":75}},"43":{"start":{"line":119,"column":26},"end":{"line":121,"column":1}},"44":{"start":{"line":120,"column":2},"end":{"line":120,"column":57}}},"fnMap":{"0":{"name":"(anonymous_0)","decl":{"start":{"line":13,"column":27},"end":{"line":13,"column":28}},"loc":{"start":{"line":13,"column":85},"end":{"line":75,"column":1}},"line":13},"1":{"name":"(anonymous_1)","decl":{"start":{"line":14,"column":21},"end":{"line":14,"column":22}},"loc":{"start":{"line":14,"column":42},"end":{"line":74,"column":3}},"line":14},"2":{"name":"(anonymous_2)","decl":{"start":{"line":17,"column":20},"end":{"line":17,"column":21}},"loc":{"start":{"line":17,"column":27},"end":{"line":67,"column":5}},"line":17},"3":{"name":"(anonymous_3)","decl":{"start":{"line":20,"column":19},"end":{"line":20,"column":20}},"loc":{"start":{"line":20,"column":25},"end":{"line":60,"column":7}},"line":20},"4":{"name":"(anonymous_4)","decl":{"start":{"line":50,"column":10},"end":{"line":50,"column":11}},"loc":{"start":{"line":50,"column":20},"end":{"line":56,"column":11}},"line":50},"5":{"name":"(anonymous_5)","decl":{"start":{"line":62,"column":20},"end":{"line":62,"column":21}},"loc":{"start":{"line":62,"column":26},"end":{"line":64,"column":7}},"line":62},"6":{"name":"(anonymous_6)","decl":{"start":{"line":69,"column":21},"end":{"line":69,"column":22}},"loc":{"start":{"line":69,"column":27},"end":{"line":71,"column":5}},"line":69},"7":{"name":"(anonymous_7)","decl":{"start":{"line":82,"column":32},"end":{"line":82,"column":33}},"loc":{"start":{"line":82,"column":42},"end":{"line":85,"column":1}},"line":82},"8":{"name":"(anonymous_8)","decl":{"start":{"line":93,"column":32},"end":{"line":93,"column":33}},"loc":{"start":{"line":93,"column":57},"end":{"line":96,"column":1}},"line":93},"9":{"name":"(anonymous_9)","decl":{"start":{"line":103,"column":30},"end":{"line":103,"column":31}},"loc":{"start":{"line":103,"column":41},"end":{"line":111,"column":1}},"line":103},"10":{"name":"(anonymous_10)","decl":{"start":{"line":119,"column":26},"end":{"line":119,"column":27}},"loc":{"start":{"line":119,"column":46},"end":{"line":121,"column":1}},"line":119}},"branchMap":{"0":{"loc":{"start":{"line":13,"column":34},"end":{"line":13,"column":48}},"type":"default-arg","locations":[{"start":{"line":13,"column":45},"end":{"line":13,"column":48}}],"line":13},"1":{"loc":{"start":{"line":13,"column":50},"end":{"line":13,"column":65}},"type":"default-arg","locations":[{"start":{"line":13,"column":62},"end":{"line":13,"column":65}}],"line":13},"2":{"loc":{"start":{"line":13,"column":67},"end":{"line":13,"column":80}},"type":"default-arg","locations":[{"start":{"line":13,"column":77},"end":{"line":13,"column":80}}],"line":13},"3":{"loc":{"start":{"line":29,"column":8},"end":{"line":39,"column":9}},"type":"if","locations":[{"start":{"line":29,"column":8},"end":{"line":39,"column":9}},{"start":{"line":34,"column":15},"end":{"line":39,"column":9}}],"line":29},"4":{"loc":{"start":{"line":30,"column":10},"end":{"line":33,"column":11}},"type":"if","locations":[{"start":{"line":30,"column":10},"end":{"line":33,"column":11}},{"start":{},"end":{}}],"line":30},"5":{"loc":{"start":{"line":35,"column":10},"end":{"line":38,"column":11}},"type":"if","locations":[{"start":{"line":35,"column":10},"end":{"line":38,"column":11}},{"start":{},"end":{}}],"line":35},"6":{"loc":{"start":{"line":51,"column":12},"end":{"line":55,"column":13}},"type":"if","locations":[{"start":{"line":51,"column":12},"end":{"line":55,"column":13}},{"start":{"line":53,"column":19},"end":{"line":55,"column":13}}],"line":51},"7":{"loc":{"start":{"line":93,"column":39},"end":{"line":93,"column":52}},"type":"default-arg","locations":[{"start":{"line":93,"column":51},"end":{"line":93,"column":52}}],"line":93},"8":{"loc":{"start":{"line":104,"column":2},"end":{"line":104,"column":36}},"type":"if","locations":[{"start":{"line":104,"column":2},"end":{"line":104,"column":36}},{"start":{},"end":{}}],"line":104}},"s":{"0":2,"1":1,"2":1,"3":1,"4":0,"5":0,"6":0,"7":0,"8":0,"9":0,"10":0,"11":0,"12":0,"13":0,"14":0,"15":0,"16":0,"17":0,"18":0,"19":0,"20":0,"21":0,"22":0,"23":0,"24":0,"25":0,"26":0,"27":1,"28":1,"29":1,"30":2,"31":5,"32":5,"33":2,"34":3,"35":3,"36":2,"37":4,"38":1,"39":3,"40":3,"41":3,"42":3,"43":2,"44":1},"f":{"0":1,"1":1,"2":0,"3":0,"4":0,"5":0,"6":1,"7":5,"8":3,"9":4,"10":1},"b":{"0":[1],"1":[1],"2":[1],"3":[0,0],"4":[0,0],"5":[0,0],"6":[0,0],"7":[3],"8":[1,3]},"meta":{"lastBranch":9,"lastFunction":11,"lastStatement":45,"seen":{"s:13:27:75:1":0,"f:13:27:13:28":0,"b:13:45:13:48":0,"b:13:62:13:65":1,"b:13:77:13:80":2,"s:14:2:74:5":1,"f:14:21:14:22":1,"s:15:19:15:35":2,"s:17:4:67:6":3,"f:17:20:17:21":2,"s:18:18:18:29":4,"s:20:6:60:8":5,"f:20:19:20:20":3,"s:22:23:22:55":6,"s:23:20:23:43":7,"s:26:20:26:29":8,"s:27:21:27:31":9,"b:29:8:39:9:34:15:39:9":3,"s:29:8:39:9":10,"b:30:10:33:11:undefined:undefined:undefined:undefined":4,"s:30:10:33:11":11,"s:31:12:31:61":12,"s:32:12:32:29":13,"b:35:10:38:11:undefined:undefined:undefined:undefined":5,"s:35:10:38:11":14,"s:36:12:36:61":15,"s:37:12:37:31":16,"s:42:8:42:29":17,"s:43:8:43:31":18,"s:46:8:46:48":19,"s:49:8:59:10":20,"f:50:10:50:11":4,"b:51:12:55:13:53:19:55:13":6,"s:51:12:55:13":21,"s:52:14:52:28":22,"s:54:14:54:69":23,"s:62:6:64:8":24,"f:62:20:62:21":5,"s:63:8:63:50":25,"s:66:6:66:32":26,"s:69:4:71:6":27,"f:69:21:69:22":6,"s:70:6:70:47":28,"s:73:4:73:31":29,"s:82:32:85:1":30,"f:82:32:82:33":7,"s:83:21:83:61":31,"s:84:2:84:40":32,"s:93:32:96:1":33,"f:93:32:93:33":8,"b:93:51:93:52":7,"s:94:23:94:46":34,"s:95:2:95:35":35,"s:103:30:111:1":36,"f:103:30:103:31":9,"b:104:2:104:36:undefined:undefined:undefined:undefined":8,"s:104:2:104:36":37,"s:104:19:104:36":38,"s:106:12:106:16":39,"s:107:16:107:43":40,"s:108:12:108:53":41,"s:110:2:110:75":42,"s:119:26:121:1":43,"f:119:26:119:27":10,"s:120:2:120:57":44}}}
[...]
y-expr","locations":[{"start":{"line":226,"column":21},"end":{"line":226,"column":26}},{"start":{"line":226,"column":30},"end":{"line":226,"column":64}}],"line":226},"8":{"loc":{"start":{"line":228,"column":4},"end":{"line":236,"column":5}},"type":"if","locations":[{"start":{"line":228,"column":4},"end":{"line":236,"column":5}},{"start":{"line":230,"column":11},"end":{"line":236,"column":5}}],"line":228},"9":{"loc":{"start":{"line":231,"column":6},"end":{"line":235,"column":7}},"type":"if","locations":[{"start":{"line":231,"column":6},"end":{"line":235,"column":7}},{"start":{"line":233,"column":13},"end":{"line":235,"column":7}}],"line":231},"10":{"loc":{"start":{"line":246,"column":21},"end":{"line":246,"column":46}},"type":"binary-expr","locations":[{"start":{"line":246,"column":21},"end":{"line":246,"column":40}},{"start":{"line":246,"column":44},"end":{"line":246,"column":46}}],"line":246},"11":{"loc":{"start":{"line":248,"column":2},"end":{"line":254,"column":3}},"type":"if","locations":[{"start":{"line":248,"column":2},"end":{"line":254,"column":3}},{"start":{},"end":{}}],"line":248},"12":{"loc":{"start":{"line":261,"column":2},"end":{"line":261,"column":42}},"type":"if","locations":[{"start":{"line":261,"column":2},"end":{"line":261,"column":42}},{"start":{},"end":{}}],"line":261},"13":{"loc":{"start":{"line":262,"column":2},"end":{"line":262,"column":42}},"type":"if","locations":[{"start":{"line":262,"column":2},"end":{"line":262,"column":42}},{"start":{},"end":{}}],"line":262},"14":{"loc":{"start":{"line":265,"column":50},"end":{"line":265,"column":92}},"type":"binary-expr","locations":[{"start":{"line":265,"column":50},"end":{"line":265,"column":63}},{"start":{"line":265,"column":67},"end":{"line":265,"column":92}}],"line":265},"15":{"loc":{"start":{"line":270,"column":2},"end":{"line":276,"column":3}},"type":"if","locations":[{"start":{"line":270,"column":2},"end":{"line":276,"column":3}},{"start":{},"end":{}}],"line":270},"16":{"loc":{"start":{"line":278,"column":2},"end":{"line":280,"column":3}},"type":"if","locations":[{"start":{"line":278,"column":2},"end":{"line":280,"column":3}},{"start":{},"end":{}}],"line":278},"17":{"loc":{"start":{"line":289,"column":20},"end":{"line":289,"column":44}},"type":"binary-expr","locations":[{"start":{"line":289,"column":20},"end":{"line":289,"column":38}},{"start":{"line":289,"column":42},"end":{"line":289,"column":44}}],"line":289},"18":{"loc":{"start":{"line":291,"column":2},"end":{"line":297,"column":3}},"type":"if","locations":[{"start":{"line":291,"column":2},"end":{"line":297,"column":3}},{"start":{},"end":{}}],"line":291},"19":{"loc":{"start":{"line":303,"column":2},"end":{"line":303,"column":41}},"type":"if","locations":[{"start":{"line":303,"column":2},"end":{"line":303,"column":41}},{"start":{},"end":{}}],"line":303},"20":{"loc":{"start":{"line":306,"column":49},"end":{"line":306,"column":93}},"type":"binary-expr","locations":[{"start":{"line":306,"column":49},"end":{"line":306,"column":63}},{"start":{"line":306,"column":67},"end":{"line":306,"column":93}}],"line":306},"21":{"loc":{"start":{"line":310,"column":2},"end":{"line":312,"column":3}},"type":"if","locations":[{"start":{"line":310,"column":2},"end":{"line":312,"column":3}},{"start":{},"end":{}}],"line":310},"22":{"loc":{"start":{"line":315,"column":2},"end":{"line":321,"column":3}},"type":"if","locations":[{"start":{"line":315,"column":2},"end":{"line":321,"column":3}},{"start":{},"end":{}}],"line":315},"23":{"loc":{"start":{"line":330,"column":17},"end":{"line":330,"column":38}},"type":"binary-expr","locations":[{"start":{"line":330,"column":17},"end":{"line":330,"column":32}},{"start":{"line":330,"column":36},"end":{"line":330,"column":38}}],"line":330},"24":{"loc":{"start":{"line":332,"column":2},"end":{"line":338,"column":3}},"type":"if","locations":[{"start":{"line":332,"column":2},"end":{"line":338,"column":3}},{"start":{},"end":{}}],"line":332},"25":{"loc":{"start":{"line":344,"column":2},"end":{"line":344,"column":38}},"type":"if","locations":[{"start":{"line":344,"column":2},"end":{"line":344,"column":38}},{"start":{},"end":{}}],"line":344},"26":{"loc":{"start":{"line":345,"column":2},"end":{"line":345,"column":38}},"type":"if","locations":[{"start":{"line":345,"column":2},"end":{"line":345,"column":38}},{"start":{},"end":{}}],"line":345},"27":{"loc":{"start":{"line":346,"column":2},"end":{"line":346,"column":39}},"type":"if","locations":[{"start":{"line":346,"column":2},"end":{"line":346,"column":39}},{"start":{},"end":{}}],"line":346},"28":{"loc":{"start":{"line":353,"column":2},"end":{"line":355,"column":3}},"type":"if","locations":[{"start":{"line":353,"column":2},"end":{"line":355,"column":3}},{"start":{},"end":{}}],"line":353},"29":{"loc":{"start":{"line":357,"column":2},"end":{"line":359,"column":3}},"type":"if","locations":[{"start":{"line":357,"column":2},"end":{"line":359,"column":3}},{"start":{},"end":{}}],"line":357},"30":{"loc":{"start":{"line":370,"column":21},"end":{"line":370,"column":45}},"type":"binary-expr","locations":[{"start":{"line":370,"column":21},"end":{"line":370,"column":39}},{"start":{"line":370,"column":43},"end":{"line":370,"column":45}}],"line":370},"31":{"loc":{"start":{"line":372,"column":4},"end":{"line":378,"column":5}},"type":"if","locations":[{"start":{"line":372,"column":4},"end":{"line":378,"column":5}},{"start":{},"end":{}}],"line":372},"32":{"loc":{"start":{"line":383,"column":4},"end":{"line":383,"column":42}},"type":"if","locations":[{"start":{"line":383,"column":4},"end":{"line":383,"column":42}},{"start":{},"end":{}}],"line":383},"33":{"loc":{"start":{"line":384,"column":4},"end":{"line":384,"column":42}},"type":"if","locations":[{"start":{"line":384,"column":4},"end":{"line":384,"column":42}},{"start":{},"end":{}}],"line":384},"34":{"loc":{"start":{"line":387,"column":42},"end":{"line":387,"column":114}},"type":"binary-expr","locations":[{"start":{"line":387,"column":43},"end":{"line":387,"column":48}},{"start":{"line":387,"column":52},"end":{"line":387,"column":68}},{"start":{"line":387,"column":74},"end":{"line":387,"column":86}},{"start":{"line":387,"column":90},"end":{"line":387,"column":113}}],"line":387},"35":{"loc":{"start":{"line":390,"column":4},"end":{"line":392,"column":5}},"type":"if","locations":[{"start":{"line":390,"column":4},"end":{"line":392,"column":5}},{"start":{},"end":{}}],"line":390},"36":{"loc":{"start":{"line":406,"column":27},"end":{"line":406,"column":57}},"type":"binary-expr","locations":[{"start":{"line":406,"column":27},"end":{"line":406,"column":51}},{"start":{"line":406,"column":55},"end":{"line":406,"column":57}}],"line":406},"37":{"loc":{"start":{"line":408,"column":4},"end":{"line":414,"column":5}},"type":"if","locations":[{"start":{"line":408,"column":4},"end":{"line":414,"column":5}},{"start":{},"end":{}}],"line":408},"38":{"loc":{"start":{"line":419,"column":4},"end":{"line":419,"column":48}},"type":"if","locations":[{"start":{"line":419,"column":4},"end":{"line":419,"column":48}},{"start":{},"end":{}}],"line":419},"39":{"loc":{"start":{"line":420,"column":4},"end":{"line":420,"column":48}},"type":"if","locations":[{"start":{"line":420,"column":4},"end":{"line":420,"column":48}},{"start":{},"end":{}}],"line":420},"40":{"loc":{"start":{"line":422,"column":4},"end":{"line":424,"column":5}},"type":"if","locations":[{"start":{"line":422,"column":4},"end":{"line":424,"column":5}},{"start":{},"end":{}}],"line":422},"41":{"loc":{"start":{"line":457,"column":4},"end":{"line":459,"column":5}},"type":"if","locations":[{"start":{"line":457,"column":4},"end":{"line":459,"column":5}},{"start":{},"end":{}}],"line":457},"42":{"loc":{"start":{"line":464,"column":19},"end":{"line":464,"column":52}},"type":"binary-expr","locations":[{"start":{"line":464,"column":19},"end":{"line":464,"column":36}},{"start":{"line":464,"column":40},"end":{"line":464,"column":52}}],"line":464},"43":{"loc":{"start":{"line":465,"column":20},"end":{"line":465,"column":83}},"type":"binary-expr","locations":[{"start":{"line":465,"column":20},"end":{"line":465,"column":49}},{"start":{"line":465,"column":53},"end":{"line":465,"column":83}}],"line":465},"44":{"loc":{"start":{"line":468,"column":2},"end":{"line":472,"column":3}},"type":"if","locations":[{"start":{"line":468,"column":2},"end":{"line":472,"column":3}},{"start":{"line":470,"column":9},"end":{"line":472,"column":3}}],"line":468},"45":{"loc":{"start":{"line":470,"column":9},"end":{"line":472,"column":3}},"type":"if","locations":[{"start":{"line":470,"column":9},"end":{"line":472,"column":3}},{"start":{},"end":{}}],"line":470},"46":{"loc":{"start":{"line":492,"column":24},"end":{"line":492,"column":69}},"type":"binary-expr","locations":[{"start":{"line":492,"column":24},"end":{"line":492,"column":55}},{"start":{"line":492,"column":59},"end":{"line":492,"column":69}}],"line":492},"47":{"loc":{"start":{"line":506,"column":24},"end":{"line":506,"column":84}},"type":"cond-expr","locations":[{"start":{"line":506,"column":37},"end":{"line":506,"column":71}},{"start":{"line":506,"column":74},"end":{"line":506,"column":84}}],"line":506},"48":{"loc":{"start":{"line":518,"column":4},"end":{"line":518,"column":66}},"type":"if","locations":[{"start":{"line":518,"column":4},"end":{"line":518,"column":66}},{"start":{},"end":{}}],"line":518},"49":{"loc":{"start":{"line":518,"column":8},"end":{"line":518,"column":54}},"type":"binary-expr","locations":[{"start":{"line":518,"column":8},"end":{"line":518,"column":29}},{"start":{"line":518,"column":33},"end":{"line":518,"column":54}}],"line":518},"50":{"loc":{"start":{"line":519,"column":4},"end":{"line":519,"column":65}},"type":"if","locations":[{"start":{"line":519,"column":4},"end":{"line":519,"column":65}},{"start":{},"end":{}}],"line":519},"51":{"loc":{"start":{"line":519,"column":8},"end":{"line":519,"column":54}},"type":"binary-expr","locations":[{"start":{"line":519,"column":8},"end":{"line":519,"column":29}},{"start":{"line":519,"column":33},"end":{"line":519,"column":54}}],"line":519},"52":{"loc":{"start":{"line":528,"column":2},"end":{"line":528,"column":131}},"type":"if","locations":[{"start":{"line":528,"column":2},"end":{"line":528,"column":131}},{"start":{},"end":{}}],"line":528},"53":{"loc":{"start":{"line":529,"column":2},"end":{"line":529,"column":125}},"type":"if","locations":[{"start":{"line":529,"column":2},"end":{"line":529,"column":125}},{"start":{},"end":{}}],"line":529},"54":{"loc":{"start":{"line":530,"column":2},"end":{"line":530,"column":129}},"type":"if","locations":[{"start":{"line":530,"column":2},"end":{"line":530,"column":129}},{"start":{},"end":{}}],"line":530},"55":{"loc":{"start":{"line":531,"column":2},"end":{"line":531,"column":129}},"type":"if","locations":[{"start":{"line":531,"column":2},"end":{"line":531,"column":129}},{"start":{},"end":{}}],"line":531},"56":{"loc":{"start":{"line":559,"column":9},"end":{"line":559,"column":33}},"type":"binary-expr","locations":[{"start":{"line":559,"column":9},"end":{"line":559,"column":24}},{"start":{"line":559,"column":28},"end":{"line":559,"column":33}}],"line":559}},"s":{"0":1,"1":1,"2":1,"3":1,"4":2,"5":2,"6":2,"7":2,"8":2,"9":0,"10":2,"11":2,"12":2,"13":0,"14":2,"15":2,"16":2,"17":2,"18":2,"19":16,"20":16,"21":16,"22":2,"23":14,"24":2,"25":12,"26":2,"27":2,"28":2,"29":2,"30":2,"31":2,"32":8,"33":8,"34":8,"35":3,"36":5,"37":3,"38":2,"39":2,"40":2,"41":2,"42":1,"43":1,"44":1,"45":1,"46":0,"47":1,"48":0,"49":1,"50":1,"51":1,"52":1,"53":1,"54":0,"55":1,"56":1,"57":1,"58":2,"59":2,"60":1,"61":1,"62":1,"63":1,"64":0,"65":1,"66":1,"67":1,"68":1,"69":1,"70":1,"71":1,"72":0,"73":1,"74":2,"75":2,"76":1,"77":1,"78":1,"79":1,"80":0,"81":1,"82":0,"83":1,"84":0,"85":1,"86":3,"87":1,"88":1,"89":1,"90":1,"91":1,"92":1,"93":2,"94":2,"95":2,"96":1,"97":1,"98":1,"99":1,"100":0,"101":1,"102":0,"103":1,"104":1,"105":1,"106":1,"107":1,"108":1,"109":0,"110":2,"111":2,"112":2,"113":1,"114":1,"115":1,"116":1,"117":0,"118":1,"119":0,"120":1,"121":1,"122":1,"123":0,"124":2,"125":2,"126":2,"127":14,"128":2,"129":2,"130":16,"131":8,"132":8,"133":2,"134":2,"135":2,"136":2,"137":0,"138":2,"139":0,"140":2,"141":2,"142":2,"143":14,"144":14,"145":14,"146":8,"147":14,"148":22,"149":22,"150":2,"151":76,"152":9,"153":67,"154":2,"155":65,"156":5,"157":1,"158":4,"159":4,"160":3,"161":3,"162":2,"163":2,"164":1,"165":2,"166":2},"f":{"0":2,"1":2,"2":2,"3":2,"4":2,"5":16,"6":2,"7":8,"8":2,"9":1,"10":2,"11":1,"12":2,"13":3,"14":2,"15":1,"16":2,"17":2,"18":14,"19":16,"20":2,"21":14,"22":8,"23":22,"24":76,"25":5,"26":2},"b":{"0":[2,1],"1":[2,1],"2":[2,1],"3":[2,1],"4":[16,2],"5":[2,14],"6":[2,12],"7":[8,3],"8":[3,5],"9":[3,2],"10":[2,1],"11":[1,1],"12":[0,1],"13":[0,1],"14":[1,1],"15":[0,1],"16":[1,0],"17":[2,1],"18":[1,1],"19":[0,1],"20":[1,1],"21":[1,0],"22":[0,1],"23":[2,1],"24":[1,1],"25":[0,1],"26":[0,1],"27":[0,1],"28":[1,0],"29":[1,0],"30":[2,1],"31":[1,1],"32":[0,1],"33":[0,1],"34":[1,1,0,0],"35":[1,0],"36":[2,1],"37":[1,1],"38":[0,1],"39":[0,1],"40":[1,0],"41":[8,8],"42":[2,1],"43":[2,0],"44":[0,2],"45":[0,2],"46":[14,0],"47":[6,16],"48":[9,67],"49":[76,23],"50":[2,65],"51":[67,53],"52":[1,4],"53":[1,3],"54":[1,2],"55":[1,1],"56":[2,1]},"meta":{"lastBranch":57,"lastFunction":27,"lastStatement":167,"seen":{"s:7:35:14:1":0,"s:17:24:25:1":1,"s:28:28:92:1":2,"s:95:22:170:1":3,"f:129:11:129:12":0,"s:129:21:129:56":4,"b:129:22:129:45:129:49:129:50":0,"f:137:11:137:12":1,"s:137:21:137:53":5,"b:137:22:137:41:137:45:137:46":1,"f:145:11:145:12":2,"s:146:6:151:7":6,"s:147:25:147:45":7,"b:147:25:147:39:147:43:147:45":2,"s:148:8:148:36":8,"s:150:8:150:21":9,"f:160:11:160:12":3,"s:161:6:166:7":10,"s:162:22:162:48":11,"b:162:22:162:42:162:46:162:48":3,"s:163:8:163:33":12,"s:165:8:165:21":13,"f:175:9:175:32":4,"s:176:17:185:3":14,"s:187:14:187:15":15,"s:188:18:188:20":16,"s:189:19:189:21":17,"s:191:2:204:5":18,"f:191:17:191:22":5,"s:192:18:192:37":19,"s:193:21:193:64":20,"b:193:21:193:26:193:30:193:64":4,"b:195:4:203:5:197:11:203:5":5,"s:195:4:203:5":21,"s:196:6:196:28":22,"b:198:6:202:7:200:13:202:7":6,"s:198:6:202:7":23,"s:199:8:199:65":24,"s:201:8:201:66":25,"s:206:2:206:38":26,"f:212:9:212:39":6,"s:213:17:218:3":27,"s:220:14:220:15":28,"s:221:18:221:20":29,"s:222:19:222:21":30,"s:224:2:237:5":31,"f:224:17:224:22":7,"s:225:18:225:37":32,"s:226:21:226:64":33,"b:226:21:226:26:226:30:226:64":7,"b:228:4:236:5:230:11:236:5":8,"s:228:4:236:5":34,"s:229:6:229:28":35,"b:231:6:235:7:233:13:235:7":9,"s:231:6:235:7":36,"s:232:8:232:65":37,"s:234:8:234:66":38,"s:239:2:239:38":39,"f:245:9:245:33":8,"s:246:21:246:46":40,"b:246:21:246:40:246:44:246:46":10,"b:248:2:254:3:undefined:undefined:undefined:undefined":11,"s:248:2:254:3":41,"s:249:4:253:6":42,"s:257:14:257:16":43,"s:258:19:258:21":44,"b:261:2:261:42:undefined:undefined:undefined:undefined":12,"s:261:2:261:42":45,"s:261:30:261:42":46,"b:262:2:262:42:undefined:undefined:undefined:undefined":13,"s:262:2:262:42":47,"s:262:30:262:42":48,"s:265:27:265:93":49,"f:265:45:265:46":9,"s:265:50:265:92":50,"b:265:50:265:63:265:67:265:92":14,"s:266:2:266:76":51,"s:269:30:269:73":52,"b:270:2:276:3:undefined:undefined:undefined:undefined":15,"s:270:2:276:3":53,"s:271:4:275:7":54,"b:278:2:280:3:undefined:undefined:undefined:undefined":16,"s:278:2:280:3":55,"s:279:4:279:104":56,"s:282:2:282:64":57,"f:288:9:288:32":10,"s:289:20:289:44":58,"b:289:20:289:38:289:42:289:44":17,"b:291:2:297:3:undefined:undefined:undefined:undefined":18,"s:291:2:297:3":59,"s:292:4:296:6":60,"s:299:14:299:16":61,"s:300:19:300:21":62,"b:303:2:303:41:undefined:undefined:undefined:undefined":19,"s:303:2:303:41":63,"s:303:29:303:41":64,"s:306:27:306:94":65,"f:306:44:306:45":11,"s:306:49:306:93":66,"b:306:49:306:63:306:67:306:93":20,"s:307:2:307:75":67,"b:310:2:312:3:undefined:undefined:undefined:undefined":21,"s:310:2:312:3":68,"s:311:4:311:102":69,"s:314:30:314:72":70,"b:315:2:321:3:undefined:undefined:undefined:undefined":22,"s:315:2:321:3":71,"s:316:4:320:7":72,"s:323:2:323:64":73,"f:329:9:329:29":12,"s:330:17:330:38":74,"b:330:17:330:32:330:36:330:38":23,"b:332:2:338:3:undefined:undefined:undefined:undefined":24,"s:332:2:338:3":75,"s:333:4:337:6":76,"s:340:14:340:16":77,"s:341:19:341:21":78,"b:344:2:344:38:undefined:undefined:undefined:undefined":25,"s:344:2:344:38":79,"s:344:26:344:38":80,"b:345:2:345:38:undefined:undefined:undefined:undefined":26,"s:345:2:345:38":81,"s:345:26:345:38":82,"b:346:2:346:39:undefined:undefined:undefined:undefined":27,"s:346:2:346:39":83,"s:346:27:346:39":84,"s:349:21:349:57":85,"f:349:40:349:41":13,"s:349:45:349:55":86,"s:350:2:350:45":87,"b:353:2:355:3:undefined:undefined:undefined:undefined":28,"s:353:2:355:3":88,"s:354:4:354:77":89,"b:357:2:359:3:undefined:undefined:undefined:undefined":29,"s:357:2:359:3":90,"s:358:4:358:89":91,"s:361:2:361:64":92,"f:367:9:367:31":14,"s:368:2:397:3":93,"s:370:21:370:45":94,"b:370:21:370:39:370:43:370:45":30,"b:372:4:378:5:undefined:undefined:undefined:undefined":31,"s:372:4:378:5":95,"s:373:6:377:8":96,"s:380:16:380:18":97,"s:381:21:381:23":98,"b:383:4:383:42:undefined:undefined:undefined:undefined":32,"s:383:4:383:42":99,"s:383:30:383:42":100,"b:384:4:384:42:undefined:undefined:undefined:undefined":33,"s:384:4:384:42":101,"s:384:30:384:42":102,"s:387:21:387:115":103,"f:387:37:387:38":15,"s:387:42:387:114":104,"b:387:43:387:48:387:52:387:68:387:74:387:86:387:90:387:113":34,"s:388:4:388:68":105,"b:390:4:392:5:undefined:undefined:undefined:undefined":35,"s:390:4:392:5":106,"s:391:6:391:94":107,"s:394:4:394:66":108,"s:396:4:396:85":109,"f:403:9:403:37":16,"s:404:2:429:3":110,"s:406:27:406:57":111,"b:406:27:406:51:406:55:406:57":36,"b:408:4:414:5:undefined:undefined:undefined:undefined":37,"s:408:4:414:5":112,"s:409:6:413:8":113,"s:416:16:416:18":114,"s:417:21:417:23":115,"b:419:4:419:48:undefined:undefined:undefined:undefined":38,"s:419:4:419:48":116,"s:419:36:419:48":117,"b:420:4:420:48:undefined:undefined:undefined:undefined":39,"s:420:4:420:48":118,"s:420:36:420:48":119,"b:422:4:424:5:undefined:undefined:undefined:undefined":40,"s:422:4:424:5":120,"s:423:6:423:106":121,"s:426:4:426:66":122,"s:428:4:428:91":123,"f:435:16:435:44":17,"s:436:19:444:3":124,"s:447:21:447:22":125,"s:448:2:450:5":126,"f:448:32:448:35":18,"s:449:4:449:71":127,"s:453:22:453:51":128,"s:456:23:461:4":129,"f:456:37:456:42":19,"b:457:4:459:5:undefined:undefined:undefined:undefined":41,"s:457:4:459:5":130,"s:458:6:458:35":131,"s:460:4:460:43":132,"s:464:19:464:52":133,"b:464:19:464:36:464:40:464:52":42,"s:465:20:465:83":134,"b:465:20:465:49:465:53:465:83":43,"s:467:27:467:42":135,"b:468:2:472:3:470:9:472:3":44,"s:468:2:472:3":136,"s:469:4:469:37":137,"b:470:9:472:3:undefined:undefined:undefined:undefined":45,"s:470:9:472:3":138,"s:471:4:471:41":139,"s:474:2:481:4":140,"f:487:9:487:28":20,"s:488:22:488:24":141,"s:490:2:514:5":142,"f:490:32:490:42":21,"s:491:20:491:40":143,"s:492:24:492:69":144,"b:492:24:492:55:492:59:492:69":46,"s:495:4:502:7":145,"f:495:28:495:32":22,"s:496:6:501:9":146,"s:505:4:513:7":147,"f:505:29:505:33":23,"s:506:24:506:84":148,"b:506:37:506:71:506:74:506:84":47,"s:507:6:512:9":149,"s:517:2:521:5":150,"f:517:26:517:27":24,"b:518:4:518:66:undefined:undefined:undefined:undefined":48,"s:518:4:518:66":151,"b:518:8:518:29:518:33:518:54":49,"s:518:56:518:66":152,"b:519:4:519:65:undefined:undefined:undefined:undefined":50,"s:519:4:519:65":153,"b:519:8:519:29:519:33:519:54":51,"s:519:56:519:65":154,"s:520:4:520:31":155,"f:527:16:527:34":25,"b:528:2:528:131:undefined:undefined:undefined:undefined":52,"s:528:2:528:131":156,"s:528:19:528:131":157,"b:529:2:529:125:undefined:undefined:undefined:undefined":53,"s:529:2:529:125":158,"s:529:19:529:125":159,"b:530:2:530:129:undefined:undefined:undefined:undefined":54,"s:530:2:530:129":160,"s:530:19:530:129":161,"b:531:2:531:129:undefined:undefined:undefined:undefined":55,"s:531:2:531:129":162,"s:531:19:531:129":163,"s:532:2:532:109":164,"f:538:16:538:31":26,"s:539:19:557:3":165,"s:559:2:559:34":166,"b:559:9:559:24:559:28:559:33":56}}}
}
