TN:
SF:src\App.jsx
FN:1,(empty-report)
FNF:1
FNH:0
FNDA:0,(empty-report)
DA:1,0
DA:2,0
DA:3,0
DA:4,0
DA:5,0
DA:6,0
DA:7,0
DA:8,0
DA:9,0
DA:10,0
DA:11,0
DA:12,0
DA:13,0
DA:14,0
DA:15,0
DA:16,0
DA:17,0
DA:18,0
DA:19,0
DA:20,0
DA:21,0
DA:22,0
DA:23,0
DA:24,0
DA:25,0
DA:26,0
DA:27,0
DA:28,0
DA:29,0
DA:30,0
DA:31,0
DA:32,0
LF:32
LH:0
BRDA:1,0,0,0
BRF:1
BRH:0
end_of_record
TN:
SF:src\api\axios.js
FN:11,setAuthToken
FN:21,api.interceptors.response.use.customError.message
FN:96,retryRequest
FN:124,getErrorMessage
FN:133,getValidationErrors
FN:143,isErrorCode
FNF:6
FNH:5
FNDA:3,setAuthToken
FNDA:0,api.interceptors.response.use.customError.message
FNDA:2,retryRequest
FNDA:1,getErrorMessage
FNDA:1,getValidationErrors
FNDA:2,isErrorCode
DA:1,1
DA:2,1
DA:3,1
DA:4,1
DA:5,1
DA:6,1
DA:7,1
DA:8,1
DA:9,1
DA:10,1
DA:11,1
DA:12,3
DA:13,2
DA:14,3
DA:15,1
DA:16,1
DA:17,3
DA:18,1
DA:19,1
DA:20,1
DA:21,1
DA:22,0
DA:23,0
DA:24,1
DA:25,1
DA:26,0
DA:27,0
DA:28,0
DA:29,0
DA:30,0
DA:31,0
DA:32,0
DA:33,0
DA:34,0
DA:35,0
DA:36,0
DA:37,0
DA:38,0
DA:39,0
DA:40,0
DA:41,0
DA:42,0
DA:43,0
DA:44,0
DA:45,0
DA:46,0
DA:47,0
DA:48,0
DA:49,0
DA:50,0
DA:51,0
DA:52,0
DA:53,0
DA:54,0
DA:55,0
DA:56,0
DA:57,0
DA:58,0
DA:59,0
DA:60,0
DA:61,0
DA:62,0
DA:63,0
DA:64,0
DA:65,0
DA:66,0
DA:67,0
DA:68,0
DA:69,0
DA:70,0
DA:71,0
DA:72,0
DA:73,0
DA:74,0
DA:75,0
DA:76,1
DA:77,1
DA:78,1
DA:79,1
DA:80,1
DA:81,0
DA:82,0
DA:83,0
DA:84,1
DA:85,1
DA:86,0
DA:87,0
DA:88,1
DA:89,1
DA:90,1
DA:91,1
DA:92,1
DA:93,1
DA:94,1
DA:95,1
DA:96,1
DA:97,2
DA:98,2
DA:99,2
DA:100,4
DA:101,4
DA:102,4
DA:103,3
DA:104,3
DA:105,3
DA:106,3
DA:107,1
DA:108,1
DA:109,2
DA:110,2
DA:111,2
DA:112,2
DA:113,2
DA:114,4
DA:115,2
DA:116,2
DA:117,2
DA:118,1
DA:119,1
DA:120,1
DA:121,1
DA:122,1
DA:123,1
DA:124,1
DA:125,1
DA:126,1
DA:127,1
DA:128,1
DA:129,1
DA:130,1
DA:131,1
DA:132,1
DA:133,1
DA:134,1
DA:135,1
DA:136,1
DA:137,1
DA:138,1
DA:139,1
DA:140,1
DA:141,1
DA:142,1
DA:143,1
DA:144,2
DA:145,2
DA:146,1
DA:147,1
LF:147
LH:90
BRDA:11,0,0,3
BRDA:12,1,0,2
BRDA:14,2,0,1
BRDA:96,3,0,2
BRDA:99,4,0,4
BRDA:102,5,0,3
BRDA:106,6,0,2
BRDA:106,7,0,1
BRDA:109,8,0,2
BRDA:112,9,0,2
BRDA:124,10,0,1
BRDA:125,11,0,0
BRDA:125,12,0,0
BRDA:133,13,0,1
BRDA:134,14,0,0
BRDA:143,15,0,2
BRF:16
BRH:13
end_of_record
TN:
SF:src\api\__mocks__\axios.js
FN:1,(empty-report)
FNF:1
FNH:0
FNDA:0,(empty-report)
DA:1,0
DA:2,0
DA:3,0
DA:4,0
DA:5,0
DA:6,0
DA:7,0
DA:8,0
DA:9,0
DA:10,0
DA:11,0
DA:12,0
DA:13,0
DA:14,0
DA:15,0
DA:16,0
DA:17,0
DA:18,0
DA:19,0
DA:20,0
DA:21,0
DA:22,0
DA:23,0
DA:24,0
DA:25,0
DA:26,0
DA:27,0
DA:28,0
DA:29,0
DA:30,0
DA:31,0
DA:32,0
LF:32
LH:0
BRDA:1,0,0,0
BRF:1
BRH:0
end_of_record
TN:
SF:src\components\Breadcrumb.jsx
FN:1,(empty-report)
FNF:1
FNH:0
FNDA:0,(empty-report)
DA:1,0
DA:2,0
DA:3,0
DA:4,0
DA:5,0
DA:6,0
DA:7,0
DA:8,0
DA:9,0
DA:10,0
DA:11,0
DA:12,0
DA:13,0
DA:14,0
DA:15,0
DA:16,0
DA:17,0
DA:18,0
DA:19,0
DA:20,0
DA:21,0
DA:22,0
DA:23,0
DA:24,0
DA:25,0
DA:26,0
DA:27,0
DA:28,0
DA:29,0
DA:30,0
DA:31,0
DA:32,0
DA:33,0
DA:34,0
DA:35,0
DA:36,0
DA:37,0
DA:38,0
DA:39,0
DA:40,0
DA:41,0
DA:42,0
DA:43,0
DA:44,0
DA:45,0
DA:46,0
DA:47,0
DA:48,0
DA:49,0
DA:50,0
DA:51,0
DA:52,0
DA:53,0
DA:54,0
DA:55,0
DA:56,0
DA:57,0
DA:58,0
DA:59,0
DA:60,0
DA:61,0
DA:62,0
DA:63,0
DA:64,0
DA:65,0
DA:66,0
DA:67,0
DA:68,0
DA:69,0
DA:70,0
DA:71,0
DA:72,0
DA:73,0
DA:74,0
DA:75,0
DA:76,0
DA:77,0
DA:78,0
DA:79,0
DA:80,0
DA:81,0
DA:82,0
LF:82
LH:0
BRDA:1,0,0,0
BRF:1
BRH:0
end_of_record
TN:
SF:src\components\Button.jsx
FN:7,Button
FNF:1
FNH:1
FNDA:1109,Button
DA:1,1
DA:2,1
DA:3,1
DA:4,1
DA:5,1
DA:6,1
DA:7,1109
DA:8,1109
DA:9,1109
DA:10,1109
DA:11,1109
DA:12,1109
DA:13,1109
DA:14,1109
DA:15,1109
DA:16,1109
DA:17,1109
DA:18,1109
DA:19,1109
DA:20,1109
DA:21,1109
DA:22,1109
DA:23,1109
DA:24,1109
DA:25,1109
DA:26,1109
DA:27,1109
DA:28,1109
DA:29,1109
DA:30,1109
DA:31,1109
DA:32,1109
DA:33,1109
DA:34,1109
DA:35,1109
DA:36,1109
DA:37,1109
DA:38,1109
DA:39,1109
DA:40,1109
DA:41,1109
DA:42,1109
DA:43,1109
DA:44,1109
DA:45,1109
DA:46,2
DA:47,2
DA:48,2
DA:49,1109
DA:50,1109
DA:51,1109
DA:52,1109
LF:52
LH:52
BRDA:7,0,0,1109
BRDA:38,1,0,2
BRDA:41,2,0,801
BRDA:45,3,0,2
BRDA:47,4,0,0
BRDA:47,5,0,0
BRF:6
BRH:4
end_of_record
TN:
SF:src\components\Card.jsx
FN:16,Card
FN:52,Card.__vite_ssr_import_0__.jsxDEV.onKeyDown
FNF:2
FNH:1
FNDA:1185,Card
FNDA:0,Card.__vite_ssr_import_0__.jsxDEV.onKeyDown
DA:1,1
DA:2,1
DA:3,1
DA:4,1
DA:5,1
DA:6,1
DA:7,1
DA:8,1
DA:9,1
DA:10,1
DA:11,1
DA:12,1
DA:13,1
DA:14,1
DA:15,1
DA:16,1185
DA:17,1185
DA:18,1185
DA:19,1185
DA:20,1185
DA:21,1185
DA:22,1185
DA:23,1185
DA:24,1185
DA:25,1185
DA:26,1185
DA:27,1185
DA:28,1185
DA:29,1185
DA:30,1185
DA:31,1185
DA:32,1185
DA:33,1185
DA:34,1185
DA:35,1185
DA:36,1185
DA:37,1185
DA:38,1185
DA:39,1185
DA:40,1185
DA:41,1185
DA:42,1185
DA:43,1185
DA:44,1185
DA:45,1185
DA:46,1185
DA:47,1185
DA:48,1185
DA:49,1185
DA:50,1185
DA:51,1185
DA:52,1185
DA:53,0
DA:54,0
DA:55,0
DA:56,0
DA:57,1185
DA:58,1185
DA:59,1185
DA:60,1185
DA:61,1084
DA:62,1084
DA:63,1084
DA:64,1185
DA:65,1185
DA:66,1185
DA:67,1185
DA:68,1185
DA:69,1
DA:70,1
DA:71,1
DA:72,1
DA:73,1
DA:74,1
DA:75,1
DA:76,1
DA:77,1
DA:78,1
DA:79,1
DA:80,1
DA:81,1
DA:82,1
DA:83,1
DA:84,1
DA:85,1
DA:86,1
LF:86
LH:82
BRDA:16,0,0,1185
BRDA:27,1,0,1146
BRDA:27,2,0,1145
BRDA:41,3,0,0
BRDA:42,4,0,41
BRDA:42,5,0,39
BRDA:42,6,0,1146
BRDA:50,7,0,1
BRDA:50,8,0,1184
BRDA:51,9,0,1
BRDA:51,10,0,1184
BRDA:52,11,0,1
BRDA:57,12,0,1184
BRDA:60,13,0,1084
BRF:14
BRH:13
end_of_record
TN:
SF:src\components\Container.jsx
FN:15,Container
FNF:1
FNH:1
FNDA:31,Container
DA:1,1
DA:2,1
DA:3,1
DA:4,1
DA:5,1
DA:6,1
DA:7,1
DA:8,1
DA:9,1
DA:10,1
DA:11,1
DA:12,1
DA:13,1
DA:14,1
DA:15,31
DA:16,31
DA:17,31
DA:18,31
DA:19,31
DA:20,31
DA:21,31
DA:22,31
DA:23,31
DA:24,31
DA:25,31
DA:26,31
DA:27,31
DA:28,31
DA:29,31
DA:30,31
DA:31,31
DA:32,31
DA:33,31
DA:34,31
DA:35,31
DA:36,31
DA:37,31
DA:38,31
DA:39,31
DA:40,31
DA:41,31
DA:42,1
DA:43,1
DA:44,1
DA:45,1
DA:46,1
DA:47,1
DA:48,1
DA:49,1
DA:50,1
LF:50
LH:50
BRDA:15,0,0,31
BRDA:30,1,0,0
BRDA:31,2,0,0
BRDA:32,3,0,0
BRF:4
BRH:1
end_of_record
TN:
SF:src\components\ErrorBoundary.jsx
FN:1,(empty-report)
FNF:1
FNH:0
FNDA:0,(empty-report)
DA:1,0
DA:2,0
DA:3,0
DA:4,0
DA:5,0
DA:6,0
DA:7,0
DA:8,0
DA:9,0
DA:10,0
DA:11,0
DA:12,0
DA:13,0
DA:14,0
DA:15,0
DA:16,0
DA:17,0
DA:18,0
DA:19,0
DA:20,0
DA:21,0
DA:22,0
DA:23,0
DA:24,0
DA:25,0
DA:26,0
DA:27,0
DA:28,0
DA:29,0
DA:30,0
DA:31,0
DA:32,0
DA:33,0
DA:34,0
DA:35,0
DA:36,0
DA:37,0
DA:38,0
DA:39,0
DA:40,0
DA:41,0
DA:42,0
DA:43,0
DA:44,0
DA:45,0
DA:46,0
DA:47,0
DA:48,0
DA:49,0
DA:50,0
DA:51,0
DA:52,0
DA:53,0
DA:54,0
DA:55,0
DA:56,0
DA:57,0
DA:58,0
DA:59,0
DA:60,0
DA:61,0
DA:62,0
DA:63,0
DA:64,0
DA:65,0
DA:66,0
DA:67,0
DA:68,0
DA:69,0
DA:70,0
DA:71,0
DA:72,0
DA:73,0
DA:74,0
DA:75,0
DA:76,0
DA:77,0
DA:78,0
DA:79,0
DA:80,0
DA:81,0
DA:82,0
DA:83,0
DA:84,0
DA:85,0
DA:86,0
DA:87,0
DA:88,0
DA:89,0
DA:90,0
DA:91,0
DA:92,0
DA:93,0
DA:94,0
DA:95,0
DA:96,0
DA:97,0
DA:98,0
DA:99,0
DA:100,0
DA:101,0
DA:102,0
DA:103,0
DA:104,0
DA:105,0
DA:106,0
DA:107,0
DA:108,0
DA:109,0
DA:110,0
DA:111,0
DA:112,0
DA:113,0
DA:114,0
DA:115,0
DA:116,0
DA:117,0
DA:118,0
DA:119,0
DA:120,0
LF:120
LH:0
BRDA:1,0,0,0
BRF:1
BRH:0
end_of_record
TN:
SF:src\components\ErrorMessage.jsx
FN:7,ErrorMessage
FN:110,FieldError
FNF:2
FNH:2
FNDA:26,ErrorMessage
FNDA:1440,FieldError
DA:1,1
DA:2,1
DA:3,1
DA:4,1
DA:5,1
DA:6,1
DA:7,26
DA:8,26
DA:9,26
DA:10,26
DA:11,26
DA:12,26
DA:13,26
DA:14,24
DA:15,26
DA:16,26
DA:17,26
DA:18,26
DA:19,26
DA:20,26
DA:21,26
DA:22,26
DA:23,26
DA:24,26
DA:25,26
DA:26,26
DA:27,26
DA:28,26
DA:29,26
DA:30,26
DA:31,26
DA:32,26
DA:33,26
DA:34,26
DA:35,26
DA:36,26
DA:37,26
DA:38,26
DA:39,26
DA:40,26
DA:41,26
DA:42,26
DA:43,26
DA:44,26
DA:45,2
DA:46,2
DA:47,3
DA:48,3
DA:49,3
DA:50,3
DA:51,2
DA:52,2
DA:53,26
DA:54,26
DA:55,26
DA:56,26
DA:57,26
DA:58,26
DA:59,3
DA:60,3
DA:61,3
DA:62,3
DA:63,3
DA:64,3
DA:65,26
DA:66,26
DA:67,12
DA:68,12
DA:69,12
DA:70,12
DA:71,12
DA:72,12
DA:73,26
DA:74,26
DA:75,26
DA:76,26
DA:77,26
DA:78,26
DA:79,12
DA:80,12
DA:81,12
DA:82,12
DA:83,12
DA:84,12
DA:85,12
DA:86,12
DA:87,12
DA:88,12
DA:89,12
DA:90,12
DA:91,12
DA:92,12
DA:93,12
DA:94,26
DA:95,26
DA:96,26
DA:97,26
DA:98,26
DA:99,1
DA:100,1
DA:101,1
DA:102,1
DA:103,1
DA:104,1
DA:105,1
DA:106,1
DA:107,1
DA:108,1
DA:109,1
DA:110,1
DA:111,1440
DA:112,5
DA:113,5
DA:114,5
DA:115,5
DA:116,5
DA:117,1440
DA:118,1
DA:119,1
DA:120,1
DA:121,1
DA:122,1
DA:123,1
DA:124,1
DA:125,1
DA:126,1
DA:127,1
DA:128,1
DA:129,1
LF:129
LH:129
BRDA:7,0,0,26
BRDA:13,1,0,2
BRDA:13,2,0,24
BRDA:15,3,0,15
BRDA:15,4,0,23
BRDA:16,5,0,15
BRDA:16,6,0,21
BRDA:17,7,0,15
BRDA:17,8,0,9
BRDA:17,9,0,1
BRDA:18,10,0,15
BRDA:18,11,0,22
BRDA:38,12,0,1
BRDA:38,13,0,23
BRDA:44,14,0,2
BRDA:58,15,0,3
BRDA:58,16,0,3
BRDA:66,17,0,12
BRDA:78,18,0,12
BRDA:46,19,0,3
BRDA:110,20,0,1440
BRDA:111,21,0,45
BRDA:111,22,0,1435
BRDA:111,23,0,5
BRDA:117,24,0,4
BRDA:117,25,0,1
BRDA:114,26,0,5
BRF:27
BRH:27
end_of_record
TN:
SF:src\components\InputField.jsx
FN:5,InputField
FNF:1
FNH:1
FNDA:1287,InputField
DA:1,1
DA:2,1
DA:3,1
DA:4,1
DA:5,1287
DA:6,1287
DA:7,1287
DA:8,1287
DA:9,1287
DA:10,1287
DA:11,1287
DA:12,1287
DA:13,1287
DA:14,1287
DA:15,1287
DA:16,1287
DA:17,1287
DA:18,1287
DA:19,1287
DA:20,1287
DA:21,1287
DA:22,1287
DA:23,1287
DA:24,1287
DA:25,3
DA:26,1284
DA:27,1287
DA:28,1287
DA:29,1287
DA:30,1287
DA:31,1287
DA:32,1287
DA:33,1269
DA:34,1269
DA:35,1269
DA:36,1269
DA:37,1269
DA:38,1269
DA:39,1287
DA:40,1287
DA:41,1287
DA:42,1287
DA:43,1287
DA:44,1287
DA:45,1287
DA:46,1287
DA:47,1287
DA:48,1287
DA:49,1287
DA:50,1287
DA:51,1287
DA:52,1287
DA:53,1287
DA:54,1287
DA:55,1287
DA:56,4
DA:57,4
DA:58,4
DA:59,4
DA:60,4
DA:61,4
DA:62,4
DA:63,4
DA:64,4
DA:65,1287
DA:66,1287
DA:67,1287
DA:68,1287
LF:68
LH:68
BRDA:5,0,0,1287
BRDA:23,1,0,2
BRDA:24,2,0,3
BRDA:25,3,0,1284
BRDA:32,4,0,1269
BRDA:36,5,0,577
BRDA:50,6,0,3
BRDA:50,7,0,1284
BRDA:51,8,0,3
BRDA:51,9,0,1284
BRDA:51,10,0,1
BRDA:51,11,0,1283
BRDA:55,12,0,1284
BRDA:55,13,0,4
BRDA:57,14,0,3
BRDA:57,15,0,1
BRDA:60,16,0,3
BRDA:60,17,0,1
BRDA:63,18,0,1
BRF:19
BRH:19
end_of_record
TN:
SF:src\components\LoadingSpinner.jsx
FN:12,LoadingSpinner
FNF:1
FNH:1
FNDA:40,LoadingSpinner
DA:1,1
DA:2,1
DA:3,1
DA:4,1
DA:5,1
DA:6,1
DA:7,1
DA:8,1
DA:9,1
DA:10,1
DA:11,1
DA:12,1
DA:13,40
DA:14,40
DA:15,40
DA:16,40
DA:17,40
DA:18,40
DA:19,40
DA:20,40
DA:21,40
DA:22,40
DA:23,40
DA:24,40
DA:25,40
DA:26,40
DA:27,40
DA:28,40
DA:29,40
DA:30,40
DA:31,40
DA:32,40
DA:33,40
DA:34,40
DA:35,40
DA:36,40
DA:37,17
DA:38,17
DA:39,17
DA:40,23
DA:41,23
DA:42,23
DA:43,23
DA:44,23
DA:45,23
DA:46,23
DA:47,23
DA:48,23
DA:49,23
DA:50,40
DA:51,40
DA:52,40
DA:53,40
DA:54,40
DA:55,40
DA:56,40
DA:57,40
DA:58,40
DA:59,40
DA:60,40
DA:61,40
DA:62,40
DA:63,40
DA:64,40
DA:65,21
DA:66,21
DA:67,21
DA:68,21
DA:69,21
DA:70,21
DA:71,19
DA:72,19
DA:73,19
DA:74,1
DA:75,1
DA:76,1
DA:77,1
DA:78,1
DA:79,1
DA:80,1
DA:81,1
DA:82,1
LF:82
LH:82
BRDA:12,0,0,40
BRDA:36,1,0,17
BRDA:39,2,0,23
BRDA:64,3,0,21
BRDA:70,4,0,19
BRF:5
BRH:5
end_of_record
TN:
SF:src\components\Logo.jsx
FN:12,Logo
FNF:1
FNH:1
FNDA:17,Logo
DA:1,1
DA:2,1
DA:3,1
DA:4,1
DA:5,1
DA:6,1
DA:7,1
DA:8,1
DA:9,1
DA:10,1
DA:11,1
DA:12,1
DA:13,17
DA:14,17
DA:15,17
DA:16,17
DA:17,17
DA:18,17
DA:19,17
DA:20,17
DA:21,17
DA:22,17
DA:23,17
DA:24,17
DA:25,17
DA:26,17
DA:27,17
DA:28,17
DA:29,17
DA:30,17
DA:31,17
DA:32,17
DA:33,17
DA:34,17
DA:35,17
DA:36,17
DA:37,17
DA:38,17
DA:39,17
DA:40,17
DA:41,17
DA:42,17
DA:43,17
DA:44,17
DA:45,17
DA:46,17
DA:47,17
DA:48,17
DA:49,17
DA:50,17
DA:51,17
DA:52,17
DA:53,17
DA:54,17
DA:55,17
DA:56,17
DA:57,17
DA:58,17
DA:59,17
DA:60,17
DA:61,17
DA:62,17
DA:63,1
DA:64,1
DA:65,1
DA:66,1
DA:67,1
DA:68,1
DA:69,1
DA:70,1
DA:71,1
DA:72,1
LF:72
LH:72
BRDA:12,0,0,17
BRDA:45,1,0,0
BRDA:46,2,0,0
BRF:3
BRH:1
end_of_record
TN:
SF:src\components\Navbar.jsx
FN:8,Navbar
FNF:1
FNH:0
FNDA:0,Navbar
DA:1,1
DA:2,1
DA:3,1
DA:4,1
DA:5,1
DA:6,1
DA:7,1
DA:8,0
DA:9,0
DA:10,0
DA:11,0
DA:12,0
DA:13,0
DA:14,0
DA:15,0
DA:16,0
DA:17,0
DA:18,0
DA:19,0
DA:20,0
DA:21,0
DA:22,0
DA:23,0
DA:24,0
DA:25,0
DA:26,0
DA:27,0
DA:28,0
DA:29,0
DA:30,0
DA:31,0
DA:32,0
DA:33,0
DA:34,0
DA:35,0
DA:36,0
DA:37,0
DA:38,0
DA:39,0
DA:40,0
DA:41,0
DA:42,0
DA:43,0
DA:44,0
DA:45,0
DA:46,0
DA:47,0
DA:48,0
DA:49,0
DA:50,0
DA:51,0
DA:52,0
DA:53,0
DA:54,0
DA:55,0
DA:56,0
DA:57,0
DA:58,0
DA:59,0
DA:60,0
DA:61,0
DA:62,0
DA:63,0
DA:64,0
DA:65,0
DA:66,0
DA:67,0
DA:68,0
DA:69,0
DA:70,0
DA:71,0
DA:72,0
DA:73,0
DA:74,0
DA:75,0
DA:76,0
DA:77,0
DA:78,0
DA:79,0
DA:80,0
DA:81,0
DA:82,0
DA:83,0
DA:84,0
DA:85,0
DA:86,0
DA:87,0
DA:88,0
DA:89,0
DA:90,0
DA:91,0
DA:92,0
DA:93,0
DA:94,0
DA:95,0
DA:96,0
DA:97,0
DA:98,0
DA:99,0
DA:100,0
DA:101,0
DA:102,0
DA:103,0
DA:104,0
DA:105,0
DA:106,0
DA:107,0
DA:108,0
DA:109,0
DA:110,0
DA:111,0
DA:112,0
DA:113,0
DA:114,0
DA:115,0
DA:116,0
DA:117,0
DA:118,0
DA:119,0
DA:120,0
DA:121,0
DA:122,0
DA:123,0
DA:124,0
DA:125,0
DA:126,0
DA:127,0
DA:128,0
DA:129,0
DA:130,0
DA:131,0
DA:132,0
DA:133,0
DA:134,0
DA:135,0
DA:136,0
DA:137,0
DA:138,0
DA:139,0
DA:140,0
DA:141,0
DA:142,0
DA:143,0
DA:144,0
DA:145,0
DA:146,0
DA:147,0
DA:148,0
DA:149,0
DA:150,0
DA:151,0
DA:152,0
DA:153,0
DA:154,0
DA:155,0
DA:156,0
DA:157,0
DA:158,0
DA:159,0
DA:160,0
DA:161,0
DA:162,0
DA:163,0
DA:164,0
DA:165,0
DA:166,0
DA:167,0
DA:168,0
DA:169,0
DA:170,0
DA:171,0
DA:172,0
DA:173,0
DA:174,0
DA:175,0
DA:176,0
DA:177,0
DA:178,0
DA:179,0
DA:180,0
DA:181,0
DA:182,0
DA:183,0
DA:184,0
DA:185,0
DA:186,0
DA:187,0
DA:188,0
DA:189,0
DA:190,0
DA:191,0
DA:192,0
DA:193,0
DA:194,0
DA:195,0
DA:196,0
DA:197,0
DA:198,0
DA:199,0
DA:200,0
DA:201,0
DA:202,0
DA:203,0
DA:204,0
DA:205,0
DA:206,0
DA:207,0
DA:208,0
DA:209,0
DA:210,0
DA:211,0
DA:212,0
DA:213,0
DA:214,0
DA:215,0
DA:216,0
DA:217,0
DA:218,0
DA:219,0
DA:220,0
DA:221,0
DA:222,0
DA:223,0
DA:224,0
DA:225,0
DA:226,0
DA:227,0
DA:228,0
DA:229,0
DA:230,0
DA:231,0
DA:232,0
DA:233,0
DA:234,0
DA:235,0
DA:236,0
DA:237,0
DA:238,0
DA:239,0
DA:240,0
DA:241,0
DA:242,0
DA:243,0
DA:244,0
DA:245,0
DA:246,0
DA:247,0
DA:248,0
DA:249,0
DA:250,0
DA:251,0
DA:252,0
DA:253,0
DA:254,0
DA:255,0
DA:256,0
DA:257,0
DA:258,0
DA:259,0
DA:260,0
DA:261,0
DA:262,0
DA:263,0
DA:264,0
DA:265,0
DA:266,0
DA:267,0
DA:268,0
DA:269,0
DA:270,0
DA:271,0
DA:272,0
DA:273,0
DA:274,0
DA:275,0
DA:276,0
LF:276
LH:7
BRF:0
BRH:0
end_of_record
TN:
SF:src\components\ProfileCompleteness.jsx
FN:10,ProfileCompleteness
FNF:1
FNH:0
FNDA:0,ProfileCompleteness
DA:1,1
DA:2,1
DA:3,1
DA:4,1
DA:5,1
DA:6,1
DA:7,1
DA:8,1
DA:9,1
DA:10,0
DA:11,0
DA:12,0
DA:13,0
DA:14,0
DA:15,0
DA:16,0
DA:17,0
DA:18,0
DA:19,0
DA:20,0
DA:21,0
DA:22,0
DA:23,0
DA:24,0
DA:25,0
DA:26,0
DA:27,0
DA:28,0
DA:29,0
DA:30,0
DA:31,0
DA:32,0
DA:33,0
DA:34,0
DA:35,0
DA:36,0
DA:37,0
DA:38,0
DA:39,0
DA:40,0
DA:41,0
DA:42,0
DA:43,0
DA:44,0
DA:45,0
DA:46,0
DA:47,0
DA:48,0
DA:49,0
DA:50,0
DA:51,0
DA:52,0
DA:53,0
DA:54,0
DA:55,0
DA:56,0
DA:57,0
DA:58,0
DA:59,0
DA:60,0
DA:61,0
DA:62,0
DA:63,0
DA:64,0
DA:65,0
DA:66,0
DA:67,0
DA:68,0
DA:69,0
DA:70,0
DA:71,0
DA:72,0
DA:73,0
DA:74,0
DA:75,0
DA:76,0
DA:77,0
DA:78,0
DA:79,0
DA:80,0
DA:81,0
DA:82,0
DA:83,0
DA:84,0
DA:85,0
DA:86,0
DA:87,0
DA:88,0
DA:89,0
DA:90,0
DA:91,0
DA:92,0
DA:93,0
DA:94,0
DA:95,0
DA:96,0
DA:97,0
DA:98,0
DA:99,0
DA:100,0
DA:101,0
DA:102,0
DA:103,0
DA:104,0
DA:105,0
DA:106,0
DA:107,0
DA:108,0
DA:109,0
DA:110,0
DA:111,0
DA:112,0
DA:113,0
DA:114,0
DA:115,0
DA:116,0
DA:117,0
DA:118,0
DA:119,0
DA:120,0
DA:121,0
DA:122,0
DA:123,0
DA:124,0
DA:125,0
DA:126,0
DA:127,0
DA:128,0
DA:129,0
DA:130,0
DA:131,0
DA:132,0
DA:133,0
DA:134,0
DA:135,0
DA:136,0
DA:137,0
DA:138,0
DA:139,0
DA:140,0
DA:141,0
DA:142,0
DA:143,0
DA:144,0
DA:145,0
DA:146,0
DA:147,0
DA:148,0
DA:149,0
DA:150,0
DA:151,0
DA:152,0
DA:153,0
DA:154,0
DA:155,0
DA:156,0
DA:157,0
DA:158,0
DA:159,0
DA:160,0
DA:161,0
DA:162,0
DA:163,0
DA:164,0
DA:165,0
DA:166,0
DA:167,0
DA:168,0
DA:169,0
DA:170,0
DA:171,0
DA:172,0
DA:173,0
DA:174,0
DA:175,0
DA:176,0
DA:177,0
DA:178,0
DA:179,0
DA:180,0
DA:181,0
DA:182,0
DA:183,0
DA:184,0
DA:185,0
DA:186,0
DA:187,0
DA:188,0
DA:189,0
DA:190,0
DA:191,0
DA:192,0
DA:193,0
DA:194,0
DA:195,0
DA:196,0
DA:197,0
DA:198,0
DA:199,0
DA:200,0
DA:201,0
DA:202,0
DA:203,0
DA:204,0
DA:205,0
DA:206,0
DA:207,0
DA:208,0
DA:209,0
DA:210,0
DA:211,0
DA:212,0
DA:213,0
DA:214,0
DA:215,0
DA:216,0
DA:217,0
DA:218,0
DA:219,0
DA:220,0
DA:221,0
DA:222,0
DA:223,0
DA:224,0
DA:225,0
DA:226,0
DA:227,0
DA:228,0
DA:229,0
DA:230,0
DA:231,0
DA:232,0
DA:233,0
DA:234,0
DA:235,0
DA:236,0
DA:237,0
DA:238,0
DA:239,0
DA:240,0
DA:241,0
DA:242,0
DA:243,0
DA:244,0
DA:245,0
DA:246,0
DA:247,0
DA:248,0
DA:249,0
DA:250,0
DA:251,0
DA:252,0
DA:253,0
DA:254,0
DA:255,0
DA:256,0
DA:257,0
DA:258,0
DA:259,0
DA:260,0
DA:261,0
DA:262,0
DA:263,0
DA:264,0
DA:265,0
DA:266,0
DA:267,0
DA:268,0
DA:269,0
DA:270,0
DA:271,0
DA:272,0
DA:273,0
DA:274,0
DA:275,0
DA:276,0
DA:277,0
DA:278,0
DA:279,0
DA:280,0
DA:281,0
DA:282,0
DA:283,0
DA:284,0
DA:285,0
DA:286,0
DA:287,0
DA:288,0
DA:289,0
DA:290,0
DA:291,0
DA:292,0
DA:293,0
DA:294,0
DA:295,0
DA:296,0
DA:297,0
DA:298,0
DA:299,0
DA:300,0
DA:301,0
DA:302,0
DA:303,0
DA:304,0
DA:305,0
DA:306,0
DA:307,0
DA:308,0
DA:309,0
DA:310,0
DA:311,0
DA:312,0
DA:313,0
DA:314,0
DA:315,0
DA:316,0
DA:317,0
DA:318,0
DA:319,0
DA:320,0
DA:321,0
DA:322,0
DA:323,0
DA:324,0
DA:325,0
DA:326,0
DA:327,0
DA:328,0
DA:329,0
DA:330,0
DA:331,0
DA:332,0
DA:333,0
DA:334,0
DA:335,0
DA:336,0
DA:337,0
DA:338,0
DA:339,0
DA:340,0
DA:341,0
DA:342,0
DA:343,0
DA:344,0
DA:345,0
DA:346,0
DA:347,0
DA:348,0
DA:349,0
DA:350,0
DA:351,0
DA:352,0
DA:353,0
DA:354,0
DA:355,0
DA:356,0
DA:357,0
LF:357
LH:9
BRF:0
BRH:0
end_of_record
TN:
SF:src\components\ProfileCompletenessBar.jsx
FN:1,(empty-report)
FNF:1
FNH:0
FNDA:0,(empty-report)
DA:1,0
DA:2,0
DA:3,0
DA:4,0
DA:5,0
DA:6,0
DA:7,0
DA:8,0
DA:9,0
DA:10,0
DA:11,0
DA:12,0
DA:13,0
DA:14,0
DA:15,0
DA:16,0
DA:17,0
DA:18,0
DA:19,0
DA:20,0
DA:21,0
DA:22,0
DA:23,0
DA:24,0
DA:25,0
DA:26,0
DA:27,0
DA:28,0
DA:29,0
DA:30,0
DA:31,0
DA:32,0
DA:33,0
DA:34,0
DA:35,0
DA:36,0
DA:37,0
DA:38,0
DA:39,0
DA:40,0
DA:41,0
DA:42,0
DA:43,0
DA:44,0
DA:45,0
DA:46,0
DA:47,0
LF:47
LH:0
BRDA:1,0,0,0
BRF:1
BRH:0
end_of_record
TN:
SF:src\components\ProfilePictureUpload.jsx
FN:7,ProfilePictureUpload
FNF:1
FNH:0
FNDA:0,ProfilePictureUpload
DA:1,1
DA:2,1
DA:3,1
DA:4,1
DA:5,1
DA:6,1
DA:7,0
DA:8,0
DA:9,0
DA:10,0
DA:11,0
DA:12,0
DA:13,0
DA:14,0
DA:15,0
DA:16,0
DA:17,0
DA:18,0
DA:19,0
DA:20,0
DA:21,0
DA:22,0
DA:23,0
DA:24,0
DA:25,0
DA:26,0
DA:27,0
DA:28,0
DA:29,0
DA:30,0
DA:31,0
DA:32,0
DA:33,0
DA:34,0
DA:35,0
DA:36,0
DA:37,0
DA:38,0
DA:39,0
DA:40,0
DA:41,0
DA:42,0
DA:43,0
DA:44,0
DA:45,0
DA:46,0
DA:47,0
DA:48,0
DA:49,0
DA:50,0
DA:51,0
DA:52,0
DA:53,0
DA:54,0
DA:55,0
DA:56,0
DA:57,0
DA:58,0
DA:59,0
DA:60,0
DA:61,0
DA:62,0
DA:63,0
DA:64,0
DA:65,0
DA:66,0
DA:67,0
DA:68,0
DA:69,0
DA:70,0
DA:71,0
DA:72,0
DA:73,0
DA:74,0
DA:75,0
DA:76,0
DA:77,0
DA:78,0
DA:79,0
DA:80,0
DA:81,0
DA:82,0
DA:83,0
DA:84,0
DA:85,0
DA:86,0
DA:87,0
DA:88,0
DA:89,0
DA:90,0
DA:91,0
DA:92,0
DA:93,0
DA:94,0
DA:95,0
DA:96,0
DA:97,0
DA:98,0
DA:99,0
DA:100,0
DA:101,0
DA:102,0
DA:103,0
DA:104,0
DA:105,0
DA:106,0
DA:107,0
DA:108,0
DA:109,0
DA:110,0
DA:111,0
DA:112,0
DA:113,0
DA:114,0
DA:115,0
DA:116,0
DA:117,0
DA:118,0
DA:119,0
DA:120,0
DA:121,0
DA:122,0
DA:123,0
DA:124,0
DA:125,0
DA:126,0
DA:127,0
DA:128,0
DA:129,0
DA:130,0
DA:131,0
DA:132,0
DA:133,0
DA:134,0
DA:135,0
DA:136,0
DA:137,0
DA:138,0
DA:139,0
DA:140,0
DA:141,0
DA:142,0
DA:143,0
DA:144,0
DA:145,0
DA:146,0
DA:147,0
DA:148,0
DA:149,0
DA:150,0
DA:151,0
DA:152,0
DA:153,0
DA:154,0
DA:155,0
DA:156,0
DA:157,0
DA:158,0
DA:159,0
DA:160,0
DA:161,0
DA:162,0
DA:163,0
DA:164,0
DA:165,0
DA:166,0
DA:167,0
DA:168,0
DA:169,0
DA:170,0
DA:171,0
DA:172,0
DA:173,0
DA:174,0
DA:175,0
DA:176,0
DA:177,0
DA:178,0
DA:179,0
DA:180,0
DA:181,0
DA:182,0
DA:183,0
DA:184,0
DA:185,0
DA:186,0
DA:187,0
DA:188,0
DA:189,0
DA:190,0
DA:191,0
DA:192,0
DA:193,0
DA:194,0
DA:195,0
DA:196,0
DA:197,0
DA:198,0
DA:199,0
DA:200,0
DA:201,0
DA:202,0
DA:203,0
DA:204,0
DA:205,0
DA:206,0
DA:207,0
DA:208,0
DA:209,0
DA:210,0
DA:211,0
DA:212,0
DA:213,0
DA:214,0
DA:215,0
DA:216,0
DA:217,0
DA:218,0
DA:219,0
DA:220,0
DA:221,0
DA:222,0
DA:223,0
DA:224,0
DA:225,0
DA:226,0
DA:227,0
DA:228,0
DA:229,0
DA:230,0
DA:231,0
DA:232,0
DA:233,0
DA:234,0
DA:235,0
DA:236,0
DA:237,0
DA:238,0
DA:239,0
DA:240,0
DA:241,0
DA:242,0
DA:243,0
DA:244,0
DA:245,0
DA:246,0
DA:247,0
DA:248,0
DA:249,0
DA:250,0
DA:251,0
DA:252,0
DA:253,0
DA:254,0
DA:255,0
DA:256,0
DA:257,0
DA:258,0
DA:259,0
DA:260,0
DA:261,0
DA:262,0
DA:263,0
DA:264,0
DA:265,0
DA:266,0
DA:267,0
DA:268,0
DA:269,0
DA:270,0
DA:271,0
DA:272,0
DA:273,0
DA:274,0
DA:275,0
DA:276,0
DA:277,0
DA:278,0
DA:279,0
DA:280,0
DA:281,0
DA:282,0
DA:283,0
DA:284,0
DA:285,0
DA:286,0
DA:287,0
DA:288,0
DA:289,0
DA:290,0
DA:291,0
DA:292,0
DA:293,0
DA:294,0
DA:295,0
DA:296,0
DA:297,0
DA:298,0
DA:299,0
DA:300,0
DA:301,0
DA:302,0
DA:303,0
DA:304,0
LF:304
LH:6
BRF:0
BRH:0
end_of_record
TN:
SF:src\hooks\useAccountDeletionCheck.js
FN:12,useAccountDeletionCheck
FN:16,checkAccountStatus
FNF:2
FNH:2
FNDA:2,useAccountDeletionCheck
FNDA:2,checkAccountStatus
DA:1,1
DA:2,1
DA:3,1
DA:4,1
DA:5,1
DA:6,1
DA:7,1
DA:8,1
DA:9,1
DA:10,1
DA:11,1
DA:12,1
DA:13,2
DA:14,2
DA:15,2
DA:16,2
DA:17,2
DA:18,2
DA:19,2
DA:20,2
DA:21,2
DA:22,2
DA:23,2
DA:24,2
DA:25,1
DA:26,1
DA:27,1
DA:28,1
DA:29,1
DA:30,1
DA:31,1
DA:32,1
DA:33,1
DA:34,1
DA:35,1
DA:36,1
DA:37,1
DA:38,1
DA:39,2
DA:40,2
DA:41,2
DA:42,2
DA:43,2
LF:43
LH:43
BRDA:12,0,0,2
BRDA:15,1,0,2
BRDA:16,2,0,2
BRDA:17,3,0,0
BRDA:25,4,0,1
BRDA:29,5,0,0
BRDA:33,6,0,0
BRF:7
BRH:4
end_of_record
TN:
SF:src\pages\auth\Certifications.jsx
FN:19,Certifications
FNF:1
FNH:0
FNDA:0,Certifications
DA:1,1
DA:2,1
DA:3,1
DA:4,1
DA:5,1
DA:6,1
DA:7,1
DA:8,1
DA:9,1
DA:10,1
DA:11,1
DA:12,1
DA:13,1
DA:14,1
DA:15,1
DA:16,1
DA:17,1
DA:18,1
DA:19,0
DA:20,0
DA:21,0
DA:22,0
DA:23,0
DA:24,0
DA:25,0
DA:26,0
DA:27,0
DA:28,0
DA:29,0
DA:30,0
DA:31,0
DA:32,0
DA:33,0
DA:34,0
DA:35,0
DA:36,0
DA:37,0
DA:38,0
DA:39,0
DA:40,0
DA:41,0
DA:42,0
DA:43,0
DA:44,0
DA:45,0
DA:46,0
DA:47,0
DA:48,0
DA:49,0
DA:50,0
DA:51,0
DA:52,0
DA:53,0
DA:54,0
DA:55,0
DA:56,0
DA:57,0
DA:58,0
DA:59,0
DA:60,0
DA:61,0
DA:62,0
DA:63,0
DA:64,0
DA:65,0
DA:66,0
DA:67,0
DA:68,0
DA:69,0
DA:70,0
DA:71,0
DA:72,0
DA:73,0
DA:74,0
DA:75,0
DA:76,0
DA:77,0
DA:78,0
DA:79,0
DA:80,0
DA:81,0
DA:82,0
DA:83,0
DA:84,0
DA:85,0
DA:86,0
DA:87,0
DA:88,0
DA:89,0
DA:90,0
DA:91,0
DA:92,0
DA:93,0
DA:94,0
DA:95,0
DA:96,0
DA:97,0
DA:98,0
DA:99,0
DA:100,0
DA:101,0
DA:102,0
DA:103,0
DA:104,0
DA:105,0
DA:106,0
DA:107,0
DA:108,0
DA:109,0
DA:110,0
DA:111,0
DA:112,0
DA:113,0
DA:114,0
DA:115,0
DA:116,0
DA:117,0
DA:118,0
DA:119,0
DA:120,0
DA:121,0
DA:122,0
DA:123,0
DA:124,0
DA:125,0
DA:126,0
DA:127,0
DA:128,0
DA:129,0
DA:130,0
DA:131,0
DA:132,0
DA:133,0
DA:134,0
DA:135,0
DA:136,0
DA:137,0
DA:138,0
DA:139,0
DA:140,0
DA:141,0
DA:142,0
DA:143,0
DA:144,0
DA:145,0
DA:146,0
DA:147,0
DA:148,0
DA:149,0
DA:150,0
DA:151,0
DA:152,0
DA:153,0
DA:154,0
DA:155,0
DA:156,0
DA:157,0
DA:158,0
DA:159,0
DA:160,0
DA:161,0
DA:162,0
DA:163,0
DA:164,0
DA:165,0
DA:166,0
DA:167,0
DA:168,0
DA:169,0
DA:170,0
DA:171,0
DA:172,0
DA:173,0
DA:174,0
DA:175,0
DA:176,0
DA:177,0
DA:178,0
DA:179,0
DA:180,0
DA:181,0
DA:182,0
DA:183,0
DA:184,0
DA:185,0
DA:186,0
DA:187,0
DA:188,0
DA:189,0
DA:190,0
DA:191,0
DA:192,0
DA:193,0
DA:194,0
DA:195,0
DA:196,0
DA:197,0
DA:198,0
DA:199,0
DA:200,0
DA:201,0
DA:202,0
DA:203,0
DA:204,0
DA:205,0
DA:206,0
DA:207,0
DA:208,0
DA:209,0
DA:210,0
DA:211,0
DA:212,0
DA:213,0
DA:214,0
DA:215,0
DA:216,0
DA:217,0
DA:218,0
DA:219,0
DA:220,0
DA:221,0
DA:222,0
DA:223,0
DA:224,0
DA:225,0
DA:226,0
DA:227,0
DA:228,0
DA:229,0
DA:230,0
DA:231,0
DA:232,0
DA:233,0
DA:234,0
DA:235,0
DA:236,0
DA:237,0
DA:238,0
DA:239,0
DA:240,0
DA:241,0
DA:242,0
DA:243,0
DA:244,0
DA:245,0
DA:246,0
DA:247,0
DA:248,0
DA:249,0
DA:250,0
DA:251,0
DA:252,0
DA:253,0
DA:254,0
DA:255,0
DA:256,0
DA:257,0
DA:258,0
DA:259,0
DA:260,0
DA:261,0
DA:262,0
DA:263,0
DA:264,0
DA:265,0
DA:266,0
DA:267,0
DA:268,0
DA:269,0
DA:270,0
DA:271,0
DA:272,0
DA:273,0
DA:274,0
DA:275,0
DA:276,0
DA:277,0
DA:278,0
DA:279,0
DA:280,0
DA:281,0
DA:282,0
DA:283,0
DA:284,0
DA:285,0
DA:286,0
DA:287,0
DA:288,0
DA:289,0
DA:290,0
DA:291,0
DA:292,0
DA:293,0
DA:294,0
DA:295,0
DA:296,0
DA:297,0
DA:298,0
DA:299,0
DA:300,0
DA:301,0
DA:302,0
DA:303,0
DA:304,0
DA:305,0
DA:306,0
DA:307,0
DA:308,0
DA:309,0
DA:310,0
DA:311,0
DA:312,0
DA:313,0
DA:314,0
DA:315,0
DA:316,0
DA:317,0
DA:318,0
DA:319,0
DA:320,0
DA:321,0
DA:322,0
DA:323,0
DA:324,0
DA:325,0
DA:326,0
DA:327,0
DA:328,0
DA:329,0
DA:330,0
DA:331,0
DA:332,0
DA:333,0
DA:334,0
DA:335,0
LF:335
LH:18
BRF:0
BRH:0
end_of_record
TN:
SF:src\pages\auth\Dashboard.jsx
FN:9,Dashboard
FN:21,checkAccountAndRegister
FN:135,onClick
FN:141,onMouseOver
FN:142,onMouseOut
FNF:5
FNH:2
FNDA:28,Dashboard
FNDA:17,checkAccountAndRegister
FNDA:0,onClick
FNDA:0,onMouseOver
FNDA:0,onMouseOut
DA:1,1
DA:2,1
DA:3,1
DA:4,1
DA:5,1
DA:6,1
DA:7,1
DA:8,1
DA:9,28
DA:10,28
DA:11,28
DA:12,28
DA:13,28
DA:14,28
DA:15,28
DA:16,28
DA:17,28
DA:18,28
DA:19,28
DA:20,28
DA:21,17
DA:22,17
DA:23,0
DA:24,0
DA:25,0
DA:26,17
DA:27,17
DA:28,17
DA:29,17
DA:30,17
DA:31,17
DA:32,17
DA:33,17
DA:34,17
DA:35,17
DA:36,17
DA:37,15
DA:38,15
DA:39,15
DA:40,15
DA:41,15
DA:42,15
DA:43,15
DA:44,15
DA:45,15
DA:46,17
DA:47,16
DA:48,16
DA:49,1
DA:50,1
DA:51,1
DA:52,1
DA:53,1
DA:54,1
DA:55,1
DA:56,1
DA:57,1
DA:58,1
DA:59,15
DA:60,15
DA:61,16
DA:62,1
DA:63,1
DA:64,1
DA:65,1
DA:66,1
DA:67,1
DA:68,1
DA:69,1
DA:70,1
DA:71,16
DA:72,14
DA:73,14
DA:74,14
DA:75,14
DA:76,16
DA:77,17
DA:78,0
DA:79,0
DA:80,17
DA:81,17
DA:82,17
DA:83,17
DA:84,17
DA:85,17
DA:86,17
DA:87,17
DA:88,17
DA:89,28
DA:90,28
DA:91,28
DA:92,28
DA:93,21
DA:94,21
DA:95,21
DA:96,21
DA:97,21
DA:98,21
DA:99,21
DA:100,21
DA:101,21
DA:102,7
DA:103,7
DA:104,28
DA:105,1
DA:106,1
DA:107,1
DA:108,1
DA:109,1
DA:110,1
DA:111,1
DA:112,1
DA:113,1
DA:114,6
DA:115,28
DA:116,0
DA:117,0
DA:118,6
DA:119,6
DA:120,6
DA:121,6
DA:122,6
DA:123,6
DA:124,6
DA:125,6
DA:126,6
DA:127,6
DA:128,28
DA:129,28
DA:130,28
DA:131,28
DA:132,28
DA:133,28
DA:134,28
DA:135,28
DA:136,0
DA:137,0
DA:138,0
DA:139,28
DA:140,28
DA:141,28
DA:142,28
DA:143,28
DA:144,28
DA:145,28
DA:146,28
DA:147,28
DA:148,28
DA:149,28
DA:150,28
DA:151,28
DA:152,28
DA:153,28
DA:154,28
DA:155,28
DA:156,28
DA:157,28
DA:158,28
DA:159,28
DA:160,28
DA:161,28
DA:162,28
DA:163,28
DA:164,28
DA:165,28
DA:166,28
DA:167,28
DA:168,28
DA:169,28
DA:170,28
DA:171,28
DA:172,28
DA:173,28
DA:174,28
DA:175,28
DA:176,28
DA:177,28
DA:178,28
DA:179,28
DA:180,28
DA:181,28
DA:182,28
DA:183,28
LF:183
LH:173
BRDA:9,0,0,28
BRDA:92,1,0,7
BRDA:92,2,0,21
BRDA:101,3,0,7
BRDA:104,4,0,1
BRDA:113,5,0,6
BRDA:115,6,0,0
BRDA:117,7,0,6
BRDA:128,8,0,0
BRDA:20,9,0,17
BRDA:21,10,0,17
BRDA:22,11,0,0
BRDA:36,12,0,15
BRDA:46,13,0,16
BRDA:48,14,0,2
BRDA:48,15,0,1
BRDA:53,16,0,0
BRDA:58,17,0,15
BRDA:61,18,0,1
BRDA:61,19,0,14
BRDA:61,20,0,0
BRDA:61,21,0,1
BRDA:71,22,0,14
BRDA:77,23,0,0
BRDA:80,24,0,16
BRDA:56,25,0,1
BRF:26
BRH:20
end_of_record
TN:
SF:src\pages\auth\ForgotPassword.jsx
FN:5,ForgotPassword
FNF:1
FNH:0
FNDA:0,ForgotPassword
DA:1,1
DA:2,1
DA:3,1
DA:4,1
DA:5,0
DA:6,0
DA:7,0
DA:8,0
DA:9,0
DA:10,0
DA:11,0
DA:12,0
DA:13,0
DA:14,0
DA:15,0
DA:16,0
DA:17,0
DA:18,0
DA:19,0
DA:20,0
DA:21,0
DA:22,0
DA:23,0
DA:24,0
DA:25,0
DA:26,0
DA:27,0
DA:28,0
DA:29,0
DA:30,0
DA:31,0
DA:32,0
DA:33,0
DA:34,0
DA:35,0
DA:36,0
DA:37,0
DA:38,0
DA:39,0
DA:40,0
DA:41,0
DA:42,0
DA:43,0
DA:44,0
DA:45,0
DA:46,0
DA:47,0
DA:48,0
DA:49,0
DA:50,0
DA:51,0
DA:52,0
DA:53,0
DA:54,0
DA:55,0
DA:56,0
DA:57,0
DA:58,0
DA:59,0
DA:60,0
DA:61,0
DA:62,0
DA:63,0
DA:64,0
DA:65,0
DA:66,0
DA:67,0
DA:68,0
DA:69,0
DA:70,0
DA:71,0
DA:72,0
DA:73,0
DA:74,0
DA:75,0
DA:76,0
DA:77,0
DA:78,0
DA:79,0
DA:80,0
DA:81,0
DA:82,0
DA:83,0
DA:84,0
DA:85,0
DA:86,0
DA:87,0
DA:88,0
DA:89,0
DA:90,0
DA:91,0
DA:92,0
DA:93,0
DA:94,0
DA:95,0
DA:96,0
DA:97,0
DA:98,0
DA:99,0
DA:100,0
DA:101,0
DA:102,0
DA:103,0
DA:104,0
DA:105,0
DA:106,0
DA:107,0
DA:108,0
DA:109,0
DA:110,0
DA:111,0
DA:112,0
DA:113,0
DA:114,0
DA:115,0
DA:116,0
DA:117,0
DA:118,0
DA:119,0
DA:120,0
DA:121,0
DA:122,0
DA:123,0
DA:124,0
DA:125,0
DA:126,0
DA:127,0
DA:128,0
DA:129,0
DA:130,0
DA:131,0
DA:132,0
DA:133,0
DA:134,0
DA:135,0
DA:136,0
DA:137,0
DA:138,0
DA:139,0
DA:140,0
DA:141,0
DA:142,0
DA:143,0
DA:144,0
DA:145,0
DA:146,0
DA:147,0
DA:148,0
DA:149,0
DA:150,0
DA:151,0
DA:152,0
DA:153,0
DA:154,0
DA:155,0
DA:156,0
DA:157,0
DA:158,0
DA:159,0
DA:160,0
DA:161,0
DA:162,0
DA:163,0
DA:164,0
DA:165,0
DA:166,0
DA:167,0
DA:168,0
DA:169,0
DA:170,0
DA:171,0
DA:172,0
DA:173,0
DA:174,0
DA:175,0
DA:176,0
DA:177,0
DA:178,0
DA:179,0
DA:180,0
DA:181,0
DA:182,0
DA:183,0
DA:184,0
DA:185,0
DA:186,0
DA:187,0
DA:188,0
DA:189,0
DA:190,0
DA:191,0
DA:192,0
DA:193,0
DA:194,0
DA:195,0
DA:196,0
DA:197,0
DA:198,0
DA:199,0
DA:200,0
DA:201,0
DA:202,0
DA:203,0
DA:204,0
DA:205,0
DA:206,0
DA:207,0
DA:208,0
DA:209,0
DA:210,0
DA:211,0
DA:212,0
DA:213,0
DA:214,0
DA:215,0
DA:216,0
DA:217,0
DA:218,0
DA:219,0
DA:220,0
DA:221,0
DA:222,0
DA:223,0
DA:224,0
DA:225,0
DA:226,0
DA:227,0
DA:228,0
DA:229,0
DA:230,0
DA:231,0
DA:232,0
DA:233,0
DA:234,0
DA:235,0
DA:236,0
DA:237,0
DA:238,0
DA:239,0
DA:240,0
DA:241,0
DA:242,0
DA:243,0
DA:244,0
DA:245,0
DA:246,0
DA:247,0
DA:248,0
DA:249,0
DA:250,0
DA:251,0
DA:252,0
DA:253,0
DA:254,0
DA:255,0
DA:256,0
DA:257,0
DA:258,0
DA:259,0
DA:260,0
DA:261,0
DA:262,0
DA:263,0
DA:264,0
DA:265,0
DA:266,0
DA:267,0
DA:268,0
DA:269,0
DA:270,0
DA:271,0
DA:272,0
DA:273,0
DA:274,0
DA:275,0
DA:276,0
DA:277,0
DA:278,0
DA:279,0
DA:280,0
DA:281,0
DA:282,0
DA:283,0
DA:284,0
DA:285,0
DA:286,0
DA:287,0
DA:288,0
DA:289,0
DA:290,0
DA:291,0
DA:292,0
DA:293,0
DA:294,0
DA:295,0
DA:296,0
DA:297,0
DA:298,0
DA:299,0
DA:300,0
DA:301,0
DA:302,0
DA:303,0
DA:304,0
DA:305,0
DA:306,0
DA:307,0
DA:308,0
DA:309,0
DA:310,0
DA:311,0
DA:312,0
DA:313,0
DA:314,0
DA:315,0
DA:316,0
DA:317,0
DA:318,0
DA:319,0
DA:320,0
DA:321,0
DA:322,0
DA:323,0
DA:324,0
DA:325,0
DA:326,0
DA:327,0
DA:328,0
DA:329,0
DA:330,0
DA:331,0
DA:332,0
DA:333,0
DA:334,0
DA:335,0
DA:336,0
DA:337,0
DA:338,0
DA:339,0
DA:340,0
DA:341,0
DA:342,0
DA:343,0
DA:344,0
DA:345,0
DA:346,0
DA:347,0
DA:348,0
DA:349,0
DA:350,0
DA:351,0
DA:352,0
DA:353,0
DA:354,0
DA:355,0
DA:356,0
DA:357,0
DA:358,0
DA:359,0
DA:360,0
DA:361,0
DA:362,0
DA:363,0
DA:364,0
DA:365,0
DA:366,0
DA:367,0
DA:368,0
DA:369,0
LF:369
LH:4
BRF:0
BRH:0
end_of_record
TN:
SF:src\pages\auth\Login.jsx
FN:6,Login
FN:46,onClick
FN:73,onClick
FNF:3
FNH:3
FNDA:29,Login
FNDA:1,onClick
FNDA:1,onClick
DA:1,1
DA:2,1
DA:3,1
DA:4,1
DA:5,1
DA:6,29
DA:7,29
DA:8,29
DA:9,29
DA:10,29
DA:11,17
DA:12,17
DA:13,17
DA:14,10
DA:15,10
DA:16,10
DA:17,10
DA:18,10
DA:19,1
DA:20,10
DA:21,10
DA:22,10
DA:23,10
DA:24,29
DA:25,29
DA:26,29
DA:27,29
DA:28,29
DA:29,29
DA:30,10
DA:31,10
DA:32,4
DA:33,6
DA:34,10
DA:35,10
DA:36,10
DA:37,4
DA:38,4
DA:39,4
DA:40,4
DA:41,6
DA:42,6
DA:43,10
DA:44,10
DA:45,10
DA:46,10
DA:47,10
DA:48,10
DA:49,4
DA:50,6
DA:51,10
DA:52,10
DA:53,10
DA:54,10
DA:55,10
DA:56,29
DA:57,29
DA:58,29
DA:59,29
DA:60,29
DA:61,29
DA:62,29
DA:63,29
DA:64,29
DA:65,29
DA:66,29
DA:67,29
DA:68,29
DA:69,29
DA:70,29
DA:71,29
DA:72,29
DA:73,29
DA:74,29
DA:75,29
DA:76,29
DA:77,29
DA:78,29
DA:79,29
DA:80,29
DA:81,29
LF:81
LH:81
BRDA:6,0,0,29
BRDA:29,1,0,10
BRDA:31,2,0,8
BRDA:31,3,0,6
BRDA:31,4,0,4
BRDA:32,5,0,6
BRDA:36,6,0,8
BRDA:36,7,0,4
BRDA:40,8,0,6
BRDA:48,9,0,8
BRDA:48,10,0,4
BRDA:49,11,0,6
BRDA:10,12,0,17
BRDA:13,13,0,10
BRDA:18,14,0,1
BRDA:22,15,0,10
BRDA:46,16,0,1
BRDA:73,17,0,1
BRF:18
BRH:18
end_of_record
TN:
SF:src\pages\auth\Profile.jsx
FN:9,Profile
FN:27,handleChange
FN:37,handleSubmit
FN:59,handleRetry
FN:64,handleDeleteAccount
FN:95,onDismiss
FN:136,onClick
FN:155,onChange
FN:159,onClick
FNF:9
FNH:8
FNDA:288,Profile
FNDA:95,handleChange
FNDA:11,handleSubmit
FNDA:0,handleRetry
FNDA:8,handleDeleteAccount
FNDA:1,onDismiss
FNDA:14,onClick
FNDA:92,onChange
FNDA:1,onClick
DA:1,1
DA:2,1
DA:3,1
DA:4,1
DA:5,1
DA:6,1
DA:7,1
DA:8,1
DA:9,288
DA:10,288
DA:11,288
DA:12,288
DA:13,288
DA:14,288
DA:15,288
DA:16,288
DA:17,288
DA:18,288
DA:19,288
DA:20,288
DA:21,288
DA:22,288
DA:23,288
DA:24,288
DA:25,288
DA:26,288
DA:27,288
DA:28,95
DA:29,95
DA:30,95
DA:31,95
DA:32,95
DA:33,95
DA:34,95
DA:35,95
DA:36,288
DA:37,288
DA:38,11
DA:39,11
DA:40,11
DA:41,11
DA:42,11
DA:43,11
DA:44,11
DA:45,11
DA:46,11
DA:47,11
DA:48,5
DA:49,5
DA:50,5
DA:51,11
DA:52,6
DA:53,6
DA:54,11
DA:55,11
DA:56,11
DA:57,11
DA:58,288
DA:59,288
DA:60,0
DA:61,0
DA:62,0
DA:63,288
DA:64,288
DA:65,8
DA:66,8
DA:67,8
DA:68,8
DA:69,8
DA:70,8
DA:71,8
DA:72,5
DA:73,5
DA:74,5
DA:75,5
DA:76,8
DA:77,3
DA:78,3
DA:79,8
DA:80,8
DA:81,8
DA:82,8
DA:83,8
DA:84,8
DA:85,288
DA:86,288
DA:87,288
DA:88,288
DA:89,288
DA:90,288
DA:91,288
DA:92,9
DA:93,9
DA:94,9
DA:95,9
DA:96,9
DA:97,9
DA:98,288
DA:99,288
DA:100,288
DA:101,288
DA:102,4
DA:103,4
DA:104,4
DA:105,4
DA:106,4
DA:107,288
DA:108,288
DA:109,288
DA:110,288
DA:111,288
DA:112,288
DA:113,288
DA:114,288
DA:115,288
DA:116,288
DA:117,288
DA:118,288
DA:119,288
DA:120,0
DA:121,0
DA:122,0
DA:123,0
DA:124,288
DA:125,288
DA:126,288
DA:127,288
DA:128,288
DA:129,288
DA:130,288
DA:131,288
DA:132,288
DA:133,288
DA:134,288
DA:135,288
DA:136,288
DA:137,288
DA:138,288
DA:139,288
DA:140,288
DA:141,288
DA:142,288
DA:143,288
DA:144,288
DA:145,114
DA:146,114
DA:147,114
DA:148,114
DA:149,114
DA:150,114
DA:151,114
DA:152,114
DA:153,114
DA:154,114
DA:155,114
DA:156,114
DA:157,114
DA:158,114
DA:159,114
DA:160,114
DA:161,114
DA:162,114
DA:163,114
DA:164,114
DA:165,114
DA:166,288
DA:167,288
DA:168,288
DA:169,288
DA:170,288
DA:171,288
DA:172,288
DA:173,288
DA:174,288
DA:175,288
DA:176,288
DA:177,288
DA:178,288
DA:179,288
DA:180,288
DA:181,288
DA:182,288
DA:183,288
DA:184,288
DA:185,288
DA:186,288
DA:187,288
DA:188,288
DA:189,288
DA:190,288
DA:191,288
DA:192,288
DA:193,288
DA:194,288
DA:195,288
DA:196,288
DA:197,288
DA:198,288
DA:199,288
DA:200,288
DA:201,288
DA:202,288
DA:203,288
DA:204,288
DA:205,288
DA:206,288
DA:207,288
DA:208,288
DA:209,288
DA:210,288
DA:211,288
DA:212,288
DA:213,288
DA:214,288
DA:215,288
DA:216,288
DA:217,288
DA:218,288
DA:219,288
DA:220,288
DA:221,288
DA:222,288
DA:223,288
DA:224,288
DA:225,288
DA:226,288
DA:227,288
DA:228,288
DA:229,288
DA:230,288
DA:231,288
DA:232,288
DA:233,288
DA:234,288
DA:235,288
DA:236,288
DA:237,288
LF:237
LH:230
BRDA:9,0,0,288
BRDA:12,1,0,0
BRDA:13,2,0,0
BRDA:91,3,0,9
BRDA:101,4,0,4
BRDA:119,5,0,0
BRDA:144,6,0,114
BRDA:161,7,0,8
BRDA:161,8,0,106
BRDA:228,9,0,11
BRDA:228,10,0,277
BRDA:27,11,0,95
BRDA:37,12,0,11
BRDA:47,13,0,5
BRDA:51,14,0,6
BRDA:45,15,0,11
BRDA:64,16,0,8
BRDA:71,17,0,5
BRDA:76,18,0,3
BRDA:95,19,0,1
BRDA:136,20,0,14
BRDA:155,21,0,92
BRDA:159,22,0,1
BRF:23
BRH:20
end_of_record
TN:
SF:src\pages\auth\ProfilePage.jsx
FN:34,ProfilePage
FN:92,handleEditSkill
FN:97,handleDeleteSkillClick
FN:102,handleCancelSkillDelete
FN:108,handleEditProject
FN:111,handleDeleteSkill
FN:137,groupSkillsByCategory
FN:147,getSkillLevelSummary
FN:167,toggleCategory
FN:174,exportSkillsByCategory
FN:202,handleSkillDragEnd
FN:224,moveSkillToCategory
FN:259,loadProfile
FN:342,refresh
FN:360,handleInputChange
FN:375,validateForm
FN:419,handleSave
FN:460,handleCancel
FN:467,handleEditClick
FN:473,handleDeleteAccount
FN:497,handleCancelDelete
FN:502,handleEditEmployment
FN:507,handleEditEducation
FN:512,handleDeleteClick
FN:517,handleDeleteEducationClick
FN:522,handleDeleteEmployment
FN:552,handleCancelEmploymentDelete
FN:557,handleDeleteEducation
FN:587,handleCancelEducationDelete
FN:658,onUploadSuccess
FN:661,onDeleteSuccess
FN:695,onMouseOver
FN:696,onMouseOut
FN:758,onClick
FN:841,onClick
FN:844,onMouseOver
FN:848,onMouseOut
FN:862,onClick
FN:865,onMouseOver
FN:869,onMouseOut
FN:895,onClick
FN:1018,onClick
FN:1042,onChange
FN:1051,onClick
FN:1136,onClick
FN:1201,onClick
FN:1365,onClick
FN:1366,onClick
FN:1371,onClick
FN:1384,onListUpdate
FN:1393,onClick
FN:1399,onMouseOver
FN:1400,onMouseOut
FN:1406,onClick
FN:1413,onMouseOver
FN:1414,onMouseOut
FN:1439,onMouseOver
FN:1440,onMouseOut
FN:1455,onMouseOver
FN:1456,onMouseOut
FN:1471,onMouseOver
FN:1472,onMouseOut
FN:1494,onClick
FN:1497,onMouseOver
FN:1498,onMouseOut
FN:1512,onClick
FN:1521,onClick
FN:1555,onChange
FN:1564,onClick
FN:1572,onMouseOver
FN:1573,onMouseOut
FN:1582,onMouseOver
FN:1583,onMouseOut
FN:1597,onClick
FN:1605,onClick
FN:1637,onDismiss
FN:1686,onClick
FN:1696,onClick
FN:1706,onMouseOver
FN:1707,onMouseOut
FN:1721,onDismiss
FN:1880,onMouseOver
FN:1881,onMouseOut
FN:1890,onMouseOver
FN:1891,onMouseOut
FN:1906,onClose
FN:1910,onSuccess
FN:1927,onClose
FN:1931,onSuccess
FN:1947,onClose
FN:1948,onSuccess
FN:1965,onClose
FN:1969,onSuccess
FN:1986,onClick
FN:1994,onClick
FN:2026,onDismiss
FN:2074,SortableSkillItem
FN:2191,EducationModal
FN:2535,SkillModal
FN:2702,EmploymentModal
FN:2762,handleInputChange
FN:2800,validateForm
FN:2864,handleSubmit
FN:2930,handleClose
FN:2956,onClick
FN:2985,onDismiss
FN:3121,onMouseOver
FN:3122,onMouseOut
FN:3131,onMouseOver
FN:3132,onMouseOut
FNF:110
FNH:21
FNDA:35,ProfilePage
FNDA:0,handleEditSkill
FNDA:0,handleDeleteSkillClick
FNDA:0,handleCancelSkillDelete
FNDA:0,handleEditProject
FNDA:0,handleDeleteSkill
FNDA:25,groupSkillsByCategory
FNDA:0,getSkillLevelSummary
FNDA:0,toggleCategory
FNDA:0,exportSkillsByCategory
FNDA:0,handleSkillDragEnd
FNDA:0,moveSkillToCategory
FNDA:10,loadProfile
FNDA:10,refresh
FNDA:0,handleInputChange
FNDA:0,validateForm
FNDA:0,handleSave
FNDA:0,handleCancel
FNDA:0,handleEditClick
FNDA:0,handleDeleteAccount
FNDA:0,handleCancelDelete
FNDA:2,handleEditEmployment
FNDA:0,handleEditEducation
FNDA:3,handleDeleteClick
FNDA:0,handleDeleteEducationClick
FNDA:1,handleDeleteEmployment
FNDA:1,handleCancelEmploymentDelete
FNDA:0,handleDeleteEducation
FNDA:0,handleCancelEducationDelete
FNDA:0,onUploadSuccess
FNDA:0,onDeleteSuccess
FNDA:0,onMouseOver
FNDA:0,onMouseOut
FNDA:4,onClick
FNDA:2,onClick
FNDA:2,onMouseOver
FNDA:0,onMouseOut
FNDA:3,onClick
FNDA:3,onMouseOver
FNDA:0,onMouseOut
FNDA:0,onClick
FNDA:0,onClick
FNDA:0,onChange
FNDA:0,onClick
FNDA:0,onClick
FNDA:0,onClick
FNDA:0,onClick
FNDA:0,onClick
FNDA:0,onClick
FNDA:0,onListUpdate
FNDA:0,onClick
FNDA:0,onMouseOver
FNDA:0,onMouseOut
FNDA:0,onClick
FNDA:0,onMouseOver
FNDA:0,onMouseOut
FNDA:0,onMouseOver
FNDA:0,onMouseOut
FNDA:0,onMouseOver
FNDA:0,onMouseOut
FNDA:0,onMouseOver
FNDA:0,onMouseOut
FNDA:0,onClick
FNDA:0,onMouseOver
FNDA:0,onMouseOut
FNDA:0,onClick
FNDA:0,onClick
FNDA:0,onChange
FNDA:0,onClick
FNDA:0,onMouseOver
FNDA:0,onMouseOut
FNDA:0,onMouseOver
FNDA:0,onMouseOut
FNDA:0,onClick
FNDA:0,onClick
FNDA:0,onDismiss
FNDA:0,onClick
FNDA:0,onClick
FNDA:0,onMouseOver
FNDA:0,onMouseOut
FNDA:0,onDismiss
FNDA:0,onMouseOver
FNDA:0,onMouseOut
FNDA:0,onMouseOver
FNDA:0,onMouseOut
FNDA:0,onClose
FNDA:3,onSuccess
FNDA:0,onClose
FNDA:0,onSuccess
FNDA:0,onClose
FNDA:0,onSuccess
FNDA:0,onClose
FNDA:0,onSuccess
FNDA:0,onClick
FNDA:2,onClick
FNDA:0,onDismiss
FNDA:0,SortableSkillItem
FNDA:0,EducationModal
FNDA:0,SkillModal
FNDA:96,EmploymentModal
FNDA:80,handleInputChange
FNDA:4,validateForm
FNDA:4,handleSubmit
FNDA:0,handleClose
FNDA:13,onClick
FNDA:0,onDismiss
FNDA:0,onMouseOver
FNDA:0,onMouseOut
FNDA:4,onMouseOver
FNDA:0,onMouseOut
DA:1,1
DA:2,1
DA:3,1
DA:4,1
DA:5,1
DA:6,1
DA:7,1
DA:8,1
DA:9,1
DA:10,1
DA:11,1
DA:12,1
DA:13,1
DA:14,1
DA:15,1
DA:16,1
DA:17,1
DA:18,1
DA:19,1
DA:20,1
DA:21,1
DA:22,1
DA:23,1
DA:24,1
DA:25,1
DA:26,1
DA:27,1
DA:28,1
DA:29,1
DA:30,1
DA:31,1
DA:32,1
DA:33,1
DA:34,35
DA:35,35
DA:36,35
DA:37,35
DA:38,35
DA:39,35
DA:40,35
DA:41,35
DA:42,35
DA:43,35
DA:44,35
DA:45,35
DA:46,35
DA:47,35
DA:48,35
DA:49,35
DA:50,35
DA:51,35
DA:52,35
DA:53,35
DA:54,35
DA:55,35
DA:56,35
DA:57,35
DA:58,35
DA:59,35
DA:60,35
DA:61,35
DA:62,35
DA:63,35
DA:64,35
DA:65,35
DA:66,35
DA:67,35
DA:68,35
DA:69,35
DA:70,35
DA:71,35
DA:72,35
DA:73,35
DA:74,35
DA:75,35
DA:76,35
DA:77,35
DA:78,35
DA:79,35
DA:80,35
DA:81,35
DA:82,35
DA:83,35
DA:84,35
DA:85,35
DA:86,35
DA:87,35
DA:88,35
DA:89,35
DA:90,35
DA:91,35
DA:92,35
DA:93,0
DA:94,0
DA:95,0
DA:96,35
DA:97,35
DA:98,0
DA:99,0
DA:100,0
DA:101,35
DA:102,35
DA:103,0
DA:104,0
DA:105,0
DA:106,35
DA:107,35
DA:108,35
DA:109,0
DA:110,0
DA:111,35
DA:112,0
DA:113,0
DA:114,0
DA:115,0
DA:116,0
DA:117,0
DA:118,0
DA:119,0
DA:120,0
DA:121,0
DA:122,0
DA:123,0
DA:124,0
DA:125,0
DA:126,0
DA:127,0
DA:128,0
DA:129,0
DA:130,0
DA:131,0
DA:132,0
DA:133,0
DA:134,0
DA:135,35
DA:136,35
DA:137,35
DA:138,25
DA:139,25
DA:140,0
DA:141,0
DA:142,0
DA:143,25
DA:144,25
DA:145,25
DA:146,35
DA:147,35
DA:148,0
DA:149,0
DA:150,0
DA:151,0
DA:152,0
DA:153,0
DA:154,0
DA:155,0
DA:156,35
DA:157,35
DA:158,0
DA:159,0
DA:160,0
DA:161,0
DA:162,0
DA:163,0
DA:164,0
DA:165,35
DA:166,35
DA:167,35
DA:168,0
DA:169,0
DA:170,0
DA:171,0
DA:172,0
DA:173,35
DA:174,35
DA:175,0
DA:176,0
DA:177,0
DA:178,0
DA:179,0
DA:180,0
DA:181,0
DA:182,0
DA:183,0
DA:184,0
DA:185,0
DA:186,0
DA:187,0
DA:188,0
DA:189,0
DA:190,0
DA:191,0
DA:192,0
DA:193,0
DA:194,0
DA:195,0
DA:196,0
DA:197,0
DA:198,0
DA:199,0
DA:200,0
DA:201,35
DA:202,35
DA:203,0
DA:204,0
DA:205,0
DA:206,0
DA:207,0
DA:208,0
DA:209,0
DA:210,0
DA:211,0
DA:212,0
DA:213,0
DA:214,0
DA:215,0
DA:216,0
DA:217,0
DA:218,0
DA:219,0
DA:220,0
DA:221,0
DA:222,0
DA:223,35
DA:224,35
DA:225,0
DA:226,0
DA:227,0
DA:228,0
DA:229,0
DA:230,0
DA:231,0
DA:232,0
DA:233,0
DA:234,0
DA:235,0
DA:236,0
DA:237,0
DA:238,0
DA:239,0
DA:240,35
DA:241,35
DA:242,35
DA:243,35
DA:244,35
DA:245,35
DA:246,35
DA:247,35
DA:248,35
DA:249,35
DA:250,35
DA:251,35
DA:252,35
DA:253,35
DA:254,35
DA:255,35
DA:256,35
DA:257,35
DA:258,35
DA:259,10
DA:260,10
DA:261,10
DA:262,10
DA:263,10
DA:264,10
DA:265,10
DA:266,10
DA:267,10
DA:268,10
DA:269,10
DA:270,10
DA:271,10
DA:272,10
DA:273,10
DA:274,0
DA:275,0
DA:276,0
DA:277,0
DA:278,0
DA:279,0
DA:280,0
DA:281,0
DA:282,0
DA:283,0
DA:284,0
DA:285,0
DA:286,0
DA:287,0
DA:288,0
DA:289,0
DA:290,0
DA:291,0
DA:292,10
DA:293,10
DA:294,10
DA:295,10
DA:296,10
DA:297,10
DA:298,10
DA:299,10
DA:300,10
DA:301,10
DA:302,10
DA:303,10
DA:304,10
DA:305,10
DA:306,10
DA:307,10
DA:308,10
DA:309,10
DA:310,10
DA:311,10
DA:312,10
DA:313,10
DA:314,10
DA:315,10
DA:316,10
DA:317,10
DA:318,10
DA:319,10
DA:320,10
DA:321,10
DA:322,10
DA:323,10
DA:324,10
DA:325,0
DA:326,0
DA:327,10
DA:328,0
DA:329,0
DA:330,10
DA:331,10
DA:332,10
DA:333,10
DA:334,10
DA:335,10
DA:336,10
DA:337,10
DA:338,35
DA:339,35
DA:340,35
DA:341,35
DA:342,10
DA:343,10
DA:344,10
DA:345,10
DA:346,10
DA:347,10
DA:348,10
DA:349,10
DA:350,0
DA:351,0
DA:352,10
DA:353,10
DA:354,10
DA:355,35
DA:356,35
DA:357,35
DA:358,35
DA:359,35
DA:360,35
DA:361,0
DA:362,0
DA:363,0
DA:364,0
DA:365,0
DA:366,0
DA:367,0
DA:368,0
DA:369,0
DA:370,0
DA:371,0
DA:372,0
DA:373,0
DA:374,35
DA:375,35
DA:376,0
DA:377,0
DA:378,0
DA:379,0
DA:380,0
DA:381,0
DA:382,0
DA:383,0
DA:384,0
DA:385,0
DA:386,0
DA:387,0
DA:388,0
DA:389,0
DA:390,0
DA:391,0
DA:392,0
DA:393,0
DA:394,0
DA:395,0
DA:396,0
DA:397,0
DA:398,0
DA:399,0
DA:400,0
DA:401,0
DA:402,0
DA:403,0
DA:404,0
DA:405,0
DA:406,0
DA:407,0
DA:408,0
DA:409,0
DA:410,0
DA:411,0
DA:412,0
DA:413,0
DA:414,0
DA:415,0
DA:416,0
DA:417,0
DA:418,35
DA:419,35
DA:420,0
DA:421,0
DA:422,0
DA:423,0
DA:424,0
DA:425,0
DA:426,0
DA:427,0
DA:428,0
DA:429,0
DA:430,0
DA:431,0
DA:432,0
DA:433,0
DA:434,0
DA:435,0
DA:436,0
DA:437,0
DA:438,0
DA:439,0
DA:440,0
DA:441,0
DA:442,0
DA:443,0
DA:444,0
DA:445,0
DA:446,0
DA:447,0
DA:448,0
DA:449,0
DA:450,0
DA:451,0
DA:452,0
DA:453,0
DA:454,0
DA:455,0
DA:456,0
DA:457,0
DA:458,0
DA:459,35
DA:460,35
DA:461,0
DA:462,0
DA:463,0
DA:464,0
DA:465,0
DA:466,35
DA:467,35
DA:468,0
DA:469,0
DA:470,0
DA:471,0
DA:472,35
DA:473,35
DA:474,0
DA:475,0
DA:476,0
DA:477,0
DA:478,0
DA:479,0
DA:480,0
DA:481,0
DA:482,0
DA:483,0
DA:484,0
DA:485,0
DA:486,0
DA:487,0
DA:488,0
DA:489,0
DA:490,0
DA:491,0
DA:492,0
DA:493,0
DA:494,0
DA:495,0
DA:496,35
DA:497,35
DA:498,0
DA:499,0
DA:500,0
DA:501,35
DA:502,35
DA:503,2
DA:504,2
DA:505,2
DA:506,35
DA:507,35
DA:508,0
DA:509,0
DA:510,0
DA:511,35
DA:512,35
DA:513,3
DA:514,3
DA:515,3
DA:516,35
DA:517,35
DA:518,0
DA:519,0
DA:520,0
DA:521,35
DA:522,35
DA:523,1
DA:524,1
DA:525,1
DA:526,1
DA:527,1
DA:528,1
DA:529,1
DA:530,1
DA:531,1
DA:532,1
DA:533,1
DA:534,1
DA:535,1
DA:536,1
DA:537,1
DA:538,1
DA:539,1
DA:540,1
DA:541,1
DA:542,1
DA:543,1
DA:544,1
DA:545,0
DA:546,0
DA:547,1
DA:548,1
DA:549,1
DA:550,1
DA:551,35
DA:552,35
DA:553,1
DA:554,1
DA:555,1
DA:556,35
DA:557,35
DA:558,0
DA:559,0
DA:560,0
DA:561,0
DA:562,0
DA:563,0
DA:564,0
DA:565,0
DA:566,0
DA:567,0
DA:568,0
DA:569,0
DA:570,0
DA:571,0
DA:572,0
DA:573,0
DA:574,0
DA:575,0
DA:576,0
DA:577,0
DA:578,0
DA:579,0
DA:580,0
DA:581,0
DA:582,0
DA:583,0
DA:584,0
DA:585,0
DA:586,35
DA:587,35
DA:588,0
DA:589,0
DA:590,0
DA:591,35
DA:592,35
DA:593,0
DA:594,0
DA:595,0
DA:596,0
DA:597,0
DA:598,0
DA:599,0
DA:600,0
DA:601,0
DA:602,35
DA:603,35
DA:604,0
DA:605,0
DA:606,35
DA:607,35
DA:608,35
DA:609,10
DA:610,10
DA:611,10
DA:612,10
DA:613,10
DA:614,10
DA:615,10
DA:616,10
DA:617,10
DA:618,25
DA:619,25
DA:620,35
DA:621,0
DA:622,0
DA:623,0
DA:624,0
DA:625,0
DA:626,0
DA:627,0
DA:628,0
DA:629,0
DA:630,25
DA:631,25
DA:632,35
DA:633,0
DA:634,0
DA:635,0
DA:636,0
DA:637,0
DA:638,0
DA:639,0
DA:640,0
DA:641,0
DA:642,25
DA:643,25
DA:644,25
DA:645,25
DA:646,25
DA:647,25
DA:648,25
DA:649,25
DA:650,25
DA:651,25
DA:652,25
DA:653,25
DA:654,25
DA:655,25
DA:656,25
DA:657,25
DA:658,25
DA:659,0
DA:660,0
DA:661,25
DA:662,0
DA:663,0
DA:664,25
DA:665,25
DA:666,25
DA:667,25
DA:668,25
DA:669,25
DA:670,0
DA:671,0
DA:672,0
DA:673,35
DA:674,35
DA:675,35
DA:676,0
DA:677,0
DA:678,0
DA:679,25
DA:680,25
DA:681,25
DA:682,25
DA:683,25
DA:684,25
DA:685,25
DA:686,25
DA:687,25
DA:688,25
DA:689,25
DA:690,25
DA:691,25
DA:692,25
DA:693,25
DA:694,25
DA:695,25
DA:696,25
DA:697,25
DA:698,25
DA:699,25
DA:700,25
DA:701,25
DA:702,25
DA:703,25
DA:704,25
DA:705,25
DA:706,25
DA:707,25
DA:708,25
DA:709,25
DA:710,25
DA:711,25
DA:712,25
DA:713,25
DA:714,25
DA:715,25
DA:716,25
DA:717,25
DA:718,25
DA:719,25
DA:720,25
DA:721,25
DA:722,25
DA:723,25
DA:724,25
DA:725,25
DA:726,25
DA:727,25
DA:728,25
DA:729,25
DA:730,25
DA:731,25
DA:732,25
DA:733,25
DA:734,25
DA:735,25
DA:736,25
DA:737,25
DA:738,25
DA:739,25
DA:740,25
DA:741,25
DA:742,25
DA:743,25
DA:744,25
DA:745,25
DA:746,25
DA:747,25
DA:748,25
DA:749,25
DA:750,25
DA:751,25
DA:752,25
DA:753,25
DA:754,25
DA:755,25
DA:756,25
DA:757,25
DA:758,25
DA:759,25
DA:760,25
DA:761,25
DA:762,25
DA:763,25
DA:764,25
DA:765,25
DA:766,25
DA:767,25
DA:768,25
DA:769,25
DA:770,4
DA:771,4
DA:772,4
DA:773,25
DA:774,25
DA:775,25
DA:776,24
DA:777,24
DA:778,24
DA:779,9
DA:780,9
DA:781,9
DA:782,8
DA:783,8
DA:784,9
DA:785,0
DA:786,0
DA:787,8
DA:788,8
DA:789,8
DA:790,24
DA:791,24
DA:792,33
DA:793,33
DA:794,33
DA:795,1
DA:796,1
DA:797,1
DA:798,1
DA:799,1
DA:800,33
DA:801,33
DA:802,33
DA:803,33
DA:804,33
DA:805,33
DA:806,33
DA:807,33
DA:808,33
DA:809,32
DA:810,32
DA:811,32
DA:812,32
DA:813,33
DA:814,33
DA:815,33
DA:816,33
DA:817,33
DA:818,33
DA:819,33
DA:820,33
DA:821,33
DA:822,33
DA:823,1
DA:824,32
DA:825,32
DA:826,32
DA:827,32
DA:828,32
DA:829,32
DA:830,33
DA:831,33
DA:832,33
DA:833,33
DA:834,32
DA:835,33
DA:836,33
DA:837,33
DA:838,33
DA:839,33
DA:840,33
DA:841,33
DA:842,33
DA:843,33
DA:844,33
DA:845,2
DA:846,2
DA:847,2
DA:848,33
DA:849,0
DA:850,0
DA:851,0
DA:852,33
DA:853,33
DA:854,33
DA:855,33
DA:856,33
DA:857,33
DA:858,33
DA:859,33
DA:860,33
DA:861,18
DA:862,18
DA:863,18
DA:864,18
DA:865,18
DA:866,3
DA:867,3
DA:868,3
DA:869,18
DA:870,0
DA:871,0
DA:872,0
DA:873,18
DA:874,18
DA:875,18
DA:876,18
DA:877,18
DA:878,18
DA:879,33
DA:880,33
DA:881,33
DA:882,33
DA:883,24
DA:884,24
DA:885,24
DA:886,1
DA:887,1
DA:888,25
DA:889,25
DA:890,25
DA:891,25
DA:892,25
DA:893,25
DA:894,25
DA:895,25
DA:896,25
DA:897,25
DA:898,25
DA:899,25
DA:900,25
DA:901,25
DA:902,25
DA:903,25
DA:904,25
DA:905,25
DA:906,25
DA:907,0
DA:908,0
DA:909,0
DA:910,25
DA:911,25
DA:912,25
DA:913,0
DA:914,0
DA:915,0
DA:916,0
DA:917,0
DA:918,0
DA:919,0
DA:920,0
DA:921,0
DA:922,0
DA:923,0
DA:924,0
DA:925,0
DA:926,0
DA:927,0
DA:928,0
DA:929,0
DA:930,0
DA:931,0
DA:932,0
DA:933,0
DA:934,0
DA:935,0
DA:936,0
DA:937,0
DA:938,0
DA:939,0
DA:940,0
DA:941,0
DA:942,0
DA:943,0
DA:944,0
DA:945,0
DA:946,0
DA:947,0
DA:948,0
DA:949,0
DA:950,0
DA:951,0
DA:952,0
DA:953,0
DA:954,0
DA:955,0
DA:956,0
DA:957,0
DA:958,0
DA:959,0
DA:960,0
DA:961,0
DA:962,0
DA:963,0
DA:964,0
DA:965,0
DA:966,0
DA:967,0
DA:968,0
DA:969,0
DA:970,0
DA:971,0
DA:972,0
DA:973,0
DA:974,0
DA:975,0
DA:976,0
DA:977,0
DA:978,0
DA:979,0
DA:980,0
DA:981,0
DA:982,0
DA:983,0
DA:984,0
DA:985,0
DA:986,0
DA:987,0
DA:988,0
DA:989,0
DA:990,0
DA:991,0
DA:992,0
DA:993,0
DA:994,25
DA:995,25
DA:996,25
DA:997,25
DA:998,25
DA:999,25
DA:1000,25
DA:1001,25
DA:1002,25
DA:1003,25
DA:1004,25
DA:1005,25
DA:1006,25
DA:1007,25
DA:1008,25
DA:1009,25
DA:1010,25
DA:1011,25
DA:1012,25
DA:1013,25
DA:1014,25
DA:1015,25
DA:1016,25
DA:1017,25
DA:1018,25
DA:1019,25
DA:1020,25
DA:1021,25
DA:1022,25
DA:1023,25
DA:1024,25
DA:1025,25
DA:1026,25
DA:1027,25
DA:1028,25
DA:1029,25
DA:1030,0
DA:1031,0
DA:1032,0
DA:1033,25
DA:1034,25
DA:1035,25
DA:1036,25
DA:1037,0
DA:1038,0
DA:1039,0
DA:1040,0
DA:1041,0
DA:1042,0
DA:1043,0
DA:1044,0
DA:1045,0
DA:1046,0
DA:1047,0
DA:1048,0
DA:1049,0
DA:1050,0
DA:1051,0
DA:1052,0
DA:1053,0
DA:1054,0
DA:1055,0
DA:1056,0
DA:1057,0
DA:1058,0
DA:1059,0
DA:1060,0
DA:1061,25
DA:1062,25
DA:1063,25
DA:1064,0
DA:1065,0
DA:1066,0
DA:1067,0
DA:1068,0
DA:1069,0
DA:1070,0
DA:1071,0
DA:1072,0
DA:1073,0
DA:1074,0
DA:1075,0
DA:1076,0
DA:1077,0
DA:1078,0
DA:1079,0
DA:1080,0
DA:1081,0
DA:1082,0
DA:1083,0
DA:1084,0
DA:1085,0
DA:1086,0
DA:1087,0
DA:1088,0
DA:1089,0
DA:1090,0
DA:1091,0
DA:1092,0
DA:1093,0
DA:1094,0
DA:1095,0
DA:1096,0
DA:1097,0
DA:1098,0
DA:1099,0
DA:1100,0
DA:1101,0
DA:1102,0
DA:1103,0
DA:1104,0
DA:1105,0
DA:1106,0
DA:1107,0
DA:1108,0
DA:1109,0
DA:1110,0
DA:1111,0
DA:1112,0
DA:1113,0
DA:1114,0
DA:1115,0
DA:1116,0
DA:1117,0
DA:1118,0
DA:1119,0
DA:1120,0
DA:1121,0
DA:1122,25
DA:1123,25
DA:1124,25
DA:1125,25
DA:1126,25
DA:1127,25
DA:1128,25
DA:1129,25
DA:1130,25
DA:1131,25
DA:1132,25
DA:1133,25
DA:1134,25
DA:1135,25
DA:1136,25
DA:1137,25
DA:1138,25
DA:1139,25
DA:1140,25
DA:1141,25
DA:1142,25
DA:1143,25
DA:1144,25
DA:1145,25
DA:1146,25
DA:1147,0
DA:1148,0
DA:1149,0
DA:1150,0
DA:1151,0
DA:1152,0
DA:1153,25
DA:1154,25
DA:1155,25
DA:1156,0
DA:1157,0
DA:1158,0
DA:1159,0
DA:1160,0
DA:1161,0
DA:1162,0
DA:1163,0
DA:1164,0
DA:1165,0
DA:1166,0
DA:1167,0
DA:1168,0
DA:1169,0
DA:1170,0
DA:1171,0
DA:1172,0
DA:1173,0
DA:1174,0
DA:1175,0
DA:1176,0
DA:1177,0
DA:1178,0
DA:1179,0
DA:1180,0
DA:1181,0
DA:1182,0
DA:1183,0
DA:1184,0
DA:1185,0
DA:1186,0
DA:1187,0
DA:1188,0
DA:1189,0
DA:1190,0
DA:1191,0
DA:1192,25
DA:1193,25
DA:1194,25
DA:1195,25
DA:1196,25
DA:1197,25
DA:1198,25
DA:1199,25
DA:1200,25
DA:1201,25
DA:1202,25
DA:1203,25
DA:1204,25
DA:1205,25
DA:1206,25
DA:1207,25
DA:1208,25
DA:1209,25
DA:1210,25
DA:1211,25
DA:1212,25
DA:1213,0
DA:1214,0
DA:1215,0
DA:1216,0
DA:1217,0
DA:1218,0
DA:1219,0
DA:1220,0
DA:1221,0
DA:1222,0
DA:1223,0
DA:1224,0
DA:1225,0
DA:1226,0
DA:1227,0
DA:1228,0
DA:1229,0
DA:1230,0
DA:1231,0
DA:1232,0
DA:1233,0
DA:1234,0
DA:1235,0
DA:1236,0
DA:1237,0
DA:1238,0
DA:1239,0
DA:1240,0
DA:1241,0
DA:1242,0
DA:1243,0
DA:1244,0
DA:1245,0
DA:1246,0
DA:1247,0
DA:1248,0
DA:1249,0
DA:1250,0
DA:1251,0
DA:1252,0
DA:1253,0
DA:1254,0
DA:1255,0
DA:1256,0
DA:1257,0
DA:1258,0
DA:1259,0
DA:1260,0
DA:1261,0
DA:1262,0
DA:1263,0
DA:1264,0
DA:1265,0
DA:1266,0
DA:1267,0
DA:1268,0
DA:1269,0
DA:1270,0
DA:1271,0
DA:1272,0
DA:1273,0
DA:1274,0
DA:1275,0
DA:1276,0
DA:1277,0
DA:1278,0
DA:1279,0
DA:1280,0
DA:1281,0
DA:1282,0
DA:1283,0
DA:1284,0
DA:1285,0
DA:1286,0
DA:1287,0
DA:1288,0
DA:1289,0
DA:1290,0
DA:1291,0
DA:1292,0
DA:1293,0
DA:1294,25
DA:1295,25
DA:1296,25
DA:1297,25
DA:1298,25
DA:1299,25
DA:1300,25
DA:1301,25
DA:1302,25
DA:1303,25
DA:1304,0
DA:1305,0
DA:1306,0
DA:1307,0
DA:1308,0
DA:1309,0
DA:1310,0
DA:1311,0
DA:1312,0
DA:1313,0
DA:1314,0
DA:1315,0
DA:1316,25
DA:1317,25
DA:1318,25
DA:1319,0
DA:1320,0
DA:1321,0
DA:1322,0
DA:1323,0
DA:1324,0
DA:1325,0
DA:1326,0
DA:1327,0
DA:1328,0
DA:1329,0
DA:1330,0
DA:1331,0
DA:1332,0
DA:1333,0
DA:1334,0
DA:1335,0
DA:1336,0
DA:1337,0
DA:1338,0
DA:1339,0
DA:1340,0
DA:1341,0
DA:1342,0
DA:1343,0
DA:1344,0
DA:1345,0
DA:1346,0
DA:1347,0
DA:1348,0
DA:1349,0
DA:1350,0
DA:1351,0
DA:1352,0
DA:1353,0
DA:1354,0
DA:1355,0
DA:1356,0
DA:1357,0
DA:1358,0
DA:1359,25
DA:1360,25
DA:1361,25
DA:1362,25
DA:1363,25
DA:1364,25
DA:1365,0
DA:1366,0
DA:1367,0
DA:1368,0
DA:1369,0
DA:1370,0
DA:1371,0
DA:1372,0
DA:1373,0
DA:1374,0
DA:1375,0
DA:1376,0
DA:1377,0
DA:1378,0
DA:1379,0
DA:1380,0
DA:1381,0
DA:1382,0
DA:1383,0
DA:1384,0
DA:1385,0
DA:1386,0
DA:1387,0
DA:1388,0
DA:1389,0
DA:1390,0
DA:1391,0
DA:1392,0
DA:1393,0
DA:1394,0
DA:1395,0
DA:1396,0
DA:1397,0
DA:1398,0
DA:1399,0
DA:1400,0
DA:1401,0
DA:1402,0
DA:1403,0
DA:1404,0
DA:1405,0
DA:1406,0
DA:1407,0
DA:1408,0
DA:1409,0
DA:1410,0
DA:1411,0
DA:1412,0
DA:1413,0
DA:1414,0
DA:1415,0
DA:1416,0
DA:1417,0
DA:1418,0
DA:1419,0
DA:1420,0
DA:1421,25
DA:1422,25
DA:1423,25
DA:1424,25
DA:1425,25
DA:1426,25
DA:1427,0
DA:1428,0
DA:1429,0
DA:1430,0
DA:1431,0
DA:1432,0
DA:1433,0
DA:1434,0
DA:1435,0
DA:1436,0
DA:1437,0
DA:1438,0
DA:1439,0
DA:1440,0
DA:1441,0
DA:1442,0
DA:1443,0
DA:1444,0
DA:1445,0
DA:1446,0
DA:1447,0
DA:1448,0
DA:1449,0
DA:1450,0
DA:1451,0
DA:1452,0
DA:1453,0
DA:1454,0
DA:1455,0
DA:1456,0
DA:1457,0
DA:1458,0
DA:1459,0
DA:1460,0
DA:1461,0
DA:1462,0
DA:1463,0
DA:1464,0
DA:1465,0
DA:1466,0
DA:1467,0
DA:1468,0
DA:1469,0
DA:1470,0
DA:1471,0
DA:1472,0
DA:1473,0
DA:1474,0
DA:1475,0
DA:1476,0
DA:1477,0
DA:1478,0
DA:1479,0
DA:1480,25
DA:1481,25
DA:1482,25
DA:1483,35
DA:1484,35
DA:1485,35
DA:1486,35
DA:1487,35
DA:1488,35
DA:1489,35
DA:1490,35
DA:1491,35
DA:1492,35
DA:1493,35
DA:1494,35
DA:1495,35
DA:1496,35
DA:1497,35
DA:1498,35
DA:1499,35
DA:1500,35
DA:1501,35
DA:1502,35
DA:1503,35
DA:1504,35
DA:1505,35
DA:1506,35
DA:1507,35
DA:1508,35
DA:1509,0
DA:1510,0
DA:1511,0
DA:1512,0
DA:1513,0
DA:1514,0
DA:1515,0
DA:1516,0
DA:1517,0
DA:1518,0
DA:1519,0
DA:1520,0
DA:1521,0
DA:1522,0
DA:1523,0
DA:1524,0
DA:1525,0
DA:1526,0
DA:1527,0
DA:1528,0
DA:1529,0
DA:1530,0
DA:1531,0
DA:1532,0
DA:1533,0
DA:1534,0
DA:1535,0
DA:1536,0
DA:1537,0
DA:1538,0
DA:1539,0
DA:1540,0
DA:1541,0
DA:1542,0
DA:1543,0
DA:1544,0
DA:1545,0
DA:1546,0
DA:1547,0
DA:1548,0
DA:1549,0
DA:1550,0
DA:1551,0
DA:1552,0
DA:1553,0
DA:1554,0
DA:1555,0
DA:1556,0
DA:1557,0
DA:1558,0
DA:1559,0
DA:1560,0
DA:1561,0
DA:1562,0
DA:1563,0
DA:1564,0
DA:1565,0
DA:1566,0
DA:1567,0
DA:1568,0
DA:1569,0
DA:1570,0
DA:1571,0
DA:1572,0
DA:1573,0
DA:1574,0
DA:1575,0
DA:1576,0
DA:1577,0
DA:1578,0
DA:1579,0
DA:1580,0
DA:1581,0
DA:1582,0
DA:1583,0
DA:1584,0
DA:1585,0
DA:1586,0
DA:1587,0
DA:1588,0
DA:1589,0
DA:1590,35
DA:1591,35
DA:1592,35
DA:1593,35
DA:1594,0
DA:1595,0
DA:1596,0
DA:1597,0
DA:1598,0
DA:1599,0
DA:1600,0
DA:1601,0
DA:1602,0
DA:1603,0
DA:1604,0
DA:1605,0
DA:1606,0
DA:1607,0
DA:1608,0
DA:1609,0
DA:1610,0
DA:1611,0
DA:1612,0
DA:1613,0
DA:1614,0
DA:1615,0
DA:1616,0
DA:1617,0
DA:1618,0
DA:1619,0
DA:1620,0
DA:1621,0
DA:1622,0
DA:1623,0
DA:1624,0
DA:1625,0
DA:1626,0
DA:1627,0
DA:1628,0
DA:1629,0
DA:1630,0
DA:1631,0
DA:1632,0
DA:1633,0
DA:1634,0
DA:1635,0
DA:1636,0
DA:1637,0
DA:1638,0
DA:1639,0
DA:1640,0
DA:1641,0
DA:1642,0
DA:1643,0
DA:1644,0
DA:1645,0
DA:1646,0
DA:1647,0
DA:1648,0
DA:1649,0
DA:1650,0
DA:1651,0
DA:1652,0
DA:1653,0
DA:1654,0
DA:1655,0
DA:1656,0
DA:1657,0
DA:1658,0
DA:1659,0
DA:1660,0
DA:1661,0
DA:1662,0
DA:1663,0
DA:1664,0
DA:1665,0
DA:1666,0
DA:1667,0
DA:1668,0
DA:1669,0
DA:1670,0
DA:1671,0
DA:1672,0
DA:1673,0
DA:1674,0
DA:1675,0
DA:1676,0
DA:1677,0
DA:1678,0
DA:1679,35
DA:1680,35
DA:1681,35
DA:1682,35
DA:1683,0
DA:1684,0
DA:1685,0
DA:1686,0
DA:1687,0
DA:1688,0
DA:1689,0
DA:1690,0
DA:1691,0
DA:1692,0
DA:1693,0
DA:1694,0
DA:1695,0
DA:1696,0
DA:1697,0
DA:1698,0
DA:1699,0
DA:1700,0
DA:1701,0
DA:1702,0
DA:1703,0
DA:1704,0
DA:1705,0
DA:1706,0
DA:1707,0
DA:1708,0
DA:1709,0
DA:1710,0
DA:1711,0
DA:1712,0
DA:1713,0
DA:1714,0
DA:1715,0
DA:1716,0
DA:1717,0
DA:1718,0
DA:1719,0
DA:1720,0
DA:1721,0
DA:1722,0
DA:1723,0
DA:1724,0
DA:1725,0
DA:1726,0
DA:1727,0
DA:1728,0
DA:1729,0
DA:1730,0
DA:1731,0
DA:1732,0
DA:1733,0
DA:1734,0
DA:1735,0
DA:1736,0
DA:1737,0
DA:1738,0
DA:1739,0
DA:1740,0
DA:1741,0
DA:1742,0
DA:1743,0
DA:1744,0
DA:1745,0
DA:1746,0
DA:1747,0
DA:1748,0
DA:1749,0
DA:1750,0
DA:1751,0
DA:1752,0
DA:1753,0
DA:1754,0
DA:1755,0
DA:1756,0
DA:1757,0
DA:1758,0
DA:1759,0
DA:1760,0
DA:1761,0
DA:1762,0
DA:1763,0
DA:1764,0
DA:1765,0
DA:1766,0
DA:1767,0
DA:1768,0
DA:1769,0
DA:1770,0
DA:1771,0
DA:1772,0
DA:1773,0
DA:1774,0
DA:1775,0
DA:1776,0
DA:1777,0
DA:1778,0
DA:1779,0
DA:1780,0
DA:1781,0
DA:1782,0
DA:1783,0
DA:1784,0
DA:1785,0
DA:1786,0
DA:1787,0
DA:1788,0
DA:1789,0
DA:1790,0
DA:1791,0
DA:1792,0
DA:1793,0
DA:1794,0
DA:1795,0
DA:1796,0
DA:1797,0
DA:1798,0
DA:1799,0
DA:1800,0
DA:1801,0
DA:1802,0
DA:1803,0
DA:1804,0
DA:1805,0
DA:1806,0
DA:1807,0
DA:1808,0
DA:1809,0
DA:1810,0
DA:1811,0
DA:1812,0
DA:1813,0
DA:1814,0
DA:1815,0
DA:1816,0
DA:1817,0
DA:1818,0
DA:1819,0
DA:1820,0
DA:1821,0
DA:1822,0
DA:1823,0
DA:1824,0
DA:1825,0
DA:1826,0
DA:1827,0
DA:1828,0
DA:1829,0
DA:1830,0
DA:1831,0
DA:1832,0
DA:1833,0
DA:1834,0
DA:1835,0
DA:1836,0
DA:1837,0
DA:1838,0
DA:1839,0
DA:1840,0
DA:1841,0
DA:1842,0
DA:1843,0
DA:1844,0
DA:1845,0
DA:1846,0
DA:1847,0
DA:1848,0
DA:1849,0
DA:1850,0
DA:1851,0
DA:1852,0
DA:1853,0
DA:1854,0
DA:1855,0
DA:1856,0
DA:1857,0
DA:1858,0
DA:1859,0
DA:1860,0
DA:1861,0
DA:1862,0
DA:1863,0
DA:1864,0
DA:1865,0
DA:1866,0
DA:1867,0
DA:1868,0
DA:1869,0
DA:1870,0
DA:1871,0
DA:1872,0
DA:1873,0
DA:1874,0
DA:1875,0
DA:1876,0
DA:1877,0
DA:1878,0
DA:1879,0
DA:1880,0
DA:1881,0
DA:1882,0
DA:1883,0
DA:1884,0
DA:1885,0
DA:1886,0
DA:1887,0
DA:1888,0
DA:1889,0
DA:1890,0
DA:1891,0
DA:1892,0
DA:1893,0
DA:1894,0
DA:1895,0
DA:1896,0
DA:1897,0
DA:1898,0
DA:1899,0
DA:1900,35
DA:1901,35
DA:1902,35
DA:1903,35
DA:1904,6
DA:1905,6
DA:1906,6
DA:1907,0
DA:1908,0
DA:1909,0
DA:1910,6
DA:1911,3
DA:1912,3
DA:1913,3
DA:1914,3
DA:1915,3
DA:1916,3
DA:1917,3
DA:1918,6
DA:1919,6
DA:1920,6
DA:1921,35
DA:1922,35
DA:1923,35
DA:1924,35
DA:1925,0
DA:1926,0
DA:1927,0
DA:1928,0
DA:1929,0
DA:1930,0
DA:1931,0
DA:1932,0
DA:1933,0
DA:1934,0
DA:1935,0
DA:1936,0
DA:1937,0
DA:1938,0
DA:1939,0
DA:1940,0
DA:1941,35
DA:1942,35
DA:1943,35
DA:1944,35
DA:1945,0
DA:1946,0
DA:1947,0
DA:1948,0
DA:1949,0
DA:1950,0
DA:1951,0
DA:1952,0
DA:1953,0
DA:1954,0
DA:1955,0
DA:1956,0
DA:1957,0
DA:1958,0
DA:1959,35
DA:1960,35
DA:1961,35
DA:1962,35
DA:1963,0
DA:1964,0
DA:1965,0
DA:1966,0
DA:1967,0
DA:1968,0
DA:1969,0
DA:1970,0
DA:1971,0
DA:1972,0
DA:1973,0
DA:1974,0
DA:1975,0
DA:1976,0
DA:1977,0
DA:1978,0
DA:1979,35
DA:1980,35
DA:1981,35
DA:1982,35
DA:1983,4
DA:1984,4
DA:1985,4
DA:1986,4
DA:1987,0
DA:1988,0
DA:1989,0
DA:1990,0
DA:1991,4
DA:1992,4
DA:1993,4
DA:1994,4
DA:1995,4
DA:1996,4
DA:1997,4
DA:1998,4
DA:1999,4
DA:2000,4
DA:2001,4
DA:2002,4
DA:2003,4
DA:2004,4
DA:2005,4
DA:2006,4
DA:2007,4
DA:2008,4
DA:2009,4
DA:2010,4
DA:2011,4
DA:2012,4
DA:2013,4
DA:2014,4
DA:2015,4
DA:2016,4
DA:2017,4
DA:2018,4
DA:2019,4
DA:2020,4
DA:2021,4
DA:2022,4
DA:2023,0
DA:2024,0
DA:2025,0
DA:2026,0
DA:2027,0
DA:2028,0
DA:2029,4
DA:2030,4
DA:2031,4
DA:2032,4
DA:2033,4
DA:2034,4
DA:2035,4
DA:2036,4
DA:2037,4
DA:2038,4
DA:2039,4
DA:2040,4
DA:2041,4
DA:2042,4
DA:2043,4
DA:2044,4
DA:2045,4
DA:2046,4
DA:2047,4
DA:2048,4
DA:2049,1
DA:2050,1
DA:2051,1
DA:2052,1
DA:2053,1
DA:2054,1
DA:2055,1
DA:2056,3
DA:2057,3
DA:2058,3
DA:2059,3
DA:2060,3
DA:2061,3
DA:2062,3
DA:2063,4
DA:2064,4
DA:2065,4
DA:2066,4
DA:2067,4
DA:2068,35
DA:2069,35
DA:2070,35
DA:2071,35
DA:2072,1
DA:2073,1
DA:2074,0
DA:2075,0
DA:2076,0
DA:2077,0
DA:2078,0
DA:2079,0
DA:2080,0
DA:2081,0
DA:2082,0
DA:2083,0
DA:2084,0
DA:2085,0
DA:2086,0
DA:2087,0
DA:2088,0
DA:2089,0
DA:2090,0
DA:2091,0
DA:2092,0
DA:2093,0
DA:2094,0
DA:2095,0
DA:2096,0
DA:2097,0
DA:2098,0
DA:2099,0
DA:2100,0
DA:2101,0
DA:2102,0
DA:2103,0
DA:2104,0
DA:2105,0
DA:2106,0
DA:2107,0
DA:2108,0
DA:2109,0
DA:2110,0
DA:2111,0
DA:2112,0
DA:2113,0
DA:2114,0
DA:2115,0
DA:2116,0
DA:2117,0
DA:2118,0
DA:2119,0
DA:2120,0
DA:2121,0
DA:2122,0
DA:2123,0
DA:2124,0
DA:2125,0
DA:2126,0
DA:2127,0
DA:2128,0
DA:2129,0
DA:2130,0
DA:2131,0
DA:2132,0
DA:2133,0
DA:2134,0
DA:2135,0
DA:2136,0
DA:2137,0
DA:2138,0
DA:2139,0
DA:2140,0
DA:2141,0
DA:2142,0
DA:2143,0
DA:2144,0
DA:2145,0
DA:2146,0
DA:2147,0
DA:2148,0
DA:2149,0
DA:2150,0
DA:2151,0
DA:2152,0
DA:2153,0
DA:2154,0
DA:2155,0
DA:2156,0
DA:2157,0
DA:2158,0
DA:2159,0
DA:2160,0
DA:2161,0
DA:2162,0
DA:2163,0
DA:2164,0
DA:2165,0
DA:2166,0
DA:2167,0
DA:2168,0
DA:2169,0
DA:2170,0
DA:2171,0
DA:2172,0
DA:2173,0
DA:2174,0
DA:2175,0
DA:2176,0
DA:2177,0
DA:2178,0
DA:2179,0
DA:2180,0
DA:2181,0
DA:2182,0
DA:2183,0
DA:2184,0
DA:2185,0
DA:2186,0
DA:2187,0
DA:2188,0
DA:2189,1
DA:2190,1
DA:2191,0
DA:2192,0
DA:2193,0
DA:2194,0
DA:2195,0
DA:2196,0
DA:2197,0
DA:2198,0
DA:2199,0
DA:2200,0
DA:2201,0
DA:2202,0
DA:2203,0
DA:2204,0
DA:2205,0
DA:2206,0
DA:2207,0
DA:2208,0
DA:2209,0
DA:2210,0
DA:2211,0
DA:2212,0
DA:2213,0
DA:2214,0
DA:2215,0
DA:2216,0
DA:2217,0
DA:2218,0
DA:2219,0
DA:2220,0
DA:2221,0
DA:2222,0
DA:2223,0
DA:2224,0
DA:2225,0
DA:2226,0
DA:2227,0
DA:2228,0
DA:2229,0
DA:2230,0
DA:2231,0
DA:2232,0
DA:2233,0
DA:2234,0
DA:2235,0
DA:2236,0
DA:2237,0
DA:2238,0
DA:2239,0
DA:2240,0
DA:2241,0
DA:2242,0
DA:2243,0
DA:2244,0
DA:2245,0
DA:2246,0
DA:2247,0
DA:2248,0
DA:2249,0
DA:2250,0
DA:2251,0
DA:2252,0
DA:2253,0
DA:2254,0
DA:2255,0
DA:2256,0
DA:2257,0
DA:2258,0
DA:2259,0
DA:2260,0
DA:2261,0
DA:2262,0
DA:2263,0
DA:2264,0
DA:2265,0
DA:2266,0
DA:2267,0
DA:2268,0
DA:2269,0
DA:2270,0
DA:2271,0
DA:2272,0
DA:2273,0
DA:2274,0
DA:2275,0
DA:2276,0
DA:2277,0
DA:2278,0
DA:2279,0
DA:2280,0
DA:2281,0
DA:2282,0
DA:2283,0
DA:2284,0
DA:2285,0
DA:2286,0
DA:2287,0
DA:2288,0
DA:2289,0
DA:2290,0
DA:2291,0
DA:2292,0
DA:2293,0
DA:2294,0
DA:2295,0
DA:2296,0
DA:2297,0
DA:2298,0
DA:2299,0
DA:2300,0
DA:2301,0
DA:2302,0
DA:2303,0
DA:2304,0
DA:2305,0
DA:2306,0
DA:2307,0
DA:2308,0
DA:2309,0
DA:2310,0
DA:2311,0
DA:2312,0
DA:2313,0
DA:2314,0
DA:2315,0
DA:2316,0
DA:2317,0
DA:2318,0
DA:2319,0
DA:2320,0
DA:2321,0
DA:2322,0
DA:2323,0
DA:2324,0
DA:2325,0
DA:2326,0
DA:2327,0
DA:2328,0
DA:2329,0
DA:2330,0
DA:2331,0
DA:2332,0
DA:2333,0
DA:2334,0
DA:2335,0
DA:2336,0
DA:2337,0
DA:2338,0
DA:2339,0
DA:2340,0
DA:2341,0
DA:2342,0
DA:2343,0
DA:2344,0
DA:2345,0
DA:2346,0
DA:2347,0
DA:2348,0
DA:2349,0
DA:2350,0
DA:2351,0
DA:2352,0
DA:2353,0
DA:2354,0
DA:2355,0
DA:2356,0
DA:2357,0
DA:2358,0
DA:2359,0
DA:2360,0
DA:2361,0
DA:2362,0
DA:2363,0
DA:2364,0
DA:2365,0
DA:2366,0
DA:2367,0
DA:2368,0
DA:2369,0
DA:2370,0
DA:2371,0
DA:2372,0
DA:2373,0
DA:2374,0
DA:2375,0
DA:2376,0
DA:2377,0
DA:2378,0
DA:2379,0
DA:2380,0
DA:2381,0
DA:2382,0
DA:2383,0
DA:2384,0
DA:2385,0
DA:2386,0
DA:2387,0
DA:2388,0
DA:2389,0
DA:2390,0
DA:2391,0
DA:2392,0
DA:2393,0
DA:2394,0
DA:2395,0
DA:2396,0
DA:2397,0
DA:2398,0
DA:2399,0
DA:2400,0
DA:2401,0
DA:2402,0
DA:2403,0
DA:2404,0
DA:2405,0
DA:2406,0
DA:2407,0
DA:2408,0
DA:2409,0
DA:2410,0
DA:2411,0
DA:2412,0
DA:2413,0
DA:2414,0
DA:2415,0
DA:2416,0
DA:2417,0
DA:2418,0
DA:2419,0
DA:2420,0
DA:2421,0
DA:2422,0
DA:2423,0
DA:2424,0
DA:2425,0
DA:2426,0
DA:2427,0
DA:2428,0
DA:2429,0
DA:2430,0
DA:2431,0
DA:2432,0
DA:2433,0
DA:2434,0
DA:2435,0
DA:2436,0
DA:2437,0
DA:2438,0
DA:2439,0
DA:2440,0
DA:2441,0
DA:2442,0
DA:2443,0
DA:2444,0
DA:2445,0
DA:2446,0
DA:2447,0
DA:2448,0
DA:2449,0
DA:2450,0
DA:2451,0
DA:2452,0
DA:2453,0
DA:2454,0
DA:2455,0
DA:2456,0
DA:2457,0
DA:2458,0
DA:2459,0
DA:2460,0
DA:2461,0
DA:2462,0
DA:2463,0
DA:2464,0
DA:2465,0
DA:2466,0
DA:2467,0
DA:2468,0
DA:2469,0
DA:2470,0
DA:2471,0
DA:2472,0
DA:2473,0
DA:2474,0
DA:2475,0
DA:2476,0
DA:2477,0
DA:2478,0
DA:2479,0
DA:2480,0
DA:2481,0
DA:2482,0
DA:2483,0
DA:2484,0
DA:2485,0
DA:2486,0
DA:2487,0
DA:2488,0
DA:2489,0
DA:2490,0
DA:2491,0
DA:2492,0
DA:2493,0
DA:2494,0
DA:2495,0
DA:2496,0
DA:2497,0
DA:2498,0
DA:2499,0
DA:2500,0
DA:2501,0
DA:2502,0
DA:2503,0
DA:2504,0
DA:2505,0
DA:2506,0
DA:2507,0
DA:2508,0
DA:2509,0
DA:2510,0
DA:2511,0
DA:2512,0
DA:2513,0
DA:2514,0
DA:2515,0
DA:2516,0
DA:2517,0
DA:2518,0
DA:2519,0
DA:2520,0
DA:2521,0
DA:2522,0
DA:2523,0
DA:2524,0
DA:2525,0
DA:2526,0
DA:2527,0
DA:2528,0
DA:2529,0
DA:2530,0
DA:2531,0
DA:2532,0
DA:2533,1
DA:2534,1
DA:2535,0
DA:2536,0
DA:2537,0
DA:2538,0
DA:2539,0
DA:2540,0
DA:2541,0
DA:2542,0
DA:2543,0
DA:2544,0
DA:2545,0
DA:2546,0
DA:2547,0
DA:2548,0
DA:2549,0
DA:2550,0
DA:2551,0
DA:2552,0
DA:2553,0
DA:2554,0
DA:2555,0
DA:2556,0
DA:2557,0
DA:2558,0
DA:2559,0
DA:2560,0
DA:2561,0
DA:2562,0
DA:2563,0
DA:2564,0
DA:2565,0
DA:2566,0
DA:2567,0
DA:2568,0
DA:2569,0
DA:2570,0
DA:2571,0
DA:2572,0
DA:2573,0
DA:2574,0
DA:2575,0
DA:2576,0
DA:2577,0
DA:2578,0
DA:2579,0
DA:2580,0
DA:2581,0
DA:2582,0
DA:2583,0
DA:2584,0
DA:2585,0
DA:2586,0
DA:2587,0
DA:2588,0
DA:2589,0
DA:2590,0
DA:2591,0
DA:2592,0
DA:2593,0
DA:2594,0
DA:2595,0
DA:2596,0
DA:2597,0
DA:2598,0
DA:2599,0
DA:2600,0
DA:2601,0
DA:2602,0
DA:2603,0
DA:2604,0
DA:2605,0
DA:2606,0
DA:2607,0
DA:2608,0
DA:2609,0
DA:2610,0
DA:2611,0
DA:2612,0
DA:2613,0
DA:2614,0
DA:2615,0
DA:2616,0
DA:2617,0
DA:2618,0
DA:2619,0
DA:2620,0
DA:2621,0
DA:2622,0
DA:2623,0
DA:2624,0
DA:2625,0
DA:2626,0
DA:2627,0
DA:2628,0
DA:2629,0
DA:2630,0
DA:2631,0
DA:2632,0
DA:2633,0
DA:2634,0
DA:2635,0
DA:2636,0
DA:2637,0
DA:2638,0
DA:2639,0
DA:2640,0
DA:2641,0
DA:2642,0
DA:2643,0
DA:2644,0
DA:2645,0
DA:2646,0
DA:2647,0
DA:2648,0
DA:2649,0
DA:2650,0
DA:2651,0
DA:2652,0
DA:2653,0
DA:2654,0
DA:2655,0
DA:2656,0
DA:2657,0
DA:2658,0
DA:2659,0
DA:2660,0
DA:2661,0
DA:2662,0
DA:2663,0
DA:2664,0
DA:2665,0
DA:2666,0
DA:2667,0
DA:2668,0
DA:2669,0
DA:2670,0
DA:2671,0
DA:2672,0
DA:2673,0
DA:2674,0
DA:2675,0
DA:2676,0
DA:2677,0
DA:2678,0
DA:2679,0
DA:2680,0
DA:2681,0
DA:2682,0
DA:2683,0
DA:2684,0
DA:2685,0
DA:2686,0
DA:2687,0
DA:2688,0
DA:2689,0
DA:2690,0
DA:2691,0
DA:2692,0
DA:2693,0
DA:2694,0
DA:2695,0
DA:2696,0
DA:2697,0
DA:2698,0
DA:2699,0
DA:2700,1
DA:2701,1
DA:2702,96
DA:2703,96
DA:2704,96
DA:2705,96
DA:2706,96
DA:2707,96
DA:2708,96
DA:2709,96
DA:2710,96
DA:2711,96
DA:2712,96
DA:2713,96
DA:2714,96
DA:2715,96
DA:2716,96
DA:2717,96
DA:2718,96
DA:2719,96
DA:2720,96
DA:2721,6
DA:2722,2
DA:2723,2
DA:2724,2
DA:2725,2
DA:2726,2
DA:2727,2
DA:2728,2
DA:2729,2
DA:2730,2
DA:2731,2
DA:2732,2
DA:2733,2
DA:2734,2
DA:2735,2
DA:2736,2
DA:2737,2
DA:2738,2
DA:2739,2
DA:2740,2
DA:2741,2
DA:2742,2
DA:2743,2
DA:2744,2
DA:2745,6
DA:2746,4
DA:2747,4
DA:2748,4
DA:2749,4
DA:2750,4
DA:2751,4
DA:2752,4
DA:2753,4
DA:2754,4
DA:2755,4
DA:2756,4
DA:2757,4
DA:2758,6
DA:2759,6
DA:2760,96
DA:2761,96
DA:2762,96
DA:2763,80
DA:2764,80
DA:2765,80
DA:2766,80
DA:2767,0
DA:2768,0
DA:2769,0
DA:2770,80
DA:2771,80
DA:2772,80
DA:2773,14
DA:2774,14
DA:2775,14
DA:2776,14
DA:2777,14
DA:2778,0
DA:2779,0
DA:2780,14
DA:2781,14
DA:2782,14
DA:2783,14
DA:2784,8
DA:2785,8
DA:2786,14
DA:2787,14
DA:2788,14
DA:2789,14
DA:2790,14
DA:2791,14
DA:2792,14
DA:2793,66
DA:2794,66
DA:2795,66
DA:2796,66
DA:2797,66
DA:2798,80
DA:2799,96
DA:2800,96
DA:2801,4
DA:2802,4
DA:2803,4
DA:2804,1
DA:2805,1
DA:2806,4
DA:2807,4
DA:2808,1
DA:2809,1
DA:2810,4
DA:2811,4
DA:2812,1
DA:2813,4
DA:2814,3
DA:2815,3
DA:2816,3
DA:2817,0
DA:2818,3
DA:2819,3
DA:2820,3
DA:2821,3
DA:2822,0
DA:2823,0
DA:2824,3
DA:2825,3
DA:2826,4
DA:2827,4
DA:2828,4
DA:2829,2
DA:2830,1
DA:2831,1
DA:2832,1
DA:2833,1
DA:2834,0
DA:2835,1
DA:2836,1
DA:2837,1
DA:2838,1
DA:2839,1
DA:2840,0
DA:2841,1
DA:2842,1
DA:2843,1
DA:2844,1
DA:2845,1
DA:2846,1
DA:2847,1
DA:2848,0
DA:2849,0
DA:2850,1
DA:2851,1
DA:2852,1
DA:2853,1
DA:2854,2
DA:2855,4
DA:2856,4
DA:2857,4
DA:2858,0
DA:2859,0
DA:2860,4
DA:2861,4
DA:2862,4
DA:2863,96
DA:2864,96
DA:2865,4
DA:2866,4
DA:2867,4
DA:2868,4
DA:2869,4
DA:2870,4
DA:2871,4
DA:2872,1
DA:2873,1
DA:2874,1
DA:2875,1
DA:2876,1
DA:2877,1
DA:2878,1
DA:2879,1
DA:2880,1
DA:2881,3
DA:2882,3
DA:2883,3
DA:2884,3
DA:2885,3
DA:2886,3
DA:2887,3
DA:2888,3
DA:2889,4
DA:2890,1
DA:2891,1
DA:2892,4
DA:2893,2
DA:2894,2
DA:2895,2
DA:2896,3
DA:2897,3
DA:2898,1
DA:2899,2
DA:2900,4
DA:2901,4
DA:2902,4
DA:2903,4
DA:2904,4
DA:2905,4
DA:2906,2
DA:2907,2
DA:2908,2
DA:2909,2
DA:2910,2
DA:2911,2
DA:2912,2
DA:2913,2
DA:2914,2
DA:2915,2
DA:2916,2
DA:2917,2
DA:2918,2
DA:2919,2
DA:2920,2
DA:2921,2
DA:2922,4
DA:2923,0
DA:2924,0
DA:2925,4
DA:2926,3
DA:2927,3
DA:2928,4
DA:2929,96
DA:2930,96
DA:2931,0
DA:2932,0
DA:2933,0
DA:2934,0
DA:2935,0
DA:2936,0
DA:2937,0
DA:2938,0
DA:2939,0
DA:2940,0
DA:2941,0
DA:2942,0
DA:2943,0
DA:2944,0
DA:2945,96
DA:2946,96
DA:2947,96
DA:2948,96
DA:2949,96
DA:2950,96
DA:2951,96
DA:2952,96
DA:2953,96
DA:2954,96
DA:2955,96
DA:2956,96
DA:2957,96
DA:2958,96
DA:2959,96
DA:2960,96
DA:2961,96
DA:2962,96
DA:2963,96
DA:2964,96
DA:2965,96
DA:2966,96
DA:2967,96
DA:2968,96
DA:2969,96
DA:2970,96
DA:2971,96
DA:2972,96
DA:2973,96
DA:2974,96
DA:2975,96
DA:2976,0
DA:2977,0
DA:2978,0
DA:2979,96
DA:2980,96
DA:2981,96
DA:2982,96
DA:2983,1
DA:2984,1
DA:2985,1
DA:2986,1
DA:2987,1
DA:2988,96
DA:2989,96
DA:2990,96
DA:2991,96
DA:2992,96
DA:2993,96
DA:2994,96
DA:2995,96
DA:2996,96
DA:2997,96
DA:2998,96
DA:2999,96
DA:3000,96
DA:3001,96
DA:3002,96
DA:3003,96
DA:3004,96
DA:3005,96
DA:3006,96
DA:3007,96
DA:3008,96
DA:3009,96
DA:3010,96
DA:3011,96
DA:3012,96
DA:3013,96
DA:3014,96
DA:3015,96
DA:3016,96
DA:3017,96
DA:3018,96
DA:3019,96
DA:3020,96
DA:3021,96
DA:3022,96
DA:3023,96
DA:3024,96
DA:3025,96
DA:3026,96
DA:3027,96
DA:3028,96
DA:3029,96
DA:3030,96
DA:3031,96
DA:3032,96
DA:3033,96
DA:3034,96
DA:3035,96
DA:3036,96
DA:3037,96
DA:3038,96
DA:3039,96
DA:3040,96
DA:3041,96
DA:3042,96
DA:3043,96
DA:3044,96
DA:3045,96
DA:3046,96
DA:3047,96
DA:3048,96
DA:3049,96
DA:3050,96
DA:3051,96
DA:3052,96
DA:3053,96
DA:3054,96
DA:3055,96
DA:3056,96
DA:3057,96
DA:3058,96
DA:3059,96
DA:3060,96
DA:3061,96
DA:3062,96
DA:3063,96
DA:3064,96
DA:3065,96
DA:3066,96
DA:3067,96
DA:3068,96
DA:3069,96
DA:3070,96
DA:3071,96
DA:3072,96
DA:3073,96
DA:3074,96
DA:3075,96
DA:3076,96
DA:3077,96
DA:3078,96
DA:3079,96
DA:3080,96
DA:3081,96
DA:3082,96
DA:3083,96
DA:3084,96
DA:3085,96
DA:3086,96
DA:3087,96
DA:3088,96
DA:3089,96
DA:3090,96
DA:3091,96
DA:3092,96
DA:3093,96
DA:3094,96
DA:3095,96
DA:3096,96
DA:3097,96
DA:3098,96
DA:3099,96
DA:3100,96
DA:3101,96
DA:3102,96
DA:3103,96
DA:3104,96
DA:3105,96
DA:3106,96
DA:3107,96
DA:3108,96
DA:3109,96
DA:3110,96
DA:3111,96
DA:3112,96
DA:3113,96
DA:3114,96
DA:3115,96
DA:3116,96
DA:3117,96
DA:3118,96
DA:3119,96
DA:3120,96
DA:3121,96
DA:3122,96
DA:3123,96
DA:3124,96
DA:3125,96
DA:3126,96
DA:3127,96
DA:3128,96
DA:3129,96
DA:3130,96
DA:3131,96
DA:3132,96
DA:3133,96
DA:3134,96
DA:3135,3
DA:3136,93
DA:3137,96
DA:3138,96
DA:3139,96
DA:3140,96
DA:3141,96
DA:3142,96
DA:3143,96
DA:3144,96
LF:3144
LH:1238
BRDA:34,0,0,35
BRDA:592,1,0,0
BRDA:603,2,0,0
BRDA:608,3,0,10
BRDA:608,4,0,10
BRDA:617,5,0,25
BRDA:620,6,0,0
BRDA:629,7,0,25
BRDA:632,8,0,0
BRDA:641,9,0,25
BRDA:669,10,0,0
BRDA:675,11,0,0
BRDA:678,12,0,25
BRDA:708,13,0,0
BRDA:712,14,0,0
BRDA:716,15,0,0
BRDA:720,16,0,0
BRDA:731,17,0,0
BRDA:737,18,0,0
BRDA:741,19,0,0
BRDA:769,20,0,4
BRDA:775,21,0,24
BRDA:775,22,0,24
BRDA:885,23,0,1
BRDA:906,24,0,0
BRDA:912,25,0,0
BRDA:1029,26,0,0
BRDA:1036,27,0,0
BRDA:1063,28,0,0
BRDA:1146,29,0,0
BRDA:1155,30,0,0
BRDA:1212,31,0,0
BRDA:1364,32,0,0
BRDA:1426,33,0,0
BRDA:1508,34,0,0
BRDA:1593,35,0,0
BRDA:1593,36,0,0
BRDA:1682,37,0,0
BRDA:1903,38,0,6
BRDA:1924,39,0,0
BRDA:1944,40,0,0
BRDA:1962,41,0,0
BRDA:1982,42,0,4
BRDA:1982,43,0,4
BRDA:2022,44,0,0
BRDA:2048,45,0,1
BRDA:2055,46,0,3
BRDA:137,47,0,25
BRDA:258,48,0,10
BRDA:259,49,0,10
BRDA:260,50,0,0
BRDA:273,51,0,0
BRDA:300,52,0,0
BRDA:301,53,0,0
BRDA:302,54,0,0
BRDA:303,55,0,0
BRDA:304,56,0,0
BRDA:305,57,0,0
BRDA:306,58,0,0
BRDA:307,59,0,0
BRDA:314,60,0,0
BRDA:316,61,0,0
BRDA:317,62,0,0
BRDA:318,63,0,0
BRDA:319,64,0,0
BRDA:322,65,0,0
BRDA:322,66,0,0
BRDA:323,67,0,0
BRDA:324,68,0,0
BRDA:327,69,0,0
BRDA:341,70,0,10
BRDA:342,71,0,10
BRDA:348,72,0,0
BRDA:349,73,0,0
BRDA:502,74,0,2
BRDA:512,75,0,3
BRDA:522,76,0,1
BRDA:523,77,0,0
BRDA:544,78,0,0
BRDA:535,79,0,1
BRDA:535,80,0,2
BRDA:552,81,0,1
BRDA:758,82,0,4
BRDA:778,83,0,9
BRDA:780,84,0,1
BRDA:780,85,0,1
BRDA:780,86,0,8
BRDA:781,87,0,0
BRDA:781,88,0,8
BRDA:784,89,0,0
BRDA:784,90,0,0
BRDA:786,91,0,8
BRDA:791,92,0,33
BRDA:794,93,0,1
BRDA:808,94,0,32
BRDA:822,95,0,1
BRDA:823,96,0,32
BRDA:833,97,0,32
BRDA:860,98,0,18
BRDA:881,99,0,0
BRDA:815,100,0,33
BRDA:824,101,0,32
BRDA:841,102,0,2
BRDA:844,103,0,2
BRDA:862,104,0,3
BRDA:865,105,0,3
BRDA:1301,106,0,25
BRDA:1303,107,0,0
BRDA:1318,108,0,0
BRDA:1910,109,0,3
BRDA:1994,110,0,2
BRDA:2702,111,0,96
BRDA:2946,112,0,0
BRDA:2960,113,0,22
BRDA:2960,114,0,74
BRDA:2975,115,0,0
BRDA:2982,116,0,1
BRDA:3060,117,0,92
BRDA:3107,118,0,0
BRDA:3134,119,0,3
BRDA:3135,120,0,1
BRDA:3135,121,0,2
BRDA:3135,122,0,93
BRDA:3136,123,0,21
BRDA:3136,124,0,72
BRDA:2720,125,0,6
BRDA:2721,126,0,2
BRDA:2736,127,0,0
BRDA:2737,128,0,0
BRDA:2738,129,0,0
BRDA:2742,130,0,0
BRDA:2744,131,0,0
BRDA:2745,132,0,4
BRDA:2762,133,0,80
BRDA:2766,134,0,0
BRDA:2772,135,0,66
BRDA:2772,136,0,14
BRDA:2777,137,0,0
BRDA:2783,138,0,8
BRDA:2792,139,0,66
BRDA:2787,140,0,14
BRDA:2794,141,0,66
BRDA:2796,142,0,2
BRDA:2796,143,0,64
BRDA:2800,144,0,4
BRDA:2803,145,0,1
BRDA:2807,146,0,1
BRDA:2811,147,0,1
BRDA:2813,148,0,3
BRDA:2816,149,0,0
BRDA:2821,150,0,0
BRDA:2828,151,0,2
BRDA:2829,152,0,1
BRDA:2833,153,0,0
BRDA:2839,154,0,0
BRDA:2847,155,0,0
BRDA:2857,156,0,1
BRDA:2857,157,0,0
BRDA:2864,158,0,4
BRDA:2871,159,0,1
BRDA:2880,160,0,3
BRDA:2889,161,0,1
BRDA:2892,162,0,2
BRDA:2895,163,0,3
BRDA:2897,164,0,1
BRDA:2898,165,0,2
BRDA:2905,166,0,2
BRDA:2922,167,0,0
BRDA:2925,168,0,3
BRDA:2956,169,0,13
BRDA:3131,170,0,4
BRF:171
BRH:93
end_of_record
TN:
SF:src\pages\auth\Projects.jsx
FN:9,ProjectModal
FNF:1
FNH:0
FNDA:0,ProjectModal
DA:1,1
DA:2,1
DA:3,1
DA:4,1
DA:5,1
DA:6,1
DA:7,1
DA:8,1
DA:9,0
DA:10,0
DA:11,0
DA:12,0
DA:13,0
DA:14,0
DA:15,0
DA:16,0
DA:17,0
DA:18,0
DA:19,0
DA:20,0
DA:21,0
DA:22,0
DA:23,0
DA:24,0
DA:25,0
DA:26,0
DA:27,0
DA:28,0
DA:29,0
DA:30,0
DA:31,0
DA:32,0
DA:33,0
DA:34,0
DA:35,0
DA:36,0
DA:37,0
DA:38,0
DA:39,0
DA:40,0
DA:41,0
DA:42,0
DA:43,0
DA:44,0
DA:45,0
DA:46,0
DA:47,0
DA:48,0
DA:49,0
DA:50,0
DA:51,0
DA:52,0
DA:53,0
DA:54,0
DA:55,0
DA:56,0
DA:57,0
DA:58,0
DA:59,0
DA:60,0
DA:61,0
DA:62,0
DA:63,0
DA:64,0
DA:65,0
DA:66,0
DA:67,0
DA:68,0
DA:69,0
DA:70,0
DA:71,0
DA:72,0
DA:73,0
DA:74,0
DA:75,0
DA:76,0
DA:77,0
DA:78,0
DA:79,0
DA:80,0
DA:81,0
DA:82,0
DA:83,0
DA:84,0
DA:85,0
DA:86,0
DA:87,0
DA:88,0
DA:89,0
DA:90,0
DA:91,0
DA:92,0
DA:93,0
DA:94,0
DA:95,0
DA:96,0
DA:97,0
DA:98,0
DA:99,0
DA:100,0
DA:101,0
DA:102,0
DA:103,0
DA:104,0
DA:105,0
DA:106,0
DA:107,0
DA:108,0
DA:109,0
DA:110,0
DA:111,0
DA:112,0
DA:113,0
DA:114,0
DA:115,0
DA:116,0
DA:117,0
DA:118,0
DA:119,0
DA:120,0
DA:121,0
DA:122,0
DA:123,0
DA:124,0
DA:125,0
DA:126,0
DA:127,0
DA:128,0
DA:129,0
DA:130,0
DA:131,0
DA:132,0
DA:133,0
DA:134,0
DA:135,0
DA:136,0
DA:137,0
DA:138,0
DA:139,0
DA:140,0
DA:141,0
DA:142,0
DA:143,0
DA:144,0
DA:145,0
DA:146,0
DA:147,0
DA:148,0
DA:149,0
DA:150,0
DA:151,0
DA:152,0
DA:153,0
DA:154,0
DA:155,0
DA:156,0
DA:157,0
DA:158,0
DA:159,0
DA:160,0
DA:161,0
DA:162,0
DA:163,0
DA:164,0
DA:165,0
DA:166,0
DA:167,0
DA:168,0
DA:169,0
DA:170,0
DA:171,0
DA:172,0
DA:173,0
DA:174,0
DA:175,0
DA:176,0
DA:177,0
DA:178,0
DA:179,0
DA:180,0
DA:181,0
DA:182,0
DA:183,0
DA:184,0
DA:185,0
DA:186,0
DA:187,0
DA:188,0
DA:189,0
DA:190,0
DA:191,0
DA:192,0
DA:193,0
DA:194,0
DA:195,0
DA:196,0
DA:197,0
DA:198,0
DA:199,0
DA:200,0
DA:201,0
DA:202,0
DA:203,0
DA:204,0
DA:205,0
DA:206,0
DA:207,0
DA:208,0
DA:209,0
DA:210,0
DA:211,0
DA:212,0
DA:213,0
DA:214,0
DA:215,0
DA:216,0
DA:217,0
DA:218,0
DA:219,0
DA:220,0
DA:221,0
DA:222,0
DA:223,0
DA:224,0
DA:225,0
DA:226,0
DA:227,0
DA:228,0
DA:229,0
DA:230,0
DA:231,0
DA:232,0
DA:233,0
DA:234,0
DA:235,0
DA:236,0
DA:237,0
DA:238,0
DA:239,0
DA:240,0
DA:241,0
DA:242,0
DA:243,0
DA:244,0
DA:245,0
DA:246,0
DA:247,0
DA:248,0
DA:249,0
DA:250,0
DA:251,0
DA:252,0
DA:253,0
DA:254,0
DA:255,0
DA:256,0
DA:257,0
DA:258,0
DA:259,0
DA:260,0
DA:261,0
DA:262,0
DA:263,0
DA:264,0
DA:265,0
DA:266,0
DA:267,0
DA:268,0
DA:269,0
DA:270,0
DA:271,0
DA:272,0
DA:273,0
DA:274,0
DA:275,0
DA:276,0
DA:277,0
DA:278,0
DA:279,0
DA:280,0
DA:281,0
DA:282,0
DA:283,0
DA:284,0
DA:285,0
DA:286,0
DA:287,0
DA:288,0
DA:289,0
DA:290,0
LF:290
LH:8
BRF:0
BRH:0
end_of_record
TN:
SF:src\pages\auth\Register.jsx
FN:4,Register
FNF:1
FNH:0
FNDA:0,Register
DA:1,1
DA:2,1
DA:3,1
DA:4,0
DA:5,0
DA:6,0
DA:7,0
DA:8,0
DA:9,0
DA:10,0
DA:11,0
DA:12,0
DA:13,0
DA:14,0
DA:15,0
DA:16,0
DA:17,0
DA:18,0
DA:19,0
DA:20,0
DA:21,0
DA:22,0
DA:23,0
DA:24,0
DA:25,0
DA:26,0
DA:27,0
DA:28,0
DA:29,0
DA:30,0
DA:31,0
DA:32,0
DA:33,0
DA:34,0
DA:35,0
DA:36,0
DA:37,0
DA:38,0
DA:39,0
DA:40,0
DA:41,0
DA:42,0
DA:43,0
DA:44,0
DA:45,0
DA:46,0
DA:47,0
DA:48,0
DA:49,0
DA:50,0
DA:51,0
LF:51
LH:3
BRF:0
BRH:0
end_of_record
TN:
SF:src\utils\imageUtils.js
FN:13,resizeImage
FN:17,reader.onload
FN:20,img.onload
FN:62,img.onerror
FN:69,reader.onerror
FN:82,isValidImageType
FN:93,isValidImageSize
FN:103,formatFileSize
FN:119,blobToFile
FNF:9
FNH:6
FNDA:1,resizeImage
FNDA:1,reader.onload
FNDA:1,img.onload
FNDA:0,img.onerror
FNDA:0,reader.onerror
FNDA:4,isValidImageType
FNDA:2,isValidImageSize
FNDA:3,formatFileSize
FNDA:0,blobToFile
DA:1,1
DA:2,1
DA:3,1
DA:4,1
DA:5,1
DA:6,1
DA:7,1
DA:8,1
DA:9,1
DA:10,1
DA:11,1
DA:12,1
DA:13,1
DA:14,1
DA:15,1
DA:16,1
DA:17,1
DA:18,1
DA:19,1
DA:20,1
DA:21,1
DA:22,1
DA:23,1
DA:24,1
DA:25,1
DA:26,1
DA:27,1
DA:28,1
DA:29,1
DA:30,1
DA:31,1
DA:32,1
DA:33,1
DA:34,1
DA:35,0
DA:36,0
DA:37,0
DA:38,0
DA:39,0
DA:40,1
DA:41,1
DA:42,1
DA:43,1
DA:44,1
DA:45,1
DA:46,1
DA:47,1
DA:48,1
DA:49,1
DA:50,1
DA:51,1
DA:52,1
DA:53,1
DA:54,0
DA:55,0
DA:56,1
DA:57,1
DA:58,1
DA:59,1
DA:60,1
DA:61,1
DA:62,1
DA:63,0
DA:64,1
DA:65,1
DA:66,1
DA:67,1
DA:68,1
DA:69,1
DA:70,0
DA:71,1
DA:72,1
DA:73,1
DA:74,1
DA:75,1
DA:76,1
DA:77,1
DA:78,1
DA:79,1
DA:80,1
DA:81,1
DA:82,1
DA:83,4
DA:84,4
DA:85,4
DA:86,1
DA:87,1
DA:88,1
DA:89,1
DA:90,1
DA:91,1
DA:92,1
DA:93,1
DA:94,2
DA:95,2
DA:96,2
DA:97,1
DA:98,1
DA:99,1
DA:100,1
DA:101,1
DA:102,1
DA:103,1
DA:104,3
DA:105,2
DA:106,2
DA:107,2
DA:108,2
DA:109,2
DA:110,2
DA:111,2
DA:112,1
DA:113,1
DA:114,1
DA:115,1
DA:116,1
DA:117,1
DA:118,1
DA:119,1
DA:120,0
DA:121,0
LF:121
LH:110
BRDA:13,0,0,1
BRDA:14,1,0,1
BRDA:17,2,0,1
BRDA:20,3,0,1
BRDA:34,4,0,0
BRDA:50,5,0,1
BRDA:53,6,0,0
BRDA:82,7,0,4
BRDA:93,8,0,2
BRDA:103,9,0,3
BRDA:104,10,0,1
BRDA:105,11,0,2
BRF:12
BRH:10
end_of_record
TN:
SF:src\utils\profileCompleteness.js
FN:129,check
FN:137,check
FN:145,check
FN:160,check
FN:175,calculateBasicInfoScore
FN:212,calculateProfessionalInfoScore
FN:245,calculateEmploymentScore
FN:288,calculateEducationScore
FN:329,calculateSkillsScore
FN:367,calculateProjectsScore
FN:402,calculateCertificationsScore
FN:433,calculateProfileCompleteness
FN:485,generateSuggestions
FN:525,getProfileStrength
FN:536,formatFieldName
FNF:15
FNH:13
FNDA:2,check
FNDA:2,check
FNDA:2,check
FNDA:2,check
FNDA:16,calculateBasicInfoScore
FNDA:2,calculateProfessionalInfoScore
FNDA:2,calculateEmploymentScore
FNDA:2,calculateEducationScore
FNDA:2,calculateSkillsScore
FNDA:2,calculateProjectsScore
FNDA:2,calculateCertificationsScore
FNDA:16,calculateProfileCompleteness
FNDA:2,generateSuggestions
FNDA:0,getProfileStrength
FNDA:0,formatFieldName
DA:1,1
DA:2,1
DA:3,1
DA:4,1
DA:5,1
DA:6,1
DA:7,1
DA:8,1
DA:9,1
DA:10,1
DA:11,1
DA:12,1
DA:13,1
DA:14,1
DA:15,1
DA:16,1
DA:17,1
DA:18,1
DA:19,1
DA:20,1
DA:21,1
DA:22,1
DA:23,1
DA:24,1
DA:25,1
DA:26,1
DA:27,1
DA:28,1
DA:29,1
DA:30,1
DA:31,1
DA:32,1
DA:33,1
DA:34,1
DA:35,1
DA:36,1
DA:37,1
DA:38,1
DA:39,1
DA:40,1
DA:41,1
DA:42,1
DA:43,1
DA:44,1
DA:45,1
DA:46,1
DA:47,1
DA:48,1
DA:49,1
DA:50,1
DA:51,1
DA:52,1
DA:53,1
DA:54,1
DA:55,1
DA:56,1
DA:57,1
DA:58,1
DA:59,1
DA:60,1
DA:61,1
DA:62,1
DA:63,1
DA:64,1
DA:65,1
DA:66,1
DA:67,1
DA:68,1
DA:69,1
DA:70,1
DA:71,1
DA:72,1
DA:73,1
DA:74,1
DA:75,1
DA:76,1
DA:77,1
DA:78,1
DA:79,1
DA:80,1
DA:81,1
DA:82,1
DA:83,1
DA:84,1
DA:85,1
DA:86,1
DA:87,1
DA:88,1
DA:89,1
DA:90,1
DA:91,1
DA:92,1
DA:93,1
DA:94,1
DA:95,1
DA:96,1
DA:97,1
DA:98,1
DA:99,1
DA:100,1
DA:101,1
DA:102,1
DA:103,1
DA:104,1
DA:105,1
DA:106,1
DA:107,1
DA:108,1
DA:109,1
DA:110,1
DA:111,1
DA:112,1
DA:113,1
DA:114,1
DA:115,1
DA:116,1
DA:117,1
DA:118,1
DA:119,1
DA:120,1
DA:121,1
DA:122,1
DA:123,1
DA:124,1
DA:125,1
DA:126,1
DA:127,1
DA:128,1
DA:129,1
DA:130,1
DA:131,1
DA:132,1
DA:133,1
DA:134,1
DA:135,1
DA:136,1
DA:137,1
DA:138,1
DA:139,1
DA:140,1
DA:141,1
DA:142,1
DA:143,1
DA:144,1
DA:145,1
DA:146,2
DA:147,2
DA:148,2
DA:149,2
DA:150,0
DA:151,0
DA:152,1
DA:153,1
DA:154,1
DA:155,1
DA:156,1
DA:157,1
DA:158,1
DA:159,1
DA:160,1
DA:161,2
DA:162,2
DA:163,2
DA:164,2
DA:165,0
DA:166,0
DA:167,1
DA:168,1
DA:169,1
DA:170,1
DA:171,1
DA:172,1
DA:173,1
DA:174,1
DA:175,16
DA:176,16
DA:177,16
DA:178,16
DA:179,16
DA:180,16
DA:181,16
DA:182,16
DA:183,16
DA:184,16
DA:185,16
DA:186,16
DA:187,16
DA:188,16
DA:189,16
DA:190,16
DA:191,16
DA:192,30
DA:193,30
DA:194,30
DA:195,30
DA:196,2
DA:197,16
DA:198,14
DA:199,2
DA:200,14
DA:201,12
DA:202,12
DA:203,14
DA:204,16
DA:205,16
DA:206,16
DA:207,16
DA:208,1
DA:209,1
DA:210,1
DA:211,1
DA:212,2
DA:213,2
DA:214,2
DA:215,2
DA:216,2
DA:217,2
DA:218,2
DA:219,2
DA:220,2
DA:221,2
DA:222,2
DA:223,2
DA:224,2
DA:225,8
DA:226,8
DA:227,8
DA:228,8
DA:229,0
DA:230,8
DA:231,8
DA:232,6
DA:233,8
DA:234,2
DA:235,2
DA:236,8
DA:237,2
DA:238,2
DA:239,2
DA:240,2
DA:241,1
DA:242,1
DA:243,1
DA:244,1
DA:245,2
DA:246,2
DA:247,2
DA:248,2
DA:249,2
DA:250,2
DA:251,2
DA:252,2
DA:253,2
DA:254,2
DA:255,0
DA:256,0
DA:257,0
DA:258,0
DA:259,0
DA:260,0
DA:261,0
DA:262,0
DA:263,0
DA:264,0
DA:265,0
DA:266,0
DA:267,0
DA:268,0
DA:269,0
DA:270,0
DA:271,0
DA:272,0
DA:273,0
DA:274,0
DA:275,0
DA:276,0
DA:277,0
DA:278,0
DA:279,0
DA:280,0
DA:281,0
DA:282,0
DA:283,0
DA:284,1
DA:285,1
DA:286,1
DA:287,1
DA:288,2
DA:289,2
DA:290,2
DA:291,2
DA:292,2
DA:293,2
DA:294,2
DA:295,2
DA:296,2
DA:297,2
DA:298,0
DA:299,0
DA:300,0
DA:301,0
DA:302,0
DA:303,0
DA:304,0
DA:305,0
DA:306,0
DA:307,0
DA:308,0
DA:309,0
DA:310,0
DA:311,0
DA:312,0
DA:313,0
DA:314,0
DA:315,0
DA:316,0
DA:317,0
DA:318,0
DA:319,0
DA:320,0
DA:321,0
DA:322,0
DA:323,0
DA:324,0
DA:325,1
DA:326,1
DA:327,1
DA:328,1
DA:329,2
DA:330,2
DA:331,2
DA:332,2
DA:333,2
DA:334,2
DA:335,2
DA:336,2
DA:337,2
DA:338,2
DA:339,0
DA:340,0
DA:341,0
DA:342,0
DA:343,0
DA:344,0
DA:345,0
DA:346,0
DA:347,0
DA:348,0
DA:349,0
DA:350,0
DA:351,0
DA:352,0
DA:353,0
DA:354,0
DA:355,0
DA:356,0
DA:357,0
DA:358,0
DA:359,0
DA:360,0
DA:361,0
DA:362,0
DA:363,1
DA:364,1
DA:365,1
DA:366,1
DA:367,2
DA:368,2
DA:369,2
DA:370,2
DA:371,2
DA:372,2
DA:373,2
DA:374,2
DA:375,2
DA:376,2
DA:377,2
DA:378,0
DA:379,0
DA:380,0
DA:381,0
DA:382,0
DA:383,0
DA:384,0
DA:385,0
DA:386,0
DA:387,0
DA:388,0
DA:389,0
DA:390,0
DA:391,0
DA:392,0
DA:393,0
DA:394,0
DA:395,0
DA:396,0
DA:397,2
DA:398,1
DA:399,1
DA:400,1
DA:401,1
DA:402,2
DA:403,2
DA:404,2
DA:405,2
DA:406,2
DA:407,2
DA:408,2
DA:409,2
DA:410,2
DA:411,2
DA:412,2
DA:413,0
DA:414,0
DA:415,0
DA:416,0
DA:417,0
DA:418,0
DA:419,0
DA:420,0
DA:421,0
DA:422,0
DA:423,0
DA:424,0
DA:425,0
DA:426,0
DA:427,0
DA:428,2
DA:429,1
DA:430,1
DA:431,1
DA:432,1
DA:433,1
DA:434,16
DA:435,16
DA:436,16
DA:437,16
DA:438,16
DA:439,16
DA:440,16
DA:441,16
DA:442,16
DA:443,16
DA:444,16
DA:445,16
DA:446,16
DA:447,14
DA:448,16
DA:449,16
DA:450,16
DA:451,16
DA:452,16
DA:453,16
DA:454,16
DA:455,16
DA:456,8
DA:457,8
DA:458,8
DA:459,16
DA:460,16
DA:461,16
DA:462,16
DA:463,16
DA:464,16
DA:465,16
DA:466,16
DA:467,0
DA:468,2
DA:469,0
DA:470,0
DA:471,2
DA:472,2
DA:473,2
DA:474,2
DA:475,2
DA:476,2
DA:477,2
DA:478,2
DA:479,2
DA:480,2
DA:481,1
DA:482,1
DA:483,1
DA:484,1
DA:485,2
DA:486,2
DA:487,2
DA:488,2
DA:489,14
DA:490,14
DA:491,14
DA:492,14
DA:493,14
DA:494,14
DA:495,14
DA:496,14
DA:497,14
DA:498,14
DA:499,14
DA:500,14
DA:501,14
DA:502,14
DA:503,14
DA:504,18
DA:505,18
DA:506,18
DA:507,18
DA:508,18
DA:509,18
DA:510,18
DA:511,14
DA:512,2
DA:513,2
DA:514,2
DA:515,2
DA:516,82
DA:517,82
DA:518,54
DA:519,2
DA:520,2
DA:521,1
DA:522,1
DA:523,1
DA:524,1
DA:525,1
DA:526,0
DA:527,0
DA:528,0
DA:529,0
DA:530,0
DA:531,0
DA:532,1
DA:533,1
DA:534,1
DA:535,1
DA:536,1
DA:537,0
DA:538,0
DA:539,0
DA:540,0
DA:541,0
DA:542,0
DA:543,0
DA:544,0
DA:545,0
DA:546,0
DA:547,0
DA:548,0
DA:549,0
DA:550,0
DA:551,0
DA:552,0
DA:553,0
DA:554,0
DA:555,0
DA:556,0
DA:557,0
DA:558,0
LF:558
LH:408
BRDA:129,0,0,2
BRDA:129,1,0,0
BRDA:137,2,0,2
BRDA:145,3,0,2
BRDA:149,4,0,0
BRDA:160,5,0,2
BRDA:164,6,0,0
BRDA:175,7,0,16
BRDA:191,8,0,30
BRDA:193,9,0,2
BRDA:195,10,0,16
BRDA:195,11,0,2
BRDA:197,12,0,14
BRDA:198,13,0,2
BRDA:200,14,0,12
BRDA:212,15,0,2
BRDA:224,16,0,8
BRDA:226,17,0,0
BRDA:228,18,0,0
BRDA:231,19,0,6
BRDA:233,20,0,2
BRDA:245,21,0,2
BRDA:255,22,0,0
BRDA:288,23,0,2
BRDA:298,24,0,0
BRDA:329,25,0,2
BRDA:330,26,0,0
BRDA:339,27,0,0
BRDA:367,28,0,2
BRDA:378,29,0,0
BRDA:402,30,0,2
BRDA:413,31,0,0
BRDA:433,32,0,16
BRDA:462,33,0,2
BRDA:463,34,0,0
BRDA:466,35,0,2
BRDA:466,36,0,0
BRDA:468,37,0,0
BRDA:446,38,0,14
BRDA:454,39,0,16
BRDA:455,40,0,8
BRDA:485,41,0,2
BRDA:488,42,0,14
BRDA:490,43,0,0
BRDA:493,44,0,14
BRDA:503,45,0,18
BRDA:504,46,0,0
BRDA:515,47,0,82
BRDA:516,48,0,42
BRDA:516,49,0,18
BRDA:517,50,0,64
BRDA:517,51,0,40
BRDA:517,52,0,10
BRDA:518,53,0,54
BRF:54
BRH:38
end_of_record
