{"C:\\Users\\samee\\OneDrive\\Documents\\NJIT\\CS490\\CS490-HotSho-project\\backend\\src\\controllers\\resumeController.js": {"path":"C:\\Users\\samee\\OneDrive\\Documents\\NJIT\\CS490\\CS490-HotSho-project\\backend\\src\\controllers\\resumeController.js","all":false,"statementMap":{"0":{"start":{"line":1,"column":0},"end":{"line":1,"column":61}},"1":{"start":{"line":2,"column":0},"end":{"line":2,"column":45}},"2":{"start":{"line":3,"column":0},"end":{"line":3,"column":183}},"3":{"start":{"line":4,"column":0},"end":{"line":4,"column":67}},"4":{"start":{"line":5,"column":0},"end":{"line":5,"column":91}},"5":{"start":{"line":6,"column":0},"end":{"line":6,"column":50}},"6":{"start":{"line":7,"column":0},"end":{"line":7,"column":103}},"7":{"start":{"line":8,"column":0},"end":{"line":8,"column":41}},"8":{"start":{"line":9,"column":0},"end":{"line":9,"column":39}},"9":{"start":{"line":10,"column":0},"end":{"line":10,"column":0}},"10":{"start":{"line":11,"column":0},"end":{"line":11,"column":28}},"11":{"start":{"line":12,"column":0},"end":{"line":12,"column":70}},"12":{"start":{"line":13,"column":0},"end":{"line":13,"column":44}},"13":{"start":{"line":14,"column":0},"end":{"line":14,"column":2}},"14":{"start":{"line":15,"column":0},"end":{"line":15,"column":0}},"15":{"start":{"line":16,"column":0},"end":{"line":16,"column":50}},"16":{"start":{"line":17,"column":0},"end":{"line":17,"column":26}},"17":{"start":{"line":18,"column":0},"end":{"line":18,"column":51}},"18":{"start":{"line":19,"column":0},"end":{"line":19,"column":45}},"19":{"start":{"line":20,"column":0},"end":{"line":20,"column":37}},"20":{"start":{"line":21,"column":0},"end":{"line":21,"column":2}},"21":{"start":{"line":22,"column":0},"end":{"line":22,"column":0}},"22":{"start":{"line":23,"column":0},"end":{"line":23,"column":50}},"23":{"start":{"line":24,"column":0},"end":{"line":24,"column":7}},"24":{"start":{"line":25,"column":0},"end":{"line":25,"column":34}},"25":{"start":{"line":26,"column":0},"end":{"line":26,"column":46}},"26":{"start":{"line":27,"column":0},"end":{"line":27,"column":88}},"27":{"start":{"line":28,"column":0},"end":{"line":28,"column":45}},"28":{"start":{"line":29,"column":0},"end":{"line":29,"column":14}},"29":{"start":{"line":30,"column":0},"end":{"line":30,"column":0}},"30":{"start":{"line":31,"column":0},"end":{"line":31,"column":48}},"31":{"start":{"line":32,"column":0},"end":{"line":32,"column":62}},"32":{"start":{"line":33,"column":0},"end":{"line":33,"column":18}},"33":{"start":{"line":34,"column":0},"end":{"line":34,"column":53}},"34":{"start":{"line":35,"column":0},"end":{"line":35,"column":43}},"35":{"start":{"line":36,"column":0},"end":{"line":36,"column":17}},"36":{"start":{"line":37,"column":0},"end":{"line":37,"column":23}},"37":{"start":{"line":38,"column":0},"end":{"line":38,"column":23}},"38":{"start":{"line":39,"column":0},"end":{"line":39,"column":31}},"39":{"start":{"line":40,"column":0},"end":{"line":40,"column":11}},"40":{"start":{"line":41,"column":0},"end":{"line":41,"column":8}},"41":{"start":{"line":42,"column":0},"end":{"line":42,"column":55}},"42":{"start":{"line":43,"column":0},"end":{"line":43,"column":5}},"43":{"start":{"line":44,"column":0},"end":{"line":44,"column":0}},"44":{"start":{"line":45,"column":0},"end":{"line":45,"column":89}},"45":{"start":{"line":46,"column":0},"end":{"line":46,"column":51}},"46":{"start":{"line":47,"column":0},"end":{"line":47,"column":17}},"47":{"start":{"line":48,"column":0},"end":{"line":48,"column":113}},"48":{"start":{"line":49,"column":0},"end":{"line":49,"column":51}},"49":{"start":{"line":50,"column":0},"end":{"line":50,"column":3}},"50":{"start":{"line":51,"column":0},"end":{"line":51,"column":2}},"51":{"start":{"line":52,"column":0},"end":{"line":52,"column":0}},"52":{"start":{"line":53,"column":0},"end":{"line":53,"column":51}},"53":{"start":{"line":54,"column":0},"end":{"line":54,"column":7}},"54":{"start":{"line":55,"column":0},"end":{"line":55,"column":34}},"55":{"start":{"line":56,"column":0},"end":{"line":56,"column":100}},"56":{"start":{"line":57,"column":0},"end":{"line":57,"column":0}},"57":{"start":{"line":58,"column":0},"end":{"line":58,"column":25}},"58":{"start":{"line":59,"column":0},"end":{"line":59,"column":124}},"59":{"start":{"line":60,"column":0},"end":{"line":60,"column":53}},"60":{"start":{"line":61,"column":0},"end":{"line":61,"column":5}},"61":{"start":{"line":62,"column":0},"end":{"line":62,"column":0}},"62":{"start":{"line":63,"column":0},"end":{"line":63,"column":20}},"63":{"start":{"line":64,"column":0},"end":{"line":64,"column":82}},"64":{"start":{"line":65,"column":0},"end":{"line":65,"column":5}},"65":{"start":{"line":66,"column":0},"end":{"line":66,"column":0}},"66":{"start":{"line":67,"column":0},"end":{"line":67,"column":79}},"67":{"start":{"line":68,"column":0},"end":{"line":68,"column":105}},"68":{"start":{"line":69,"column":0},"end":{"line":69,"column":35}},"69":{"start":{"line":70,"column":0},"end":{"line":70,"column":37}},"70":{"start":{"line":71,"column":0},"end":{"line":71,"column":24}},"71":{"start":{"line":72,"column":0},"end":{"line":72,"column":21}},"72":{"start":{"line":73,"column":0},"end":{"line":73,"column":26}},"73":{"start":{"line":74,"column":0},"end":{"line":74,"column":86}},"74":{"start":{"line":75,"column":0},"end":{"line":75,"column":87}},"75":{"start":{"line":76,"column":0},"end":{"line":76,"column":16}},"76":{"start":{"line":77,"column":0},"end":{"line":77,"column":22}},"77":{"start":{"line":78,"column":0},"end":{"line":78,"column":84}},"78":{"start":{"line":79,"column":0},"end":{"line":79,"column":87}},"79":{"start":{"line":80,"column":0},"end":{"line":80,"column":16}},"80":{"start":{"line":81,"column":0},"end":{"line":81,"column":29}},"81":{"start":{"line":82,"column":0},"end":{"line":82,"column":16}},"82":{"start":{"line":83,"column":0},"end":{"line":83,"column":79}},"83":{"start":{"line":84,"column":0},"end":{"line":84,"column":87}},"84":{"start":{"line":85,"column":0},"end":{"line":85,"column":16}},"85":{"start":{"line":86,"column":0},"end":{"line":86,"column":7}},"86":{"start":{"line":87,"column":0},"end":{"line":87,"column":21}},"87":{"start":{"line":88,"column":0},"end":{"line":88,"column":66}},"88":{"start":{"line":89,"column":0},"end":{"line":89,"column":37}},"89":{"start":{"line":90,"column":0},"end":{"line":90,"column":54}},"90":{"start":{"line":91,"column":0},"end":{"line":91,"column":8}},"91":{"start":{"line":92,"column":0},"end":{"line":92,"column":5}},"92":{"start":{"line":93,"column":0},"end":{"line":93,"column":4}},"93":{"start":{"line":94,"column":0},"end":{"line":94,"column":49}},"94":{"start":{"line":95,"column":0},"end":{"line":95,"column":51}},"95":{"start":{"line":96,"column":0},"end":{"line":96,"column":47}},"96":{"start":{"line":97,"column":0},"end":{"line":97,"column":47}},"97":{"start":{"line":98,"column":0},"end":{"line":98,"column":53}},"98":{"start":{"line":99,"column":0},"end":{"line":99,"column":50}},"99":{"start":{"line":100,"column":0},"end":{"line":100,"column":7}},"100":{"start":{"line":101,"column":0},"end":{"line":101,"column":0}},"101":{"start":{"line":102,"column":0},"end":{"line":102,"column":59}},"102":{"start":{"line":103,"column":0},"end":{"line":103,"column":85}},"103":{"start":{"line":104,"column":0},"end":{"line":104,"column":33}},"104":{"start":{"line":105,"column":0},"end":{"line":105,"column":53}},"105":{"start":{"line":106,"column":0},"end":{"line":106,"column":11}},"106":{"start":{"line":107,"column":0},"end":{"line":107,"column":61}},"107":{"start":{"line":108,"column":0},"end":{"line":108,"column":55}},"108":{"start":{"line":109,"column":0},"end":{"line":109,"column":62}},"109":{"start":{"line":110,"column":0},"end":{"line":110,"column":58}},"110":{"start":{"line":111,"column":0},"end":{"line":111,"column":103}},"111":{"start":{"line":112,"column":0},"end":{"line":112,"column":54}},"112":{"start":{"line":113,"column":0},"end":{"line":113,"column":35}},"113":{"start":{"line":114,"column":0},"end":{"line":114,"column":125}},"114":{"start":{"line":115,"column":0},"end":{"line":115,"column":16}},"115":{"start":{"line":116,"column":0},"end":{"line":116,"column":109}},"116":{"start":{"line":117,"column":0},"end":{"line":117,"column":9}},"117":{"start":{"line":118,"column":0},"end":{"line":118,"column":27}},"118":{"start":{"line":119,"column":0},"end":{"line":119,"column":66}},"119":{"start":{"line":120,"column":0},"end":{"line":120,"column":92}},"120":{"start":{"line":121,"column":0},"end":{"line":121,"column":33}},"121":{"start":{"line":122,"column":0},"end":{"line":122,"column":7}},"122":{"start":{"line":123,"column":0},"end":{"line":123,"column":28}},"123":{"start":{"line":124,"column":0},"end":{"line":124,"column":107}},"124":{"start":{"line":125,"column":0},"end":{"line":125,"column":5}},"125":{"start":{"line":126,"column":0},"end":{"line":126,"column":0}},"126":{"start":{"line":127,"column":0},"end":{"line":127,"column":32}},"127":{"start":{"line":128,"column":0},"end":{"line":128,"column":26}},"128":{"start":{"line":129,"column":0},"end":{"line":129,"column":14}},"129":{"start":{"line":130,"column":0},"end":{"line":130,"column":12}},"130":{"start":{"line":131,"column":0},"end":{"line":131,"column":12}},"131":{"start":{"line":132,"column":0},"end":{"line":132,"column":88}},"132":{"start":{"line":133,"column":0},"end":{"line":133,"column":13}},"133":{"start":{"line":134,"column":0},"end":{"line":134,"column":29}},"134":{"start":{"line":135,"column":0},"end":{"line":135,"column":35}},"135":{"start":{"line":136,"column":0},"end":{"line":136,"column":44}},"136":{"start":{"line":137,"column":0},"end":{"line":137,"column":6}},"137":{"start":{"line":138,"column":0},"end":{"line":138,"column":4}},"138":{"start":{"line":139,"column":0},"end":{"line":139,"column":53}},"139":{"start":{"line":140,"column":0},"end":{"line":140,"column":60}},"140":{"start":{"line":141,"column":0},"end":{"line":141,"column":51}},"141":{"start":{"line":142,"column":0},"end":{"line":142,"column":94}},"142":{"start":{"line":143,"column":0},"end":{"line":143,"column":12}},"143":{"start":{"line":144,"column":0},"end":{"line":144,"column":108}},"144":{"start":{"line":145,"column":0},"end":{"line":145,"column":5}},"145":{"start":{"line":146,"column":0},"end":{"line":146,"column":4}},"146":{"start":{"line":147,"column":0},"end":{"line":147,"column":58}},"147":{"start":{"line":148,"column":0},"end":{"line":148,"column":4}},"148":{"start":{"line":149,"column":0},"end":{"line":149,"column":104}},"149":{"start":{"line":150,"column":0},"end":{"line":150,"column":60}},"150":{"start":{"line":151,"column":0},"end":{"line":151,"column":54}},"151":{"start":{"line":152,"column":0},"end":{"line":152,"column":44}},"152":{"start":{"line":153,"column":0},"end":{"line":153,"column":6}},"153":{"start":{"line":154,"column":0},"end":{"line":154,"column":58}},"154":{"start":{"line":155,"column":0},"end":{"line":155,"column":90}},"155":{"start":{"line":156,"column":0},"end":{"line":156,"column":55}},"156":{"start":{"line":157,"column":0},"end":{"line":157,"column":69}},"157":{"start":{"line":158,"column":0},"end":{"line":158,"column":45}},"158":{"start":{"line":159,"column":0},"end":{"line":159,"column":59}},"159":{"start":{"line":160,"column":0},"end":{"line":160,"column":10}},"160":{"start":{"line":161,"column":0},"end":{"line":161,"column":70}},"161":{"start":{"line":162,"column":0},"end":{"line":162,"column":105}},"162":{"start":{"line":163,"column":0},"end":{"line":163,"column":16}},"163":{"start":{"line":164,"column":0},"end":{"line":164,"column":159}},"164":{"start":{"line":165,"column":0},"end":{"line":165,"column":127}},"165":{"start":{"line":166,"column":0},"end":{"line":166,"column":144}},"166":{"start":{"line":167,"column":0},"end":{"line":167,"column":9}},"167":{"start":{"line":168,"column":0},"end":{"line":168,"column":14}},"168":{"start":{"line":169,"column":0},"end":{"line":169,"column":82}},"169":{"start":{"line":170,"column":0},"end":{"line":170,"column":7}},"170":{"start":{"line":171,"column":0},"end":{"line":171,"column":5}},"171":{"start":{"line":172,"column":0},"end":{"line":172,"column":4}},"172":{"start":{"line":173,"column":0},"end":{"line":173,"column":32}},"173":{"start":{"line":174,"column":0},"end":{"line":174,"column":48}},"174":{"start":{"line":175,"column":0},"end":{"line":175,"column":47}},"175":{"start":{"line":176,"column":0},"end":{"line":176,"column":53}},"176":{"start":{"line":177,"column":0},"end":{"line":177,"column":50}},"177":{"start":{"line":178,"column":0},"end":{"line":178,"column":7}},"178":{"start":{"line":179,"column":0},"end":{"line":179,"column":4}},"179":{"start":{"line":180,"column":0},"end":{"line":180,"column":52}},"180":{"start":{"line":181,"column":0},"end":{"line":181,"column":44}},"181":{"start":{"line":182,"column":0},"end":{"line":182,"column":40}},"182":{"start":{"line":183,"column":0},"end":{"line":183,"column":4}},"183":{"start":{"line":184,"column":0},"end":{"line":184,"column":110}},"184":{"start":{"line":185,"column":0},"end":{"line":185,"column":51}},"185":{"start":{"line":186,"column":0},"end":{"line":186,"column":17}},"186":{"start":{"line":187,"column":0},"end":{"line":187,"column":51}},"187":{"start":{"line":188,"column":0},"end":{"line":188,"column":60}},"188":{"start":{"line":189,"column":0},"end":{"line":189,"column":51}},"189":{"start":{"line":190,"column":0},"end":{"line":190,"column":50}},"190":{"start":{"line":191,"column":0},"end":{"line":191,"column":10}},"191":{"start":{"line":192,"column":0},"end":{"line":192,"column":32}},"192":{"start":{"line":193,"column":0},"end":{"line":193,"column":6}},"193":{"start":{"line":194,"column":0},"end":{"line":194,"column":51}},"194":{"start":{"line":195,"column":0},"end":{"line":195,"column":3}},"195":{"start":{"line":196,"column":0},"end":{"line":196,"column":2}},"196":{"start":{"line":197,"column":0},"end":{"line":197,"column":0}},"197":{"start":{"line":198,"column":0},"end":{"line":198,"column":51}},"198":{"start":{"line":199,"column":0},"end":{"line":199,"column":7}},"199":{"start":{"line":200,"column":0},"end":{"line":200,"column":34}},"200":{"start":{"line":201,"column":0},"end":{"line":201,"column":30}},"201":{"start":{"line":202,"column":0},"end":{"line":202,"column":35}},"202":{"start":{"line":203,"column":0},"end":{"line":203,"column":0}},"203":{"start":{"line":204,"column":0},"end":{"line":204,"column":66}},"204":{"start":{"line":205,"column":0},"end":{"line":205,"column":15}},"205":{"start":{"line":206,"column":0},"end":{"line":206,"column":103}},"206":{"start":{"line":207,"column":0},"end":{"line":207,"column":53}},"207":{"start":{"line":208,"column":0},"end":{"line":208,"column":5}},"208":{"start":{"line":209,"column":0},"end":{"line":209,"column":0}},"209":{"start":{"line":210,"column":0},"end":{"line":210,"column":39}},"210":{"start":{"line":211,"column":0},"end":{"line":211,"column":37}},"211":{"start":{"line":212,"column":0},"end":{"line":212,"column":82}},"212":{"start":{"line":213,"column":0},"end":{"line":213,"column":5}},"213":{"start":{"line":214,"column":0},"end":{"line":214,"column":0}},"214":{"start":{"line":215,"column":0},"end":{"line":215,"column":32}},"215":{"start":{"line":216,"column":0},"end":{"line":216,"column":21}},"216":{"start":{"line":217,"column":0},"end":{"line":217,"column":0}},"217":{"start":{"line":218,"column":0},"end":{"line":218,"column":92}},"218":{"start":{"line":219,"column":0},"end":{"line":219,"column":51}},"219":{"start":{"line":220,"column":0},"end":{"line":220,"column":17}},"220":{"start":{"line":221,"column":0},"end":{"line":221,"column":113}},"221":{"start":{"line":222,"column":0},"end":{"line":222,"column":51}},"222":{"start":{"line":223,"column":0},"end":{"line":223,"column":3}},"223":{"start":{"line":224,"column":0},"end":{"line":224,"column":2}},"224":{"start":{"line":225,"column":0},"end":{"line":225,"column":0}},"225":{"start":{"line":226,"column":0},"end":{"line":226,"column":51}},"226":{"start":{"line":227,"column":0},"end":{"line":227,"column":7}},"227":{"start":{"line":228,"column":0},"end":{"line":228,"column":34}},"228":{"start":{"line":229,"column":0},"end":{"line":229,"column":30}},"229":{"start":{"line":230,"column":0},"end":{"line":230,"column":71}},"230":{"start":{"line":231,"column":0},"end":{"line":231,"column":36}},"231":{"start":{"line":232,"column":0},"end":{"line":232,"column":103}},"232":{"start":{"line":233,"column":0},"end":{"line":233,"column":53}},"233":{"start":{"line":234,"column":0},"end":{"line":234,"column":5}},"234":{"start":{"line":235,"column":0},"end":{"line":235,"column":73}},"235":{"start":{"line":236,"column":0},"end":{"line":236,"column":51}},"236":{"start":{"line":237,"column":0},"end":{"line":237,"column":17}},"237":{"start":{"line":238,"column":0},"end":{"line":238,"column":113}},"238":{"start":{"line":239,"column":0},"end":{"line":239,"column":51}},"239":{"start":{"line":240,"column":0},"end":{"line":240,"column":3}},"240":{"start":{"line":241,"column":0},"end":{"line":241,"column":2}},"241":{"start":{"line":242,"column":0},"end":{"line":242,"column":0}},"242":{"start":{"line":243,"column":0},"end":{"line":243,"column":51}},"243":{"start":{"line":244,"column":0},"end":{"line":244,"column":7}},"244":{"start":{"line":245,"column":0},"end":{"line":245,"column":34}},"245":{"start":{"line":246,"column":0},"end":{"line":246,"column":95}},"246":{"start":{"line":247,"column":0},"end":{"line":247,"column":25}},"247":{"start":{"line":248,"column":0},"end":{"line":248,"column":124}},"248":{"start":{"line":249,"column":0},"end":{"line":249,"column":53}},"249":{"start":{"line":250,"column":0},"end":{"line":250,"column":5}},"250":{"start":{"line":251,"column":0},"end":{"line":251,"column":4}},"251":{"start":{"line":252,"column":0},"end":{"line":252,"column":59}},"252":{"start":{"line":253,"column":0},"end":{"line":253,"column":85}},"253":{"start":{"line":254,"column":0},"end":{"line":254,"column":33}},"254":{"start":{"line":255,"column":0},"end":{"line":255,"column":53}},"255":{"start":{"line":256,"column":0},"end":{"line":256,"column":11}},"256":{"start":{"line":257,"column":0},"end":{"line":257,"column":61}},"257":{"start":{"line":258,"column":0},"end":{"line":258,"column":55}},"258":{"start":{"line":259,"column":0},"end":{"line":259,"column":62}},"259":{"start":{"line":260,"column":0},"end":{"line":260,"column":58}},"260":{"start":{"line":261,"column":0},"end":{"line":261,"column":103}},"261":{"start":{"line":262,"column":0},"end":{"line":262,"column":35}},"262":{"start":{"line":263,"column":0},"end":{"line":263,"column":66}},"263":{"start":{"line":264,"column":0},"end":{"line":264,"column":9}},"264":{"start":{"line":265,"column":0},"end":{"line":265,"column":27}},"265":{"start":{"line":266,"column":0},"end":{"line":266,"column":66}},"266":{"start":{"line":267,"column":0},"end":{"line":267,"column":33}},"267":{"start":{"line":268,"column":0},"end":{"line":268,"column":7}},"268":{"start":{"line":269,"column":0},"end":{"line":269,"column":5}},"269":{"start":{"line":270,"column":0},"end":{"line":270,"column":4}},"270":{"start":{"line":271,"column":0},"end":{"line":271,"column":46}},"271":{"start":{"line":272,"column":0},"end":{"line":272,"column":14}},"272":{"start":{"line":273,"column":0},"end":{"line":273,"column":12}},"273":{"start":{"line":274,"column":0},"end":{"line":274,"column":12}},"274":{"start":{"line":275,"column":0},"end":{"line":275,"column":14}},"275":{"start":{"line":276,"column":0},"end":{"line":276,"column":13}},"276":{"start":{"line":277,"column":0},"end":{"line":277,"column":23}},"277":{"start":{"line":278,"column":0},"end":{"line":278,"column":37}},"278":{"start":{"line":279,"column":0},"end":{"line":279,"column":35}},"279":{"start":{"line":280,"column":0},"end":{"line":280,"column":44}},"280":{"start":{"line":281,"column":0},"end":{"line":281,"column":7}},"281":{"start":{"line":282,"column":0},"end":{"line":282,"column":4}},"282":{"start":{"line":283,"column":0},"end":{"line":283,"column":40}},"283":{"start":{"line":284,"column":0},"end":{"line":284,"column":44}},"284":{"start":{"line":285,"column":0},"end":{"line":285,"column":40}},"285":{"start":{"line":286,"column":0},"end":{"line":286,"column":4}},"286":{"start":{"line":287,"column":0},"end":{"line":287,"column":111}},"287":{"start":{"line":288,"column":0},"end":{"line":288,"column":51}},"288":{"start":{"line":289,"column":0},"end":{"line":289,"column":17}},"289":{"start":{"line":290,"column":0},"end":{"line":290,"column":49}},"290":{"start":{"line":291,"column":0},"end":{"line":291,"column":60}},"291":{"start":{"line":292,"column":0},"end":{"line":292,"column":51}},"292":{"start":{"line":293,"column":0},"end":{"line":293,"column":50}},"293":{"start":{"line":294,"column":0},"end":{"line":294,"column":10}},"294":{"start":{"line":295,"column":0},"end":{"line":295,"column":32}},"295":{"start":{"line":296,"column":0},"end":{"line":296,"column":6}},"296":{"start":{"line":297,"column":0},"end":{"line":297,"column":51}},"297":{"start":{"line":298,"column":0},"end":{"line":298,"column":3}},"298":{"start":{"line":299,"column":0},"end":{"line":299,"column":2}},"299":{"start":{"line":300,"column":0},"end":{"line":300,"column":0}},"300":{"start":{"line":301,"column":0},"end":{"line":301,"column":48}},"301":{"start":{"line":302,"column":0},"end":{"line":302,"column":7}},"302":{"start":{"line":303,"column":0},"end":{"line":303,"column":34}},"303":{"start":{"line":304,"column":0},"end":{"line":304,"column":81}},"304":{"start":{"line":305,"column":0},"end":{"line":305,"column":4}},"305":{"start":{"line":306,"column":0},"end":{"line":306,"column":49}},"306":{"start":{"line":307,"column":0},"end":{"line":307,"column":50}},"307":{"start":{"line":308,"column":0},"end":{"line":308,"column":37}},"308":{"start":{"line":309,"column":0},"end":{"line":309,"column":52}},"309":{"start":{"line":310,"column":0},"end":{"line":310,"column":18}},"310":{"start":{"line":311,"column":0},"end":{"line":311,"column":37}},"311":{"start":{"line":312,"column":0},"end":{"line":312,"column":11}},"312":{"start":{"line":313,"column":0},"end":{"line":313,"column":55}},"313":{"start":{"line":314,"column":0},"end":{"line":314,"column":8}},"314":{"start":{"line":315,"column":0},"end":{"line":315,"column":6}},"315":{"start":{"line":316,"column":0},"end":{"line":316,"column":4}},"316":{"start":{"line":317,"column":0},"end":{"line":317,"column":106}},"317":{"start":{"line":318,"column":0},"end":{"line":318,"column":51}},"318":{"start":{"line":319,"column":0},"end":{"line":319,"column":17}},"319":{"start":{"line":320,"column":0},"end":{"line":320,"column":111}},"320":{"start":{"line":321,"column":0},"end":{"line":321,"column":51}},"321":{"start":{"line":322,"column":0},"end":{"line":322,"column":3}},"322":{"start":{"line":323,"column":0},"end":{"line":323,"column":2}},"323":{"start":{"line":324,"column":0},"end":{"line":324,"column":0}},"324":{"start":{"line":325,"column":0},"end":{"line":325,"column":61}},"325":{"start":{"line":326,"column":0},"end":{"line":326,"column":7}},"326":{"start":{"line":327,"column":0},"end":{"line":327,"column":34}},"327":{"start":{"line":328,"column":0},"end":{"line":328,"column":58}},"328":{"start":{"line":329,"column":0},"end":{"line":329,"column":31}},"329":{"start":{"line":330,"column":0},"end":{"line":330,"column":130}},"330":{"start":{"line":331,"column":0},"end":{"line":331,"column":53}},"331":{"start":{"line":332,"column":0},"end":{"line":332,"column":5}},"332":{"start":{"line":333,"column":0},"end":{"line":333,"column":105}},"333":{"start":{"line":334,"column":0},"end":{"line":334,"column":15}},"334":{"start":{"line":335,"column":0},"end":{"line":335,"column":103}},"335":{"start":{"line":336,"column":0},"end":{"line":336,"column":53}},"336":{"start":{"line":337,"column":0},"end":{"line":337,"column":5}},"337":{"start":{"line":338,"column":0},"end":{"line":338,"column":29}},"338":{"start":{"line":339,"column":0},"end":{"line":339,"column":18}},"339":{"start":{"line":340,"column":0},"end":{"line":340,"column":21}},"340":{"start":{"line":341,"column":0},"end":{"line":341,"column":17}},"341":{"start":{"line":342,"column":0},"end":{"line":342,"column":20}},"342":{"start":{"line":343,"column":0},"end":{"line":343,"column":19}},"343":{"start":{"line":344,"column":0},"end":{"line":344,"column":6}},"344":{"start":{"line":345,"column":0},"end":{"line":345,"column":108}},"345":{"start":{"line":346,"column":0},"end":{"line":346,"column":88}},"346":{"start":{"line":347,"column":0},"end":{"line":347,"column":51}},"347":{"start":{"line":348,"column":0},"end":{"line":348,"column":17}},"348":{"start":{"line":349,"column":0},"end":{"line":349,"column":111}},"349":{"start":{"line":350,"column":0},"end":{"line":350,"column":51}},"350":{"start":{"line":351,"column":0},"end":{"line":351,"column":3}},"351":{"start":{"line":352,"column":0},"end":{"line":352,"column":2}},"352":{"start":{"line":353,"column":0},"end":{"line":353,"column":0}},"353":{"start":{"line":354,"column":0},"end":{"line":354,"column":49}},"354":{"start":{"line":355,"column":0},"end":{"line":355,"column":7}},"355":{"start":{"line":356,"column":0},"end":{"line":356,"column":34}},"356":{"start":{"line":357,"column":0},"end":{"line":357,"column":30}},"357":{"start":{"line":358,"column":0},"end":{"line":358,"column":35}},"358":{"start":{"line":359,"column":0},"end":{"line":359,"column":61}},"359":{"start":{"line":360,"column":0},"end":{"line":360,"column":18}},"360":{"start":{"line":361,"column":0},"end":{"line":361,"column":101}},"361":{"start":{"line":362,"column":0},"end":{"line":362,"column":53}},"362":{"start":{"line":363,"column":0},"end":{"line":363,"column":5}},"363":{"start":{"line":364,"column":0},"end":{"line":364,"column":35}},"364":{"start":{"line":365,"column":0},"end":{"line":365,"column":24}},"365":{"start":{"line":366,"column":0},"end":{"line":366,"column":83}},"366":{"start":{"line":367,"column":0},"end":{"line":367,"column":51}},"367":{"start":{"line":368,"column":0},"end":{"line":368,"column":17}},"368":{"start":{"line":369,"column":0},"end":{"line":369,"column":111}},"369":{"start":{"line":370,"column":0},"end":{"line":370,"column":51}},"370":{"start":{"line":371,"column":0},"end":{"line":371,"column":3}},"371":{"start":{"line":372,"column":0},"end":{"line":372,"column":2}},"372":{"start":{"line":373,"column":0},"end":{"line":373,"column":0}},"373":{"start":{"line":374,"column":0},"end":{"line":374,"column":49}},"374":{"start":{"line":375,"column":0},"end":{"line":375,"column":7}},"375":{"start":{"line":376,"column":0},"end":{"line":376,"column":34}},"376":{"start":{"line":377,"column":0},"end":{"line":377,"column":30}},"377":{"start":{"line":378,"column":0},"end":{"line":378,"column":63}},"378":{"start":{"line":379,"column":0},"end":{"line":379,"column":36}},"379":{"start":{"line":380,"column":0},"end":{"line":380,"column":101}},"380":{"start":{"line":381,"column":0},"end":{"line":381,"column":53}},"381":{"start":{"line":382,"column":0},"end":{"line":382,"column":5}},"382":{"start":{"line":383,"column":0},"end":{"line":383,"column":71}},"383":{"start":{"line":384,"column":0},"end":{"line":384,"column":51}},"384":{"start":{"line":385,"column":0},"end":{"line":385,"column":17}},"385":{"start":{"line":386,"column":0},"end":{"line":386,"column":111}},"386":{"start":{"line":387,"column":0},"end":{"line":387,"column":51}},"387":{"start":{"line":388,"column":0},"end":{"line":388,"column":3}},"388":{"start":{"line":389,"column":0},"end":{"line":389,"column":2}},"389":{"start":{"line":390,"column":0},"end":{"line":390,"column":0}},"390":{"start":{"line":391,"column":0},"end":{"line":391,"column":31}},"391":{"start":{"line":392,"column":0},"end":{"line":392,"column":53}},"392":{"start":{"line":393,"column":0},"end":{"line":393,"column":7}},"393":{"start":{"line":394,"column":0},"end":{"line":394,"column":34}},"394":{"start":{"line":395,"column":0},"end":{"line":395,"column":60}},"395":{"start":{"line":396,"column":0},"end":{"line":396,"column":0}},"396":{"start":{"line":397,"column":0},"end":{"line":397,"column":41}},"397":{"start":{"line":398,"column":0},"end":{"line":398,"column":53}},"398":{"start":{"line":399,"column":0},"end":{"line":399,"column":51}},"399":{"start":{"line":400,"column":0},"end":{"line":400,"column":12}},"400":{"start":{"line":401,"column":0},"end":{"line":401,"column":42}},"401":{"start":{"line":402,"column":0},"end":{"line":402,"column":8}},"402":{"start":{"line":403,"column":0},"end":{"line":403,"column":53}},"403":{"start":{"line":404,"column":0},"end":{"line":404,"column":5}},"404":{"start":{"line":405,"column":0},"end":{"line":405,"column":0}},"405":{"start":{"line":406,"column":0},"end":{"line":406,"column":24}},"406":{"start":{"line":407,"column":0},"end":{"line":407,"column":65}},"407":{"start":{"line":408,"column":0},"end":{"line":408,"column":15}},"408":{"start":{"line":409,"column":0},"end":{"line":409,"column":98}},"409":{"start":{"line":410,"column":0},"end":{"line":410,"column":53}},"410":{"start":{"line":411,"column":0},"end":{"line":411,"column":5}},"411":{"start":{"line":412,"column":0},"end":{"line":412,"column":0}},"412":{"start":{"line":413,"column":0},"end":{"line":413,"column":68}},"413":{"start":{"line":414,"column":0},"end":{"line":414,"column":64}},"414":{"start":{"line":415,"column":0},"end":{"line":415,"column":16}},"415":{"start":{"line":416,"column":0},"end":{"line":416,"column":107}},"416":{"start":{"line":417,"column":0},"end":{"line":417,"column":53}},"417":{"start":{"line":418,"column":0},"end":{"line":418,"column":5}},"418":{"start":{"line":419,"column":0},"end":{"line":419,"column":0}},"419":{"start":{"line":420,"column":0},"end":{"line":420,"column":29}},"420":{"start":{"line":421,"column":0},"end":{"line":421,"column":94}},"421":{"start":{"line":422,"column":0},"end":{"line":422,"column":54}},"422":{"start":{"line":423,"column":0},"end":{"line":423,"column":22}},"423":{"start":{"line":424,"column":0},"end":{"line":424,"column":44}},"424":{"start":{"line":425,"column":0},"end":{"line":425,"column":7}},"425":{"start":{"line":426,"column":0},"end":{"line":426,"column":23}},"426":{"start":{"line":427,"column":0},"end":{"line":427,"column":103}},"427":{"start":{"line":428,"column":0},"end":{"line":428,"column":53}},"428":{"start":{"line":429,"column":0},"end":{"line":429,"column":5}},"429":{"start":{"line":430,"column":0},"end":{"line":430,"column":4}},"430":{"start":{"line":431,"column":0},"end":{"line":431,"column":70}},"431":{"start":{"line":432,"column":0},"end":{"line":432,"column":44}},"432":{"start":{"line":433,"column":0},"end":{"line":433,"column":0}},"433":{"start":{"line":434,"column":0},"end":{"line":434,"column":32}},"434":{"start":{"line":435,"column":0},"end":{"line":435,"column":25}},"435":{"start":{"line":436,"column":0},"end":{"line":436,"column":40}},"436":{"start":{"line":437,"column":0},"end":{"line":437,"column":32}},"437":{"start":{"line":438,"column":0},"end":{"line":438,"column":38}},"438":{"start":{"line":439,"column":0},"end":{"line":439,"column":36}},"439":{"start":{"line":440,"column":0},"end":{"line":440,"column":48}},"440":{"start":{"line":441,"column":0},"end":{"line":441,"column":6}},"441":{"start":{"line":442,"column":0},"end":{"line":442,"column":0}},"442":{"start":{"line":443,"column":0},"end":{"line":443,"column":31}},"443":{"start":{"line":444,"column":0},"end":{"line":444,"column":24}},"444":{"start":{"line":445,"column":0},"end":{"line":445,"column":23}},"445":{"start":{"line":446,"column":0},"end":{"line":446,"column":27}},"446":{"start":{"line":447,"column":0},"end":{"line":447,"column":35}},"447":{"start":{"line":448,"column":0},"end":{"line":448,"column":56}},"448":{"start":{"line":449,"column":0},"end":{"line":449,"column":6}},"449":{"start":{"line":450,"column":0},"end":{"line":450,"column":0}},"450":{"start":{"line":451,"column":0},"end":{"line":451,"column":93}},"451":{"start":{"line":452,"column":0},"end":{"line":452,"column":18}},"452":{"start":{"line":453,"column":0},"end":{"line":453,"column":20}},"453":{"start":{"line":454,"column":0},"end":{"line":454,"column":31}},"454":{"start":{"line":455,"column":0},"end":{"line":455,"column":28}},"455":{"start":{"line":456,"column":0},"end":{"line":456,"column":12}},"456":{"start":{"line":457,"column":0},"end":{"line":457,"column":48}},"457":{"start":{"line":458,"column":0},"end":{"line":458,"column":51}},"458":{"start":{"line":459,"column":0},"end":{"line":459,"column":57}},"459":{"start":{"line":460,"column":0},"end":{"line":460,"column":54}},"460":{"start":{"line":461,"column":0},"end":{"line":461,"column":60}},"461":{"start":{"line":462,"column":0},"end":{"line":462,"column":58}},"462":{"start":{"line":463,"column":0},"end":{"line":463,"column":36}},"463":{"start":{"line":464,"column":0},"end":{"line":464,"column":9}},"464":{"start":{"line":465,"column":0},"end":{"line":465,"column":81}},"465":{"start":{"line":466,"column":0},"end":{"line":466,"column":5}},"466":{"start":{"line":467,"column":0},"end":{"line":467,"column":0}},"467":{"start":{"line":468,"column":0},"end":{"line":468,"column":58}},"468":{"start":{"line":469,"column":0},"end":{"line":469,"column":68}},"469":{"start":{"line":470,"column":0},"end":{"line":470,"column":35}},"470":{"start":{"line":471,"column":0},"end":{"line":471,"column":63}},"471":{"start":{"line":472,"column":0},"end":{"line":472,"column":74}},"472":{"start":{"line":473,"column":0},"end":{"line":473,"column":24}},"473":{"start":{"line":474,"column":0},"end":{"line":474,"column":6}},"474":{"start":{"line":475,"column":0},"end":{"line":475,"column":14}},"475":{"start":{"line":476,"column":0},"end":{"line":476,"column":31}},"476":{"start":{"line":477,"column":0},"end":{"line":477,"column":29}},"477":{"start":{"line":478,"column":0},"end":{"line":478,"column":31}},"478":{"start":{"line":479,"column":0},"end":{"line":479,"column":33}},"479":{"start":{"line":480,"column":0},"end":{"line":480,"column":29}},"480":{"start":{"line":481,"column":0},"end":{"line":481,"column":49}},"481":{"start":{"line":482,"column":0},"end":{"line":482,"column":72}},"482":{"start":{"line":483,"column":0},"end":{"line":483,"column":8}},"483":{"start":{"line":484,"column":0},"end":{"line":484,"column":13}},"484":{"start":{"line":485,"column":0},"end":{"line":485,"column":0}},"485":{"start":{"line":486,"column":0},"end":{"line":486,"column":60}},"486":{"start":{"line":487,"column":0},"end":{"line":487,"column":82}},"487":{"start":{"line":488,"column":0},"end":{"line":488,"column":54}},"488":{"start":{"line":489,"column":0},"end":{"line":489,"column":64}},"489":{"start":{"line":490,"column":0},"end":{"line":490,"column":59}},"490":{"start":{"line":491,"column":0},"end":{"line":491,"column":18}},"491":{"start":{"line":492,"column":0},"end":{"line":492,"column":66}},"492":{"start":{"line":493,"column":0},"end":{"line":493,"column":83}},"493":{"start":{"line":494,"column":0},"end":{"line":494,"column":45}},"494":{"start":{"line":495,"column":0},"end":{"line":495,"column":87}},"495":{"start":{"line":496,"column":0},"end":{"line":496,"column":74}},"496":{"start":{"line":497,"column":0},"end":{"line":497,"column":12}},"497":{"start":{"line":498,"column":0},"end":{"line":498,"column":10}},"498":{"start":{"line":499,"column":0},"end":{"line":499,"column":47}},"499":{"start":{"line":500,"column":0},"end":{"line":500,"column":21}},"500":{"start":{"line":501,"column":0},"end":{"line":501,"column":67}},"501":{"start":{"line":502,"column":0},"end":{"line":502,"column":12}},"502":{"start":{"line":503,"column":0},"end":{"line":503,"column":0}},"503":{"start":{"line":504,"column":0},"end":{"line":504,"column":46}},"504":{"start":{"line":505,"column":0},"end":{"line":505,"column":22}},"505":{"start":{"line":506,"column":0},"end":{"line":506,"column":39}},"506":{"start":{"line":507,"column":0},"end":{"line":507,"column":36}},"507":{"start":{"line":508,"column":0},"end":{"line":508,"column":45}},"508":{"start":{"line":509,"column":0},"end":{"line":509,"column":38}},"509":{"start":{"line":510,"column":0},"end":{"line":510,"column":32}},"510":{"start":{"line":511,"column":0},"end":{"line":511,"column":32}},"511":{"start":{"line":512,"column":0},"end":{"line":512,"column":20}},"512":{"start":{"line":513,"column":0},"end":{"line":513,"column":24}},"513":{"start":{"line":514,"column":0},"end":{"line":514,"column":26}},"514":{"start":{"line":515,"column":0},"end":{"line":515,"column":32}},"515":{"start":{"line":516,"column":0},"end":{"line":516,"column":38}},"516":{"start":{"line":517,"column":0},"end":{"line":517,"column":38}},"517":{"start":{"line":518,"column":0},"end":{"line":518,"column":34}},"518":{"start":{"line":519,"column":0},"end":{"line":519,"column":36}},"519":{"start":{"line":520,"column":0},"end":{"line":520,"column":8}},"520":{"start":{"line":521,"column":0},"end":{"line":521,"column":6}},"521":{"start":{"line":522,"column":0},"end":{"line":522,"column":0}},"522":{"start":{"line":523,"column":0},"end":{"line":523,"column":40}},"523":{"start":{"line":524,"column":0},"end":{"line":524,"column":13}},"524":{"start":{"line":525,"column":0},"end":{"line":525,"column":17}},"525":{"start":{"line":526,"column":0},"end":{"line":526,"column":11}},"526":{"start":{"line":527,"column":0},"end":{"line":527,"column":15}},"527":{"start":{"line":528,"column":0},"end":{"line":528,"column":17}},"528":{"start":{"line":529,"column":0},"end":{"line":529,"column":65}},"529":{"start":{"line":530,"column":0},"end":{"line":530,"column":100}},"530":{"start":{"line":531,"column":0},"end":{"line":531,"column":49}},"531":{"start":{"line":532,"column":0},"end":{"line":532,"column":55}},"532":{"start":{"line":533,"column":0},"end":{"line":533,"column":32}},"533":{"start":{"line":534,"column":0},"end":{"line":534,"column":8}},"534":{"start":{"line":535,"column":0},"end":{"line":535,"column":7}},"535":{"start":{"line":536,"column":0},"end":{"line":536,"column":0}},"536":{"start":{"line":537,"column":0},"end":{"line":537,"column":53}},"537":{"start":{"line":538,"column":0},"end":{"line":538,"column":33}},"538":{"start":{"line":539,"column":0},"end":{"line":539,"column":7}},"539":{"start":{"line":540,"column":0},"end":{"line":540,"column":15}},"540":{"start":{"line":541,"column":0},"end":{"line":541,"column":21}},"541":{"start":{"line":542,"column":0},"end":{"line":542,"column":45}},"542":{"start":{"line":543,"column":0},"end":{"line":543,"column":51}},"543":{"start":{"line":544,"column":0},"end":{"line":544,"column":10}},"544":{"start":{"line":545,"column":0},"end":{"line":545,"column":8}},"545":{"start":{"line":546,"column":0},"end":{"line":546,"column":9}},"546":{"start":{"line":547,"column":0},"end":{"line":547,"column":6}},"547":{"start":{"line":548,"column":0},"end":{"line":548,"column":51}},"548":{"start":{"line":549,"column":0},"end":{"line":549,"column":17}},"549":{"start":{"line":550,"column":0},"end":{"line":550,"column":54}},"550":{"start":{"line":551,"column":0},"end":{"line":551,"column":45}},"551":{"start":{"line":552,"column":0},"end":{"line":552,"column":37}},"552":{"start":{"line":553,"column":0},"end":{"line":553,"column":27}},"553":{"start":{"line":554,"column":0},"end":{"line":554,"column":21}},"554":{"start":{"line":555,"column":0},"end":{"line":555,"column":13}},"555":{"start":{"line":556,"column":0},"end":{"line":556,"column":12}},"556":{"start":{"line":557,"column":0},"end":{"line":557,"column":17}},"557":{"start":{"line":558,"column":0},"end":{"line":558,"column":10}},"558":{"start":{"line":559,"column":0},"end":{"line":559,"column":7}},"559":{"start":{"line":560,"column":0},"end":{"line":560,"column":51}},"560":{"start":{"line":561,"column":0},"end":{"line":561,"column":53}},"561":{"start":{"line":562,"column":0},"end":{"line":562,"column":10}},"562":{"start":{"line":563,"column":0},"end":{"line":563,"column":40}},"563":{"start":{"line":564,"column":0},"end":{"line":564,"column":6}},"564":{"start":{"line":565,"column":0},"end":{"line":565,"column":51}},"565":{"start":{"line":566,"column":0},"end":{"line":566,"column":3}},"566":{"start":{"line":567,"column":0},"end":{"line":567,"column":2}},"567":{"start":{"line":568,"column":0},"end":{"line":568,"column":0}},"568":{"start":{"line":569,"column":0},"end":{"line":569,"column":75}},"569":{"start":{"line":570,"column":0},"end":{"line":570,"column":61}},"570":{"start":{"line":571,"column":0},"end":{"line":571,"column":7}},"571":{"start":{"line":572,"column":0},"end":{"line":572,"column":34}},"572":{"start":{"line":573,"column":0},"end":{"line":573,"column":43}},"573":{"start":{"line":574,"column":0},"end":{"line":574,"column":0}},"574":{"start":{"line":575,"column":0},"end":{"line":575,"column":32}},"575":{"start":{"line":576,"column":0},"end":{"line":576,"column":53}},"576":{"start":{"line":577,"column":0},"end":{"line":577,"column":44}},"577":{"start":{"line":578,"column":0},"end":{"line":578,"column":12}},"578":{"start":{"line":579,"column":0},"end":{"line":579,"column":42}},"579":{"start":{"line":580,"column":0},"end":{"line":580,"column":8}},"580":{"start":{"line":581,"column":0},"end":{"line":581,"column":53}},"581":{"start":{"line":582,"column":0},"end":{"line":582,"column":5}},"582":{"start":{"line":583,"column":0},"end":{"line":583,"column":0}},"583":{"start":{"line":584,"column":0},"end":{"line":584,"column":24}},"584":{"start":{"line":585,"column":0},"end":{"line":585,"column":65}},"585":{"start":{"line":586,"column":0},"end":{"line":586,"column":15}},"586":{"start":{"line":587,"column":0},"end":{"line":587,"column":98}},"587":{"start":{"line":588,"column":0},"end":{"line":588,"column":53}},"588":{"start":{"line":589,"column":0},"end":{"line":589,"column":5}},"589":{"start":{"line":590,"column":0},"end":{"line":590,"column":0}},"590":{"start":{"line":591,"column":0},"end":{"line":591,"column":25}},"591":{"start":{"line":592,"column":0},"end":{"line":592,"column":64}},"592":{"start":{"line":593,"column":0},"end":{"line":593,"column":16}},"593":{"start":{"line":594,"column":0},"end":{"line":594,"column":107}},"594":{"start":{"line":595,"column":0},"end":{"line":595,"column":53}},"595":{"start":{"line":596,"column":0},"end":{"line":596,"column":5}},"596":{"start":{"line":597,"column":0},"end":{"line":597,"column":0}},"597":{"start":{"line":598,"column":0},"end":{"line":598,"column":29}},"598":{"start":{"line":599,"column":0},"end":{"line":599,"column":51}},"599":{"start":{"line":600,"column":0},"end":{"line":600,"column":22}},"600":{"start":{"line":601,"column":0},"end":{"line":601,"column":44}},"601":{"start":{"line":602,"column":0},"end":{"line":602,"column":14}},"602":{"start":{"line":603,"column":0},"end":{"line":603,"column":20}},"603":{"start":{"line":604,"column":0},"end":{"line":604,"column":103}},"604":{"start":{"line":605,"column":0},"end":{"line":605,"column":53}},"605":{"start":{"line":606,"column":0},"end":{"line":606,"column":5}},"606":{"start":{"line":607,"column":0},"end":{"line":607,"column":0}},"607":{"start":{"line":608,"column":0},"end":{"line":608,"column":19}},"608":{"start":{"line":609,"column":0},"end":{"line":609,"column":25}},"609":{"start":{"line":610,"column":0},"end":{"line":610,"column":40}},"610":{"start":{"line":611,"column":0},"end":{"line":611,"column":32}},"611":{"start":{"line":612,"column":0},"end":{"line":612,"column":38}},"612":{"start":{"line":613,"column":0},"end":{"line":613,"column":36}},"613":{"start":{"line":614,"column":0},"end":{"line":614,"column":48}},"614":{"start":{"line":615,"column":0},"end":{"line":615,"column":6}},"615":{"start":{"line":616,"column":0},"end":{"line":616,"column":0}},"616":{"start":{"line":617,"column":0},"end":{"line":617,"column":24}},"617":{"start":{"line":618,"column":0},"end":{"line":618,"column":23}},"618":{"start":{"line":619,"column":0},"end":{"line":619,"column":27}},"619":{"start":{"line":620,"column":0},"end":{"line":620,"column":35}},"620":{"start":{"line":621,"column":0},"end":{"line":621,"column":56}},"621":{"start":{"line":622,"column":0},"end":{"line":622,"column":6}},"622":{"start":{"line":623,"column":0},"end":{"line":623,"column":0}},"623":{"start":{"line":624,"column":0},"end":{"line":624,"column":35}},"624":{"start":{"line":625,"column":0},"end":{"line":625,"column":99}},"625":{"start":{"line":626,"column":0},"end":{"line":626,"column":0}},"626":{"start":{"line":627,"column":0},"end":{"line":627,"column":53}},"627":{"start":{"line":628,"column":0},"end":{"line":628,"column":36}},"628":{"start":{"line":629,"column":0},"end":{"line":629,"column":21}},"629":{"start":{"line":630,"column":0},"end":{"line":630,"column":9}},"630":{"start":{"line":631,"column":0},"end":{"line":631,"column":6}},"631":{"start":{"line":632,"column":0},"end":{"line":632,"column":51}},"632":{"start":{"line":633,"column":0},"end":{"line":633,"column":17}},"633":{"start":{"line":634,"column":0},"end":{"line":634,"column":62}},"634":{"start":{"line":635,"column":0},"end":{"line":635,"column":51}},"635":{"start":{"line":636,"column":0},"end":{"line":636,"column":61}},"636":{"start":{"line":637,"column":0},"end":{"line":637,"column":10}},"637":{"start":{"line":638,"column":0},"end":{"line":638,"column":40}},"638":{"start":{"line":639,"column":0},"end":{"line":639,"column":6}},"639":{"start":{"line":640,"column":0},"end":{"line":640,"column":51}},"640":{"start":{"line":641,"column":0},"end":{"line":641,"column":3}},"641":{"start":{"line":642,"column":0},"end":{"line":642,"column":2}},"642":{"start":{"line":643,"column":0},"end":{"line":643,"column":0}},"643":{"start":{"line":644,"column":0},"end":{"line":644,"column":44}},"644":{"start":{"line":645,"column":0},"end":{"line":645,"column":60}},"645":{"start":{"line":646,"column":0},"end":{"line":646,"column":7}},"646":{"start":{"line":647,"column":0},"end":{"line":647,"column":34}},"647":{"start":{"line":648,"column":0},"end":{"line":648,"column":30}},"648":{"start":{"line":649,"column":0},"end":{"line":649,"column":33}},"649":{"start":{"line":650,"column":0},"end":{"line":650,"column":0}},"650":{"start":{"line":651,"column":0},"end":{"line":651,"column":77}},"651":{"start":{"line":652,"column":0},"end":{"line":652,"column":53}},"652":{"start":{"line":653,"column":0},"end":{"line":653,"column":66}},"653":{"start":{"line":654,"column":0},"end":{"line":654,"column":12}},"654":{"start":{"line":655,"column":0},"end":{"line":655,"column":42}},"655":{"start":{"line":656,"column":0},"end":{"line":656,"column":8}},"656":{"start":{"line":657,"column":0},"end":{"line":657,"column":53}},"657":{"start":{"line":658,"column":0},"end":{"line":658,"column":5}},"658":{"start":{"line":659,"column":0},"end":{"line":659,"column":0}},"659":{"start":{"line":660,"column":0},"end":{"line":660,"column":61}},"660":{"start":{"line":661,"column":0},"end":{"line":661,"column":18}},"661":{"start":{"line":662,"column":0},"end":{"line":662,"column":101}},"662":{"start":{"line":663,"column":0},"end":{"line":663,"column":53}},"663":{"start":{"line":664,"column":0},"end":{"line":664,"column":5}},"664":{"start":{"line":665,"column":0},"end":{"line":665,"column":0}},"665":{"start":{"line":666,"column":0},"end":{"line":666,"column":31}},"666":{"start":{"line":667,"column":0},"end":{"line":667,"column":58}},"667":{"start":{"line":668,"column":0},"end":{"line":668,"column":25}},"668":{"start":{"line":669,"column":0},"end":{"line":669,"column":53}},"669":{"start":{"line":670,"column":0},"end":{"line":670,"column":43}},"670":{"start":{"line":671,"column":0},"end":{"line":671,"column":12}},"671":{"start":{"line":672,"column":0},"end":{"line":672,"column":33}},"672":{"start":{"line":673,"column":0},"end":{"line":673,"column":8}},"673":{"start":{"line":674,"column":0},"end":{"line":674,"column":53}},"674":{"start":{"line":675,"column":0},"end":{"line":675,"column":5}},"675":{"start":{"line":676,"column":0},"end":{"line":676,"column":0}},"676":{"start":{"line":677,"column":0},"end":{"line":677,"column":71}},"677":{"start":{"line":678,"column":0},"end":{"line":678,"column":12}},"678":{"start":{"line":679,"column":0},"end":{"line":679,"column":9}},"679":{"start":{"line":680,"column":0},"end":{"line":680,"column":66}},"680":{"start":{"line":681,"column":0},"end":{"line":681,"column":52}},"681":{"start":{"line":682,"column":0},"end":{"line":682,"column":71}},"682":{"start":{"line":683,"column":0},"end":{"line":683,"column":7}},"683":{"start":{"line":684,"column":0},"end":{"line":684,"column":19}},"684":{"start":{"line":685,"column":0},"end":{"line":685,"column":76}},"685":{"start":{"line":686,"column":0},"end":{"line":686,"column":5}},"686":{"start":{"line":687,"column":0},"end":{"line":687,"column":4}},"687":{"start":{"line":688,"column":0},"end":{"line":688,"column":68}},"688":{"start":{"line":689,"column":0},"end":{"line":689,"column":86}},"689":{"start":{"line":690,"column":0},"end":{"line":690,"column":48}},"690":{"start":{"line":691,"column":0},"end":{"line":691,"column":36}},"691":{"start":{"line":692,"column":0},"end":{"line":692,"column":57}},"692":{"start":{"line":693,"column":0},"end":{"line":693,"column":32}},"693":{"start":{"line":694,"column":0},"end":{"line":694,"column":16}},"694":{"start":{"line":695,"column":0},"end":{"line":695,"column":50}},"695":{"start":{"line":696,"column":0},"end":{"line":696,"column":53}},"696":{"start":{"line":697,"column":0},"end":{"line":697,"column":16}},"697":{"start":{"line":698,"column":0},"end":{"line":698,"column":5}},"698":{"start":{"line":699,"column":0},"end":{"line":699,"column":4}},"699":{"start":{"line":700,"column":0},"end":{"line":700,"column":15}},"700":{"start":{"line":701,"column":0},"end":{"line":701,"column":107}},"701":{"start":{"line":702,"column":0},"end":{"line":702,"column":53}},"702":{"start":{"line":703,"column":0},"end":{"line":703,"column":5}},"703":{"start":{"line":704,"column":0},"end":{"line":704,"column":0}},"704":{"start":{"line":705,"column":0},"end":{"line":705,"column":64}},"705":{"start":{"line":706,"column":0},"end":{"line":706,"column":16}},"706":{"start":{"line":707,"column":0},"end":{"line":707,"column":107}},"707":{"start":{"line":708,"column":0},"end":{"line":708,"column":53}},"708":{"start":{"line":709,"column":0},"end":{"line":709,"column":5}},"709":{"start":{"line":710,"column":0},"end":{"line":710,"column":0}},"710":{"start":{"line":711,"column":0},"end":{"line":711,"column":25}},"711":{"start":{"line":712,"column":0},"end":{"line":712,"column":40}},"712":{"start":{"line":713,"column":0},"end":{"line":713,"column":32}},"713":{"start":{"line":714,"column":0},"end":{"line":714,"column":38}},"714":{"start":{"line":715,"column":0},"end":{"line":715,"column":36}},"715":{"start":{"line":716,"column":0},"end":{"line":716,"column":6}},"716":{"start":{"line":717,"column":0},"end":{"line":717,"column":0}},"717":{"start":{"line":718,"column":0},"end":{"line":718,"column":24}},"718":{"start":{"line":719,"column":0},"end":{"line":719,"column":23}},"719":{"start":{"line":720,"column":0},"end":{"line":720,"column":27}},"720":{"start":{"line":721,"column":0},"end":{"line":721,"column":35}},"721":{"start":{"line":722,"column":0},"end":{"line":722,"column":56}},"722":{"start":{"line":723,"column":0},"end":{"line":723,"column":6}},"723":{"start":{"line":724,"column":0},"end":{"line":724,"column":0}},"724":{"start":{"line":725,"column":0},"end":{"line":725,"column":29}},"725":{"start":{"line":726,"column":0},"end":{"line":726,"column":99}},"726":{"start":{"line":727,"column":0},"end":{"line":727,"column":0}},"727":{"start":{"line":728,"column":0},"end":{"line":728,"column":37}},"728":{"start":{"line":729,"column":0},"end":{"line":729,"column":32}},"729":{"start":{"line":730,"column":0},"end":{"line":730,"column":52}},"730":{"start":{"line":731,"column":0},"end":{"line":731,"column":42}},"731":{"start":{"line":732,"column":0},"end":{"line":732,"column":46}},"732":{"start":{"line":733,"column":0},"end":{"line":733,"column":73}},"733":{"start":{"line":734,"column":0},"end":{"line":734,"column":68}},"734":{"start":{"line":735,"column":0},"end":{"line":735,"column":37}},"735":{"start":{"line":736,"column":0},"end":{"line":736,"column":109}},"736":{"start":{"line":737,"column":0},"end":{"line":737,"column":8}},"737":{"start":{"line":738,"column":0},"end":{"line":738,"column":16}},"738":{"start":{"line":739,"column":0},"end":{"line":739,"column":25}},"739":{"start":{"line":740,"column":0},"end":{"line":740,"column":33}},"740":{"start":{"line":741,"column":0},"end":{"line":741,"column":31}},"741":{"start":{"line":742,"column":0},"end":{"line":742,"column":33}},"742":{"start":{"line":743,"column":0},"end":{"line":743,"column":35}},"743":{"start":{"line":744,"column":0},"end":{"line":744,"column":31}},"744":{"start":{"line":745,"column":0},"end":{"line":745,"column":51}},"745":{"start":{"line":746,"column":0},"end":{"line":746,"column":18}},"746":{"start":{"line":747,"column":0},"end":{"line":747,"column":10}},"747":{"start":{"line":748,"column":0},"end":{"line":748,"column":9}},"748":{"start":{"line":749,"column":0},"end":{"line":749,"column":38}},"749":{"start":{"line":750,"column":0},"end":{"line":750,"column":43}},"750":{"start":{"line":751,"column":0},"end":{"line":751,"column":5}},"751":{"start":{"line":752,"column":0},"end":{"line":752,"column":0}},"752":{"start":{"line":753,"column":0},"end":{"line":753,"column":88}},"753":{"start":{"line":754,"column":0},"end":{"line":754,"column":50}},"754":{"start":{"line":755,"column":0},"end":{"line":755,"column":27}},"755":{"start":{"line":756,"column":0},"end":{"line":756,"column":0}},"756":{"start":{"line":757,"column":0},"end":{"line":757,"column":107}},"757":{"start":{"line":758,"column":0},"end":{"line":758,"column":51}},"758":{"start":{"line":759,"column":0},"end":{"line":759,"column":17}},"759":{"start":{"line":760,"column":0},"end":{"line":760,"column":54}},"760":{"start":{"line":761,"column":0},"end":{"line":761,"column":45}},"761":{"start":{"line":762,"column":0},"end":{"line":762,"column":49}},"762":{"start":{"line":763,"column":0},"end":{"line":763,"column":48}},"763":{"start":{"line":764,"column":0},"end":{"line":764,"column":51}},"764":{"start":{"line":765,"column":0},"end":{"line":765,"column":53}},"765":{"start":{"line":766,"column":0},"end":{"line":766,"column":10}},"766":{"start":{"line":767,"column":0},"end":{"line":767,"column":40}},"767":{"start":{"line":768,"column":0},"end":{"line":768,"column":6}},"768":{"start":{"line":769,"column":0},"end":{"line":769,"column":51}},"769":{"start":{"line":770,"column":0},"end":{"line":770,"column":3}},"770":{"start":{"line":771,"column":0},"end":{"line":771,"column":2}},"771":{"start":{"line":772,"column":0},"end":{"line":772,"column":0}},"772":{"start":{"line":773,"column":0},"end":{"line":773,"column":28}},"773":{"start":{"line":774,"column":0},"end":{"line":774,"column":47}},"774":{"start":{"line":775,"column":0},"end":{"line":775,"column":7}},"775":{"start":{"line":776,"column":0},"end":{"line":776,"column":34}},"776":{"start":{"line":777,"column":0},"end":{"line":777,"column":30}},"777":{"start":{"line":778,"column":0},"end":{"line":778,"column":0}},"778":{"start":{"line":779,"column":0},"end":{"line":779,"column":68}},"779":{"start":{"line":780,"column":0},"end":{"line":780,"column":18}},"780":{"start":{"line":781,"column":0},"end":{"line":781,"column":101}},"781":{"start":{"line":782,"column":0},"end":{"line":782,"column":53}},"782":{"start":{"line":783,"column":0},"end":{"line":783,"column":5}},"783":{"start":{"line":784,"column":0},"end":{"line":784,"column":0}},"784":{"start":{"line":785,"column":0},"end":{"line":785,"column":50}},"785":{"start":{"line":786,"column":0},"end":{"line":786,"column":17}},"786":{"start":{"line":787,"column":0},"end":{"line":787,"column":53}},"787":{"start":{"line":788,"column":0},"end":{"line":788,"column":44}},"788":{"start":{"line":789,"column":0},"end":{"line":789,"column":12}},"789":{"start":{"line":790,"column":0},"end":{"line":790,"column":33}},"790":{"start":{"line":791,"column":0},"end":{"line":791,"column":8}},"791":{"start":{"line":792,"column":0},"end":{"line":792,"column":53}},"792":{"start":{"line":793,"column":0},"end":{"line":793,"column":5}},"793":{"start":{"line":794,"column":0},"end":{"line":794,"column":0}},"794":{"start":{"line":795,"column":0},"end":{"line":795,"column":65}},"795":{"start":{"line":796,"column":0},"end":{"line":796,"column":15}},"796":{"start":{"line":797,"column":0},"end":{"line":797,"column":107}},"797":{"start":{"line":798,"column":0},"end":{"line":798,"column":53}},"798":{"start":{"line":799,"column":0},"end":{"line":799,"column":5}},"799":{"start":{"line":800,"column":0},"end":{"line":800,"column":0}},"800":{"start":{"line":801,"column":0},"end":{"line":801,"column":24}},"801":{"start":{"line":802,"column":0},"end":{"line":802,"column":23}},"802":{"start":{"line":803,"column":0},"end":{"line":803,"column":27}},"803":{"start":{"line":804,"column":0},"end":{"line":804,"column":35}},"804":{"start":{"line":805,"column":0},"end":{"line":805,"column":56}},"805":{"start":{"line":806,"column":0},"end":{"line":806,"column":6}},"806":{"start":{"line":807,"column":0},"end":{"line":807,"column":0}},"807":{"start":{"line":808,"column":0},"end":{"line":808,"column":80}},"808":{"start":{"line":809,"column":0},"end":{"line":809,"column":0}},"809":{"start":{"line":810,"column":0},"end":{"line":810,"column":92}},"810":{"start":{"line":811,"column":0},"end":{"line":811,"column":51}},"811":{"start":{"line":812,"column":0},"end":{"line":812,"column":17}},"812":{"start":{"line":813,"column":0},"end":{"line":813,"column":46}},"813":{"start":{"line":814,"column":0},"end":{"line":814,"column":51}},"814":{"start":{"line":815,"column":0},"end":{"line":815,"column":60}},"815":{"start":{"line":816,"column":0},"end":{"line":816,"column":10}},"816":{"start":{"line":817,"column":0},"end":{"line":817,"column":40}},"817":{"start":{"line":818,"column":0},"end":{"line":818,"column":6}},"818":{"start":{"line":819,"column":0},"end":{"line":819,"column":51}},"819":{"start":{"line":820,"column":0},"end":{"line":820,"column":3}},"820":{"start":{"line":821,"column":0},"end":{"line":821,"column":2}},"821":{"start":{"line":822,"column":0},"end":{"line":822,"column":0}},"822":{"start":{"line":823,"column":0},"end":{"line":823,"column":35}},"823":{"start":{"line":824,"column":0},"end":{"line":824,"column":54}},"824":{"start":{"line":825,"column":0},"end":{"line":825,"column":7}},"825":{"start":{"line":826,"column":0},"end":{"line":826,"column":34}},"826":{"start":{"line":827,"column":0},"end":{"line":827,"column":30}},"827":{"start":{"line":828,"column":0},"end":{"line":828,"column":4}},"828":{"start":{"line":829,"column":0},"end":{"line":829,"column":57}},"829":{"start":{"line":830,"column":0},"end":{"line":830,"column":54}},"830":{"start":{"line":831,"column":0},"end":{"line":831,"column":70}},"831":{"start":{"line":832,"column":0},"end":{"line":832,"column":43}},"832":{"start":{"line":833,"column":0},"end":{"line":833,"column":13}},"833":{"start":{"line":834,"column":0},"end":{"line":834,"column":0}},"834":{"start":{"line":835,"column":0},"end":{"line":835,"column":19}},"835":{"start":{"line":836,"column":0},"end":{"line":836,"column":68}},"836":{"start":{"line":837,"column":0},"end":{"line":837,"column":4}},"837":{"start":{"line":838,"column":0},"end":{"line":838,"column":61}},"838":{"start":{"line":839,"column":0},"end":{"line":839,"column":86}},"839":{"start":{"line":840,"column":0},"end":{"line":840,"column":53}},"840":{"start":{"line":841,"column":0},"end":{"line":841,"column":85}},"841":{"start":{"line":842,"column":0},"end":{"line":842,"column":12}},"842":{"start":{"line":843,"column":0},"end":{"line":843,"column":36}},"843":{"start":{"line":844,"column":0},"end":{"line":844,"column":8}},"844":{"start":{"line":845,"column":0},"end":{"line":845,"column":53}},"845":{"start":{"line":846,"column":0},"end":{"line":846,"column":5}},"846":{"start":{"line":847,"column":0},"end":{"line":847,"column":4}},"847":{"start":{"line":848,"column":0},"end":{"line":848,"column":57}},"848":{"start":{"line":849,"column":0},"end":{"line":849,"column":53}},"849":{"start":{"line":850,"column":0},"end":{"line":850,"column":76}},"850":{"start":{"line":851,"column":0},"end":{"line":851,"column":53}},"851":{"start":{"line":852,"column":0},"end":{"line":852,"column":95}},"852":{"start":{"line":853,"column":0},"end":{"line":853,"column":12}},"853":{"start":{"line":854,"column":0},"end":{"line":854,"column":36}},"854":{"start":{"line":855,"column":0},"end":{"line":855,"column":8}},"855":{"start":{"line":856,"column":0},"end":{"line":856,"column":53}},"856":{"start":{"line":857,"column":0},"end":{"line":857,"column":5}},"857":{"start":{"line":858,"column":0},"end":{"line":858,"column":18}},"858":{"start":{"line":859,"column":0},"end":{"line":859,"column":101}},"859":{"start":{"line":860,"column":0},"end":{"line":860,"column":53}},"860":{"start":{"line":861,"column":0},"end":{"line":861,"column":5}},"861":{"start":{"line":862,"column":0},"end":{"line":862,"column":0}},"862":{"start":{"line":863,"column":0},"end":{"line":863,"column":106}},"863":{"start":{"line":864,"column":0},"end":{"line":864,"column":86}},"864":{"start":{"line":865,"column":0},"end":{"line":865,"column":49}},"865":{"start":{"line":866,"column":0},"end":{"line":866,"column":29}},"866":{"start":{"line":867,"column":0},"end":{"line":867,"column":44}},"867":{"start":{"line":868,"column":0},"end":{"line":868,"column":6}},"868":{"start":{"line":869,"column":0},"end":{"line":869,"column":68}},"869":{"start":{"line":870,"column":0},"end":{"line":870,"column":0}},"870":{"start":{"line":871,"column":0},"end":{"line":871,"column":20}},"871":{"start":{"line":872,"column":0},"end":{"line":872,"column":111}},"872":{"start":{"line":873,"column":0},"end":{"line":873,"column":61}},"873":{"start":{"line":874,"column":0},"end":{"line":874,"column":116}},"874":{"start":{"line":875,"column":0},"end":{"line":875,"column":35}},"875":{"start":{"line":876,"column":0},"end":{"line":876,"column":149}},"876":{"start":{"line":877,"column":0},"end":{"line":877,"column":7}},"877":{"start":{"line":878,"column":0},"end":{"line":878,"column":48}},"878":{"start":{"line":879,"column":0},"end":{"line":879,"column":106}},"879":{"start":{"line":880,"column":0},"end":{"line":880,"column":23}},"880":{"start":{"line":881,"column":0},"end":{"line":881,"column":89}},"881":{"start":{"line":882,"column":0},"end":{"line":882,"column":30}},"882":{"start":{"line":883,"column":0},"end":{"line":883,"column":14}},"883":{"start":{"line":884,"column":0},"end":{"line":884,"column":44}},"884":{"start":{"line":885,"column":0},"end":{"line":885,"column":87}},"885":{"start":{"line":886,"column":0},"end":{"line":886,"column":21}},"886":{"start":{"line":887,"column":0},"end":{"line":887,"column":79}},"887":{"start":{"line":888,"column":0},"end":{"line":888,"column":28}},"888":{"start":{"line":889,"column":0},"end":{"line":889,"column":16}},"889":{"start":{"line":890,"column":0},"end":{"line":890,"column":57}},"890":{"start":{"line":891,"column":0},"end":{"line":891,"column":129}},"891":{"start":{"line":892,"column":0},"end":{"line":892,"column":16}},"892":{"start":{"line":893,"column":0},"end":{"line":893,"column":33}},"893":{"start":{"line":894,"column":0},"end":{"line":894,"column":12}},"894":{"start":{"line":895,"column":0},"end":{"line":895,"column":57}},"895":{"start":{"line":896,"column":0},"end":{"line":896,"column":9}},"896":{"start":{"line":897,"column":0},"end":{"line":897,"column":7}},"897":{"start":{"line":898,"column":0},"end":{"line":898,"column":5}},"898":{"start":{"line":899,"column":0},"end":{"line":899,"column":4}},"899":{"start":{"line":900,"column":0},"end":{"line":900,"column":68}},"900":{"start":{"line":901,"column":0},"end":{"line":901,"column":51}},"901":{"start":{"line":902,"column":0},"end":{"line":902,"column":4}},"902":{"start":{"line":903,"column":0},"end":{"line":903,"column":65}},"903":{"start":{"line":904,"column":0},"end":{"line":904,"column":44}},"904":{"start":{"line":905,"column":0},"end":{"line":905,"column":78}},"905":{"start":{"line":906,"column":0},"end":{"line":906,"column":0}},"906":{"start":{"line":907,"column":0},"end":{"line":907,"column":66}},"907":{"start":{"line":908,"column":0},"end":{"line":908,"column":40}},"908":{"start":{"line":909,"column":0},"end":{"line":909,"column":34}},"909":{"start":{"line":910,"column":0},"end":{"line":910,"column":63}},"910":{"start":{"line":911,"column":0},"end":{"line":911,"column":41}},"911":{"start":{"line":912,"column":0},"end":{"line":912,"column":12}},"912":{"start":{"line":913,"column":0},"end":{"line":913,"column":6}},"913":{"start":{"line":914,"column":0},"end":{"line":914,"column":80}},"914":{"start":{"line":915,"column":0},"end":{"line":915,"column":123}},"915":{"start":{"line":916,"column":0},"end":{"line":916,"column":6}},"916":{"start":{"line":917,"column":0},"end":{"line":917,"column":26}},"917":{"start":{"line":918,"column":0},"end":{"line":918,"column":93}},"918":{"start":{"line":919,"column":0},"end":{"line":919,"column":111}},"919":{"start":{"line":920,"column":0},"end":{"line":920,"column":55}},"920":{"start":{"line":921,"column":0},"end":{"line":921,"column":113}},"921":{"start":{"line":922,"column":0},"end":{"line":922,"column":14}},"922":{"start":{"line":923,"column":0},"end":{"line":923,"column":35}},"923":{"start":{"line":924,"column":0},"end":{"line":924,"column":10}},"924":{"start":{"line":925,"column":0},"end":{"line":925,"column":55}},"925":{"start":{"line":926,"column":0},"end":{"line":926,"column":7}},"926":{"start":{"line":927,"column":0},"end":{"line":927,"column":12}},"927":{"start":{"line":928,"column":0},"end":{"line":928,"column":92}},"928":{"start":{"line":929,"column":0},"end":{"line":929,"column":5}},"929":{"start":{"line":930,"column":0},"end":{"line":930,"column":4}},"930":{"start":{"line":931,"column":0},"end":{"line":931,"column":61}},"931":{"start":{"line":932,"column":0},"end":{"line":932,"column":72}},"932":{"start":{"line":933,"column":0},"end":{"line":933,"column":96}},"933":{"start":{"line":934,"column":0},"end":{"line":934,"column":11}},"934":{"start":{"line":935,"column":0},"end":{"line":935,"column":80}},"935":{"start":{"line":936,"column":0},"end":{"line":936,"column":110}},"936":{"start":{"line":937,"column":0},"end":{"line":937,"column":59}},"937":{"start":{"line":938,"column":0},"end":{"line":938,"column":62}},"938":{"start":{"line":939,"column":0},"end":{"line":939,"column":81}},"939":{"start":{"line":940,"column":0},"end":{"line":940,"column":0}},"940":{"start":{"line":941,"column":0},"end":{"line":941,"column":57}},"941":{"start":{"line":942,"column":0},"end":{"line":942,"column":102}},"942":{"start":{"line":943,"column":0},"end":{"line":943,"column":58}},"943":{"start":{"line":944,"column":0},"end":{"line":944,"column":35}},"944":{"start":{"line":945,"column":0},"end":{"line":945,"column":29}},"945":{"start":{"line":946,"column":0},"end":{"line":946,"column":65}},"946":{"start":{"line":947,"column":0},"end":{"line":947,"column":55}},"947":{"start":{"line":948,"column":0},"end":{"line":948,"column":170}},"948":{"start":{"line":949,"column":0},"end":{"line":949,"column":14}},"949":{"start":{"line":950,"column":0},"end":{"line":950,"column":44}},"950":{"start":{"line":951,"column":0},"end":{"line":951,"column":10}},"951":{"start":{"line":952,"column":0},"end":{"line":952,"column":55}},"952":{"start":{"line":953,"column":0},"end":{"line":953,"column":7}},"953":{"start":{"line":954,"column":0},"end":{"line":954,"column":5}},"954":{"start":{"line":955,"column":0},"end":{"line":955,"column":0}},"955":{"start":{"line":956,"column":0},"end":{"line":956,"column":89}},"956":{"start":{"line":957,"column":0},"end":{"line":957,"column":74}},"957":{"start":{"line":958,"column":0},"end":{"line":958,"column":29}},"958":{"start":{"line":959,"column":0},"end":{"line":959,"column":76}},"959":{"start":{"line":960,"column":0},"end":{"line":960,"column":24}},"960":{"start":{"line":961,"column":0},"end":{"line":961,"column":57}},"961":{"start":{"line":962,"column":0},"end":{"line":962,"column":63}},"962":{"start":{"line":963,"column":0},"end":{"line":963,"column":60}},"963":{"start":{"line":964,"column":0},"end":{"line":964,"column":8}},"964":{"start":{"line":965,"column":0},"end":{"line":965,"column":38}},"965":{"start":{"line":966,"column":0},"end":{"line":966,"column":33}},"966":{"start":{"line":967,"column":0},"end":{"line":967,"column":7}},"967":{"start":{"line":968,"column":0},"end":{"line":968,"column":0}},"968":{"start":{"line":969,"column":0},"end":{"line":969,"column":44}},"969":{"start":{"line":970,"column":0},"end":{"line":970,"column":53}},"970":{"start":{"line":971,"column":0},"end":{"line":971,"column":96}},"971":{"start":{"line":972,"column":0},"end":{"line":972,"column":54}},"972":{"start":{"line":973,"column":0},"end":{"line":973,"column":0}},"973":{"start":{"line":974,"column":0},"end":{"line":974,"column":15}},"974":{"start":{"line":975,"column":0},"end":{"line":975,"column":24}},"975":{"start":{"line":976,"column":0},"end":{"line":976,"column":17}},"976":{"start":{"line":977,"column":0},"end":{"line":977,"column":48}},"977":{"start":{"line":978,"column":0},"end":{"line":978,"column":51}},"978":{"start":{"line":979,"column":0},"end":{"line":979,"column":47}},"979":{"start":{"line":980,"column":0},"end":{"line":980,"column":10}},"980":{"start":{"line":981,"column":0},"end":{"line":981,"column":40}},"981":{"start":{"line":982,"column":0},"end":{"line":982,"column":6}},"982":{"start":{"line":983,"column":0},"end":{"line":983,"column":51}},"983":{"start":{"line":984,"column":0},"end":{"line":984,"column":3}},"984":{"start":{"line":985,"column":0},"end":{"line":985,"column":2}},"985":{"start":{"line":986,"column":0},"end":{"line":986,"column":0}},"986":{"start":{"line":987,"column":0},"end":{"line":987,"column":58}},"987":{"start":{"line":988,"column":0},"end":{"line":988,"column":51}},"988":{"start":{"line":989,"column":0},"end":{"line":989,"column":7}},"989":{"start":{"line":990,"column":0},"end":{"line":990,"column":34}},"990":{"start":{"line":991,"column":0},"end":{"line":991,"column":40}},"991":{"start":{"line":992,"column":0},"end":{"line":992,"column":61}},"992":{"start":{"line":993,"column":0},"end":{"line":993,"column":0}},"993":{"start":{"line":994,"column":0},"end":{"line":994,"column":56}},"994":{"start":{"line":995,"column":0},"end":{"line":995,"column":98}},"995":{"start":{"line":996,"column":0},"end":{"line":996,"column":0}},"996":{"start":{"line":997,"column":0},"end":{"line":997,"column":19}},"997":{"start":{"line":998,"column":0},"end":{"line":998,"column":74}},"998":{"start":{"line":999,"column":0},"end":{"line":999,"column":18}},"999":{"start":{"line":1000,"column":0},"end":{"line":1000,"column":110}},"1000":{"start":{"line":1001,"column":0},"end":{"line":1001,"column":53}},"1001":{"start":{"line":1002,"column":0},"end":{"line":1002,"column":5}},"1002":{"start":{"line":1003,"column":0},"end":{"line":1003,"column":0}},"1003":{"start":{"line":1004,"column":0},"end":{"line":1004,"column":77}},"1004":{"start":{"line":1005,"column":0},"end":{"line":1005,"column":26}},"1005":{"start":{"line":1006,"column":0},"end":{"line":1006,"column":70}},"1006":{"start":{"line":1007,"column":0},"end":{"line":1007,"column":4}},"1007":{"start":{"line":1008,"column":0},"end":{"line":1008,"column":62}},"1008":{"start":{"line":1009,"column":0},"end":{"line":1009,"column":33}},"1009":{"start":{"line":1010,"column":0},"end":{"line":1010,"column":110}},"1010":{"start":{"line":1011,"column":0},"end":{"line":1011,"column":38}},"1011":{"start":{"line":1012,"column":0},"end":{"line":1012,"column":25}},"1012":{"start":{"line":1013,"column":0},"end":{"line":1013,"column":29}},"1013":{"start":{"line":1014,"column":0},"end":{"line":1014,"column":15}},"1014":{"start":{"line":1015,"column":0},"end":{"line":1015,"column":16}},"1015":{"start":{"line":1016,"column":0},"end":{"line":1016,"column":6}},"1016":{"start":{"line":1017,"column":0},"end":{"line":1017,"column":72}},"1017":{"start":{"line":1018,"column":0},"end":{"line":1018,"column":6}},"1018":{"start":{"line":1019,"column":0},"end":{"line":1019,"column":16}},"1019":{"start":{"line":1020,"column":0},"end":{"line":1020,"column":30}},"1020":{"start":{"line":1021,"column":0},"end":{"line":1021,"column":7}},"1021":{"start":{"line":1022,"column":0},"end":{"line":1022,"column":5}},"1022":{"start":{"line":1023,"column":0},"end":{"line":1023,"column":4}},"1023":{"start":{"line":1024,"column":0},"end":{"line":1024,"column":23}},"1024":{"start":{"line":1025,"column":0},"end":{"line":1025,"column":53}},"1025":{"start":{"line":1026,"column":0},"end":{"line":1026,"column":98}},"1026":{"start":{"line":1027,"column":0},"end":{"line":1027,"column":12}},"1027":{"start":{"line":1028,"column":0},"end":{"line":1028,"column":42}},"1028":{"start":{"line":1029,"column":0},"end":{"line":1029,"column":8}},"1029":{"start":{"line":1030,"column":0},"end":{"line":1030,"column":53}},"1030":{"start":{"line":1031,"column":0},"end":{"line":1031,"column":5}},"1031":{"start":{"line":1032,"column":0},"end":{"line":1032,"column":0}},"1032":{"start":{"line":1033,"column":0},"end":{"line":1033,"column":72}},"1033":{"start":{"line":1034,"column":0},"end":{"line":1034,"column":80}},"1034":{"start":{"line":1035,"column":0},"end":{"line":1035,"column":65}},"1035":{"start":{"line":1036,"column":0},"end":{"line":1036,"column":4}},"1036":{"start":{"line":1037,"column":0},"end":{"line":1037,"column":22}},"1037":{"start":{"line":1038,"column":0},"end":{"line":1038,"column":62}},"1038":{"start":{"line":1039,"column":0},"end":{"line":1039,"column":115}},"1039":{"start":{"line":1040,"column":0},"end":{"line":1040,"column":53}},"1040":{"start":{"line":1041,"column":0},"end":{"line":1041,"column":5}},"1041":{"start":{"line":1042,"column":0},"end":{"line":1042,"column":0}},"1042":{"start":{"line":1043,"column":0},"end":{"line":1043,"column":55}},"1043":{"start":{"line":1044,"column":0},"end":{"line":1044,"column":0}},"1044":{"start":{"line":1045,"column":0},"end":{"line":1045,"column":44}},"1045":{"start":{"line":1046,"column":0},"end":{"line":1046,"column":61}},"1046":{"start":{"line":1047,"column":0},"end":{"line":1047,"column":64}},"1047":{"start":{"line":1048,"column":0},"end":{"line":1048,"column":73}},"1048":{"start":{"line":1049,"column":0},"end":{"line":1049,"column":4}},"1049":{"start":{"line":1050,"column":0},"end":{"line":1050,"column":16}},"1050":{"start":{"line":1051,"column":0},"end":{"line":1051,"column":67}},"1051":{"start":{"line":1052,"column":0},"end":{"line":1052,"column":116}},"1052":{"start":{"line":1053,"column":0},"end":{"line":1053,"column":53}},"1053":{"start":{"line":1054,"column":0},"end":{"line":1054,"column":5}},"1054":{"start":{"line":1055,"column":0},"end":{"line":1055,"column":0}},"1055":{"start":{"line":1056,"column":0},"end":{"line":1056,"column":60}},"1056":{"start":{"line":1057,"column":0},"end":{"line":1057,"column":0}},"1057":{"start":{"line":1058,"column":0},"end":{"line":1058,"column":54}},"1058":{"start":{"line":1059,"column":0},"end":{"line":1059,"column":78}},"1059":{"start":{"line":1060,"column":0},"end":{"line":1060,"column":0}},"1060":{"start":{"line":1061,"column":0},"end":{"line":1061,"column":46}},"1061":{"start":{"line":1062,"column":0},"end":{"line":1062,"column":0}},"1062":{"start":{"line":1063,"column":0},"end":{"line":1063,"column":91}},"1063":{"start":{"line":1064,"column":0},"end":{"line":1064,"column":51}},"1064":{"start":{"line":1065,"column":0},"end":{"line":1065,"column":17}},"1065":{"start":{"line":1066,"column":0},"end":{"line":1066,"column":53}},"1066":{"start":{"line":1067,"column":0},"end":{"line":1067,"column":51}},"1067":{"start":{"line":1068,"column":0},"end":{"line":1068,"column":50}},"1068":{"start":{"line":1069,"column":0},"end":{"line":1069,"column":10}},"1069":{"start":{"line":1070,"column":0},"end":{"line":1070,"column":40}},"1070":{"start":{"line":1071,"column":0},"end":{"line":1071,"column":6}},"1071":{"start":{"line":1072,"column":0},"end":{"line":1072,"column":51}},"1072":{"start":{"line":1073,"column":0},"end":{"line":1073,"column":3}},"1073":{"start":{"line":1074,"column":0},"end":{"line":1074,"column":2}},"1074":{"start":{"line":1075,"column":0},"end":{"line":1075,"column":0}},"1075":{"start":{"line":1076,"column":0},"end":{"line":1076,"column":66}},"1076":{"start":{"line":1077,"column":0},"end":{"line":1077,"column":59}},"1077":{"start":{"line":1078,"column":0},"end":{"line":1078,"column":7}},"1078":{"start":{"line":1079,"column":0},"end":{"line":1079,"column":34}},"1079":{"start":{"line":1080,"column":0},"end":{"line":1080,"column":40}},"1080":{"start":{"line":1081,"column":0},"end":{"line":1081,"column":61}},"1081":{"start":{"line":1082,"column":0},"end":{"line":1082,"column":0}},"1082":{"start":{"line":1083,"column":0},"end":{"line":1083,"column":58}},"1083":{"start":{"line":1084,"column":0},"end":{"line":1084,"column":100}},"1084":{"start":{"line":1085,"column":0},"end":{"line":1085,"column":0}},"1085":{"start":{"line":1086,"column":0},"end":{"line":1086,"column":19}},"1086":{"start":{"line":1087,"column":0},"end":{"line":1087,"column":74}},"1087":{"start":{"line":1088,"column":0},"end":{"line":1088,"column":18}},"1088":{"start":{"line":1089,"column":0},"end":{"line":1089,"column":110}},"1089":{"start":{"line":1090,"column":0},"end":{"line":1090,"column":53}},"1090":{"start":{"line":1091,"column":0},"end":{"line":1091,"column":5}},"1091":{"start":{"line":1092,"column":0},"end":{"line":1092,"column":0}},"1092":{"start":{"line":1093,"column":0},"end":{"line":1093,"column":77}},"1093":{"start":{"line":1094,"column":0},"end":{"line":1094,"column":26}},"1094":{"start":{"line":1095,"column":0},"end":{"line":1095,"column":70}},"1095":{"start":{"line":1096,"column":0},"end":{"line":1096,"column":4}},"1096":{"start":{"line":1097,"column":0},"end":{"line":1097,"column":62}},"1097":{"start":{"line":1098,"column":0},"end":{"line":1098,"column":33}},"1098":{"start":{"line":1099,"column":0},"end":{"line":1099,"column":110}},"1099":{"start":{"line":1100,"column":0},"end":{"line":1100,"column":38}},"1100":{"start":{"line":1101,"column":0},"end":{"line":1101,"column":25}},"1101":{"start":{"line":1102,"column":0},"end":{"line":1102,"column":29}},"1102":{"start":{"line":1103,"column":0},"end":{"line":1103,"column":15}},"1103":{"start":{"line":1104,"column":0},"end":{"line":1104,"column":16}},"1104":{"start":{"line":1105,"column":0},"end":{"line":1105,"column":6}},"1105":{"start":{"line":1106,"column":0},"end":{"line":1106,"column":72}},"1106":{"start":{"line":1107,"column":0},"end":{"line":1107,"column":6}},"1107":{"start":{"line":1108,"column":0},"end":{"line":1108,"column":16}},"1108":{"start":{"line":1109,"column":0},"end":{"line":1109,"column":30}},"1109":{"start":{"line":1110,"column":0},"end":{"line":1110,"column":7}},"1110":{"start":{"line":1111,"column":0},"end":{"line":1111,"column":5}},"1111":{"start":{"line":1112,"column":0},"end":{"line":1112,"column":4}},"1112":{"start":{"line":1113,"column":0},"end":{"line":1113,"column":23}},"1113":{"start":{"line":1114,"column":0},"end":{"line":1114,"column":53}},"1114":{"start":{"line":1115,"column":0},"end":{"line":1115,"column":98}},"1115":{"start":{"line":1116,"column":0},"end":{"line":1116,"column":12}},"1116":{"start":{"line":1117,"column":0},"end":{"line":1117,"column":42}},"1117":{"start":{"line":1118,"column":0},"end":{"line":1118,"column":8}},"1118":{"start":{"line":1119,"column":0},"end":{"line":1119,"column":53}},"1119":{"start":{"line":1120,"column":0},"end":{"line":1120,"column":5}},"1120":{"start":{"line":1121,"column":0},"end":{"line":1121,"column":0}},"1121":{"start":{"line":1122,"column":0},"end":{"line":1122,"column":72}},"1122":{"start":{"line":1123,"column":0},"end":{"line":1123,"column":80}},"1123":{"start":{"line":1124,"column":0},"end":{"line":1124,"column":65}},"1124":{"start":{"line":1125,"column":0},"end":{"line":1125,"column":0}},"1125":{"start
[...]
umn":67}}]},"58":{"type":"branch","line":403,"loc":{"start":{"line":403,"column":38},"end":{"line":412,"column":5}},"locations":[{"start":{"line":403,"column":38},"end":{"line":412,"column":5}}]},"59":{"type":"branch","line":404,"loc":{"start":{"line":404,"column":25},"end":{"line":407,"column":7}},"locations":[{"start":{"line":404,"column":25},"end":{"line":407,"column":7}}]},"60":{"type":"branch","line":408,"loc":{"start":{"line":408,"column":21},"end":{"line":408,"column":50}},"locations":[{"start":{"line":408,"column":21},"end":{"line":408,"column":50}}]},"61":{"type":"branch","line":408,"loc":{"start":{"line":408,"column":52},"end":{"line":411,"column":7}},"locations":[{"start":{"line":408,"column":52},"end":{"line":411,"column":7}}]},"62":{"type":"branch","line":427,"loc":{"start":{"line":427,"column":39},"end":{"line":455,"column":5}},"locations":[{"start":{"line":427,"column":39},"end":{"line":455,"column":5}}]},"63":{"type":"branch","line":428,"loc":{"start":{"line":428,"column":30},"end":{"line":428,"column":69}},"locations":[{"start":{"line":428,"column":30},"end":{"line":428,"column":69}}]},"64":{"type":"branch","line":428,"loc":{"start":{"line":428,"column":71},"end":{"line":454,"column":7}},"locations":[{"start":{"line":428,"column":71},"end":{"line":454,"column":7}}]},"65":{"type":"branch","line":445,"loc":{"start":{"line":445,"column":27},"end":{"line":445,"column":72}},"locations":[{"start":{"line":445,"column":27},"end":{"line":445,"column":72}}]},"66":{"type":"branch","line":445,"loc":{"start":{"line":445,"column":74},"end":{"line":453,"column":9}},"locations":[{"start":{"line":445,"column":74},"end":{"line":453,"column":9}}]},"67":{"type":"branch","line":432,"loc":{"start":{"line":432,"column":37},"end":{"line":441,"column":9}},"locations":[{"start":{"line":432,"column":37},"end":{"line":441,"column":9}}]},"68":{"type":"branch","line":464,"loc":{"start":{"line":464,"column":26},"end":{"line":480,"column":2}},"locations":[{"start":{"line":464,"column":26},"end":{"line":480,"column":2}}]},"69":{"type":"branch","line":465,"loc":{"start":{"line":465,"column":16},"end":{"line":465,"column":30}},"locations":[{"start":{"line":465,"column":16},"end":{"line":465,"column":30}}]},"70":{"type":"branch","line":466,"loc":{"start":{"line":466,"column":54},"end":{"line":466,"column":71}},"locations":[{"start":{"line":466,"column":54},"end":{"line":466,"column":71}}]},"71":{"type":"branch","line":469,"loc":{"start":{"line":469,"column":46},"end":{"line":471,"column":44}},"locations":[{"start":{"line":469,"column":46},"end":{"line":471,"column":44}}]},"72":{"type":"branch","line":471,"loc":{"start":{"line":471,"column":44},"end":{"line":471,"column":64}},"locations":[{"start":{"line":471,"column":44},"end":{"line":471,"column":64}}]},"73":{"type":"branch","line":471,"loc":{"start":{"line":471,"column":63},"end":{"line":473,"column":55}},"locations":[{"start":{"line":471,"column":63},"end":{"line":473,"column":55}}]},"74":{"type":"branch","line":473,"loc":{"start":{"line":473,"column":54},"end":{"line":480,"column":2}},"locations":[{"start":{"line":473,"column":54},"end":{"line":480,"column":2}}]},"75":{"type":"branch","line":485,"loc":{"start":{"line":485,"column":40},"end":{"line":611,"column":2}},"locations":[{"start":{"line":485,"column":40},"end":{"line":611,"column":2}}]},"76":{"type":"branch","line":487,"loc":{"start":{"line":487,"column":34},"end":{"line":487,"column":40}},"locations":[{"start":{"line":487,"column":34},"end":{"line":487,"column":40}}]},"77":{"type":"branch","line":490,"loc":{"start":{"line":490,"column":38},"end":{"line":490,"column":44}},"locations":[{"start":{"line":490,"column":38},"end":{"line":490,"column":44}}]},"78":{"type":"branch","line":491,"loc":{"start":{"line":491,"column":21},"end":{"line":499,"column":3}},"locations":[{"start":{"line":491,"column":21},"end":{"line":499,"column":3}}]},"79":{"type":"branch","line":520,"loc":{"start":{"line":520,"column":23},"end":{"line":520,"column":63}},"locations":[{"start":{"line":520,"column":23},"end":{"line":520,"column":63}}]},"80":{"type":"branch","line":520,"loc":{"start":{"line":520,"column":65},"end":{"line":534,"column":3}},"locations":[{"start":{"line":520,"column":65},"end":{"line":534,"column":3}}]},"81":{"type":"branch","line":537,"loc":{"start":{"line":537,"column":26},"end":{"line":537,"column":62}},"locations":[{"start":{"line":537,"column":26},"end":{"line":537,"column":62}}]},"82":{"type":"branch","line":537,"loc":{"start":{"line":537,"column":64},"end":{"line":581,"column":3}},"locations":[{"start":{"line":537,"column":64},"end":{"line":581,"column":3}}]},"83":{"type":"branch","line":584,"loc":{"start":{"line":584,"column":25},"end":{"line":584,"column":60}},"locations":[{"start":{"line":584,"column":25},"end":{"line":584,"column":60}}]},"84":{"type":"branch","line":584,"loc":{"start":{"line":584,"column":62},"end":{"line":591,"column":3}},"locations":[{"start":{"line":584,"column":62},"end":{"line":591,"column":3}}]},"85":{"type":"branch","line":594,"loc":{"start":{"line":594,"column":22},"end":{"line":594,"column":54}},"locations":[{"start":{"line":594,"column":22},"end":{"line":594,"column":54}}]},"86":{"type":"branch","line":594,"loc":{"start":{"line":594,"column":56},"end":{"line":608,"column":3}},"locations":[{"start":{"line":594,"column":56},"end":{"line":608,"column":3}}]},"87":{"type":"branch","line":601,"loc":{"start":{"line":601,"column":41},"end":{"line":608,"column":3}},"locations":[{"start":{"line":601,"column":41},"end":{"line":608,"column":3}}]},"88":{"type":"branch","line":545,"loc":{"start":{"line":545,"column":32},"end":{"line":580,"column":5}},"locations":[{"start":{"line":545,"column":32},"end":{"line":580,"column":5}}]},"89":{"type":"branch","line":547,"loc":{"start":{"line":547,"column":44},"end":{"line":547,"column":81}},"locations":[{"start":{"line":547,"column":44},"end":{"line":547,"column":81}}]},"90":{"type":"branch","line":550,"loc":{"start":{"line":550,"column":56},"end":{"line":550,"column":71}},"locations":[{"start":{"line":550,"column":56},"end":{"line":550,"column":71}}]},"91":{"type":"branch","line":557,"loc":{"start":{"line":557,"column":51},"end":{"line":565,"column":7}},"locations":[{"start":{"line":557,"column":51},"end":{"line":565,"column":7}}]},"92":{"type":"branch","line":570,"loc":{"start":{"line":570,"column":51},"end":{"line":578,"column":9}},"locations":[{"start":{"line":570,"column":51},"end":{"line":578,"column":9}}]},"93":{"type":"branch","line":554,"loc":{"start":{"line":554,"column":61},"end":{"line":554,"column":90}},"locations":[{"start":{"line":554,"column":61},"end":{"line":554,"column":90}}]},"94":{"type":"branch","line":569,"loc":{"start":{"line":569,"column":72},"end":{"line":569,"column":101}},"locations":[{"start":{"line":569,"column":72},"end":{"line":569,"column":101}}]},"95":{"type":"branch","line":616,"loc":{"start":{"line":616,"column":38},"end":{"line":678,"column":2}},"locations":[{"start":{"line":616,"column":38},"end":{"line":678,"column":2}}]},"96":{"type":"branch","line":624,"loc":{"start":{"line":624,"column":23},"end":{"line":624,"column":99}},"locations":[{"start":{"line":624,"column":23},"end":{"line":624,"column":99}}]},"97":{"type":"branch","line":625,"loc":{"start":{"line":625,"column":26},"end":{"line":625,"column":108}},"locations":[{"start":{"line":625,"column":26},"end":{"line":625,"column":108}}]},"98":{"type":"branch","line":626,"loc":{"start":{"line":626,"column":26},"end":{"line":626,"column":108}},"locations":[{"start":{"line":626,"column":26},"end":{"line":626,"column":108}}]},"99":{"type":"branch","line":650,"loc":{"start":{"line":650,"column":32},"end":{"line":650,"column":76}},"locations":[{"start":{"line":650,"column":32},"end":{"line":650,"column":76}}]},"100":{"type":"branch","line":650,"loc":{"start":{"line":650,"column":78},"end":{"line":658,"column":3}},"locations":[{"start":{"line":650,"column":78},"end":{"line":658,"column":3}}]},"101":{"type":"branch","line":661,"loc":{"start":{"line":661,"column":31},"end":{"line":661,"column":74}},"locations":[{"start":{"line":661,"column":31},"end":{"line":661,"column":74}}]},"102":{"type":"branch","line":661,"loc":{"start":{"line":661,"column":76},"end":{"line":667,"column":3}},"locations":[{"start":{"line":661,"column":76},"end":{"line":667,"column":3}}]},"103":{"type":"branch","line":670,"loc":{"start":{"line":670,"column":37},"end":{"line":670,"column":86}},"locations":[{"start":{"line":670,"column":37},"end":{"line":670,"column":86}}]},"104":{"type":"branch","line":670,"loc":{"start":{"line":670,"column":88},"end":{"line":675,"column":3}},"locations":[{"start":{"line":670,"column":88},"end":{"line":675,"column":3}}]},"105":{"type":"branch","line":636,"loc":{"start":{"line":636,"column":39},"end":{"line":646,"column":5}},"locations":[{"start":{"line":636,"column":39},"end":{"line":646,"column":5}}]},"106":{"type":"branch","line":638,"loc":{"start":{"line":638,"column":21},"end":{"line":638,"column":99}},"locations":[{"start":{"line":638,"column":21},"end":{"line":638,"column":99}}]},"107":{"type":"branch","line":639,"loc":{"start":{"line":639,"column":24},"end":{"line":639,"column":108}},"locations":[{"start":{"line":639,"column":24},"end":{"line":639,"column":108}}]},"108":{"type":"branch","line":640,"loc":{"start":{"line":640,"column":27},"end":{"line":640,"column":117}},"locations":[{"start":{"line":640,"column":27},"end":{"line":640,"column":117}}]},"109":{"type":"branch","line":641,"loc":{"start":{"line":641,"column":30},"end":{"line":641,"column":69}},"locations":[{"start":{"line":641,"column":30},"end":{"line":641,"column":69}}]},"110":{"type":"branch","line":641,"loc":{"start":{"line":641,"column":71},"end":{"line":645,"column":7}},"locations":[{"start":{"line":641,"column":71},"end":{"line":645,"column":7}}]},"111":{"type":"branch","line":642,"loc":{"start":{"line":642,"column":37},"end":{"line":644,"column":9}},"locations":[{"start":{"line":642,"column":37},"end":{"line":644,"column":9}}]},"112":{"type":"branch","line":651,"loc":{"start":{"line":651,"column":38},"end":{"line":657,"column":5}},"locations":[{"start":{"line":651,"column":38},"end":{"line":657,"column":5}}]},"113":{"type":"branch","line":653,"loc":{"start":{"line":653,"column":22},"end":{"line":653,"column":101}},"locations":[{"start":{"line":653,"column":22},"end":{"line":653,"column":101}}]},"114":{"type":"branch","line":654,"loc":{"start":{"line":654,"column":21},"end":{"line":654,"column":98}},"locations":[{"start":{"line":654,"column":21},"end":{"line":654,"column":98}}]},"115":{"type":"branch","line":655,"loc":{"start":{"line":655,"column":24},"end":{"line":655,"column":107}},"locations":[{"start":{"line":655,"column":24},"end":{"line":655,"column":107}}]},"116":{"type":"branch","line":656,"loc":{"start":{"line":656,"column":27},"end":{"line":656,"column":116}},"locations":[{"start":{"line":656,"column":27},"end":{"line":656,"column":116}}]},"117":{"type":"branch","line":684,"loc":{"start":{"line":684,"column":30},"end":{"line":868,"column":2}},"locations":[{"start":{"line":684,"column":30},"end":{"line":868,"column":2}}]},"118":{"type":"branch","line":693,"loc":{"start":{"line":693,"column":50},"end":{"line":693,"column":56}},"locations":[{"start":{"line":693,"column":50},"end":{"line":693,"column":56}}]},"119":{"type":"branch","line":697,"loc":{"start":{"line":697,"column":30},"end":{"line":705,"column":3}},"locations":[{"start":{"line":697,"column":30},"end":{"line":705,"column":3}}]},"120":{"type":"branch","line":709,"loc":{"start":{"line":709,"column":30},"end":{"line":717,"column":3}},"locations":[{"start":{"line":709,"column":30},"end":{"line":717,"column":3}}]},"121":{"type":"branch","line":723,"loc":{"start":{"line":723,"column":35},"end":{"line":731,"column":7}},"locations":[{"start":{"line":723,"column":35},"end":{"line":731,"column":7}}]},"122":{"type":"branch","line":734,"loc":{"start":{"line":734,"column":6},"end":{"line":741,"column":5}},"locations":[{"start":{"line":734,"column":6},"end":{"line":741,"column":5}}]},"123":{"type":"branch","line":748,"loc":{"start":{"line":748,"column":34},"end":{"line":759,"column":3}},"locations":[{"start":{"line":748,"column":34},"end":{"line":759,"column":3}}]},"124":{"type":"branch","line":750,"loc":{"start":{"line":750,"column":30},"end":{"line":750,"column":56}},"locations":[{"start":{"line":750,"column":30},"end":{"line":750,"column":56}}]},"125":{"type":"branch","line":750,"loc":{"start":{"line":750,"column":58},"end":{"line":750,"column":67}},"locations":[{"start":{"line":750,"column":58},"end":{"line":750,"column":67}}]},"126":{"type":"branch","line":750,"loc":{"start":{"line":750,"column":58},"end":{"line":753,"column":32}},"locations":[{"start":{"line":750,"column":58},"end":{"line":753,"column":32}}]},"127":{"type":"branch","line":753,"loc":{"start":{"line":753,"column":32},"end":{"line":758,"column":5}},"locations":[{"start":{"line":753,"column":32},"end":{"line":758,"column":5}}]},"128":{"type":"branch","line":762,"loc":{"start":{"line":762,"column":32},"end":{"line":783,"column":3}},"locations":[{"start":{"line":762,"column":32},"end":{"line":783,"column":3}}]},"129":{"type":"branch","line":830,"loc":{"start":{"line":830,"column":31},"end":{"line":830,"column":74}},"locations":[{"start":{"line":830,"column":31},"end":{"line":830,"column":74}}]},"130":{"type":"branch","line":830,"loc":{"start":{"line":830,"column":76},"end":{"line":840,"column":3}},"locations":[{"start":{"line":830,"column":76},"end":{"line":840,"column":3}}]},"131":{"type":"branch","line":787,"loc":{"start":{"line":787,"column":30},"end":{"line":794,"column":3}},"locations":[{"start":{"line":787,"column":30},"end":{"line":794,"column":3}}]},"132":{"type":"branch","line":788,"loc":{"start":{"line":788,"column":38},"end":{"line":791,"column":5}},"locations":[{"start":{"line":788,"column":38},"end":{"line":791,"column":5}}]},"133":{"type":"branch","line":809,"loc":{"start":{"line":809,"column":39},"end":{"line":826,"column":5}},"locations":[{"start":{"line":809,"column":39},"end":{"line":826,"column":5}}]},"134":{"type":"branch","line":810,"loc":{"start":{"line":810,"column":27},"end":{"line":816,"column":7}},"locations":[{"start":{"line":810,"column":27},"end":{"line":816,"column":7}}]},"135":{"type":"branch","line":818,"loc":{"start":{"line":818,"column":37},"end":{"line":824,"column":9}},"locations":[{"start":{"line":818,"column":37},"end":{"line":824,"column":9}}]},"136":{"type":"branch","line":843,"loc":{"start":{"line":843,"column":28},"end":{"line":854,"column":3}},"locations":[{"start":{"line":843,"column":28},"end":{"line":854,"column":3}}]},"137":{"type":"branch","line":846,"loc":{"start":{"line":846,"column":25},"end":{"line":852,"column":7}},"locations":[{"start":{"line":846,"column":25},"end":{"line":852,"column":7}}]},"138":{"type":"branch","line":864,"loc":{"start":{"line":864,"column":55},"end":{"line":864,"column":77}},"locations":[{"start":{"line":864,"column":55},"end":{"line":864,"column":77}}]}},"b":{"0":[4],"1":[1],"2":[3],"3":[1],"4":[2],"5":[4],"6":[0],"7":[1],"8":[3],"9":[2],"10":[1],"11":[2],"12":[0],"13":[7],"14":[2],"15":[2],"16":[2],"17":[2],"18":[2],"19":[1],"20":[0],"21":[42],"22":[5],"23":[1],"24":[4],"25":[8],"26":[1],"27":[7],"28":[1],"29":[7],"30":[5],"31":[5],"32":[5],"33":[0],"34":[4],"35":[1],"36":[3],"37":[1],"38":[2],"39":[0],"40":[1],"41":[0],"42":[4],"43":[1],"44":[1],"45":[32],"46":[3],"47":[3],"48":[16],"49":[3],"50":[2],"51":[1],"52":[0],"53":[2],"54":[1],"55":[1],"56":[1],"57":[2],"58":[1],"59":[0],"60":[0],"61":[0],"62":[2],"63":[1],"64":[1],"65":[0],"66":[0],"67":[2],"68":[2],"69":[0],"70":[0],"71":[1],"72":[0],"73":[1],"74":[0],"75":[2],"76":[0],"77":[1],"78":[1],"79":[1],"80":[1],"81":[1],"82":[1],"83":[1],"84":[1],"85":[1],"86":[1],"87":[0],"88":[1],"89":[0],"90":[0],"91":[0],"92":[0],"93":[1],"94":[2],"95":[2],"96":[1],"97":[0],"98":[0],"99":[1],"100":[1],"101":[0],"102":[0],"103":[0],"104":[0],"105":[2],"106":[1],"107":[0],"108":[1],"109":[1],"110":[1],"111":[2],"112":[1],"113":[0],"114":[0],"115":[0],"116":[0],"117":[1],"118":[0],"119":[0],"120":[0],"121":[0],"122":[0],"123":[8],"124":[7],"125":[2],"126":[6],"127":[0],"128":[0],"129":[0],"130":[0],"131":[3],"132":[0],"133":[1],"134":[0],"135":[2],"136":[3],"137":[2],"138":[5]},"fnMap":{"0":{"name":"validateEmail","decl":{"start":{"line":14,"column":30},"end":{"line":24,"column":2}},"loc":{"start":{"line":14,"column":30},"end":{"line":24,"column":2}},"line":14},"1":{"name":"validatePhoneNumber","decl":{"start":{"line":35,"column":36},"end":{"line":79,"column":2}},"loc":{"start":{"line":35,"column":36},"end":{"line":79,"column":2}},"line":35},"2":{"name":"performBasicGrammarChecks","decl":{"start":{"line":84,"column":35},"end":{"line":141,"column":2}},"loc":{"start":{"line":84,"column":35},"end":{"line":141,"column":2}},"line":84},"3":{"name":"getMessage","decl":{"start":{"line":92,"column":19},"end":{"line":92,"column":81}},"loc":{"start":{"line":92,"column":19},"end":{"line":92,"column":81}},"line":92},"4":{"name":"getMessage","decl":{"start":{"line":97,"column":19},"end":{"line":97,"column":81}},"loc":{"start":{"line":97,"column":19},"end":{"line":97,"column":81}},"line":97},"5":{"name":"getMessage","decl":{"start":{"line":102,"column":19},"end":{"line":102,"column":81}},"loc":{"start":{"line":102,"column":19},"end":{"line":102,"column":81}},"line":102},"6":{"name":"getMessage","decl":{"start":{"line":107,"column":18},"end":{"line":107,"column":69}},"loc":{"start":{"line":107,"column":18},"end":{"line":107,"column":69}},"line":107},"7":{"name":"getMessage","decl":{"start":{"line":112,"column":18},"end":{"line":112,"column":53}},"loc":{"start":{"line":112,"column":18},"end":{"line":112,"column":53}},"line":112},"8":{"name":"getMessage","decl":{"start":{"line":117,"column":19},"end":{"line":117,"column":66}},"loc":{"start":{"line":117,"column":19},"end":{"line":117,"column":66}},"line":117},"9":{"name":"replacements","decl":{"start":{"line":119,"column":20},"end":{"line":119,"column":86}},"loc":{"start":{"line":119,"column":20},"end":{"line":119,"column":86}},"line":119},"10":{"name":"checkGrammar","decl":{"start":{"line":146,"column":28},"end":{"line":243,"column":2}},"loc":{"start":{"line":146,"column":28},"end":{"line":243,"column":2}},"line":146},"11":{"name":"countPdfPages","decl":{"start":{"line":248,"column":29},"end":{"line":256,"column":2}},"loc":{"start":{"line":248,"column":29},"end":{"line":256,"column":2}},"line":248},"12":{"name":"validateResumeLength","decl":{"start":{"line":261,"column":36},"end":{"line":298,"column":2}},"loc":{"start":{"line":261,"column":36},"end":{"line":298,"column":2}},"line":261},"13":{"name":"analyzeProfessionalTone","decl":{"start":{"line":303,"column":40},"end":{"line":365,"column":2}},"loc":{"start":{"line":303,"column":40},"end":{"line":365,"column":2}},"line":303},"14":{"name":"checkFormatConsistency","decl":{"start":{"line":370,"column":39},"end":{"line":459,"column":2}},"loc":{"start":{"line":370,"column":39},"end":{"line":459,"column":2}},"line":370},"15":{"name":"detectDateFormat","decl":{"start":{"line":464,"column":26},"end":{"line":480,"column":2}},"loc":{"start":{"line":464,"column":26},"end":{"line":480,"column":2}},"line":464},"16":{"name":"checkMissingInformation","decl":{"start":{"line":485,"column":40},"end":{"line":611,"column":2}},"loc":{"start":{"line":485,"column":40},"end":{"line":611,"column":2}},"line":485},"17":{"name":"extractTextFromResume","decl":{"start":{"line":616,"column":38},"end":{"line":678,"column":2}},"loc":{"start":{"line":616,"column":38},"end":{"line":678,"column":2}},"line":616},"18":{"name":"validateResume","decl":{"start":{"line":684,"column":30},"end":{"line":868,"column":2}},"loc":{"start":{"line":684,"column":30},"end":{"line":868,"column":2}},"line":684}},"f":{"0":4,"1":4,"2":7,"3":2,"4":2,"5":2,"6":2,"7":0,"8":2,"9":1,"10":8,"11":5,"12":4,"13":4,"14":2,"15":2,"16":2,"17":2,"18":1}}
}
