TN:
SF:backend\src\controllers\resumeController.js
FN:11,getUserId
FN:23,listTemplates
FN:53,createTemplate
FN:198,updateTemplate
FN:226,deleteTemplate
FN:243,importTemplate
FN:301,listResumes
FN:325,createResumeFromTemplate
FN:354,updateResume
FN:374,deleteResume
FN:392,generateAIResume
FN:570,generateResumeVariations
FN:645,regenerateResumeSection
FN:774,analyzeATS
FN:824,generateResumePDF
FN:988,optimizeSkills
FN:1077,tailorExperienceForJob
FN:1155,cloneResume
FN:1195,compareResumes
FN:1304,mergeResumes
FN:1389,setDefaultResume
FN:1422,archiveResume
FN:1450,unarchiveResume
FN:1478,exportResumeDocx
FN:1536,exportResumeHtml
FN:1587,exportResumeText
FNF:26
FNH:0
FNDA:0,getUserId
FNDA:0,listTemplates
FNDA:0,createTemplate
FNDA:0,updateTemplate
FNDA:0,deleteTemplate
FNDA:0,importTemplate
FNDA:0,listResumes
FNDA:0,createResumeFromTemplate
FNDA:0,updateResume
FNDA:0,deleteResume
FNDA:0,generateAIResume
FNDA:0,generateResumeVariations
FNDA:0,regenerateResumeSection
FNDA:0,analyzeATS
FNDA:0,generateResumePDF
FNDA:0,optimizeSkills
FNDA:0,tailorExperienceForJob
FNDA:0,cloneResume
FNDA:0,compareResumes
FNDA:0,mergeResumes
FNDA:0,setDefaultResume
FNDA:0,archiveResume
FNDA:0,unarchiveResume
FNDA:0,exportResumeDocx
FNDA:0,exportResumeHtml
FNDA:0,exportResumeText
DA:1,1
DA:2,1
DA:3,1
DA:4,1
DA:5,1
DA:6,1
DA:7,1
DA:8,1
DA:9,1
DA:10,1
DA:11,1
DA:12,0
DA:13,0
DA:14,0
DA:15,1
DA:16,1
DA:17,1
DA:18,1
DA:19,1
DA:20,1
DA:21,1
DA:22,1
DA:23,1
DA:24,0
DA:25,0
DA:26,0
DA:27,0
DA:28,0
DA:29,0
DA:30,0
DA:31,0
DA:32,0
DA:33,0
DA:34,0
DA:35,0
DA:36,0
DA:37,0
DA:38,0
DA:39,0
DA:40,0
DA:41,0
DA:42,0
DA:43,0
DA:44,0
DA:45,0
DA:46,0
DA:47,0
DA:48,0
DA:49,0
DA:50,0
DA:51,0
DA:52,1
DA:53,1
DA:54,0
DA:55,0
DA:56,0
DA:57,0
DA:58,0
DA:59,0
DA:60,0
DA:61,0
DA:62,0
DA:63,0
DA:64,0
DA:65,0
DA:66,0
DA:67,0
DA:68,0
DA:69,0
DA:70,0
DA:71,0
DA:72,0
DA:73,0
DA:74,0
DA:75,0
DA:76,0
DA:77,0
DA:78,0
DA:79,0
DA:80,0
DA:81,0
DA:82,0
DA:83,0
DA:84,0
DA:85,0
DA:86,0
DA:87,0
DA:88,0
DA:89,0
DA:90,0
DA:91,0
DA:92,0
DA:93,0
DA:94,0
DA:95,0
DA:96,0
DA:97,0
DA:98,0
DA:99,0
DA:100,0
DA:101,0
DA:102,0
DA:103,0
DA:104,0
DA:105,0
DA:106,0
DA:107,0
DA:108,0
DA:109,0
DA:110,0
DA:111,0
DA:112,0
DA:113,0
DA:114,0
DA:115,0
DA:116,0
DA:117,0
DA:118,0
DA:119,0
DA:120,0
DA:121,0
DA:122,0
DA:123,0
DA:124,0
DA:125,0
DA:126,0
DA:127,0
DA:128,0
DA:129,0
DA:130,0
DA:131,0
DA:132,0
DA:133,0
DA:134,0
DA:135,0
DA:136,0
DA:137,0
DA:138,0
DA:139,0
DA:140,0
DA:141,0
DA:142,0
DA:143,0
DA:144,0
DA:145,0
DA:146,0
DA:147,0
DA:148,0
DA:149,0
DA:150,0
DA:151,0
DA:152,0
DA:153,0
DA:154,0
DA:155,0
DA:156,0
DA:157,0
DA:158,0
DA:159,0
DA:160,0
DA:161,0
DA:162,0
DA:163,0
DA:164,0
DA:165,0
DA:166,0
DA:167,0
DA:168,0
DA:169,0
DA:170,0
DA:171,0
DA:172,0
DA:173,0
DA:174,0
DA:175,0
DA:176,0
DA:177,0
DA:178,0
DA:179,0
DA:180,0
DA:181,0
DA:182,0
DA:183,0
DA:184,0
DA:185,0
DA:186,0
DA:187,0
DA:188,0
DA:189,0
DA:190,0
DA:191,0
DA:192,0
DA:193,0
DA:194,0
DA:195,0
DA:196,0
DA:197,1
DA:198,1
DA:199,0
DA:200,0
DA:201,0
DA:202,0
DA:203,0
DA:204,0
DA:205,0
DA:206,0
DA:207,0
DA:208,0
DA:209,0
DA:210,0
DA:211,0
DA:212,0
DA:213,0
DA:214,0
DA:215,0
DA:216,0
DA:217,0
DA:218,0
DA:219,0
DA:220,0
DA:221,0
DA:222,0
DA:223,0
DA:224,0
DA:225,1
DA:226,1
DA:227,0
DA:228,0
DA:229,0
DA:230,0
DA:231,0
DA:232,0
DA:233,0
DA:234,0
DA:235,0
DA:236,0
DA:237,0
DA:238,0
DA:239,0
DA:240,0
DA:241,0
DA:242,1
DA:243,1
DA:244,0
DA:245,0
DA:246,0
DA:247,0
DA:248,0
DA:249,0
DA:250,0
DA:251,0
DA:252,0
DA:253,0
DA:254,0
DA:255,0
DA:256,0
DA:257,0
DA:258,0
DA:259,0
DA:260,0
DA:261,0
DA:262,0
DA:263,0
DA:264,0
DA:265,0
DA:266,0
DA:267,0
DA:268,0
DA:269,0
DA:270,0
DA:271,0
DA:272,0
DA:273,0
DA:274,0
DA:275,0
DA:276,0
DA:277,0
DA:278,0
DA:279,0
DA:280,0
DA:281,0
DA:282,0
DA:283,0
DA:284,0
DA:285,0
DA:286,0
DA:287,0
DA:288,0
DA:289,0
DA:290,0
DA:291,0
DA:292,0
DA:293,0
DA:294,0
DA:295,0
DA:296,0
DA:297,0
DA:298,0
DA:299,0
DA:300,1
DA:301,1
DA:302,0
DA:303,0
DA:304,0
DA:305,0
DA:306,0
DA:307,0
DA:308,0
DA:309,0
DA:310,0
DA:311,0
DA:312,0
DA:313,0
DA:314,0
DA:315,0
DA:316,0
DA:317,0
DA:318,0
DA:319,0
DA:320,0
DA:321,0
DA:322,0
DA:323,0
DA:324,1
DA:325,1
DA:326,0
DA:327,0
DA:328,0
DA:329,0
DA:330,0
DA:331,0
DA:332,0
DA:333,0
DA:334,0
DA:335,0
DA:336,0
DA:337,0
DA:338,0
DA:339,0
DA:340,0
DA:341,0
DA:342,0
DA:343,0
DA:344,0
DA:345,0
DA:346,0
DA:347,0
DA:348,0
DA:349,0
DA:350,0
DA:351,0
DA:352,0
DA:353,1
DA:354,1
DA:355,0
DA:356,0
DA:357,0
DA:358,0
DA:359,0
DA:360,0
DA:361,0
DA:362,0
DA:363,0
DA:364,0
DA:365,0
DA:366,0
DA:367,0
DA:368,0
DA:369,0
DA:370,0
DA:371,0
DA:372,0
DA:373,1
DA:374,1
DA:375,0
DA:376,0
DA:377,0
DA:378,0
DA:379,0
DA:380,0
DA:381,0
DA:382,0
DA:383,0
DA:384,0
DA:385,0
DA:386,0
DA:387,0
DA:388,0
DA:389,0
DA:390,1
DA:391,1
DA:392,1
DA:393,0
DA:394,0
DA:395,0
DA:396,0
DA:397,0
DA:398,0
DA:399,0
DA:400,0
DA:401,0
DA:402,0
DA:403,0
DA:404,0
DA:405,0
DA:406,0
DA:407,0
DA:408,0
DA:409,0
DA:410,0
DA:411,0
DA:412,0
DA:413,0
DA:414,0
DA:415,0
DA:416,0
DA:417,0
DA:418,0
DA:419,0
DA:420,0
DA:421,0
DA:422,0
DA:423,0
DA:424,0
DA:425,0
DA:426,0
DA:427,0
DA:428,0
DA:429,0
DA:430,0
DA:431,0
DA:432,0
DA:433,0
DA:434,0
DA:435,0
DA:436,0
DA:437,0
DA:438,0
DA:439,0
DA:440,0
DA:441,0
DA:442,0
DA:443,0
DA:444,0
DA:445,0
DA:446,0
DA:447,0
DA:448,0
DA:449,0
DA:450,0
DA:451,0
DA:452,0
DA:453,0
DA:454,0
DA:455,0
DA:456,0
DA:457,0
DA:458,0
DA:459,0
DA:460,0
DA:461,0
DA:462,0
DA:463,0
DA:464,0
DA:465,0
DA:466,0
DA:467,0
DA:468,0
DA:469,0
DA:470,0
DA:471,0
DA:472,0
DA:473,0
DA:474,0
DA:475,0
DA:476,0
DA:477,0
DA:478,0
DA:479,0
DA:480,0
DA:481,0
DA:482,0
DA:483,0
DA:484,0
DA:485,0
DA:486,0
DA:487,0
DA:488,0
DA:489,0
DA:490,0
DA:491,0
DA:492,0
DA:493,0
DA:494,0
DA:495,0
DA:496,0
DA:497,0
DA:498,0
DA:499,0
DA:500,0
DA:501,0
DA:502,0
DA:503,0
DA:504,0
DA:505,0
DA:506,0
DA:507,0
DA:508,0
DA:509,0
DA:510,0
DA:511,0
DA:512,0
DA:513,0
DA:514,0
DA:515,0
DA:516,0
DA:517,0
DA:518,0
DA:519,0
DA:520,0
DA:521,0
DA:522,0
DA:523,0
DA:524,0
DA:525,0
DA:526,0
DA:527,0
DA:528,0
DA:529,0
DA:530,0
DA:531,0
DA:532,0
DA:533,0
DA:534,0
DA:535,0
DA:536,0
DA:537,0
DA:538,0
DA:539,0
DA:540,0
DA:541,0
DA:542,0
DA:543,0
DA:544,0
DA:545,0
DA:546,0
DA:547,0
DA:548,0
DA:549,0
DA:550,0
DA:551,0
DA:552,0
DA:553,0
DA:554,0
DA:555,0
DA:556,0
DA:557,0
DA:558,0
DA:559,0
DA:560,0
DA:561,0
DA:562,0
DA:563,0
DA:564,0
DA:565,0
DA:566,0
DA:567,0
DA:568,1
DA:569,1
DA:570,1
DA:571,0
DA:572,0
DA:573,0
DA:574,0
DA:575,0
DA:576,0
DA:577,0
DA:578,0
DA:579,0
DA:580,0
DA:581,0
DA:582,0
DA:583,0
DA:584,0
DA:585,0
DA:586,0
DA:587,0
DA:588,0
DA:589,0
DA:590,0
DA:591,0
DA:592,0
DA:593,0
DA:594,0
DA:595,0
DA:596,0
DA:597,0
DA:598,0
DA:599,0
DA:600,0
DA:601,0
DA:602,0
DA:603,0
DA:604,0
DA:605,0
DA:606,0
DA:607,0
DA:608,0
DA:609,0
DA:610,0
DA:611,0
DA:612,0
DA:613,0
DA:614,0
DA:615,0
DA:616,0
DA:617,0
DA:618,0
DA:619,0
DA:620,0
DA:621,0
DA:622,0
DA:623,0
DA:624,0
DA:625,0
DA:626,0
DA:627,0
DA:628,0
DA:629,0
DA:630,0
DA:631,0
DA:632,0
DA:633,0
DA:634,0
DA:635,0
DA:636,0
DA:637,0
DA:638,0
DA:639,0
DA:640,0
DA:641,0
DA:642,0
DA:643,1
DA:644,1
DA:645,1
DA:646,0
DA:647,0
DA:648,0
DA:649,0
DA:650,0
DA:651,0
DA:652,0
DA:653,0
DA:654,0
DA:655,0
DA:656,0
DA:657,0
DA:658,0
DA:659,0
DA:660,0
DA:661,0
DA:662,0
DA:663,0
DA:664,0
DA:665,0
DA:666,0
DA:667,0
DA:668,0
DA:669,0
DA:670,0
DA:671,0
DA:672,0
DA:673,0
DA:674,0
DA:675,0
DA:676,0
DA:677,0
DA:678,0
DA:679,0
DA:680,0
DA:681,0
DA:682,0
DA:683,0
DA:684,0
DA:685,0
DA:686,0
DA:687,0
DA:688,0
DA:689,0
DA:690,0
DA:691,0
DA:692,0
DA:693,0
DA:694,0
DA:695,0
DA:696,0
DA:697,0
DA:698,0
DA:699,0
DA:700,0
DA:701,0
DA:702,0
DA:703,0
DA:704,0
DA:705,0
DA:706,0
DA:707,0
DA:708,0
DA:709,0
DA:710,0
DA:711,0
DA:712,0
DA:713,0
DA:714,0
DA:715,0
DA:716,0
DA:717,0
DA:718,0
DA:719,0
DA:720,0
DA:721,0
DA:722,0
DA:723,0
DA:724,0
DA:725,0
DA:726,0
DA:727,0
DA:728,0
DA:729,0
DA:730,0
DA:731,0
DA:732,0
DA:733,0
DA:734,0
DA:735,0
DA:736,0
DA:737,0
DA:738,0
DA:739,0
DA:740,0
DA:741,0
DA:742,0
DA:743,0
DA:744,0
DA:745,0
DA:746,0
DA:747,0
DA:748,0
DA:749,0
DA:750,0
DA:751,0
DA:752,0
DA:753,0
DA:754,0
DA:755,0
DA:756,0
DA:757,0
DA:758,0
DA:759,0
DA:760,0
DA:761,0
DA:762,0
DA:763,0
DA:764,0
DA:765,0
DA:766,0
DA:767,0
DA:768,0
DA:769,0
DA:770,0
DA:771,0
DA:772,1
DA:773,1
DA:774,1
DA:775,0
DA:776,0
DA:777,0
DA:778,0
DA:779,0
DA:780,0
DA:781,0
DA:782,0
DA:783,0
DA:784,0
DA:785,0
DA:786,0
DA:787,0
DA:788,0
DA:789,0
DA:790,0
DA:791,0
DA:792,0
DA:793,0
DA:794,0
DA:795,0
DA:796,0
DA:797,0
DA:798,0
DA:799,0
DA:800,0
DA:801,0
DA:802,0
DA:803,0
DA:804,0
DA:805,0
DA:806,0
DA:807,0
DA:808,0
DA:809,0
DA:810,0
DA:811,0
DA:812,0
DA:813,0
DA:814,0
DA:815,0
DA:816,0
DA:817,0
DA:818,0
DA:819,0
DA:820,0
DA:821,0
DA:822,1
DA:823,1
DA:824,1
DA:825,0
DA:826,0
DA:827,0
DA:828,0
DA:829,0
DA:830,0
DA:831,0
DA:832,0
DA:833,0
DA:834,0
DA:835,0
DA:836,0
DA:837,0
DA:838,0
DA:839,0
DA:840,0
DA:841,0
DA:842,0
DA:843,0
DA:844,0
DA:845,0
DA:846,0
DA:847,0
DA:848,0
DA:849,0
DA:850,0
DA:851,0
DA:852,0
DA:853,0
DA:854,0
DA:855,0
DA:856,0
DA:857,0
DA:858,0
DA:859,0
DA:860,0
DA:861,0
DA:862,0
DA:863,0
DA:864,0
DA:865,0
DA:866,0
DA:867,0
DA:868,0
DA:869,0
DA:870,0
DA:871,0
DA:872,0
DA:873,0
DA:874,0
DA:875,0
DA:876,0
DA:877,0
DA:878,0
DA:879,0
DA:880,0
DA:881,0
DA:882,0
DA:883,0
DA:884,0
DA:885,0
DA:886,0
DA:887,0
DA:888,0
DA:889,0
DA:890,0
DA:891,0
DA:892,0
DA:893,0
DA:894,0
DA:895,0
DA:896,0
DA:897,0
DA:898,0
DA:899,0
DA:900,0
DA:901,0
DA:902,0
DA:903,0
DA:904,0
DA:905,0
DA:906,0
DA:907,0
DA:908,0
DA:909,0
DA:910,0
DA:911,0
DA:912,0
DA:913,0
DA:914,0
DA:915,0
DA:916,0
DA:917,0
DA:918,0
DA:919,0
DA:920,0
DA:921,0
DA:922,0
DA:923,0
DA:924,0
DA:925,0
DA:926,0
DA:927,0
DA:928,0
DA:929,0
DA:930,0
DA:931,0
DA:932,0
DA:933,0
DA:934,0
DA:935,0
DA:936,0
DA:937,0
DA:938,0
DA:939,0
DA:940,0
DA:941,0
DA:942,0
DA:943,0
DA:944,0
DA:945,0
DA:946,0
DA:947,0
DA:948,0
DA:949,0
DA:950,0
DA:951,0
DA:952,0
DA:953,0
DA:954,0
DA:955,0
DA:956,0
DA:957,0
DA:958,0
DA:959,0
DA:960,0
DA:961,0
DA:962,0
DA:963,0
DA:964,0
DA:965,0
DA:966,0
DA:967,0
DA:968,0
DA:969,0
DA:970,0
DA:971,0
DA:972,0
DA:973,0
DA:974,0
DA:975,0
DA:976,0
DA:977,0
DA:978,0
DA:979,0
DA:980,0
DA:981,0
DA:982,0
DA:983,0
DA:984,0
DA:985,0
DA:986,1
DA:987,1
DA:988,1
DA:989,0
DA:990,0
DA:991,0
DA:992,0
DA:993,0
DA:994,0
DA:995,0
DA:996,0
DA:997,0
DA:998,0
DA:999,0
DA:1000,0
DA:1001,0
DA:1002,0
DA:1003,0
DA:1004,0
DA:1005,0
DA:1006,0
DA:1007,0
DA:1008,0
DA:1009,0
DA:1010,0
DA:1011,0
DA:1012,0
DA:1013,0
DA:1014,0
DA:1015,0
DA:1016,0
DA:1017,0
DA:1018,0
DA:1019,0
DA:1020,0
DA:1021,0
DA:1022,0
DA:1023,0
DA:1024,0
DA:1025,0
DA:1026,0
DA:1027,0
DA:1028,0
DA:1029,0
DA:1030,0
DA:1031,0
DA:1032,0
DA:1033,0
DA:1034,0
DA:1035,0
DA:1036,0
DA:1037,0
DA:1038,0
DA:1039,0
DA:1040,0
DA:1041,0
DA:1042,0
DA:1043,0
DA:1044,0
DA:1045,0
DA:1046,0
DA:1047,0
DA:1048,0
DA:1049,0
DA:1050,0
DA:1051,0
DA:1052,0
DA:1053,0
DA:1054,0
DA:1055,0
DA:1056,0
DA:1057,0
DA:1058,0
DA:1059,0
DA:1060,0
DA:1061,0
DA:1062,0
DA:1063,0
DA:1064,0
DA:1065,0
DA:1066,0
DA:1067,0
DA:1068,0
DA:1069,0
DA:1070,0
DA:1071,0
DA:1072,0
DA:1073,0
DA:1074,0
DA:1075,1
DA:1076,1
DA:1077,1
DA:1078,0
DA:1079,0
DA:1080,0
DA:1081,0
DA:1082,0
DA:1083,0
DA:1084,0
DA:1085,0
DA:1086,0
DA:1087,0
DA:1088,0
DA:1089,0
DA:1090,0
DA:1091,0
DA:1092,0
DA:1093,0
DA:1094,0
DA:1095,0
DA:1096,0
DA:1097,0
DA:1098,0
DA:1099,0
DA:1100,0
DA:1101,0
DA:1102,0
DA:1103,0
DA:1104,0
DA:1105,0
DA:1106,0
DA:1107,0
DA:1108,0
DA:1109,0
DA:1110,0
DA:1111,0
DA:1112,0
DA:1113,0
DA:1114,0
DA:1115,0
DA:1116,0
DA:1117,0
DA:1118,0
DA:1119,0
DA:1120,0
DA:1121,0
DA:1122,0
DA:1123,0
DA:1124,0
DA:1125,0
DA:1126,0
DA:1127,0
DA:1128,0
DA:1129,0
DA:1130,0
DA:1131,0
DA:1132,0
DA:1133,0
DA:1134,0
DA:1135,0
DA:1136,0
DA:1137,0
DA:1138,0
DA:1139,0
DA:1140,0
DA:1141,0
DA:1142,0
DA:1143,0
DA:1144,0
DA:1145,0
DA:1146,0
DA:1147,0
DA:1148,0
DA:1149,0
DA:1150,0
DA:1151,0
DA:1152,0
DA:1153,1
DA:1154,1
DA:1155,1
DA:1156,0
DA:1157,0
DA:1158,0
DA:1159,0
DA:1160,0
DA:1161,0
DA:1162,0
DA:1163,0
DA:1164,0
DA:1165,0
DA:1166,0
DA:1167,0
DA:1168,0
DA:1169,0
DA:1170,0
DA:1171,0
DA:1172,0
DA:1173,0
DA:1174,0
DA:1175,0
DA:1176,0
DA:1177,0
DA:1178,0
DA:1179,0
DA:1180,0
DA:1181,0
DA:1182,0
DA:1183,0
DA:1184,0
DA:1185,0
DA:1186,0
DA:1187,0
DA:1188,0
DA:1189,0
DA:1190,0
DA:1191,0
DA:1192,0
DA:1193,1
DA:1194,1
DA:1195,1
DA:1196,0
DA:1197,0
DA:1198,0
DA:1199,0
DA:1200,0
DA:1201,0
DA:1202,0
DA:1203,0
DA:1204,0
DA:1205,0
DA:1206,0
DA:1207,0
DA:1208,0
DA:1209,0
DA:1210,0
DA:1211,0
DA:1212,0
DA:1213,0
DA:1214,0
DA:1215,0
DA:1216,0
DA:1217,0
DA:1218,0
DA:1219,0
DA:1220,0
DA:1221,0
DA:1222,0
DA:1223,0
DA:1224,0
DA:1225,0
DA:1226,0
DA:1227,0
DA:1228,0
DA:1229,0
DA:1230,0
DA:1231,0
DA:1232,0
DA:1233,0
DA:1234,0
DA:1235,0
DA:1236,0
DA:1237,0
DA:1238,0
DA:1239,0
DA:1240,0
DA:1241,0
DA:1242,0
DA:1243,0
DA:1244,0
DA:1245,0
DA:1246,0
DA:1247,0
DA:1248,0
DA:1249,0
DA:1250,0
DA:1251,0
DA:1252,0
DA:1253,0
DA:1254,0
DA:1255,0
DA:1256,0
DA:1257,0
DA:1258,0
DA:1259,0
DA:1260,0
DA:1261,0
DA:1262,0
DA:1263,0
DA:1264,0
DA:1265,0
DA:1266,0
DA:1267,0
DA:1268,0
DA:1269,0
DA:1270,0
DA:1271,0
DA:1272,0
DA:1273,0
DA:1274,0
DA:1275,0
DA:1276,0
DA:1277,0
DA:1278,0
DA:1279,0
DA:1280,0
DA:1281,0
DA:1282,0
DA:1283,0
DA:1284,0
DA:1285,0
DA:1286,0
DA:1287,0
DA:1288,0
DA:1289,0
DA:1290,0
DA:1291,0
DA:1292,0
DA:1293,0
DA:1294,0
DA:1295,0
DA:1296,0
DA:1297,0
DA:1298,0
DA:1299,0
DA:1300,0
DA:1301,0
DA:1302,1
DA:1303,1
DA:1304,1
DA:1305,0
DA:1306,0
DA:1307,0
DA:1308,0
DA:1309,0
DA:1310,0
DA:1311,0
DA:1312,0
DA:1313,0
DA:1314,0
DA:1315,0
DA:1316,0
DA:1317,0
DA:1318,0
DA:1319,0
DA:1320,0
DA:1321,0
DA:1322,0
DA:1323,0
DA:1324,0
DA:1325,0
DA:1326,0
DA:1327,0
DA:1328,0
DA:1329,0
DA:1330,0
DA:1331,0
DA:1332,0
DA:1333,0
DA:1334,0
DA:1335,0
DA:1336,0
DA:1337,0
DA:1338,0
DA:1339,0
DA:1340,0
DA:1341,0
DA:1342,0
DA:1343,0
DA:1344,0
DA:1345,0
DA:1346,0
DA:1347,0
DA:1348,0
DA:1349,0
DA:1350,0
DA:1351,0
DA:1352,0
DA:1353,0
DA:1354,0
DA:1355,0
DA:1356,0
DA:1357,0
DA:1358,0
DA:1359,0
DA:1360,0
DA:1361,0
DA:1362,0
DA:1363,0
DA:1364,0
DA:1365,0
DA:1366,0
DA:1367,0
DA:1368,0
DA:1369,0
DA:1370,0
DA:1371,0
DA:1372,0
DA:1373,0
DA:1374,0
DA:1375,0
DA:1376,0
DA:1377,0
DA:1378,0
DA:1379,0
DA:1380,0
DA:1381,0
DA:1382,0
DA:1383,0
DA:1384,0
DA:1385,0
DA:1386,0
DA:1387,1
DA:1388,1
DA:1389,1
DA:1390,0
DA:1391,0
DA:1392,0
DA:1393,0
DA:1394,0
DA:1395,0
DA:1396,0
DA:1397,0
DA:1398,0
DA:1399,0
DA:1400,0
DA:1401,0
DA:1402,0
DA:1403,0
DA:1404,0
DA:1405,0
DA:1406,0
DA:1407,0
DA:1408,0
DA:1409,0
DA:1410,0
DA:1411,0
DA:1412,0
DA:1413,0
DA:1414,0
DA:1415,0
DA:1416,0
DA:1417,0
DA:1418,0
DA:1419,0
DA:1420,1
DA:1421,1
DA:1422,1
DA:1423,0
DA:1424,0
DA:1425,0
DA:1426,0
DA:1427,0
DA:1428,0
DA:1429,0
DA:1430,0
DA:1431,0
DA:1432,0
DA:1433,0
DA:1434,0
DA:1435,0
DA:1436,0
DA:1437,0
DA:1438,0
DA:1439,0
DA:1440,0
DA:1441,0
DA:1442,0
DA:1443,0
DA:1444,0
DA:1445,0
DA:1446,0
DA:1447,0
DA:1448,1
DA:1449,1
DA:1450,1
DA:1451,0
DA:1452,0
DA:1453,0
DA:1454,0
DA:1455,0
DA:1456,0
DA:1457,0
DA:1458,0
DA:1459,0
DA:1460,0
DA:1461,0
DA:1462,0
DA:1463,0
DA:1464,0
DA:1465,0
DA:1466,0
DA:1467,0
DA:1468,0
DA:1469,0
DA:1470,0
DA:1471,0
DA:1472,0
DA:1473,0
DA:1474,0
DA:1475,0
DA:1476,1
DA:1477,1
DA:1478,1
DA:1479,0
DA:1480,0
DA:1481,0
DA:1482,0
DA:1483,0
DA:1484,0
DA:1485,0
DA:1486,0
DA:1487,0
DA:1488,0
DA:1489,0
DA:1490,0
DA:1491,0
DA:1492,0
DA:1493,0
DA:1494,0
DA:1495,0
DA:1496,0
DA:1497,0
DA:1498,0
DA:1499,0
DA:1500,0
DA:1501,0
DA:1502,0
DA:1503,0
DA:1504,0
DA:1505,0
DA:1506,0
DA:1507,0
DA:1508,0
DA:1509,0
DA:1510,0
DA:1511,0
DA:1512,0
DA:1513,0
DA:1514,0
DA:1515,0
DA:1516,0
DA:1517,0
DA:1518,0
DA:1519,0
DA:1520,0
DA:1521,0
DA:1522,0
DA:1523,0
DA:1524,0
DA:1525,0
DA:1526,0
DA:1527,0
DA:1528,0
DA:1529,0
DA:1530,0
DA:1531,0
DA:1532,0
DA:1533,0
DA:1534,1
DA:1535,1
DA:1536,1
DA:1537,0
DA:1538,0
DA:1539,0
DA:1540,0
DA:1541,0
DA:1542,0
DA:1543,0
DA:1544,0
DA:1545,0
DA:1546,0
DA:1547,0
DA:1548,0
DA:1549,0
DA:1550,0
DA:1551,0
DA:1552,0
DA:1553,0
DA:1554,0
DA:1555,0
DA:1556,0
DA:1557,0
DA:1558,0
DA:1559,0
DA:1560,0
DA:1561,0
DA:1562,0
DA:1563,0
DA:1564,0
DA:1565,0
DA:1566,0
DA:1567,0
DA:1568,0
DA:1569,0
DA:1570,0
DA:1571,0
DA:1572,0
DA:1573,0
DA:1574,0
DA:1575,0
DA:1576,0
DA:1577,0
DA:1578,0
DA:1579,0
DA:1580,0
DA:1581,0
DA:1582,0
DA:1583,0
DA:1584,0
DA:1585,1
DA:1586,1
DA:1587,1
DA:1588,0
DA:1589,0
DA:1590,0
DA:1591,0
DA:1592,0
DA:1593,0
DA:1594,0
DA:1595,0
DA:1596,0
DA:1597,0
DA:1598,0
DA:1599,0
DA:1600,0
DA:1601,0
DA:1602,0
DA:1603,0
DA:1604,0
DA:1605,0
DA:1606,0
DA:1607,0
DA:1608,0
DA:1609,0
DA:1610,0
DA:1611,0
DA:1612,0
DA:1613,0
DA:1614,0
DA:1615,0
DA:1616,0
DA:1617,0
DA:1618,0
DA:1619,0
DA:1620,0
DA:1621,0
DA:1622,0
DA:1623,0
DA:1624,0
DA:1625,0
DA:1626,0
DA:1627,0
DA:1628,0
DA:1629,0
DA:1630,0
DA:1631,0
DA:1632,0
DA:1633,0
LF:1633
LH:84
BRF:0
BRH:0
end_of_record
TN:
SF:backend\src\models\Job.js
FNF:0
FNH:0
DA:1,1
DA:2,1
DA:3,1
DA:4,1
DA:5,1
DA:6,1
DA:7,1
DA:8,1
DA:9,1
DA:10,1
DA:11,1
DA:12,1
DA:13,1
DA:14,1
DA:15,1
DA:16,1
DA:17,1
DA:18,1
DA:19,1
DA:20,1
DA:21,1
DA:22,1
DA:23,1
DA:24,1
DA:25,1
DA:26,1
DA:27,1
DA:28,1
DA:29,1
DA:30,1
DA:31,1
DA:32,1
DA:33,1
DA:34,1
DA:35,1
DA:36,1
DA:37,1
DA:38,1
DA:39,1
DA:40,1
DA:41,1
DA:42,1
DA:43,1
DA:44,1
DA:45,1
DA:46,1
DA:47,1
DA:48,1
DA:49,1
DA:50,1
DA:51,1
DA:52,1
DA:53,1
DA:54,1
DA:55,1
DA:56,1
DA:57,1
DA:58,1
DA:59,1
DA:60,1
DA:61,1
DA:62,1
DA:63,1
DA:64,1
DA:65,1
DA:66,1
DA:67,1
DA:68,1
DA:69,1
DA:70,1
DA:71,1
DA:72,1
DA:73,1
DA:74,1
DA:75,1
DA:76,1
DA:77,1
DA:78,1
DA:79,1
DA:80,1
DA:81,1
DA:82,1
DA:83,1
DA:84,1
DA:85,1
DA:86,1
DA:87,1
DA:88,1
DA:89,1
DA:90,1
DA:91,1
DA:92,1
DA:93,1
DA:94,1
DA:95,1
DA:96,1
DA:97,1
DA:98,1
DA:99,1
DA:100,1
DA:101,1
DA:102,1
DA:103,1
DA:104,1
DA:105,1
DA:106,1
DA:107,1
DA:108,1
DA:109,1
DA:110,1
DA:111,1
DA:112,1
DA:113,1
DA:114,1
DA:115,1
DA:116,1
DA:117,1
DA:118,1
DA:119,1
DA:120,1
DA:121,1
DA:122,1
DA:123,1
DA:124,1
DA:125,1
DA:126,1
DA:127,1
DA:128,1
DA:129,1
DA:130,1
DA:131,1
DA:132,1
DA:133,1
DA:134,1
DA:135,1
DA:136,1
DA:137,1
DA:138,1
DA:139,1
DA:140,1
DA:141,1
DA:142,1
DA:143,1
DA:144,0
DA:145,0
DA:146,0
DA:147,0
DA:148,0
DA:149,1
DA:150,1
DA:151,1
DA:152,1
DA:153,1
DA:154,1
DA:155,1
DA:156,1
DA:157,0
DA:158,0
DA:159,0
DA:160,0
DA:161,0
DA:162,0
DA:163,0
DA:164,1
DA:165,1
DA:166,1
LF:166
LH:154
BRF:0
BRH:0
end_of_record
TN:
SF:backend\src\models\Resume.js
FNF:0
FNH:0
DA:1,1
DA:2,1
DA:3,1
DA:4,1
DA:5,1
DA:6,1
DA:7,1
DA:8,1
DA:9,1
DA:10,1
DA:11,1
DA:12,1
DA:13,1
DA:14,1
DA:15,1
DA:16,1
DA:17,1
DA:18,1
DA:19,1
DA:20,1
DA:21,1
DA:22,1
DA:23,1
DA:24,1
DA:25,1
DA:26,1
DA:27,1
DA:28,1
DA:29,1
DA:30,1
DA:31,1
DA:32,1
DA:33,1
DA:34,1
DA:35,1
DA:36,1
DA:37,1
DA:38,1
DA:39,1
DA:40,1
DA:41,1
DA:42,1
DA:43,1
DA:44,1
DA:45,1
DA:46,1
DA:47,1
DA:48,1
DA:49,1
DA:50,1
LF:50
LH:50
BRF:0
BRH:0
end_of_record
TN:
SF:backend\src\models\ResumeTemplate.js
FN:31,default
FN:32,default
FNF:2
FNH:0
FNDA:0,default
FNDA:0,default
DA:1,1
DA:2,1
DA:3,1
DA:4,1
DA:5,1
DA:6,1
DA:7,1
DA:8,1
DA:9,1
DA:10,1
DA:11,1
DA:12,1
DA:13,1
DA:14,1
DA:15,1
DA:16,1
DA:17,1
DA:18,1
DA:19,1
DA:20,1
DA:21,1
DA:22,1
DA:23,1
DA:24,1
DA:25,1
DA:26,1
DA:27,1
DA:28,1
DA:29,1
DA:30,1
DA:31,1
DA:32,1
DA:33,1
DA:34,1
DA:35,1
DA:36,1
DA:37,1
DA:38,1
DA:39,1
DA:40,1
DA:41,1
DA:42,1
DA:43,1
DA:44,1
DA:45,1
DA:46,1
DA:47,1
DA:48,1
DA:49,1
DA:50,1
DA:51,1
DA:52,1
DA:53,1
DA:54,1
DA:55,1
DA:56,1
DA:57,1
DA:58,1
LF:58
LH:58
BRF:0
BRH:0
end_of_record
TN:
SF:backend\src\models\User.js
FN:8,validator
FN:16,validator
FN:24,validator
FN:41,validator
FN:88,validator
FN:116,validator
FN:135,validator
FN:175,validator
FN:187,validator
FN:198,validator
FN:242,validator
FN:253,validator
FN:266,validator
FN:294,validator
FN:307,validator
FN:363,userSchema.methods.comparePassword
FNF:16
FNH:0
FNDA:0,validator
FNDA:0,validator
FNDA:0,validator
FNDA:0,validator
FNDA:0,validator
FNDA:0,validator
FNDA:0,validator
FNDA:0,validator
FNDA:0,validator
FNDA:0,validator
FNDA:0,validator
FNDA:0,validator
FNDA:0,validator
FNDA:0,validator
FNDA:0,validator
FNDA:0,userSchema.methods.comparePassword
DA:1,1
DA:2,1
DA:3,1
DA:4,1
DA:5,1
DA:6,1
DA:7,1
DA:8,1
DA:9,0
DA:10,0
DA:11,0
DA:12,1
DA:13,1
DA:14,1
DA:15,1
DA:16,1
DA:17,0
DA:18,0
DA:19,0
DA:20,1
DA:21,1
DA:22,1
DA:23,1
DA:24,1
DA:25,0
DA:26,0
DA:27,1
DA:28,1
DA:29,1
DA:30,1
DA:31,1
DA:32,1
DA:33,1
DA:34,1
DA:35,1
DA:36,1
DA:37,1
DA:38,1
DA:39,1
DA:40,1
DA:41,1
DA:42,0
DA:43,0
DA:44,0
DA:45,1
DA:46,1
DA:47,1
DA:48,1
DA:49,1
DA:50,1
DA:51,1
DA:52,1
DA:53,1
DA:54,1
DA:55,1
DA:56,1
DA:57,1
DA:58,1
DA:59,1
DA:60,0
DA:61,1
DA:62,1
DA:63,1
DA:64,1
DA:65,0
DA:66,0
DA:67,0
DA:68,0
DA:69,0
DA:70,0
DA:71,0
DA:72,1
DA:73,1
DA:74,1
DA:75,1
DA:76,1
DA:77,1
DA:78,1
DA:79,1
DA:80,1
DA:81,1
DA:82,1
DA:83,1
DA:84,1
DA:85,1
DA:86,1
DA:87,1
DA:88,1
DA:89,0
DA:90,0
DA:91,0
DA:92,1
DA:93,1
DA:94,1
DA:95,1
DA:96,1
DA:97,1
DA:98,1
DA:99,1
DA:100,1
DA:101,1
DA:102,1
DA:103,1
DA:104,1
DA:105,1
DA:106,1
DA:107,1
DA:108,1
DA:109,1
DA:110,1
DA:111,1
DA:112,1
DA:113,1
DA:114,1
DA:115,1
DA:116,1
DA:117,0
DA:118,0
DA:119,0
DA:120,1
DA:121,1
DA:122,1
DA:123,1
DA:124,1
DA:125,1
DA:126,1
DA:127,1
DA:128,1
DA:129,1
DA:130,1
DA:131,1
DA:132,1
DA:133,1
DA:134,1
DA:135,1
DA:136,0
DA:137,0
DA:138,0
DA:139,0
DA:140,1
DA:141,1
DA:142,1
DA:143,1
DA:144,1
DA:145,1
DA:146,1
DA:147,1
DA:148,1
DA:149,1
DA:150,1
DA:151,1
DA:152,1
DA:153,1
DA:154,1
DA:155,1
DA:156,1
DA:157,1
DA:158,1
DA:159,1
DA:160,1
DA:161,1
DA:162,1
DA:163,1
DA:164,1
DA:165,1
DA:166,1
DA:167,1
DA:168,1
DA:169,1
DA:170,1
DA:171,1
DA:172,1
DA:173,1
DA:174,1
DA:175,1
DA:176,0
DA:177,0
DA:178,0
DA:179,1
DA:180,1
DA:181,1
DA:182,1
DA:183,1
DA:184,1
DA:185,1
DA:186,1
DA:187,1
DA:188,0
DA:189,0
DA:190,1
DA:191,1
DA:192,1
DA:193,1
DA:194,1
DA:195,1
DA:196,1
DA:197,1
DA:198,1
DA:199,0
DA:200,0
DA:201,0
DA:202,0
DA:203,0
DA:204,1
DA:205,1
DA:206,1
DA:207,1
DA:208,1
DA:209,1
DA:210,1
DA:211,1
DA:212,1
DA:213,1
DA:214,1
DA:215,1
DA:216,1
DA:217,1
DA:218,1
DA:219,1
DA:220,1
DA:221,1
DA:222,1
DA:223,1
DA:224,1
DA:225,1
DA:226,1
DA:227,1
DA:228,1
DA:229,1
DA:230,1
DA:231,1
DA:232,1
DA:233,1
DA:234,1
DA:235,1
DA:236,1
DA:237,1
DA:238,1
DA:239,1
DA:240,1
DA:241,1
DA:242,1
DA:243,0
DA:244,0
DA:245,1
DA:246,1
DA:247,1
DA:248,1
DA:249,1
DA:250,1
DA:251,1
DA:252,1
DA:253,1
DA:254,0
DA:255,0
DA:256,0
DA:257,1
DA:258,1
DA:259,1
DA:260,1
DA:261,1
DA:262,1
DA:263,1
DA:264,1
DA:265,1
DA:266,1
DA:267,0
DA:268,0
DA:269,0
DA:270,0
DA:271,1
DA:272,1
DA:273,1
DA:274,1
DA:275,1
DA:276,1
DA:277,1
DA:278,1
DA:279,1
DA:280,1
DA:281,1
DA:282,1
DA:283,1
DA:284,1
DA:285,1
DA:286,1
DA:287,1
DA:288,1
DA:289,1
DA:290,1
DA:291,1
DA:292,1
DA:293,1
DA:294,1
DA:295,0
DA:296,0
DA:297,0
DA:298,0
DA:299,1
DA:300,1
DA:301,1
DA:302,1
DA:303,1
DA:304,1
DA:305,1
DA:306,1
DA:307,1
DA:308,0
DA:309,0
DA:310,0
DA:311,0
DA:312,1
DA:313,1
DA:314,1
DA:315,1
DA:316,1
DA:317,1
DA:318,1
DA:319,1
DA:320,1
DA:321,1
DA:322,1
DA:323,1
DA:324,1
DA:325,1
DA:326,1
DA:327,1
DA:328,1
DA:329,1
DA:330,1
DA:331,1
DA:332,1
DA:333,1
DA:334,1
DA:335,1
DA:336,1
DA:337,1
DA:338,1
DA:339,1
DA:340,1
DA:341,1
DA:342,1
DA:343,1
DA:344,1
DA:345,1
DA:346,1
DA:347,1
DA:348,1
DA:349,0
DA:350,0
DA:351,0
DA:352,0
DA:353,0
DA:354,0
DA:355,0
DA:356,0
DA:357,0
DA:358,0
DA:359,0
DA:360,1
DA:361,1
DA:362,1
DA:363,1
DA:364,0
DA:365,0
DA:366,1
DA:367,1
LF:367
LH:298
BRF:0
BRH:0
end_of_record
TN:
SF:backend\src\utils\cleanupDeletedUsers.js
FN:15,cleanupExpiredAccounts
FN:73,startCleanupSchedule
FNF:2
FNH:2
FNDA:13,cleanupExpiredAccounts
FNDA:4,startCleanupSchedule
DA:1,1
DA:2,1
DA:3,1
DA:4,1
DA:5,1
DA:6,1
DA:7,1
DA:8,1
DA:9,1
DA:10,1
DA:11,1
DA:12,1
DA:13,1
DA:14,1
DA:15,1
DA:16,13
DA:17,13
DA:18,13
DA:19,13
DA:20,13
DA:21,13
DA:22,13
DA:23,13
DA:24,10
DA:25,13
DA:26,5
DA:27,5
DA:28,5
DA:29,5
DA:30,5
DA:31,5
DA:32,5
DA:33,5
DA:34,5
DA:35,13
DA:36,7
DA:37,7
DA:38,7
DA:39,7
DA:40,7
DA:41,6
DA:42,7
DA:43,1
DA:44,1
DA:45,1
DA:46,7
DA:47,7
DA:48,7
DA:49,6
DA:50,6
DA:51,7
DA:52,1
DA:53,1
DA:54,1
DA:55,7
DA:56,5
DA:57,5
DA:58,5
DA:59,5
DA:60,5
DA:61,5
DA:62,5
DA:63,13
DA:64,3
DA:65,3
DA:66,3
DA:67,13
DA:68,1
DA:69,1
DA:70,1
DA:71,1
DA:72,1
DA:73,1
DA:74,4
DA:75,4
DA:76,4
DA:77,3
DA:78,4
DA:79,4
DA:80,1
DA:81,4
DA:82,4
DA:83,4
DA:84,4
DA:85,4
DA:86,4
DA:87,1
DA:88,1
DA:89,1
DA:90,0
DA:91,1
DA:92,1
DA:93,1
DA:94,1
DA:95,4
DA:96,4
DA:97,4
DA:98,4
LF:98
LH:97
BRDA:15,0,0,13
BRDA:23,1,0,10
BRDA:25,2,0,5
BRDA:35,3,0,7
BRDA:40,4,0,6
BRDA:42,5,0,1
BRDA:48,6,0,6
BRDA:51,7,0,1
BRDA:55,8,0,5
BRDA:63,9,0,3
BRDA:73,10,0,4
BRDA:76,11,0,3
BRDA:79,12,0,1
BRDA:86,13,0,1
BRDA:92,14,0,1
BRF:15
BRH:15
end_of_record
TN:
SF:backend\src\utils\db.js
FN:6,connectDB
FNF:1
FNH:1
FNDA:4,connectDB
DA:1,1
DA:2,1
DA:3,1
DA:4,1
DA:5,1
DA:6,1
DA:7,4
DA:8,4
DA:9,4
DA:10,4
DA:11,4
DA:12,2
DA:13,2
DA:14,2
DA:15,2
DA:16,2
DA:17,2
DA:18,4
LF:18
LH:18
BRDA:6,0,0,4
BRDA:11,1,0,2
BRF:2
BRH:2
end_of_record
TN:
SF:backend\src\utils\deadlineReminders.js
FN:6,startOfDay
FN:13,daysUntil
FN:26,sendDeadlineRemindersNow
FN:58,isSameLocalDay
FN:86,startDeadlineReminderSchedule
FNF:5
FNH:5
FNDA:21,startOfDay
FNDA:7,daysUntil
FNDA:8,sendDeadlineRemindersNow
FNDA:5,isSameLocalDay
FNDA:2,startDeadlineReminderSchedule
DA:1,1
DA:2,1
DA:3,1
DA:4,1
DA:5,1
DA:6,1
DA:7,21
DA:8,21
DA:9,21
DA:10,21
DA:11,1
DA:12,1
DA:13,1
DA:14,7
DA:15,7
DA:16,7
DA:17,7
DA:18,7
DA:19,1
DA:20,1
DA:21,1
DA:22,1
DA:23,1
DA:24,1
DA:25,1
DA:26,1
DA:27,8
DA:28,8
DA:29,8
DA:30,8
DA:31,6
DA:32,6
DA:33,6
DA:34,8
DA:35,7
DA:36,7
DA:37,7
DA:38,7
DA:39,6
DA:40,6
DA:41,6
DA:42,6
DA:43,6
DA:44,6
DA:45,6
DA:46,6
DA:47,6
DA:48,6
DA:49,8
DA:50,5
DA:51,5
DA:52,5
DA:53,5
DA:54,5
DA:55,5
DA:56,5
DA:57,5
DA:58,5
DA:59,8
DA:60,6
DA:61,6
DA:62,5
DA:63,6
DA:64,4
DA:65,4
DA:66,3
DA:67,3
DA:68,3
DA:69,3
DA:70,6
DA:71,1
DA:72,1
DA:73,6
DA:74,1
DA:75,1
DA:76,1
DA:77,6
DA:78,5
DA:79,5
DA:80,5
DA:81,1
DA:82,1
DA:83,1
DA:84,1
DA:85,1
DA:86,1
DA:87,2
DA:88,2
DA:89,1
DA:90,1
DA:91,1
DA:92,1
DA:93,1
DA:94,1
DA:95,1
DA:96,1
DA:97,1
DA:98,1
DA:99,1
DA:100,0
DA:101,0
DA:102,0
DA:103,0
DA:104,1
DA:105,1
DA:106,1
DA:107,1
DA:108,1
DA:109,1
LF:109
LH:105
BRDA:6,0,0,21
BRDA:13,1,0,7
BRDA:14,2,0,0
BRDA:26,3,0,8
BRDA:30,4,0,2
BRDA:30,5,0,6
BRDA:34,6,0,7
BRDA:36,7,0,0
BRDA:38,8,0,6
BRDA:38,9,0,1
BRDA:38,10,0,6
BRDA:47,11,0,6
BRDA:49,12,0,1
BRDA:49,13,0,5
BRDA:59,14,0,6
BRDA:61,15,0,5
BRDA:61,16,0,1
BRDA:61,17,0,5
BRDA:63,18,0,1
BRDA:63,19,0,4
BRDA:65,20,0,3
BRDA:69,21,0,2
BRDA:70,22,0,1
BRDA:73,23,0,1
BRDA:77,24,0,5
BRDA:54,25,0,5
BRDA:58,26,0,5
BRDA:58,27,0,1
BRDA:58,28,0,1
BRDA:86,29,0,2
BRDA:87,30,0,0
BRDA:88,31,0,1
BRDA:94,32,0,1
BRF:33
BRH:30
end_of_record
TN:
SF:backend\src\utils\email.js
FN:7,createTransporter
FN:31,sendDeletionEmail
FN:160,sendFinalDeletionEmail
FN:263,sendDeadlineReminderEmail
FN:370,sendInterviewConfirmationEmail
FN:501,sendInterviewReminderEmail
FN:618,sendInterviewCancellationEmail
FN:715,sendInterviewRescheduledEmail
FNF:8
FNH:8
FNDA:20,createTransporter
FNDA:11,sendDeletionEmail
FNDA:3,sendFinalDeletionEmail
FNDA:2,sendDeadlineReminderEmail
FNDA:1,sendInterviewConfirmationEmail
FNDA:1,sendInterviewReminderEmail
FNDA:1,sendInterviewCancellationEmail
FNDA:1,sendInterviewRescheduledEmail
DA:1,1
DA:2,1
DA:3,1
DA:4,1
DA:5,1
DA:6,1
DA:7,1
DA:8,20
DA:9,20
DA:10,20
DA:11,4
DA:12,4
DA:13,4
DA:14,16
DA:15,16
DA:16,16
DA:17,20
DA:18,20
DA:19,20
DA:20,2
DA:21,2
DA:22,20
DA:23,20
DA:24,20
DA:25,1
DA:26,1
DA:27,1
DA:28,1
DA:29,1
DA:30,1
DA:31,1
DA:32,11
DA:33,11
DA:34,11
DA:35,11
DA:36,11
DA:37,11
DA:38,11
DA:39,11
DA:40,11
DA:41,11
DA:42,11
DA:43,11
DA:44,11
DA:45,11
DA:46,11
DA:47,11
DA:48,11
DA:49,11
DA:50,11
DA:51,11
DA:52,11
DA:53,11
DA:54,11
DA:55,11
DA:56,11
DA:57,11
DA:58,11
DA:59,11
DA:60,11
DA:61,11
DA:62,11
DA:63,11
DA:64,11
DA:65,11
DA:66,11
DA:67,11
DA:68,11
DA:69,11
DA:70,11
DA:71,11
DA:72,11
DA:73,11
DA:74,11
DA:75,11
DA:76,11
DA:77,11
DA:78,11
DA:79,11
DA:80,11
DA:81,11
DA:82,11
DA:83,11
DA:84,11
DA:85,11
DA:86,11
DA:87,11
DA:88,11
DA:89,11
DA:90,11
DA:91,11
DA:92,11
DA:93,11
DA:94,11
DA:95,11
DA:96,11
DA:97,11
DA:98,11
DA:99,11
DA:100,11
DA:101,11
DA:102,11
DA:103,11
DA:104,11
DA:105,11
DA:106,11
DA:107,11
DA:108,11
DA:109,11
DA:110,11
DA:111,11
DA:112,11
DA:113,11
DA:114,11
DA:115,11
DA:116,11
DA:117,11
DA:118,11
DA:119,11
DA:120,11
DA:121,11
DA:122,11
DA:123,11
DA:124,11
DA:125,11
DA:126,11
DA:127,11
DA:128,11
DA:129,11
DA:130,11
DA:131,1
DA:132,1
DA:133,1
DA:134,1
DA:135,1
DA:136,1
DA:137,10
DA:138,10
DA:139,10
DA:140,11
DA:141,11
DA:142,11
DA:143,11
DA:144,11
DA:145,11
DA:146,9
DA:147,9
DA:148,9
DA:149,11
DA:150,1
DA:151,1
DA:152,1
DA:153,11
DA:154,1
DA:155,1
DA:156,1
DA:157,1
DA:158,1
DA:159,1
DA:160,1
DA:161,3
DA:162,3
DA:163,3
DA:164,3
DA:165,3
DA:166,3
DA:167,3
DA:168,3
DA:169,3
DA:170,3
DA:171,3
DA:172,3
DA:173,3
DA:174,3
DA:175,3
DA:176,3
DA:177,3
DA:178,3
DA:179,3
DA:180,3
DA:181,3
DA:182,3
DA:183,3
DA:184,3
DA:185,3
DA:186,3
DA:187,3
DA:188,3
DA:189,3
DA:190,3
DA:191,3
DA:192,3
DA:193,3
DA:194,3
DA:195,3
DA:196,3
DA:197,3
DA:198,3
DA:199,3
DA:200,3
DA:201,3
DA:202,3
DA:203,3
DA:204,3
DA:205,3
DA:206,3
DA:207,3
DA:208,3
DA:209,3
DA:210,3
DA:211,3
DA:212,3
DA:213,3
DA:214,3
DA:215,3
DA:216,3
DA:217,3
DA:218,3
DA:219,3
DA:220,3
DA:221,3
DA:222,3
DA:223,3
DA:224,3
DA:225,3
DA:226,3
DA:227,3
DA:228,3
DA:229,3
DA:230,3
DA:231,3
DA:232,3
DA:233,1
DA:234,1
DA:235,1
DA:236,1
DA:237,1
DA:238,1
DA:239,2
DA:240,2
DA:241,2
DA:242,3
DA:243,3
DA:244,3
DA:245,3
DA:246,3
DA:247,3
DA:248,1
DA:249,1
DA:250,1
DA:251,1
DA:252,1
DA:253,1
DA:254,1
DA:255,3
DA:256,1
DA:257,1
DA:258,1
DA:259,1
DA:260,1
DA:261,1
DA:262,1
DA:263,1
DA:264,2
DA:265,2
DA:266,2
DA:267,1
DA:268,0
DA:269,1
DA:270,0
DA:271,1
DA:272,1
DA:273,1
DA:274,1
DA:275,1
DA:276,1
DA:277,1
DA:278,1
DA:279,2
DA:280,2
DA:281,2
DA:282,2
DA:283,2
DA:284,2
DA:285,2
DA:286,2
DA:287,2
DA:288,2
DA:289,2
DA:290,2
DA:291,2
DA:292,2
DA:293,2
DA:294,2
DA:295,2
DA:296,2
DA:297,2
DA:298,2
DA:299,2
DA:300,2
DA:301,2
DA:302,2
DA:303,2
DA:304,2
DA:305,2
DA:306,2
DA:307,2
DA:308,2
DA:309,2
DA:310,2
DA:311,2
DA:312,2
DA:313,2
DA:314,2
DA:315,2
DA:316,2
DA:317,2
DA:318,2
DA:319,2
DA:320,2
DA:321,2
DA:322,2
DA:323,2
DA:324,2
DA:325,2
DA:326,2
DA:327,2
DA:328,2
DA:329,2
DA:330,2
DA:331,2
DA:332,2
DA:333,1
DA:334,1
DA:335,1
DA:336,2
DA:337,2
DA:338,2
DA:339,2
DA:340,2
DA:341,2
DA:342,1
DA:343,1
DA:344,1
DA:345,1
DA:346,1
DA:347,1
DA:348,1
DA:349,1
DA:350,1
DA:351,2
DA:352,2
DA:353,2
DA:354,2
DA:355,2
DA:356,2
DA:357,1
DA:358,2
DA:359,0
DA:360,0
DA:361,0
DA:362,2
DA:363,1
DA:364,1
DA:365,1
DA:366,1
DA:367,1
DA:368,1
DA:369,1
DA:370,1
DA:371,1
DA:372,1
DA:373,1
DA:374,1
DA:375,1
DA:376,1
DA:377,1
DA:378,1
DA:379,1
DA:380,1
DA:381,1
DA:382,1
DA:383,1
DA:384,1
DA:385,1
DA:386,0
DA:387,1
DA:388,0
DA:389,1
DA:390,1
DA:391,1
DA:392,1
DA:393,1
DA:394,1
DA:395,1
DA:396,1
DA:397,1
DA:398,1
DA:399,1
DA:400,1
DA:401,1
DA:402,1
DA:403,1
DA:404,1
DA:405,1
DA:406,1
DA:407,1
DA:408,1
DA:409,1
DA:410,1
DA:411,1
DA:412,1
DA:413,1
DA:414,1
DA:415,1
DA:416,1
DA:417,1
DA:418,1
DA:419,1
DA:420,1
DA:421,1
DA:422,1
DA:423,1
DA:424,1
DA:425,1
DA:426,1
DA:427,0
DA:428,1
DA:429,1
DA:430,1
DA:431,0
DA:432,0
DA:433,0
DA:434,0
DA:435,1
DA:436,1
DA:437,1
DA:438,1
DA:439,1
DA:440,1
DA:441,1
DA:442,1
DA:443,1
DA:444,1
DA:445,1
DA:446,1
DA:447,1
DA:448,1
DA:449,1
DA:450,1
DA:451,1
DA:452,1
DA:453,1
DA:454,1
DA:455,1
DA:456,1
DA:457,1
DA:458,1
DA:459,1
DA:460,1
DA:461,1
DA:462,1
DA:463,1
DA:464,1
DA:465,1
DA:466,1
DA:467,1
DA:468,1
DA:469,1
DA:470,1
DA:471,1
DA:472,0
DA:473,0
DA:474,0
DA:475,0
DA:476,0
DA:477,0
DA:478,1
DA:479,1
DA:480,1
DA:481,1
DA:482,1
DA:483,1
DA:484,1
DA:485,1
DA:486,1
DA:487,1
DA:488,1
DA:489,0
DA:490,0
DA:491,0
DA:492,1
DA:493,1
DA:494,1
DA:495,1
DA:496,1
DA:497,1
DA:498,1
DA:499,1
DA:500,1
DA:501,1
DA:502,1
DA:503,1
DA:504,1
DA:505,1
DA:506,1
DA:507,1
DA:508,1
DA:509,1
DA:510,1
DA:511,1
DA:512,1
DA:513,1
DA:514,1
DA:515,1
DA:516,1
DA:517,1
DA:518,1
DA:519,1
DA:520,1
DA:521,1
DA:522,1
DA:523,1
DA:524,1
DA:525,1
DA:526,1
DA:527,1
DA:528,1
DA:529,1
DA:530,1
DA:531,1
DA:532,1
DA:533,1
DA:534,1
DA:535,1
DA:536,1
DA:537,1
DA:538,1
DA:539,1
DA:540,1
DA:541,1
DA:542,1
DA:543,1
DA:544,1
DA:545,1
DA:546,1
DA:547,1
DA:548,1
DA:549,1
DA:550,1
DA:551,1
DA:552,1
DA:553,1
DA:554,1
DA:555,1
DA:556,1
DA:557,1
DA:558,1
DA:559,1
DA:560,1
DA:561,1
DA:562,1
DA:563,1
DA:564,1
DA:565,1
DA:566,1
DA:567,1
DA:568,1
DA:569,1
DA:570,1
DA:571,1
DA:572,1
DA:573,1
DA:574,1
DA:575,1
DA:576,1
DA:577,1
DA:578,1
DA:579,1
DA:580,1
DA:581,1
DA:582,1
DA:583,1
DA:584,1
DA:585,1
DA:586,1
DA:587,1
DA:588,1
DA:589,1
DA:590,0
DA:591,0
DA:592,0
DA:593,0
DA:594,0
DA:595,0
DA:596,1
DA:597,1
DA:598,1
DA:599,1
DA:600,1
DA:601,1
DA:602,1
DA:603,1
DA:604,1
DA:605,1
DA:606,1
DA:607,0
DA:608,0
DA:609,0
DA:610,1
DA:611,1
DA:612,1
DA:613,1
DA:614,1
DA:615,1
DA:616,1
DA:617,1
DA:618,1
DA:619,1
DA:620,1
DA:621,1
DA:622,1
DA:623,1
DA:624,1
DA:625,1
DA:626,1
DA:627,1
DA:628,1
DA:629,1
DA:630,1
DA:631,1
DA:632,1
DA:633,1
DA:634,1
DA:635,1
DA:636,1
DA:637,1
DA:638,1
DA:639,1
DA:640,1
DA:641,1
DA:642,1
DA:643,1
DA:644,1
DA:645,1
DA:646,1
DA:647,1
DA:648,1
DA:649,1
DA:650,1
DA:651,1
DA:652,1
DA:653,1
DA:654,1
DA:655,1
DA:656,1
DA:657,1
DA:658,1
DA:659,1
DA:660,1
DA:661,1
DA:662,1
DA:663,1
DA:664,1
DA:665,1
DA:666,1
DA:667,1
DA:668,1
DA:669,1
DA:670,1
DA:671,1
DA:672,1
DA:673,1
DA:674,1
DA:675,1
DA:676,1
DA:677,1
DA:678,1
DA:679,1
DA:680,1
DA:681,1
DA:682,1
DA:683,1
DA:684,1
DA:685,1
DA:686,1
DA:687,1
DA:688,1
DA:689,1
DA:690,1
DA:691,1
DA:692,0
DA:693,0
DA:694,0
DA:695,1
DA:696,1
DA:697,1
DA:698,1
DA:699,1
DA:700,1
DA:701,0
DA:702,0
DA:703,0
DA:704,0
DA:705,0
DA:706,1
DA:707,1
DA:708,1
DA:709,1
DA:710,1
DA:711,1
DA:712,1
DA:713,1
DA:714,1
DA:715,1
DA:716,1
DA:717,1
DA:718,1
DA:719,1
DA:720,1
DA:721,1
DA:722,1
DA:723,1
DA:724,1
DA:725,1
DA:726,1
DA:727,1
DA:728,1
DA:729,1
DA:730,1
DA:731,1
DA:732,1
DA:733,1
DA:734,1
DA:735,1
DA:736,1
DA:737,1
DA:738,1
DA:739,1
DA:740,1
DA:741,1
DA:742,1
DA:743,1
DA:744,1
DA:745,1
DA:746,1
DA:747,1
DA:748,1
DA:749,1
DA:750,1
DA:751,1
DA:752,1
DA:753,1
DA:754,1
DA:755,1
DA:756,1
DA:757,1
DA:758,1
DA:759,1
DA:760,1
DA:761,1
DA:762,1
DA:763,1
DA:764,1
DA:765,1
DA:766,1
DA:767,1
DA:768,1
DA:769,1
DA:770,1
DA:771,1
DA:772,1
DA:773,1
DA:774,1
DA:775,0
DA:776,1
DA:777,1
DA:778,1
DA:779,1
DA:780,1
DA:781,1
DA:782,1
DA:783,1
DA:784,1
DA:785,1
DA:786,1
DA:787,1
DA:788,1
DA:789,1
DA:790,1
DA:791,1
DA:792,1
DA:793,1
DA:794,1
DA:795,1
DA:796,1
DA:797,1
DA:798,1
DA:799,1
DA:800,1
DA:801,1
DA:802,1
DA:803,1
DA:804,1
DA:805,1
DA:806,0
DA:807,0
DA:808,0
DA:809,0
DA:810,0
DA:811,0
DA:812,1
DA:813,1
DA:814,1
DA:815,1
DA:816,1
DA:817,1
DA:818,1
DA:819,1
DA:820,1
DA:821,1
DA:822,1
DA:823,0
DA:824,0
DA:825,0
DA:826,1
DA:827,1
DA:828,1
DA:829,1
DA:830,1
DA:831,1
DA:832,1
DA:833,1
DA:834,1
DA:835,1
DA:836,1
LF:836
LH:788
BRDA:7,0,0,20
BRDA:10,1,0,4
BRDA:13,2,0,16
BRDA:17,3,0,3
BRDA:17,4,0,13
BRDA:19,5,0,2
BRDA:22,6,0,14
BRDA:31,7,0,11
BRDA:56,8,0,1
BRDA:106,9,0,1
BRDA:130,10,0,1
BRDA:136,11,0,10
BRDA:140,12,0,9
BRDA:145,13,0,9
BRDA:149,14,0,1
BRDA:160,15,0,3
BRDA:183,16,0,0
BRDA:216,17,0,0
BRDA:232,18,0,1
BRDA:238,19,0,2
BRDA:247,20,0,1
BRDA:263,21,0,2
BRDA:301,22,0,0
BRDA:330,23,0,0
BRDA:341,24,0,1
BRDA:356,25,0,1
BRDA:358,26,0,0
BRDA:266,27,0,1
BRDA:268,28,0,0
BRDA:270,29,0,0
BRDA:272,30,0,0
BRDA:275,31,0,0
BRDA:332,32,0,1
BRDA:333,33,0,0
BRDA:333,34,0,0
BRDA:334,35,0,0
BRDA:335,36,0,0
BRDA:370,37,0,1
BRDA:385,38,0,0
BRDA:387,39,0,0
BRDA:412,40,0,0
BRDA:421,41,0,0
BRDA:426,42,0,0
BRDA:426,43,0,0
BRDA:430,44,0,0
BRDA:430,45,0,0
BRDA:456,46,0,0
BRDA:462,47,0,0
BRDA:464,48,0,0
BRDA:465,49,0,0
BRDA:471,50,0,0
BRDA:488,51,0,0
BRDA:501,52,0,1
BRDA:502,53,0,0
BRDA:502,54,0,0
BRDA:517,55,0,0
BRDA:540,56,0,0
BRDA:550,57,0,0
BRDA:551,58,0,0
BRDA:559,59,0,0
BRDA:577,60,0,0
BRDA:584,61,0,0
BRDA:589,62,0,0
BRDA:606,63,0,0
BRDA:517,64,0,1
BRDA:557,65,0,1
BRDA:584,66,0,1
BRDA:618,67,0,1
BRDA:652,68,0,0
BRDA:660,69,0,0
BRDA:660,70,0,0
BRDA:675,71,0,0
BRDA:680,72,0,0
BRDA:680,73,0,0
BRDA:691,74,0,0
BRDA:700,75,0,0
BRDA:715,76,0,1
BRDA:762,77,0,0
BRDA:774,78,0,0
BRDA:774,79,0,0
BRDA:794,80,0,0
BRDA:805,81,0,0
BRDA:822,82,0,0
BRF:83
BRH:31
end_of_record
TN:
SF:backend\src\utils\emailService.js
FN:3,sendAccountDeletionEmail
FNF:1
FNH:1
FNDA:6,sendAccountDeletionEmail
DA:1,1
DA:2,1
DA:3,1
DA:4,6
DA:5,6
DA:6,6
DA:7,6
DA:8,6
DA:9,6
DA:10,6
DA:11,6
DA:12,6
DA:13,6
DA:14,6
DA:15,6
DA:16,6
DA:17,6
DA:18,6
DA:19,6
DA:20,6
DA:21,6
DA:22,6
DA:23,6
DA:24,6
DA:25,6
DA:26,6
DA:27,6
DA:28,5
LF:28
LH:28
BRDA:3,0,0,6
BRDA:18,1,0,1
BRDA:27,2,0,5
BRF:3
BRH:3
end_of_record
TN:
SF:backend\src\utils\geminiService.js
FN:13,generateResumeContentVariations
FN:128,generateResumeContent
FN:319,regenerateSection
FN:406,analyzeATSCompatibility
FN:463,optimizeResumeSkills
FN:541,tailorExperience
FNF:6
FNH:6
FNDA:3,generateResumeContentVariations
FNDA:9,generateResumeContent
FNDA:7,regenerateSection
FNDA:4,analyzeATSCompatibility
FNDA:3,optimizeResumeSkills
FNDA:3,tailorExperience
DA:1,1
DA:2,1
DA:3,1
DA:4,1
DA:5,1
DA:6,1
DA:7,1
DA:8,1
DA:9,1
DA:10,1
DA:11,1
DA:12,1
DA:13,1
DA:14,3
DA:15,3
DA:16,3
DA:17,3
DA:18,3
DA:19,3
DA:20,3
DA:21,3
DA:22,3
DA:23,3
DA:24,3
DA:25,3
DA:26,3
DA:27,0
DA:28,0
DA:29,3
DA:30,3
DA:31,3
DA:32,3
DA:33,3
DA:34,3
DA:35,3
DA:36,0
DA:37,3
DA:38,3
DA:39,3
DA:40,3
DA:41,0
DA:42,0
DA:43,3
DA:44,3
DA:45,3
DA:46,3
DA:47,3
DA:48,3
DA:49,3
DA:50,3
DA:51,3
DA:52,3
DA:53,3
DA:54,3
DA:55,3
DA:56,3
DA:57,3
DA:58,3
DA:59,3
DA:60,3
DA:61,3
DA:62,3
DA:63,3
DA:64,3
DA:65,3
DA:66,3
DA:67,3
DA:68,3
DA:69,3
DA:70,3
DA:71,3
DA:72,3
DA:73,3
DA:74,3
DA:75,3
DA:76,3
DA:77,3
DA:78,3
DA:79,3
DA:80,3
DA:81,3
DA:82,3
DA:83,3
DA:84,3
DA:85,3
DA:86,3
DA:87,3
DA:88,3
DA:89,3
DA:90,3
DA:91,3
DA:92,3
DA:93,3
DA:94,3
DA:95,3
DA:96,3
DA:97,3
DA:98,3
DA:99,3
DA:100,3
DA:101,3
DA:102,3
DA:103,3
DA:104,3
DA:105,1
DA:106,3
DA:107,0
DA:108,0
DA:109,3
DA:110,1
DA:111,1
DA:112,3
DA:113,3
DA:114,3
DA:115,3
DA:116,1
DA:117,1
DA:118,1
DA:119,3
DA:120,1
DA:121,1
DA:122,1
DA:123,1
DA:124,1
DA:125,1
DA:126,1
DA:127,1
DA:128,1
DA:129,9
DA:130,9
DA:131,1
DA:132,1
DA:133,8
DA:134,8
DA:135,8
DA:136,2
DA:137,2
DA:138,8
DA:139,0
DA:140,0
DA:141,8
DA:142,8
DA:143,8
DA:144,8
DA:145,8
DA:146,8
DA:147,8
DA:148,8
DA:149,9
DA:150,9
DA:151,9
DA:152,9
DA:153,9
DA:154,9
DA:155,6
DA:156,6
DA:157,9
DA:158,9
DA:159,9
DA:160,9
DA:161,9
DA:162,9
DA:163,9
DA:164,3
DA:165,3
DA:166,3
DA:167,9
DA:168,9
DA:169,9
DA:170,9
DA:171,3
DA:172,3
DA:173,9
DA:174,9
DA:175,9
DA:176,9
DA:177,9
DA:178,9
DA:179,9
DA:180,5
DA:181,5
DA:182,5
DA:183,5
DA:184,5
DA:185,5
DA:186,9
DA:187,3
DA:188,3
DA:189,3
DA:190,9
DA:191,9
DA:192,6
DA:193,6
DA:194,6
DA:195,6
DA:196,6
DA:197,6
DA:198,9
DA:199,9
DA:200,9
DA:201,6
DA:202,6
DA:203,6
DA:204,6
DA:205,6
DA:206,9
DA:207,9
DA:208,9
DA:209,9
DA:210,9
DA:211,9
DA:212,9
DA:213,9
DA:214,9
DA:215,9
DA:216,9
DA:217,9
DA:218,9
DA:219,9
DA:220,9
DA:221,9
DA:222,9
DA:223,9
DA:224,9
DA:225,9
DA:226,9
DA:227,9
DA:228,9
DA:229,9
DA:230,9
DA:231,9
DA:232,9
DA:233,9
DA:234,9
DA:235,9
DA:236,9
DA:237,9
DA:238,9
DA:239,9
DA:240,9
DA:241,9
DA:242,9
DA:243,9
DA:244,9
DA:245,9
DA:246,9
DA:247,9
DA:248,9
DA:249,9
DA:250,9
DA:251,9
DA:252,9
DA:253,9
DA:254,9
DA:255,9
DA:256,9
DA:257,9
DA:258,9
DA:259,9
DA:260,9
DA:261,9
DA:262,9
DA:263,9
DA:264,7
DA:265,7
DA:266,7
DA:267,7
DA:268,7
DA:269,7
DA:270,0
DA:271,7
DA:272,0
DA:273,0
DA:274,7
DA:275,0
DA:276,0
DA:277,7
DA:278,7
DA:279,7
DA:280,7
DA:281,7
DA:282,7
DA:283,7
DA:284,7
DA:285,7
DA:286,7
DA:287,2
DA:288,2
DA:289,2
DA:290,2
DA:291,2
DA:292,2
DA:293,2
DA:294,2
DA:295,2
DA:296,2
DA:297,2
DA:298,2
DA:299,1
DA:300,1
DA:301,1
DA:302,2
DA:303,6
DA:304,6
DA:305,8
DA:306,2
DA:307,2
DA:308,2
DA:309,9
DA:310,1
DA:311,1
DA:312,1
DA:313,1
DA:314,1
DA:315,1
DA:316,1
DA:317,1
DA:318,1
DA:319,1
DA:320,7
DA:321,7
DA:322,7
DA:323,7
DA:324,7
DA:325,7
DA:326,3
DA:327,3
DA:328,3
DA:329,3
DA:330,3
DA:331,3
DA:332,3
DA:333,3
DA:334,3
DA:335,3
DA:336,3
DA:337,3
DA:338,3
DA:339,7
DA:340,7
DA:341,2
DA:342,2
DA:343,2
DA:344,2
DA:345,2
DA:346,2
DA:347,2
DA:348,0
DA:349,0
DA:350,2
DA:351,2
DA:352,2
DA:353,2
DA:354,2
DA:355,7
DA:356,7
DA:357,1
DA:358,1
DA:359,1
DA:360,1
DA:361,1
DA:362,1
DA:363,1
DA:364,1
DA:365,1
DA:366,1
DA:367,7
DA:368,7
DA:369,1
DA:370,7
DA:371,6
DA:372,6
DA:373,6
DA:374,6
DA:375,6
DA:376,6
DA:377,6
DA:378,6
DA:379,2
DA:380,6
DA:381,0
DA:382,0
DA:383,6
DA:384,2
DA:385,2
DA:386,6
DA:387,6
DA:388,6
DA:389,7
DA:390,1
DA:391,1
DA:392,5
DA:393,5
DA:394,5
DA:395,0
DA:396,0
DA:397,0
DA:398,7
DA:399,1
DA:400,1
DA:401,1
DA:402,1
DA:403,1
DA:404,1
DA:405,1
DA:406,1
DA:407,4
DA:408,4
DA:409,4
DA:410,4
DA:411,4
DA:412,4
DA:413,4
DA:414,4
DA:415,4
DA:416,4
DA:417,4
DA:418,4
DA:419,4
DA:420,4
DA:421,4
DA:422,4
DA:423,4
DA:424,4
DA:425,4
DA:426,4
DA:427,4
DA:428,4
DA:429,4
DA:430,4
DA:431,4
DA:432,4
DA:433,4
DA:434,4
DA:435,4
DA:436,4
DA:437,4
DA:438,4
DA:439,4
DA:440,4
DA:441,1
DA:442,4
DA:443,0
DA:444,0
DA:445,4
DA:446,1
DA:447,1
DA:448,4
DA:449,4
DA:450,4
DA:451,2
DA:452,2
DA:453,2
DA:454,4
DA:455,1
DA:456,1
DA:457,1
DA:458,1
DA:459,1
DA:460,1
DA:461,1
DA:462,1
DA:463,1
DA:464,3
DA:465,3
DA:466,3
DA:467,3
DA:468,3
DA:469,3
DA:470,3
DA:471,3
DA:472,3
DA:473,3
DA:474,3
DA:475,3
DA:476,3
DA:477,3
DA:478,3
DA:479,3
DA:480,3
DA:481,3
DA:482,3
DA:483,3
DA:484,3
DA:485,3
DA:486,3
DA:487,3
DA:488,3
DA:489,3
DA:490,3
DA:491,3
DA:492,3
DA:493,3
DA:494,3
DA:495,3
DA:496,3
DA:497,3
DA:498,3
DA:499,3
DA:500,3
DA:501,3
DA:502,3
DA:503,3
DA:504,3
DA:505,3
DA:506,3
DA:507,3
DA:508,3
DA:509,3
DA:510,3
DA:511,3
DA:512,3
DA:513,2
DA:514,2
DA:515,2
DA:516,2
DA:517,2
DA:518,0
DA:519,2
DA:520,1
DA:521,1
DA:522,2
DA:523,1
DA:524,1
DA:525,2
DA:526,2
DA:527,2
DA:528,3
DA:529,1
DA:530,1
DA:531,1
DA:532,3
DA:533,1
DA:534,1
DA:535,1
DA:536,1
DA:537,1
DA:538,1
DA:539,1
DA:540,1
DA:541,1
DA:542,3
DA:543,3
DA:544,3
DA:545,3
DA:546,3
DA:547,3
DA:548,3
DA:549,3
DA:550,3
DA:551,3
DA:552,3
DA:553,3
DA:554,3
DA:555,3
DA:556,0
DA:557,0
DA:558,0
DA:559,0
DA:560,0
DA:561,0
DA:562,3
DA:563,3
DA:564,3
DA:565,3
DA:566,0
DA:567,0
DA:568,0
DA:569,3
DA:570,3
DA:571,3
DA:572,3
DA:573,3
DA:574,3
DA:575,3
DA:576,3
DA:577,3
DA:578,3
DA:579,3
DA:580,3
DA:581,3
DA:582,3
DA:583,3
DA:584,3
DA:585,3
DA:586,3
DA:587,3
DA:588,3
DA:589,3
DA:590,3
DA:591,3
DA:592,3
DA:593,3
DA:594,3
DA:595,3
DA:596,3
DA:597,3
DA:598,3
DA:599,3
DA:600,3
DA:601,3
DA:602,3
DA:603,3
DA:604,3
DA:605,3
DA:606,3
DA:607,3
DA:608,3
DA:609,3
DA:610,3
DA:611,3
DA:612,3
DA:613,3
DA:614,3
DA:615,3
DA:616,1
DA:617,3
DA:618,0
DA:619,0
DA:620,3
DA:621,1
DA:622,1
DA:623,3
DA:624,3
DA:625,3
DA:626,3
DA:627,1
DA:628,1
DA:629,1
DA:630,3
LF:630
LH:595
BRDA:13,0,0,3
BRDA:21,1,0,0
BRDA:22,2,0,0
BRDA:104,3,0,1
BRDA:106,4,0,2
BRDA:106,5,0,0
BRDA:109,6,0,1
BRDA:114,7,0,0
BRDA:115,8,0,1
BRDA:128,9,0,9
BRDA:130,10,0,8
BRDA:130,11,0,1
BRDA:132,12,0,8
BRDA:135,13,0,2
BRDA:138,14,0,0
BRDA:149,15,0,0
BRDA:150,16,0,0
BRDA:154,17,0,8
BRDA:157,18,0,5
BRDA:160,19,0,8
BRDA:160,20,0,5
BRDA:163,21,0,8
BRDA:167,22,0,5
BRDA:170,23,0,8
BRDA:173,24,0,5
BRDA:176,25,0,8
BRDA:176,26,0,5
BRDA:179,27,0,8
BRDA:179,28,0,8
BRDA:179,29,0,5
BRDA:182,30,0,2
BRDA:182,31,0,3
BRDA:182,32,0,0
BRDA:183,33,0,0
BRDA:184,34,0,2
BRDA:184,35,0,3
BRDA:185,36,0,0
BRDA:185,37,0,0
BRDA:186,38,0,3
BRDA:191,39,0,8
BRDA:191,40,0,8
BRDA:191,41,0,6
BRDA:194,42,0,0
BRDA:195,43,0,0
BRDA:196,44,0,5
BRDA:196,45,0,0
BRDA:196,46,0,1
BRDA:197,47,0,1
BRDA:198,48,0,2
BRDA:200,49,0,8
BRDA:200,50,0,8
BRDA:200,51,0,6
BRDA:203,52,0,0
BRDA:204,53,0,0
BRDA:205,54,0,0
BRDA:206,55,0,2
BRDA:231,56,0,8
BRDA:231,57,0,8
BRDA:231,58,0,5
BRDA:231,59,0,2
BRDA:231,60,0,6
BRDA:232,61,0,8
BRDA:232,62,0,8
BRDA:232,63,0,5
BRDA:232,64,0,0
BRDA:232,65,0,3
BRDA:263,66,0,8
BRDA:263,67,0,7
BRDA:269,68,0,0
BRDA:271,69,0,0
BRDA:274,70,0,0
BRDA:286,71,0,2
BRDA:288,72,0,1
BRDA:288,73,0,1
BRDA:288,74,0,1
BRDA:288,75,0,1
BRDA:298,76,0,1
BRDA:302,77,0,6
BRDA:305,78,0,2
BRDA:154,79,0,6
BRDA:155,80,0,3
BRDA:155,81,0,3
BRDA:156,82,0,0
BRDA:160,83,0,6
BRDA:163,84,0,3
BRDA:164,85,0,0
BRDA:164,86,0,0
BRDA:164,87,0,0
BRDA:164,88,0,0
BRDA:164,89,0,0
BRDA:164,90,0,0
BRDA:166,91,0,0
BRDA:166,92,0,0
BRDA:170,93,0,3
BRDA:172,94,0,0
BRDA:176,95,0,3
BRDA:319,96,0,7
BRDA:325,97,0,3
BRDA:332,98,0,0
BRDA:340,99,0,2
BRDA:344,100,0,0
BRDA:356,101,0,1
BRDA:360,102,0,0
BRDA:363,103,0,0
BRDA:368,104,0,1
BRDA:370,105,0,6
BRDA:378,106,0,2
BRDA:380,107,0,4
BRDA:380,108,0,0
BRDA:383,109,0,2
BRDA:389,110,0,3
BRDA:389,111,0,1
BRDA:389,112,0,6
BRDA:389,113,0,1
BRDA:391,114,0,5
BRDA:394,115,0,0
BRDA:363,116,0,1
BRDA:363,117,0,0
BRDA:406,118,0,4
BRDA:413,119,0,0
BRDA:440,120,0,1
BRDA:442,121,0,3
BRDA:442,122,0,0
BRDA:445,123,0,1
BRDA:450,124,0,2
BRDA:463,125,0,3
BRDA:471,126,0,0
BRDA:472,127,0,0
BRDA:512,128,0,2
BRDA:517,129,0,0
BRDA:519,130,0,1
BRDA:522,131,0,1
BRDA:528,132,0,1
BRDA:541,133,0,3
BRDA:544,134,0,0
BRDA:551,135,0,0
BRDA:552,136,0,0
BRDA:615,137,0,1
BRDA:617,138,0,2
BRDA:617,139,0,0
BRDA:620,140,0,1
BRDA:626,141,0,1
BRF:142
BRH:95
end_of_record
TN:
SF:backend\src\utils\htmlToPdf.js
FN:9,htmlToPdf
FNF:1
FNH:1
FNDA:4,htmlToPdf
DA:1,1
DA:2,1
DA:3,1
DA:4,1
DA:5,1
DA:6,1
DA:7,1
DA:8,1
DA:9,1
DA:10,4
DA:11,4
DA:12,4
DA:13,4
DA:14,4
DA:15,4
DA:16,4
DA:17,4
DA:18,4
DA:19,4
DA:20,4
DA:21,4
DA:22,4
DA:23,4
DA:24,4
DA:25,4
DA:26,2
DA:27,1
DA:28,1
DA:29,1
DA:30,1
DA:31,1
DA:32,1
DA:33,1
DA:34,1
DA:35,1
DA:36,1
DA:37,1
DA:38,1
DA:39,1
DA:40,1
DA:41,1
DA:42,2
DA:43,2
DA:44,4
DA:45,4
DA:46,4
DA:47,4
DA:48,4
DA:49,4
DA:50,4
DA:51,4
DA:52,4
DA:53,4
DA:54,3
DA:55,4
DA:56,4
DA:57,4
DA:58,4
LF:58
LH:58
BRDA:9,0,0,4
BRDA:25,1,0,2
BRDA:25,2,0,2
BRDA:25,3,0,2
BRDA:53,4,0,3
BRDA:26,5,0,1
BRF:6
BRH:6
end_of_record
TN:
SF:backend\src\utils\interviewReminders.js
FN:10,sendInterviewRemindersNow
FN:114,startInterviewReminderSchedule
FN:151,checkForConflicts
FN:188,getUpcomingInterviewSummary
FNF:4
FNH:4
FNDA:6,sendInterviewRemindersNow
FNDA:2,startInterviewReminderSchedule
FNDA:2,checkForConflicts
FNDA:2,getUpcomingInterviewSummary
DA:1,1
DA:2,1
DA:3,1
DA:4,1
DA:5,1
DA:6,1
DA:7,1
DA:8,1
DA:9,1
DA:10,1
DA:11,6
DA:12,6
DA:13,6
DA:14,6
DA:15,6
DA:16,6
DA:17,6
DA:18,6
DA:19,6
DA:20,6
DA:21,6
DA:22,6
DA:23,6
DA:24,18
DA:25,18
DA:26,18
DA:27,18
DA:28,18
DA:29,18
DA:30,18
DA:31,18
DA:32,18
DA:33,18
DA:34,18
DA:35,18
DA:36,18
DA:37,18
DA:38,18
DA:39,18
DA:40,18
DA:41,18
DA:42,18
DA:43,4
DA:44,4
DA:45,4
DA:46,4
DA:47,4
DA:48,2
DA:49,4
DA:50,4
DA:51,4
DA:52,2
DA:53,2
DA:54,2
DA:55,2
DA:56,2
DA:57,2
DA:58,2
DA:59,4
DA:60,0
DA:61,0
DA:62,0
DA:63,2
DA:64,2
DA:65,2
DA:66,2
DA:67,2
DA:68,2
DA:69,2
DA:70,2
DA:71,2
DA:72,2
DA:73,4
DA:74,0
DA:75,0
DA:76,2
DA:77,2
DA:78,2
DA:79,2
DA:80,2
DA:81,2
DA:82,2
DA:83,2
DA:84,2
DA:85,2
DA:86,2
DA:87,4
DA:88,0
DA:89,0
DA:90,4
DA:91,18
DA:92,6
DA:93,6
DA:94,6
DA:95,6
DA:96,6
DA:97,6
DA:98,6
DA:99,6
DA:100,6
DA:101,0
DA:102,0
DA:103,0
DA:104,0
DA:105,0
DA:106,0
DA:107,0
DA:108,6
DA:109,1
DA:110,1
DA:111,1
DA:112,1
DA:113,1
DA:114,1
DA:115,2
DA:116,2
DA:117,2
DA:118,2
DA:119,2
DA:120,2
DA:121,0
DA:122,0
DA:123,0
DA:124,0
DA:125,0
DA:126,0
DA:127,0
DA:128,0
DA:129,0
DA:130,0
DA:131,0
DA:132,0
DA:133,0
DA:134,0
DA:135,0
DA:136,0
DA:137,0
DA:138,0
DA:139,0
DA:140,0
DA:141,0
DA:142,1
DA:143,1
DA:144,1
DA:145,1
DA:146,1
DA:147,1
DA:148,1
DA:149,1
DA:150,1
DA:151,1
DA:152,2
DA:153,2
DA:154,2
DA:155,2
DA:156,2
DA:157,2
DA:158,2
DA:159,2
DA:160,2
DA:161,2
DA:162,2
DA:163,2
DA:164,2
DA:165,2
DA:166,2
DA:167,2
DA:168,0
DA:169,0
DA:170,2
DA:171,2
DA:172,2
DA:173,2
DA:174,2
DA:175,2
DA:176,2
DA:177,0
DA:178,0
DA:179,0
DA:180,2
DA:181,1
DA:182,1
DA:183,1
DA:184,1
DA:185,1
DA:186,1
DA:187,1
DA:188,1
DA:189,2
DA:190,2
DA:191,2
DA:192,2
DA:193,2
DA:194,2
DA:195,2
DA:196,2
DA:197,2
DA:198,2
DA:199,2
DA:200,2
DA:201,2
DA:202,2
DA:203,2
DA:204,2
DA:205,2
DA:206,2
DA:207,2
DA:208,2
DA:209,2
DA:210,2
DA:211,2
DA:212,2
DA:213,2
DA:214,2
DA:215,2
DA:216,2
DA:217,2
DA:218,2
DA:219,2
DA:220,2
DA:221,2
DA:222,2
DA:223,2
DA:224,2
DA:225,2
DA:226,2
DA:227,2
DA:228,2
DA:229,2
DA:230,2
DA:231,2
DA:232,2
DA:233,2
DA:234,2
DA:235,2
DA:236,2
DA:237,2
DA:238,2
DA:239,2
DA:240,2
DA:241,2
DA:242,2
DA:243,2
DA:244,2
DA:245,2
DA:246,2
DA:247,2
DA:248,2
DA:249,2
DA:250,0
DA:251,0
DA:252,0
DA:253,2
DA:254,1
DA:255,1
DA:256,1
DA:257,1
DA:258,1
DA:259,1
DA:260,1
LF:260
LH:217
BRDA:10,0,0,6
BRDA:23,1,0,18
BRDA:42,2,0,4
BRDA:51,3,0,2
BRDA:59,4,0,0
BRDA:62,5,0,2
BRDA:73,6,0,0
BRDA:75,7,0,2
BRDA:87,8,0,0
BRDA:100,9,0,0
BRDA:47,10,0,2
BRDA:114,11,0,2
BRDA:120,12,0,0
BRDA:151,13,0,2
BRDA:167,14,0,0
BRDA:176,15,0,0
BRDA:188,16,0,2
BRDA:249,17,0,0
BRDA:207,18,0,2
BRDA:224,19,0,2
BRDA:232,20,0,0
BRDA:232,21,0,2
BRF:22
BRH:13
end_of_record
TN:
SF:backend\src\utils\jobDataFetcher.js
FN:7,fetchEnrichedJobData
FN:83,extractJobDataFromHtml
FN:90,cleanHtml
FNF:3
FNH:3
FNDA:10,fetchEnrichedJobData
FNDA:4,extractJobDataFromHtml
FNDA:6,cleanHtml
DA:1,1
DA:2,1
DA:3,1
DA:4,1
DA:5,1
DA:6,1
DA:7,1
DA:8,10
DA:9,1
DA:10,1
DA:11,9
DA:12,9
DA:13,9
DA:14,10
DA:15,1
DA:16,1
DA:17,8
DA:18,8
DA:19,8
DA:20,10
DA:21,10
DA:22,10
DA:23,10
DA:24,7
DA:25,7
DA:26,7
DA:27,7
DA:28,7
DA:29,7
DA:30,7
DA:31,7
DA:32,7
DA:33,7
DA:34,7
DA:35,7
DA:36,7
DA:37,5
DA:38,6
DA:39,4
DA:40,4
DA:41,4
DA:42,4
DA:43,4
DA:44,4
DA:45,4
DA:46,4
DA:47,4
DA:48,4
DA:49,4
DA:50,4
DA:51,4
DA:52,4
DA:53,4
DA:54,4
DA:55,4
DA:56,7
DA:57,2
DA:58,2
DA:59,2
DA:60,7
DA:61,8
DA:62,8
DA:63,8
DA:64,8
DA:65,8
DA:66,8
DA:67,10
DA:68,10
DA:69,10
DA:70,10
DA:71,10
DA:72,10
DA:73,10
DA:74,10
DA:75,10
DA:76,10
DA:77,10
DA:78,10
DA:79,1
DA:80,1
DA:81,1
DA:82,1
DA:83,4
DA:84,4
DA:85,4
DA:86,4
DA:87,4
DA:88,4
DA:89,4
DA:90,4
DA:91,6
DA:92,6
DA:93,6
DA:94,6
DA:95,6
DA:96,6
DA:97,6
DA:98,6
DA:99,6
DA:100,6
DA:101,6
DA:102,6
DA:103,4
DA:104,4
DA:105,4
DA:106,4
DA:107,4
DA:108,2
DA:109,2
DA:110,2
DA:111,2
DA:112,2
DA:113,0
DA:114,2
DA:115,2
DA:116,2
DA:117,2
DA:118,2
DA:119,2
DA:120,2
DA:121,2
DA:122,2
DA:123,2
DA:124,2
DA:125,2
DA:126,2
DA:127,2
DA:128,1
DA:129,0
DA:130,1
DA:131,1
DA:132,1
DA:133,2
DA:134,2
DA:135,0
DA:136,2
DA:137,2
DA:138,4
DA:139,4
DA:140,4
DA:141,2
DA:142,2
DA:143,2
DA:144,2
DA:145,2
DA:146,2
DA:147,2
DA:148,2
DA:149,2
DA:150,6
DA:151,6
DA:152,2
DA:153,2
DA:154,2
DA:155,6
DA:156,2
DA:157,4
DA:158,4
DA:159,4
DA:160,2
DA:161,2
DA:162,2
DA:163,2
DA:164,2
DA:165,2
DA:166,2
DA:167,5
DA:168,5
DA:169,1
DA:170,1
DA:171,1
DA:172,2
DA:173,2
DA:174,2
DA:175,2
DA:176,2
DA:177,1
DA:178,1
DA:179,5
DA:180,2
DA:181,4
DA:182,4
DA:183,4
DA:184,1
DA:185,1
DA:186,1
DA:187,1
DA:188,1
DA:189,1
DA:190,1
DA:191,1
DA:192,1
DA:193,1
DA:194,4
DA:195,4
DA:196,4
LF:196
LH:193
BRDA:7,0,0,10
BRDA:8,1,0,1
BRDA:10,2,0,9
BRDA:14,3,0,1
BRDA:16,4,0,8
BRDA:19,5,0,1
BRDA:20,6,0,1
BRDA:23,7,0,7
BRDA:23,8,0,7
BRDA:36,9,0,6
BRDA:36,10,0,5
BRDA:38,11,0,4
BRDA:56,12,0,2
BRDA:60,13,0,8
BRDA:67,14,0,3
BRDA:68,15,0,0
BRDA:76,16,0,8
BRDA:83,17,0,4
BRDA:107,18,0,2
BRDA:112,19,0,0
BRDA:124,20,0,0
BRDA:127,21,0,1
BRDA:129,22,0,0
BRDA:134,23,0,0
BRDA:140,24,0,2
BRDA:149,25,0,6
BRDA:151,26,0,2
BRDA:151,27,0,2
BRDA:151,28,0,2
BRDA:159,29,0,2
BRDA:166,30,0,5
BRDA:168,31,0,1
BRDA:168,32,0,1
BRDA:171,33,0,2
BRDA:183,34,0,1
BRDA:183,35,0,1
BRDA:90,36,0,6
BRDA:91,37,0,0
BRDA:189,38,0,3
BRDA:190,39,0,3
BRDA:190,40,0,2
BRF:41
BRH:35
end_of_record
TN:
SF:backend\src\utils\pdfGenerator.js
FN:17,generatePdfFromTemplate
FN:171,getFontsForDocument
FN:288,maskTextRegions
FN:371,redrawGraphics
FN:428,parseColor
FN:453,insertTextIntoPage
FN:460,sortRegionsByPosition
FN:481,deduplicateRegions
FN:608,insertContactInfo
FN:659,insertSummary
FN:672,insertExperience
FN:787,insertSkills
FN:803,insertEducation
FN:900,insertProjects
FN:1008,sanitizeTextForPdf
FN:1032,insertTextAtRegion
FN:1196,wrapTextToWidth
FN:1223,formatDateRange
FN:1224,formatDate
FN:1241,addWatermarkToPdf
FNF:20
FNH:20
FNDA:19,generatePdfFromTemplate
FNDA:16,getFontsForDocument
FNDA:9,maskTextRegions
FNDA:3,redrawGraphics
FNDA:14,parseColor
FNDA:9,insertTextIntoPage
FNDA:9,sortRegionsByPosition
FNDA:9,deduplicateRegions
FNDA:9,insertContactInfo
FNDA:9,insertSummary
FNDA:9,insertExperience
FNDA:9,insertSkills
FNDA:9,insertEducation
FNDA:9,insertProjects
FNDA:22,sanitizeTextForPdf
FNDA:11,insertTextAtRegion
FNDA:2,wrapTextToWidth
FNDA:1,formatDateRange
FNDA:2,formatDate
FNDA:1,addWatermarkToPdf
DA:1,1
DA:2,1
DA:3,1
DA:4,1
DA:5,1
DA:6,1
DA:7,1
DA:8,1
DA:9,1
DA:10,1
DA:11,1
DA:12,1
DA:13,1
DA:14,1
DA:15,1
DA:16,1
DA:17,1
DA:18,19
DA:19,19
DA:20,19
DA:21,1
DA:22,1
DA:23,18
DA:24,19
DA:25,0
DA:26,0
DA:27,18
DA:28,18
DA:29,18
DA:30,18
DA:31,18
DA:32,18
DA:33,18
DA:34,18
DA:35,18
DA:36,18
DA:37,15
DA:38,15
DA:39,15
DA:40,18
DA:41,2
DA:42,2
DA:43,1
DA:44,1
DA:45,1
DA:46,0
DA:47,0
DA:48,0
DA:49,1
DA:50,1
DA:51,1
DA:52,1
DA:53,1
DA:54,0
DA:55,0
DA:56,0
DA:57,3
DA:58,1
DA:59,1
DA:60,1
DA:61,1
DA:62,0
DA:63,0
DA:64,0
DA:65,18
DA:66,19
DA:67,0
DA:68,0
DA:69,18
DA:70,18
DA:71,18
DA:72,18
DA:73,1
DA:74,1
DA:75,1
DA:76,17
DA:77,17
DA:78,17
DA:79,17
DA:80,17
DA:81,17
DA:82,17
DA:83,17
DA:84,1
DA:85,1
DA:86,1
DA:87,1
DA:88,16
DA:89,16
DA:90,16
DA:91,19
DA:92,19
DA:93,19
DA:94,19
DA:95,16
DA:96,19
DA:97,19
DA:98,19
DA:99,19
DA:100,16
DA:101,16
DA:102,16
DA:103,16
DA:104,0
DA:105,0
DA:106,0
DA:107,16
DA:108,16
DA:109,16
DA:110,16
DA:111,16
DA:112,16
DA:113,16
DA:114,16
DA:115,16
DA:116,16
DA:117,16
DA:118,9
DA:119,21
DA:120,21
DA:121,21
DA:122,21
DA:123,21
DA:124,9
DA:125,9
DA:126,9
DA:127,9
DA:128,16
DA:129,16
DA:130,16
DA:131,9
DA:132,9
DA:133,9
DA:134,9
DA:135,9
DA:136,9
DA:137,9
DA:138,9
DA:139,9
DA:140,9
DA:141,16
DA:142,16
DA:143,16
DA:144,3
DA:145,3
DA:146,3
DA:147,16
DA:148,16
DA:149,16
DA:150,16
DA:151,16
DA:152,19
DA:153,1
DA:154,1
DA:155,1
DA:156,16
DA:157,16
DA:158,16
DA:159,16
DA:160,16
DA:161,16
DA:162,16
DA:163,1
DA:164,1
DA:165,1
DA:166,1
DA:167,1
DA:168,1
DA:169,1
DA:170,1
DA:171,16
DA:172,16
DA:173,16
DA:174,16
DA:175,16
DA:176,16
DA:177,16
DA:178,16
DA:179,16
DA:180,16
DA:181,16
DA:182,16
DA:183,16
DA:184,16
DA:185,16
DA:186,16
DA:187,16
DA:188,16
DA:189,16
DA:190,16
DA:191,16
DA:192,16
DA:193,16
DA:194,16
DA:195,16
DA:196,16
DA:197,16
DA:198,16
DA:199,16
DA:200,16
DA:201,16
DA:202,16
DA:203,16
DA:204,10
DA:205,10
DA:206,10
DA:207,10
DA:208,10
DA:209,11
DA:210,11
DA:211,11
DA:212,11
DA:213,11
DA:214,11
DA:215,11
DA:216,11
DA:217,11
DA:218,11
DA:219,11
DA:220,11
DA:221,11
DA:222,11
DA:223,11
DA:224,11
DA:225,11
DA:226,11
DA:227,11
DA:228,11
DA:229,1
DA:230,11
DA:231,0
DA:232,10
DA:233,0
DA:234,0
DA:235,10
DA:236,10
DA:237,1
DA:238,1
DA:239,9
DA:240,9
DA:241,0
DA:242,0
DA:243,0
DA:244,0
DA:245,9
DA:246,9
DA:247,9
DA:248,9
DA:249,11
DA:250,11
DA:251,11
DA:252,11
DA:253,1
DA:254,11
DA:255,1
DA:256,10
DA:257,1
DA:258,9
DA:259,0
DA:260,0
DA:261,11
DA:262,11
DA:263,11
DA:264,11
DA:265,11
DA:266,11
DA:267,11
DA:268,11
DA:269,10
DA:270,16
DA:271,16
DA:272,16
DA:273,16
DA:274,16
DA:275,16
DA:276,6
DA:277,6
DA:278,16
DA:279,16
DA:280,16
DA:281,1
DA:282,1
DA:283,1
DA:284,1
DA:285,1
DA:286,1
DA:287,1
DA:288,9
DA:289,9
DA:290,17
DA:291,17
DA:292,17
DA:293,17
DA:294,17
DA:295,17
DA:296,17
DA:297,17
DA:298,17
DA:299,17
DA:300,17
DA:301,17
DA:302,17
DA:303,17
DA:304,17
DA:305,17
DA:306,17
DA:307,17
DA:308,17
DA:309,17
DA:310,17
DA:311,17
DA:312,17
DA:313,17
DA:314,17
DA:315,17
DA:316,17
DA:317,17
DA:318,17
DA:319,17
DA:320,1
DA:321,1
DA:322,1
DA:323,1
DA:324,1
DA:325,1
DA:326,1
DA:327,1
DA:328,1
DA:329,1
DA:330,1
DA:331,1
DA:332,0
DA:333,0
DA:334,0
DA:335,0
DA:336,0
DA:337,0
DA:338,0
DA:339,0
DA:340,0
DA:341,0
DA:342,1
DA:343,17
DA:344,17
DA:345,17
DA:346,17
DA:347,17
DA:348,17
DA:349,17
DA:350,17
DA:351,17
DA:352,17
DA:353,17
DA:354,17
DA:355,17
DA:356,17
DA:357,17
DA:358,17
DA:359,17
DA:360,17
DA:361,17
DA:362,17
DA:363,17
DA:364,9
DA:365,9
DA:366,1
DA:367,1
DA:368,1
DA:369,1
DA:370,1
DA:371,3
DA:372,3
DA:373,3
DA:374,3
DA:375,4
DA:376,4
DA:377,2
DA:378,2
DA:379,2
DA:380,2
DA:381,2
DA:382,2
DA:383,2
DA:384,2
DA:385,2
DA:386,2
DA:387,2
DA:388,2
DA:389,2
DA:390,2
DA:391,2
DA:392,2
DA:393,2
DA:394,2
DA:395,2
DA:396,2
DA:397,1
DA:398,1
DA:399,1
DA:400,1
DA:401,1
DA:402,1
DA:403,1
DA:404,1
DA:405,1
DA:406,1
DA:407,1
DA:408,1
DA:409,1
DA:410,1
DA:411,1
DA:412,1
DA:413,1
DA:414,1
DA:415,4
DA:416,4
DA:417,1
DA:418,1
DA:419,1
DA:420,3
DA:421,3
DA:422,3
DA:423,3
DA:424,1
DA:425,1
DA:426,1
DA:427,1
DA:428,14
DA:429,14
DA:430,14
DA:431,14
DA:432,14
DA:433,14
DA:434,14
DA:435,14
DA:436,14
DA:437,14
DA:438,14
DA:439,0
DA:440,0
DA:441,0
DA:442,0
DA:443,1
DA:444,1
DA:445,1
DA:446,1
DA:447,1
DA:448,1
DA:449,1
DA:450,1
DA:451,1
DA:452,1
DA:453,9
DA:454,9
DA:455,9
DA:456,9
DA:457,9
DA:458,9
DA:459,9
DA:460,9
DA:461,9
DA:462,10
DA:463,10
DA:464,10
DA:465,10
DA:466,10
DA:467,10
DA:468,10
DA:469,10
DA:470,0
DA:471,0
DA:472,10
DA:473,10
DA:474,10
DA:475,9
DA:476,9
DA:477,9
DA:478,9
DA:479,9
DA:480,9
DA:481,9
DA:482,9
DA:483,9
DA:484,9
DA:485,9
DA:486,9
DA:487,9
DA:488,17
DA:489,17
DA:490,17
DA:491,17
DA:492,17
DA:493,17
DA:494,17
DA:495,17
DA:496,17
DA:497,17
DA:498,17
DA:499,17
DA:500,17
DA:501,0
DA:502,0
DA:503,0
DA:504,0
DA:505,0
DA:506,0
DA:507,0
DA:508,0
DA:509,0
DA:510,0
DA:511,0
DA:512,0
DA:513,0
DA:514,0
DA:515,9
DA:516,9
DA:517,9
DA:518,9
DA:519,10
DA:520,10
DA:521,10
DA:522,10
DA:523,10
DA:524,10
DA:525,0
DA:526,10
DA:527,10
DA:528,10
DA:529,9
DA:530,9
DA:531,9
DA:532,9
DA:533,9
DA:534,9
DA:535,9
DA:536,9
DA:537,9
DA:538,9
DA:539,9
DA:540,9
DA:541,9
DA:542,9
DA:543,9
DA:544,9
DA:545,8
DA:546,64
DA:547,8
DA:548,8
DA:549,8
DA:550,19
DA:551,19
DA:552,19
DA:553,19
DA:554,8
DA:555,8
DA:556,8
DA:557,8
DA:558,8
DA:559,8
DA:560,8
DA:561,9
DA:562,1
DA:563,1
DA:564,1
DA:565,1
DA:566,1
DA:567,1
DA:568,1
DA:569,1
DA:570,1
DA:571,1
DA:572,1
DA:573,9
DA:574,9
DA:575,9
DA:576,9
DA:577,9
DA:578,9
DA:579,9
DA:580,9
DA:581,9
DA:582,9
DA:583,9
DA:584,9
DA:585,9
DA:586,9
DA:587,9
DA:588,9
DA:589,9
DA:590,9
DA:591,9
DA:592,9
DA:593,9
DA:594,9
DA:595,9
DA:596,9
DA:597,9
DA:598,9
DA:599,9
DA:600,9
DA:601,1
DA:602,9
DA:603,9
DA:604,1
DA:605,1
DA:606,1
DA:607,1
DA:608,9
DA:609,9
DA:610,8
DA:611,8
DA:612,8
DA:613,1
DA:614,9
DA:615,9
DA:616,9
DA:617,9
DA:618,9
DA:619,9
DA:620,9
DA:621,0
DA:622,0
DA:623,0
DA:624,9
DA:625,9
DA:626,9
DA:627,9
DA:628,1
DA:629,1
DA:630,9
DA:631,9
DA:632,9
DA:633,1
DA:634,1
DA:635,1
DA:636,0
DA:637,0
DA:638,1
DA:639,1
DA:640,1
DA:641,1
DA:642,1
DA:643,1
DA:644,1
DA:645,1
DA:646,0
DA:647,0
DA:648,0
DA:649,0
DA:650,0
DA:651,0
DA:652,0
DA:653,1
DA:654,1
DA:655,1
DA:656,1
DA:657,1
DA:658,1
DA:659,9
DA:660,9
DA:661,0
DA:662,0
DA:663,0
DA:664,0
DA:665,0
DA:666,0
DA:667,9
DA:668,1
DA:669,1
DA:670,1
DA:671,1
DA:672,9
DA:673,9
DA:674,1
DA:675,9
DA:676,9
DA:677,9
DA:678,9
DA:679,5
DA:680,5
DA:681,9
DA:682,9
DA:683,9
DA:684,9
DA:685,2
DA:686,0
DA:687,0
DA:688,0
DA:689,2
DA:690,2
DA:691,2
DA:692,2
DA:693,2
DA:694,4
DA:695,4
DA:696,2
DA:697,2
DA:698,2
DA:699,2
DA:700,2
DA:701,2
DA:702,2
DA:703,2
DA:704,0
DA:705,0
DA:706,0
DA:707,2
DA:708,2
DA:709,2
DA:710,2
DA:711,0
DA:712,0
DA:713,0
DA:714,2
DA:715,2
DA:716,2
DA:717,2
DA:718,2
DA:719,2
DA:720,0
DA:721,2
DA:722,2
DA:723,2
DA:724,2
DA:725,2
DA:726,2
DA:727,2
DA:728,2
DA:729,2
DA:730,1
DA:731,1
DA:732,1
DA:733,1
DA:734,1
DA:735,1
DA:736,2
DA:737,0
DA:738,0
DA:739,0
DA:740,2
DA:741,2
DA:742,2
DA:743,1
DA:744,1
DA:745,1
DA:746,1
DA:747,1
DA:748,1
DA:749,1
DA:750,2
DA:751,2
DA:752,2
DA:753,2
DA:754,4
DA:755,2
DA:756,2
DA:757,2
DA:758,2
DA:759,2
DA:760,4
DA:761,0
DA:762,0
DA:763,0
DA:764,2
DA:765,2
DA:766,4
DA:767,4
DA:768,4
DA:769,4
DA:770,0
DA:771,0
DA:772,0
DA:773,2
DA:774,2
DA:775,4
DA:776,4
DA:777,4
DA:778,4
DA:779,2
DA:780,2
DA:781,9
DA:782,9
DA:783,1
DA:784,1
DA:785,1
DA:786,1
DA:787,9
DA:788,9
DA:789,1
DA:790,1
DA:791,1
DA:792,1
DA:793,9
DA:794,9
DA:795,9
DA:796,1
DA:797,1
DA:798,9
DA:799,1
DA:800,1
DA:801,1
DA:802,1
DA:803,9
DA:804,9
DA:805,1
DA:806,9
DA:807,9
DA:808,9
DA:809,9
DA:810,1
DA:811,0
DA:812,0
DA:813,0
DA:814,1
DA:815,1
DA:816,1
DA:817,1
DA:818,2
DA:819,2
DA:820,1
DA:821,1
DA:822,1
DA:823,1
DA:824,1
DA:825,1
DA:826,0
DA:827,0
DA:828,0
DA:829,1
DA:830,1
DA:831,1
DA:832,1
DA:833,1
DA:834,5
DA:835,1
DA:836,1
DA:837,1
DA:838,1
DA:839,1
DA:840,1
DA:841,1
DA:842,1
DA:843,5
DA:844,0
DA:845,0
DA:846,0
DA:847,0
DA:848,0
DA:849,5
DA:850,0
DA:851,0
DA:852,0
DA:853,0
DA:854,5
DA:855,0
DA:856,0
DA:857,5
DA:858,0
DA:859,0
DA:860,5
DA:861,0
DA:862,5
DA:863,1
DA:864,5
DA:865,1
DA:866,1
DA:867,1
DA:868,1
DA:869,1
DA:870,1
DA:871,1
DA:872,1
DA:873,1
DA:874,1
DA:875,1
DA:876,1
DA:877,1
DA:878,1
DA:879,0
DA:880,0
DA:881,0
DA:882,1
DA:883,1
DA:884,1
DA:885,0
DA:886,0
DA:887,0
DA:888,0
DA:889,0
DA:890,0
DA:891,0
DA:892,0
DA:893,1
DA:894,9
DA:895,9
DA:896,1
DA:897,1
DA:898,1
DA:899,1
DA:900,9
DA:901,9
DA:902,2
DA:903,2
DA:904,2
DA:905,2
DA:906,0
DA:907,0
DA:908,0
DA:909,2
DA:910,2
DA:911,2
DA:912,2
DA:913,3
DA:914,3
DA:915,1
DA:916,1
DA:917,2
DA:918,2
DA:919,2
DA:920,2
DA:921,1
DA:922,1
DA:923,1
DA:924,1
DA:925,2
DA:926,2
DA:927,2
DA:928,2
DA:929,2
DA:930,2
DA:931,2
DA:932,1
DA:933,1
DA:934,1
DA:935,1
DA:936,1
DA:937,1
DA:938,1
DA:939,1
DA:940,1
DA:941,1
DA:942,1
DA:943,1
DA:944,0
DA:945,0
DA:946,0
DA:947,0
DA:948,0
DA:949,0
DA:950,0
DA:951,0
DA:952,0
DA:953,0
DA:954,0
DA:955,0
DA:956,0
DA:957,1
DA:958,0
DA:959,0
DA:960,0
DA:961,0
DA:962,1
DA:963,1
DA:964,1
DA:965,2
DA:966,2
DA:967,2
DA:968,1
DA:969,0
DA:970,0
DA:971,0
DA:972,1
DA:973,1
DA:974,1
DA:975,1
DA:976,0
DA:977,0
DA:978,0
DA:979,1
DA:980,1
DA:981,1
DA:982,1
DA:983,1
DA:984,1
DA:985,0
DA:986,0
DA:987,0
DA:988,0
DA:989,0
DA:990,1
DA:991,1
DA:992,1
DA:993,1
DA:994,1
DA:995,1
DA:996,1
DA:997,1
DA:998,1
DA:999,1
DA:1000,2
DA:1001,2
DA:1002,2
DA:1003,1
DA:1004,1
DA:1005,1
DA:1006,1
DA:1007,1
DA:1008,22
DA:1009,22
DA:1010,22
DA:1011,22
DA:1012,22
DA:1013,22
DA:1014,22
DA:1015,22
DA:1016,22
DA:1017,22
DA:1018,22
DA:1019,22
DA:1020,22
DA:1021,22
DA:1022,22
DA:1023,22
DA:1024,22
DA:1025,22
DA:1026,22
DA:1027,1
DA:1028,1
DA:1029,1
DA:1030,1
DA:1031,1
DA:1032,11
DA:1033,11
DA:1034,11
DA:1035,11
DA:1036,11
DA:1037,11
DA:1038,11
DA:1039,11
DA:1040,11
DA:1041,11
DA:1042,11
DA:1043,11
DA:1044,11
DA:1045,11
DA:1046,11
DA:1047,11
DA:1048,0
DA:1049,0
DA:1050,0
DA:1051,0
DA:1052,0
DA:1053,0
DA:1054,0
DA:1055,0
DA:1056,0
DA:1057,0
DA:1058,0
DA:1059,0
DA:1060,0
DA:1061,0
DA:1062,0
DA:1063,0
DA:1064,11
DA:1065,11
DA:1066,11
DA:1067,0
DA:1068,0
DA:1069,0
DA:1070,0
DA:1071,0
DA:1072,0
DA:1073,0
DA:1074,0
DA:1075,11
DA:1076,11
DA:1077,11
DA:1078,11
DA:1079,11
DA:1080,0
DA:1081,0
DA:1082,0
DA:1083,11
DA:1084,11
DA:1085,11
DA:1086,0
DA:1087,0
DA:1088,11
DA:1089,11
DA:1090,11
DA:1091,5
DA:1092,5
DA:1093,11
DA:1094,5
DA:1095,5
DA:1096,5
DA:1097,11
DA:1098,11
DA:1099,11
DA:1100,11
DA:1101,11
DA:1102,11
DA:1103,11
DA:1104,11
DA:1105,11
DA:1106,11
DA:1107,11
DA:1108,11
DA:1109,0
DA:1110,0
DA:1111,0
DA:1112,0
DA:1113,0
DA:1114,0
DA:1115,0
DA:1116,0
DA:1117,11
DA:1118,11
DA:1119,11
DA:1120,11
DA:1121,10
DA:1122,10
DA:1123,10
DA:1124,11
DA:1125,11
DA:1126,11
DA:1127,11
DA:1128,11
DA:1129,11
DA:1130,11
DA:1131,11
DA:1132,11
DA:1133,11
DA:1134,11
DA:1135,11
DA:1136,11
DA:1137,11
DA:1138,11
DA:1139,0
DA:1140,0
DA:1141,0
DA:1142,11
DA:1143,11
DA:1144,2
DA:1145,2
DA:1146,2
DA:1147,2
DA:1148,2
DA:1149,2
DA:1150,0
DA:1151,0
DA:1152,0
DA:1153,2
DA:1154,2
DA:1155,2
DA:1156,2
DA:1157,2
DA:1158,2
DA:1159,2
DA:1160,2
DA:1161,2
DA:1162,2
DA:1163,2
DA:1164,2
DA:1165,2
DA:1166,2
DA:1167,11
DA:1168,9
DA:1169,9
DA:1170,9
DA:1171,9
DA:1172,9
DA:1173,0
DA:1174,0
DA:1175,0
DA:1176,0
DA:1177,0
DA:1178,0
DA:1179,0
DA:1180,9
DA:1181,9
DA:1182,9
DA:1183,9
DA:1184,9
DA:1185,9
DA:1186,9
DA:1187,9
DA:1188,9
DA:1189,9
DA:1190,9
DA:1191,11
DA:1192,1
DA:1193,1
DA:1194,1
DA:1195,1
DA:1196,2
DA:1197,2
DA:1198,2
DA:1199,2
DA:1200,2
DA:1201,2
DA:1202,6
DA:1203,6
DA:1204,6
DA:1205,6
DA:1206,0
DA:1207,0
DA:1208,6
DA:1209,6
DA:1210,6
DA:1211,2
DA:1212,2
DA:1213,2
DA:1214,2
DA:1215,2
DA:1216,2
DA:1217,2
DA:1218,2
DA:1219,1
DA:1220,1
DA:1221,1
DA:1222,1
DA:1223,1
DA:1224,1
DA:1225,2
DA:1226,2
DA:1227,2
DA:1228,1
DA:1229,1
DA:1230,1
DA:1231,1
DA:1232,1
DA:1233,1
DA:1234,1
DA:1235,1
DA:1236,1
DA:1237,1
DA:1238,1
DA:1239,1
DA:1240,1
DA:1241,1
DA:1242,1
DA:1243,1
DA:1244,1
DA:1245,1
DA:1246,1
DA:1247,1
DA:1248,1
DA:1249,1
DA:1250,1
DA:1251,1
DA:1252,1
DA:1253,1
DA:1254,1
DA:1255,1
DA:1256,1
DA:1257,1
DA:1258,1
DA:1259,1
DA:1260,1
DA:1261,1
DA:1262,1
DA:1263,1
DA:1264,1
DA:1265,1
DA:1266,1
LF:1266
LH:1059
BRDA:17,0,0,19
BRDA:20,1,0,1
BRDA:22,2,0,18
BRDA:24,3,0,18
BRDA:24,4,0,18
BRDA:24,5,0,0
BRDA:36,6,0,15
BRDA:40,7,0,3
BRDA:40,8,0,2
BRDA:42,9,0,1
BRDA:42,10,0,1
BRDA:45,11,0,0
BRDA:53,12,0,0
BRDA:57,13,0,1
BRDA:61,14,0,0
BRDA:66,15,0,18
BRDA:66,16,0,0
BRDA:72,17,0,1
BRDA:75,18,0,17
BRDA:82,19,0,16
BRDA:83,20,0,1
BRDA:87,21,0,16
BRDA:91,22,0,0
BRDA:94,23,0,16
BRDA:96,24,0,0
BRDA:99,25,0,16
BRDA:103,26,0,0
BRDA:117,27,0,9
BRDA:126,28,0,0
BRDA:130,29,0,9
BRDA:143,30,0,3
BRDA:152,31,0,1
BRDA:152,32,0,1
BRDA:152,33,0,16
BRDA:152,34,0,1
BRDA:118,35,0,21
BRDA:120,36,0,0
BRDA:123,37,0,18
BRDA:122,38,0,129
BRDA:122,39,0,128
BRDA:171,40,0,16
BRDA:199,41,0,0
BRDA:201,42,0,0
BRDA:203,43,0,10
BRDA:208,44,0,11
BRDA:209,45,0,0
BRDA:209,46,0,0
BRDA:210,47,0,0
BRDA:219,48,0,10
BRDA:220,49,0,10
BRDA:222,50,0,10
BRDA:223,51,0,10
BRDA:224,52,0,10
BRDA:228,53,0,1
BRDA:228,54,0,1
BRDA:230,55,0,10
BRDA:230,56,0,0
BRDA:232,57,0,0
BRDA:236,58,0,9
BRDA:236,59,0,1
BRDA:240,60,0,0
BRDA:252,61,0,10
BRDA:252,62,0,1
BRDA:253,63,0,0
BRDA:254,64,0,10
BRDA:254,65,0,1
BRDA:255,66,0,0
BRDA:256,67,0,9
BRDA:256,68,0,1
BRDA:258,69,0,8
BRDA:258,70,0,0
BRDA:275,71,0,6
BRDA:201,72,0,11
BRDA:201,73,0,0
BRDA:275,74,0,27
BRDA:288,75,0,9
BRDA:289,76,0,17
BRDA:291,77,0,0
BRDA:294,78,0,0
BRDA:294,79,0,0
BRDA:295,80,0,0
BRDA:295,81,0,0
BRDA:296,82,0,0
BRDA:300,83,0,0
BRDA:300,84,0,0
BRDA:301,85,0,0
BRDA:303,86,0,0
BRDA:306,87,0,0
BRDA:319,88,0,1
BRDA:331,89,0,0
BRDA:347,90,0,1
BRDA:347,91,0,16
BRDA:371,92,0,3
BRDA:372,93,0,0
BRDA:374,94,0,4
BRDA:376,95,0,2
BRDA:376,96,0,2
BRDA:376,97,0,2
BRDA:395,98,0,1
BRDA:396,99,0,1
BRDA:416,100,0,1
BRDA:428,101,0,14
BRDA:429,102,0,0
BRDA:438,103,0,0
BRDA:453,104,0,9
BRDA:456,105,0,8
BRDA:456,106,0,1
BRDA:544,107,0,8
BRDA:561,108,0,1
BRDA:576,109,0,8
BRDA:580,110,0,7
BRDA:584,111,0,8
BRDA:588,112,0,8
BRDA:592,113,0,8
BRDA:596,114,0,7
BRDA:600,115,0,1
BRDA:460,116,0,9
BRDA:461,117,0,10
BRDA:463,118,0,0
BRDA:464,119,0,0
BRDA:469,120,0,0
BRDA:472,121,0,0
BRDA:472,122,0,0
BRDA:473,123,0,0
BRDA:473,124,0,0
BRDA:473,125,0,0
BRDA:481,126,0,9
BRDA:487,127,0,17
BRDA:488,128,0,0
BRDA:489,129,0,0
BRDA:500,130,0,0
BRDA:518,131,0,10
BRDA:519,132,0,0
BRDA:520,133,0,0
BRDA:524,134,0,0
BRDA:526,135,0,0
BRDA:526,136,0,0
BRDA:527,137,0,0
BRDA:527,138,0,0
BRDA:527,139,0,0
BRDA:545,140,0,64
BRDA:546,141,0,8
BRDA:546,142,0,8
BRDA:549,143,0,19
BRDA:550,144,0,0
BRDA:552,145,0,17
BRDA:552,146,0,104
BRDA:552,147,0,103
BRDA:564,148,0,1
BRDA:565,149,0,0
BRDA:567,150,0,6
BRDA:608,151,0,9
BRDA:609,152,0,8
BRDA:612,153,0,1
BRDA:614,154,0,0
BRDA:615,155,0,0
BRDA:616,156,0,1
BRDA:617,157,0,1
BRDA:630,158,0,1
BRDA:632,159,0,1
BRDA:632,160,0,1
BRDA:633,161,0,0
BRDA:633,162,0,0
BRDA:633,163,0,0
BRDA:635,164,0,0
BRDA:627,165,0,1
BRDA:643,166,0,1
BRDA:645,167,0,0
BRDA:645,168,0,0
BRDA:645,169,0,0
BRDA:659,170,0,9
BRDA:660,171,0,0
BRDA:660,172,0,0
BRDA:672,173,0,9
BRDA:673,174,0,1
BRDA:673,175,0,1
BRDA:673,176,0,8
BRDA:673,177,0,1
BRDA:675,178,0,0
BRDA:678,179,0,5
BRDA:679,180,0,0
BRDA:680,181,0,0
BRDA:684,182,0,2
BRDA:685,183,0,0
BRDA:692,184,0,0
BRDA:693,185,0,4
BRDA:694,186,0,0
BRDA:695,187,0,2
BRDA:703,188,0,0
BRDA:710,189,0,0
BRDA:719,190,0,0
BRDA:719,191,0,0
BRDA:729,192,0,1
BRDA:736,193,0,0
BRDA:742,194,0,1
BRDA:753,195,0,4
BRDA:754,196,0,2
BRDA:760,197,0,0
BRDA:763,198,0,2
BRDA:766,199,0,0
BRDA:769,200,0,2
BRDA:769,201,0,0
BRDA:769,202,0,0
BRDA:772,203,0,2
BRDA:774,204,0,0
BRDA:775,205,0,2
BRDA:787,206,0,9
BRDA:788,207,0,1
BRDA:788,208,0,1
BRDA:788,209,0,8
BRDA:788,210,0,1
BRDA:793,211,0,0
BRDA:795,212,0,1
BRDA:795,213,0,1
BRDA:792,214,0,3
BRDA:792,215,0,0
BRDA:803,216,0,9
BRDA:804,217,0,1
BRDA:804,218,0,1
BRDA:804,219,0,8
BRDA:804,220,0,1
BRDA:806,221,0,0
BRDA:809,222,0,1
BRDA:810,223,0,0
BRDA:816,224,0,0
BRDA:817,225,0,2
BRDA:818,226,0,0
BRDA:819,227,0,1
BRDA:825,228,0,0
BRDA:878,229,0,0
BRDA:884,230,0,0
BRDA:833,231,0,5
BRDA:834,232,0,4
BRDA:834,233,0,1
BRDA:841,234,0,0
BRDA:843,235,0,0
BRDA:849,236,0,0
BRDA:854,237,0,0
BRDA:857,238,0,0
BRDA:860,239,0,0
BRDA:862,240,0,1
BRDA:864,241,0,1
BRDA:900,242,0,9
BRDA:901,243,0,2
BRDA:901,244,0,2
BRDA:901,245,0,7
BRDA:901,246,0,2
BRDA:904,247,0,2
BRDA:905,248,0,0
BRDA:911,249,0,0
BRDA:912,250,0,3
BRDA:913,251,0,0
BRDA:914,252,0,2
BRDA:914,253,0,1
BRDA:920,254,0,1
BRDA:925,255,0,0
BRDA:926,256,0,0
BRDA:926,257,0,0
BRDA:927,258,0,1
BRDA:927,259,0,0
BRDA:931,260,0,1
BRDA:931,261,0,1
BRDA:933,262,0,0
BRDA:935,263,0,0
BRDA:943,264,0,0
BRDA:957,265,0,0
BRDA:964,266,0,0
BRDA:967,267,0,1
BRDA:968,268,0,0
BRDA:975,269,0,0
BRDA:980,270,0,0
BRDA:984,271,0,0
BRDA:984,272,0,0
BRDA:1008,273,0,22
BRDA:1009,274,0,0
BRDA:1032,275,0,11
BRDA:1035,276,0,0
BRDA:1041,277,0,0
BRDA:1047,278,0,0
BRDA:1066,279,0,0
BRDA:1079,280,0,0
BRDA:1085,281,0,0
BRDA:1090,282,0,5
BRDA:1093,283,0,5
BRDA:1093,284,0,5
BRDA:1099,285,0,0
BRDA:1100,286,0,0
BRDA:1100,287,0,0
BRDA:1100,288,0,0
BRDA:1108,289,0,0
BRDA:1119,290,0,5
BRDA:1120,291,0,10
BRDA:1126,292,0,0
BRDA:1126,293,0,0
BRDA:1127,294,0,0
BRDA:1127,295,0,0
BRDA:1138,296,0,0
BRDA:1143,297,0,2
BRDA:1149,298,0,0
BRDA:1167,299,0,9
BRDA:1172,300,0,0
BRDA:1196,301,0,2
BRDA:1201,302,0,6
BRDA:1202,303,0,4
BRDA:1202,304,0,2
BRDA:1205,305,0,0
BRDA:1205,306,0,0
BRDA:1223,307,0,1
BRDA:1231,308,0,0
BRDA:1233,309,0,0
BRDA:1224,310,0,2
BRDA:1225,311,0,0
BRDA:1241,312,0,1
BRF:313
BRH:172
end_of_record
TN:
SF:backend\src\utils\pdfLayoutExtractor.js
FN:17,extractPdfLayout
FN:184,extractTextRegions
FN:267,createRegionFromItems
FN:362,extractGraphics
FN:459,extractColorFromArgs
FN:483,mapTextRegionsToSections
FNF:6
FNH:6
FNDA:2,extractPdfLayout
FNDA:2,extractTextRegions
FNDA:6,createRegionFromItems
FNDA:2,extractGraphics
FNDA:2,extractColorFromArgs
FNDA:1,mapTextRegionsToSections
DA:1,1
DA:2,1
DA:3,1
DA:4,1
DA:5,1
DA:6,1
DA:7,1
DA:8,1
DA:9,1
DA:10,1
DA:11,1
DA:12,1
DA:13,1
DA:14,1
DA:15,1
DA:16,1
DA:17,1
DA:18,2
DA:19,2
DA:20,2
DA:21,2
DA:22,2
DA:23,2
DA:24,1
DA:25,1
DA:26,1
DA:27,1
DA:28,1
DA:29,1
DA:30,1
DA:31,1
DA:32,1
DA:33,1
DA:34,1
DA:35,1
DA:36,1
DA:37,1
DA:38,1
DA:39,2
DA:40,2
DA:41,2
DA:42,2
DA:43,2
DA:44,2
DA:45,2
DA:46,2
DA:47,2
DA:48,2
DA:49,2
DA:50,2
DA:51,2
DA:52,2
DA:53,2
DA:54,2
DA:55,2
DA:56,2
DA:57,2
DA:58,2
DA:59,6
DA:60,6
DA:61,6
DA:62,3
DA:63,3
DA:64,3
DA:65,3
DA:66,3
DA:67,3
DA:68,3
DA:69,1
DA:70,1
DA:71,1
DA:72,1
DA:73,1
DA:74,1
DA:75,1
DA:76,1
DA:77,0
DA:78,0
DA:79,0
DA:80,0
DA:81,0
DA:82,1
DA:83,1
DA:84,1
DA:85,1
DA:86,1
DA:87,1
DA:88,1
DA:89,1
DA:90,1
DA:91,1
DA:92,1
DA:93,1
DA:94,0
DA:95,1
DA:96,1
DA:97,1
DA:98,1
DA:99,0
DA:100,0
DA:101,0
DA:102,1
DA:103,3
DA:104,3
DA:105,3
DA:106,0
DA:107,0
DA:108,0
DA:109,0
DA:110,0
DA:111,3
DA:112,3
DA:113,3
DA:114,3
DA:115,3
DA:116,3
DA:117,3
DA:118,3
DA:119,3
DA:120,3
DA:121,3
DA:122,3
DA:123,3
DA:124,3
DA:125,3
DA:126,3
DA:127,3
DA:128,3
DA:129,3
DA:130,3
DA:131,3
DA:132,3
DA:133,3
DA:134,3
DA:135,3
DA:136,3
DA:137,3
DA:138,3
DA:139,3
DA:140,3
DA:141,3
DA:142,6
DA:143,2
DA:144,2
DA:145,2
DA:146,2
DA:147,2
DA:148,2
DA:149,2
DA:150,2
DA:151,2
DA:152,2
DA:153,2
DA:154,2
DA:155,2
DA:156,2
DA:157,2
DA:158,2
DA:159,4
DA:160,2
DA:161,2
DA:162,0
DA:163,0
DA:164,2
DA:165,2
DA:166,2
DA:167,2
DA:168,2
DA:169,2
DA:170,2
DA:171,2
DA:172,1
DA:173,1
DA:174,1
DA:175,1
DA:176,2
DA:177,1
DA:178,1
DA:179,1
DA:180,1
DA:181,1
DA:182,1
DA:183,1
DA:184,2
DA:185,2
DA:186,2
DA:187,2
DA:188,2
DA:189,2
DA:190,2
DA:191,2
DA:192,2
DA:193,2
DA:194,6
DA:195,6
DA:196,6
DA:197,6
DA:198,6
DA:199,6
DA:200,6
DA:201,6
DA:202,2
DA:203,2
DA:204,2
DA:205,2
DA:206,6
DA:207,6
DA:208,0
DA:209,0
DA:210,0
DA:211,6
DA:212,6
DA:213,6
DA:214,6
DA:215,6
DA:216,6
DA:217,6
DA:218,6
DA:219,6
DA:220,6
DA:221,6
DA:222,6
DA:223,6
DA:224,6
DA:225,6
DA:226,0
DA:227,0
DA:228,6
DA:229,6
DA:230,6
DA:231,0
DA:232,0
DA:233,0
DA:234,6
DA:235,6
DA:236,6
DA:237,6
DA:238,6
DA:239,6
DA:240,6
DA:241,6
DA:242,6
DA:243,2
DA:244,2
DA:245,2
DA:246,2
DA:247,6
DA:248,2
DA:249,2
DA:250,2
DA:251,2
DA:252,6
DA:253,4
DA:254,4
DA:255,4
DA:256,4
DA:257,4
DA:258,4
DA:259,2
DA:260,2
DA:261,2
DA:262,2
DA:263,1
DA:264,1
DA:265,1
DA:266,1
DA:267,6
DA:268,6
DA:269,6
DA:270,6
DA:271,6
DA:272,6
DA:273,6
DA:274,6
DA:275,6
DA:276,6
DA:277,6
DA:278,6
DA:279,6
DA:280,6
DA:281,6
DA:282,6
DA:283,6
DA:284,6
DA:285,6
DA:286,6
DA:287,6
DA:288,6
DA:289,0
DA:290,0
DA:291,6
DA:292,6
DA:293,6
DA:294,6
DA:295,6
DA:296,6
DA:297,6
DA:298,6
DA:299,6
DA:300,6
DA:301,6
DA:302,6
DA:303,6
DA:304,6
DA:305,6
DA:306,6
DA:307,6
DA:308,6
DA:309,6
DA:310,6
DA:311,6
DA:312,6
DA:313,6
DA:314,6
DA:315,6
DA:316,6
DA:317,6
DA:318,6
DA:319,6
DA:320,6
DA:321,2
DA:322,0
DA:323,2
DA:324,2
DA:325,2
DA:326,2
DA:327,2
DA:328,6
DA:329,6
DA:330,6
DA:331,6
DA:332,6
DA:333,6
DA:334,6
DA:335,6
DA:336,6
DA:337,6
DA:338,6
DA:339,6
DA:340,6
DA:341,6
DA:342,6
DA:343,6
DA:344,6
DA:345,6
DA:346,6
DA:347,6
DA:348,6
DA:349,6
DA:350,6
DA:351,2
DA:352,2
DA:353,6
DA:354,6
DA:355,1
DA:356,1
DA:357,1
DA:358,1
DA:359,1
DA:360,1
DA:361,1
DA:362,2
DA:363,2
DA:364,2
DA:365,2
DA:366,2
DA:367,0
DA:368,0
DA:369,0
DA:370,2
DA:371,2
DA:372,2
DA:373,2
DA:374,2
DA:375,2
DA:376,2
DA:377,2
DA:378,2
DA:379,2
DA:380,14
DA:381,14
DA:382,14
DA:383,14
DA:384,14
DA:385,2
DA:386,2
DA:387,0
DA:388,2
DA:389,14
DA:390,14
DA:391,14
DA:392,2
DA:393,2
DA:394,14
DA:395,14
DA:396,14
DA:397,2
DA:398,2
DA:399,2
DA:400,2
DA:401,2
DA:402,2
DA:403,2
DA:404,2
DA:405,2
DA:406,2
DA:407,14
DA:408,14
DA:409,2
DA:410,0
DA:411,0
DA:412,0
DA:413,0
DA:414,0
DA:415,0
DA:416,0
DA:417,2
DA:418,14
DA:419,14
DA:420,14
DA:421,4
DA:422,4
DA:423,4
DA:424,4
DA:425,4
DA:426,4
DA:427,4
DA:428,4
DA:429,4
DA:430,4
DA:431,4
DA:432,14
DA:433,14
DA:434,14
DA:435,2
DA:436,2
DA:437,2
DA:438,2
DA:439,2
DA:440,2
DA:441,2
DA:442,2
DA:443,2
DA:444,2
DA:445,2
DA:446,2
DA:447,2
DA:448,2
DA:449,14
DA:450,2
DA:451,2
DA:452,2
DA:453,1
DA:454,1
DA:455,1
DA:456,1
DA:457,1
DA:458,1
DA:459,2
DA:460,2
DA:461,2
DA:462,2
DA:463,2
DA:464,0
DA:465,0
DA:466,0
DA:467,2
DA:468,2
DA:469,2
DA:470,2
DA:471,2
DA:472,2
DA:473,0
DA:474,0
DA:475,0
DA:476,1
DA:477,1
DA:478,1
DA:479,1
DA:480,1
DA:481,1
DA:482,1
DA:483,1
DA:484,1
DA:485,1
DA:486,1
DA:487,1
DA:488,1
DA:489,1
DA:490,1
DA:491,1
DA:492,1
DA:493,1
DA:494,1
DA:495,1
DA:496,1
DA:497,1
DA:498,1
DA:499,1
DA:500,1
DA:501,1
DA:502,1
DA:503,1
DA:504,1
DA:505,1
DA:506,1
DA:507,1
DA:508,1
DA:509,4
DA:510,4
DA:511,4
DA:512,1
DA:513,1
DA:514,1
DA:515,1
DA:516,1
DA:517,5
DA:518,5
DA:519,5
DA:520,5
DA:521,5
DA:522,22
DA:523,3
DA:524,3
DA:525,3
DA:526,3
DA:527,3
DA:528,3
DA:529,3
DA:530,3
DA:531,3
DA:532,3
DA:533,3
DA:534,3
DA:535,3
DA:536,3
DA:537,22
DA:538,5
DA:539,5
DA:540,5
DA:541,2
DA:542,1
DA:543,1
DA:544,1
DA:545,1
DA:546,1
DA:547,1
DA:548,1
DA:549,1
DA:550,1
DA:551,1
DA:552,1
DA:553,0
DA:554,0
DA:555,1
DA:556,2
DA:557,1
DA:558,1
DA:559,1
DA:560,1
LF:560
LH:514
BRDA:17,0,0,2
BRDA:20,1,0,0
BRDA:23,2,0,1
BRDA:38,3,0,2
BRDA:161,4,0,0
BRDA:58,5,0,6
BRDA:61,6,0,3
BRDA:62,7,0,0
BRDA:68,8,0,1
BRDA:76,9,0,0
BRDA:93,10,0,0
BRDA:98,11,0,0
BRDA:105,12,0,0
BRDA:120,13,0,2
BRDA:121,14,0,2
BRDA:122,15,0,2
BRDA:123,16,0,2
BRDA:131,17,0,1
BRDA:131,18,0,2
BRDA:137,19,0,2
BRDA:137,20,0,1
BRDA:138,21,0,0
BRDA:139,22,0,0
BRDA:158,23,0,4
BRDA:184,24,0,2
BRDA:193,25,0,6
BRDA:194,26,0,0
BRDA:205,27,0,4
BRDA:205,28,0,6
BRDA:219,29,0,6
BRDA:220,30,0,0
BRDA:225,31,0,0
BRDA:225,32,0,0
BRDA:225,33,0,0
BRDA:230,34,0,0
BRDA:246,35,0,6
BRDA:251,36,0,6
BRDA:252,37,0,4
BRDA:267,38,0,6
BRDA:268,39,0,0
BRDA:272,40,0,0
BRDA:277,41,0,0
BRDA:278,42,0,0
BRDA:320,43,0,2
BRDA:321,44,0,0
BRDA:331,45,0,4
BRDA:341,46,0,4
BRDA:341,47,0,2
BRDA:341,48,0,0
BRDA:342,49,0,4
BRDA:342,50,0,2
BRDA:350,51,0,4
BRDA:350,52,0,2
BRDA:351,53,0,0
BRDA:352,54,0,0
BRDA:283,55,0,6
BRDA:284,56,0,0
BRDA:288,57,0,0
BRDA:288,58,0,0
BRDA:292,59,0,0
BRDA:293,60,0,0
BRDA:297,61,0,6
BRDA:298,62,0,0
BRDA:299,63,0,0
BRDA:362,64,0,2
BRDA:366,65,0,0
BRDA:379,66,0,14
BRDA:384,67,0,12
BRDA:384,68,0,2
BRDA:387,69,0,0
BRDA:391,70,0,2
BRDA:391,71,0,2
BRDA:391,72,0,2
BRDA:392,73,0,0
BRDA:396,74,0,2
BRDA:408,75,0,2
BRDA:409,76,0,0
BRDA:420,77,0,12
BRDA:420,78,0,4
BRDA:434,79,0,2
BRDA:459,80,0,2
BRDA:460,81,0,0
BRDA:463,82,0,0
BRDA:472,83,0,0
BRDA:483,84,0,1
BRDA:508,85,0,4
BRDA:509,86,0,0
BRDA:510,87,0,0
BRDA:516,88,0,5
BRDA:521,89,0,22
BRDA:522,90,0,3
BRDA:525,91,0,0
BRDA:527,92,0,0
BRDA:540,93,0,2
BRDA:541,94,0,1
BRDA:542,95,0,0
BRDA:552,96,0,0
BRDA:522,97,0,70
BRF:98
BRH:55
end_of_record
TN:
SF:backend\src\utils\responseFormat.js
FN:40,createResponse
FN:53,successResponse
FN:57,errorResponse
FN:61,validationErrorResponse
FN:72,sendResponse
FNF:5
FNH:5
FNDA:22,createResponse
FNDA:6,successResponse
FNDA:7,errorResponse
FNDA:4,validationErrorResponse
FNDA:3,sendResponse
DA:1,1
DA:2,1
DA:3,1
DA:4,1
DA:5,1
DA:6,1
DA:7,1
DA:8,1
DA:9,1
DA:10,1
DA:11,1
DA:12,1
DA:13,1
DA:14,1
DA:15,1
DA:16,1
DA:17,1
DA:18,1
DA:19,1
DA:20,1
DA:21,1
DA:22,1
DA:23,1
DA:24,1
DA:25,1
DA:26,1
DA:27,1
DA:28,1
DA:29,1
DA:30,1
DA:31,1
DA:32,1
DA:33,1
DA:34,1
DA:35,1
DA:36,1
DA:37,1
DA:38,1
DA:39,1
DA:40,1
DA:41,22
DA:42,22
DA:43,22
DA:44,22
DA:45,22
DA:46,22
DA:47,22
DA:48,22
DA:49,22
DA:50,22
DA:51,22
DA:52,1
DA:53,1
DA:54,6
DA:55,6
DA:56,1
DA:57,1
DA:58,7
DA:59,7
DA:60,1
DA:61,1
DA:62,4
DA:63,4
DA:64,4
DA:65,4
DA:66,4
DA:67,4
DA:68,4
DA:69,4
DA:70,4
DA:71,1
DA:72,1
DA:73,3
DA:74,3
LF:74
LH:74
BRDA:40,0,0,22
BRDA:45,1,0,7
BRDA:46,2,0,6
BRDA:47,3,0,2
BRDA:53,4,0,6
BRDA:57,5,0,7
BRDA:61,6,0,4
BRDA:63,7,0,4
BRDA:64,8,0,1
BRDA:72,9,0,3
BRF:10
BRH:10
end_of_record
TN:
SF:backend\src\utils\resumeExporter.js
FN:9,toDocxColor
FN:20,to2
FN:59,exportToDocx
FN:404,exportToHtml
FN:603,exportToPlainText
FNF:5
FNH:5
FNDA:31,toDocxColor
FNDA:63,to2
FNDA:2,exportToDocx
FNDA:2,exportToHtml
FNDA:2,exportToPlainText
DA:1,1
DA:2,1
DA:3,1
DA:4,1
DA:5,1
DA:6,1
DA:7,1
DA:8,1
DA:9,1
DA:10,31
DA:11,31
DA:12,31
DA:13,31
DA:14,31
DA:15,21
DA:16,21
DA:17,21
DA:18,21
DA:19,21
DA:20,21
DA:21,21
DA:22,21
DA:23,0
DA:24,0
DA:25,10
DA:26,10
DA:27,10
DA:28,10
DA:29,10
DA:30,10
DA:31,10
DA:32,10
DA:33,10
DA:34,10
DA:35,10
DA:36,0
DA:37,0
DA:38,0
DA:39,0
DA:40,0
DA:41,0
DA:42,0
DA:43,0
DA:44,0
DA:45,0
DA:46,0
DA:47,0
DA:48,0
DA:49,0
DA:50,0
DA:51,0
DA:52,1
DA:53,1
DA:54,1
DA:55,1
DA:56,1
DA:57,1
DA:58,1
DA:59,1
DA:60,2
DA:61,2
DA:62,2
DA:63,2
DA:64,2
DA:65,2
DA:66,2
DA:67,2
DA:68,2
DA:69,2
DA:70,2
DA:71,2
DA:72,2
DA:73,2
DA:74,2
DA:75,2
DA:76,2
DA:77,2
DA:78,2
DA:79,2
DA:80,2
DA:81,2
DA:82,2
DA:83,2
DA:84,2
DA:85,2
DA:86,2
DA:87,2
DA:88,2
DA:89,2
DA:90,2
DA:91,2
DA:92,2
DA:93,1
DA:94,1
DA:95,1
DA:96,1
DA:97,1
DA:98,1
DA:99,1
DA:100,1
DA:101,1
DA:102,1
DA:103,1
DA:104,1
DA:105,1
DA:106,2
DA:107,2
DA:108,2
DA:109,2
DA:110,2
DA:111,2
DA:112,2
DA:113,2
DA:114,2
DA:115,2
DA:116,2
DA:117,2
DA:118,2
DA:119,2
DA:120,2
DA:121,2
DA:122,2
DA:123,2
DA:124,2
DA:125,2
DA:126,2
DA:127,2
DA:128,2
DA:129,2
DA:130,2
DA:131,2
DA:132,2
DA:133,2
DA:134,2
DA:135,2
DA:136,1
DA:137,1
DA:138,1
DA:139,1
DA:140,1
DA:141,1
DA:142,1
DA:143,1
DA:144,1
DA:145,1
DA:146,1
DA:147,1
DA:148,1
DA:149,1
DA:150,1
DA:151,2
DA:152,2
DA:153,2
DA:154,2
DA:155,2
DA:156,2
DA:157,2
DA:158,2
DA:159,2
DA:160,2
DA:161,2
DA:162,2
DA:163,2
DA:164,2
DA:165,2
DA:166,2
DA:167,2
DA:168,2
DA:169,2
DA:170,2
DA:171,2
DA:172,2
DA:173,2
DA:174,2
DA:175,2
DA:176,2
DA:177,2
DA:178,2
DA:179,2
DA:180,2
DA:181,2
DA:182,2
DA:183,2
DA:184,2
DA:185,2
DA:186,2
DA:187,2
DA:188,1
DA:189,2
DA:190,2
DA:191,2
DA:192,2
DA:193,2
DA:194,2
DA:195,2
DA:196,1
DA:197,1
DA:198,2
DA:199,2
DA:200,1
DA:201,1
DA:202,2
DA:203,2
DA:204,2
DA:205,2
DA:206,2
DA:207,2
DA:208,2
DA:209,2
DA:210,2
DA:211,2
DA:212,2
DA:213,2
DA:214,2
DA:215,2
DA:216,2
DA:217,2
DA:218,2
DA:219,2
DA:220,3
DA:221,2
DA:222,2
DA:223,2
DA:224,2
DA:225,2
DA:226,2
DA:227,2
DA:228,2
DA:229,2
DA:230,2
DA:231,2
DA:232,2
DA:233,1
DA:234,1
DA:235,1
DA:236,1
DA:237,1
DA:238,1
DA:239,1
DA:240,1
DA:241,1
DA:242,1
DA:243,1
DA:244,1
DA:245,1
DA:246,1
DA:247,1
DA:248,1
DA:249,1
DA:250,1
DA:251,1
DA:252,1
DA:253,1
DA:254,1
DA:255,1
DA:256,1
DA:257,1
DA:258,1
DA:259,1
DA:260,1
DA:261,1
DA:262,1
DA:263,1
DA:264,1
DA:265,1
DA:266,1
DA:267,1
DA:268,1
DA:269,1
DA:270,1
DA:271,1
DA:272,1
DA:273,1
DA:274,1
DA:275,1
DA:276,2
DA:277,2
DA:278,2
DA:279,1
DA:280,1
DA:281,1
DA:282,1
DA:283,1
DA:284,1
DA:285,1
DA:286,1
DA:287,1
DA:288,1
DA:289,1
DA:290,1
DA:291,1
DA:292,1
DA:293,1
DA:294,1
DA:295,1
DA:296,1
DA:297,1
DA:298,1
DA:299,1
DA:300,1
DA:301,1
DA:302,1
DA:303,1
DA:304,1
DA:305,1
DA:306,1
DA:307,1
DA:308,1
DA:309,1
DA:310,1
DA:311,1
DA:312,1
DA:313,1
DA:314,1
DA:315,1
DA:316,1
DA:317,1
DA:318,1
DA:319,1
DA:320,1
DA:321,1
DA:322,1
DA:323,1
DA:324,1
DA:325,1
DA:326,1
DA:327,1
DA:328,1
DA:329,1
DA:330,1
DA:331,1
DA:332,2
DA:333,2
DA:334,2
DA:335,1
DA:336,1
DA:337,1
DA:338,1
DA:339,1
DA:340,1
DA:341,1
DA:342,1
DA:343,1
DA:344,1
DA:345,1
DA:346,1
DA:347,1
DA:348,1
DA:349,1
DA:350,1
DA:351,1
DA:352,1
DA:353,1
DA:354,1
DA:355,1
DA:356,1
DA:357,1
DA:358,1
DA:359,1
DA:360,1
DA:361,1
DA:362,1
DA:363,1
DA:364,1
DA:365,1
DA:366,1
DA:367,1
DA:368,1
DA:369,1
DA:370,1
DA:371,1
DA:372,1
DA:373,2
DA:374,2
DA:375,2
DA:376,2
DA:377,2
DA:378,2
DA:379,2
DA:380,2
DA:381,2
DA:382,2
DA:383,2
DA:384,1
DA:385,1
DA:386,1
DA:387,1
DA:388,1
DA:389,1
DA:390,2
DA:391,2
DA:392,2
DA:393,2
DA:394,2
DA:395,2
DA:396,2
DA:397,1
DA:398,1
DA:399,1
DA:400,1
DA:401,1
DA:402,1
DA:403,1
DA:404,1
DA:405,2
DA:406,2
DA:407,2
DA:408,2
DA:409,2
DA:410,2
DA:411,2
DA:412,2
DA:413,2
DA:414,2
DA:415,2
DA:416,2
DA:417,2
DA:418,2
DA:419,2
DA:420,2
DA:421,2
DA:422,2
DA:423,2
DA:424,2
DA:425,2
DA:426,2
DA:427,2
DA:428,2
DA:429,2
DA:430,2
DA:431,2
DA:432,2
DA:433,2
DA:434,2
DA:435,2
DA:436,2
DA:437,2
DA:438,2
DA:439,2
DA:440,2
DA:441,2
DA:442,2
DA:443,2
DA:444,2
DA:445,2
DA:446,2
DA:447,2
DA:448,2
DA:449,2
DA:450,2
DA:451,2
DA:452,2
DA:453,2
DA:454,2
DA:455,2
DA:456,2
DA:457,2
DA:458,2
DA:459,2
DA:460,2
DA:461,2
DA:462,2
DA:463,2
DA:464,2
DA:465,2
DA:466,2
DA:467,2
DA:468,2
DA:469,2
DA:470,2
DA:471,2
DA:472,2
DA:473,2
DA:474,2
DA:475,2
DA:476,2
DA:477,2
DA:478,2
DA:479,2
DA:480,2
DA:481,2
DA:482,2
DA:483,2
DA:484,2
DA:485,2
DA:486,2
DA:487,2
DA:488,2
DA:489,2
DA:490,2
DA:491,2
DA:492,2
DA:493,2
DA:494,2
DA:495,2
DA:496,2
DA:497,2
DA:498,2
DA:499,2
DA:500,2
DA:501,2
DA:502,2
DA:503,2
DA:504,2
DA:505,2
DA:506,2
DA:507,2
DA:508,2
DA:509,3
DA:510,3
DA:511,2
DA:512,2
DA:513,2
DA:514,2
DA:515,2
DA:516,2
DA:517,2
DA:518,2
DA:519,2
DA:520,2
DA:521,2
DA:522,2
DA:523,2
DA:524,2
DA:525,2
DA:526,4
DA:527,2
DA:528,2
DA:529,2
DA:530,2
DA:531,2
DA:532,2
DA:533,2
DA:534,2
DA:535,2
DA:536,2
DA:537,2
DA:538,2
DA:539,2
DA:540,2
DA:541,2
DA:542,2
DA:543,2
DA:544,2
DA:545,2
DA:546,2
DA:547,2
DA:548,2
DA:549,2
DA:550,2
DA:551,2
DA:552,2
DA:553,2
DA:554,2
DA:555,2
DA:556,2
DA:557,2
DA:558,2
DA:559,2
DA:560,2
DA:561,2
DA:562,2
DA:563,2
DA:564,2
DA:565,2
DA:566,2
DA:567,2
DA:568,2
DA:569,2
DA:570,2
DA:571,2
DA:572,2
DA:573,2
DA:574,2
DA:575,2
DA:576,2
DA:577,2
DA:578,2
DA:579,2
DA:580,2
DA:581,2
DA:582,2
DA:583,2
DA:584,2
DA:585,2
DA:586,2
DA:587,2
DA:588,2
DA:589,2
DA:590,2
DA:591,2
DA:592,2
DA:593,2
DA:594,2
DA:595,2
DA:596,2
DA:597,1
DA:598,1
DA:599,1
DA:600,1
DA:601,1
DA:602,1
DA:603,1
DA:604,2
DA:605,2
DA:606,2
DA:607,2
DA:608,2
DA:609,2
DA:610,2
DA:611,2
DA:612,2
DA:613,2
DA:614,2
DA:615,2
DA:616,2
DA:617,2
DA:618,2
DA:619,2
DA:620,2
DA:621,2
DA:622,2
DA:623,2
DA:624,2
DA:625,2
DA:626,2
DA:627,2
DA:628,2
DA:629,2
DA:630,2
DA:631,2
DA:632,2
DA:633,2
DA:634,2
DA:635,2
DA:636,2
DA:637,2
DA:638,2
DA:639,2
DA:640,2
DA:641,4
DA:642,2
DA:643,2
DA:644,2
DA:645,2
DA:646,2
DA:647,2
DA:648,2
DA:649,2
DA:650,2
DA:651,2
DA:652,2
DA:653,4
DA:654,2
DA:655,2
DA:656,2
DA:657,2
DA:658,2
DA:659,2
DA:660,2
DA:661,2
DA:662,2
DA:663,2
DA:664,2
DA:665,2
DA:666,2
DA:667,2
DA:668,2
DA:669,2
DA:670,2
DA:671,2
DA:672,2
DA:673,2
DA:674,2
DA:675,2
DA:676,2
DA:677,2
DA:678,2
DA:679,2
DA:680,2
DA:681,2
DA:682,2
DA:683,2
DA:684,2
DA:685,2
DA:686,2
DA:687,2
DA:688,2
DA:689,2
DA:690,2
DA:691,2
DA:692,2
DA:693,2
DA:694,2
DA:695,2
DA:696,2
DA:697,2
DA:698,2
DA:699,2
DA:700,2
DA:701,2
DA:702,2
DA:703,2
LF:703
LH:685
BRDA:9,0,0,31
BRDA:10,1,0,0
BRDA:14,2,0,21
BRDA:22,3,0,0
BRDA:24,4,0,10
BRDA:35,5,0,0
BRDA:20,6,0,63
BRDA:31,7,0,30
BRDA:59,8,0,2
BRDA:60,9,0,0
BRDA:61,10,0,0
BRDA:68,11,0,0
BRDA:68,12,0,0
BRDA:68,13,0,0
BRDA:75,14,0,0
BRDA:86,15,0,1
BRDA:87,16,0,0
BRDA:88,17,0,0
BRDA:89,18,0,0
BRDA:90,19,0,0
BRDA:92,20,0,1
BRDA:98,21,0,0
BRDA:116,22,0,0
BRDA:126,23,0,0
BRDA:135,24,0,1
BRDA:135,25,0,1
BRDA:142,26,0,0
BRDA:211,27,0,0
BRDA:225,28,0,0
BRDA:232,29,0,1
BRDA:232,30,0,1
BRDA:239,31,0,0
BRDA:278,32,0,1
BRDA:278,33,0,1
BRDA:285,34,0,0
BRDA:334,35,0,1
BRDA:334,36,0,1
BRDA:341,37,0,0
BRDA:383,38,0,1
BRDA:383,39,0,1
BRDA:383,40,0,1
BRDA:150,41,0,2
BRDA:156,42,0,0
BRDA:159,43,0,0
BRDA:162,44,0,0
BRDA:164,45,0,0
BRDA:172,46,0,0
BRDA:172,47,0,1
BRDA:172,48,0,1
BRDA:172,49,0,0
BRDA:177,50,0,0
BRDA:179,51,0,0
BRDA:187,52,0,1
BRDA:188,53,0,2
BRDA:191,54,0,0
BRDA:219,55,0,3
BRDA:220,56,0,2
BRDA:220,57,0,1
BRDA:247,58,0,1
BRDA:252,59,0,0
BRDA:254,60,0,0
BRDA:257,61,0,0
BRDA:258,62,0,0
BRDA:266,63,0,0
BRDA:266,64,0,0
BRDA:268,65,0,0
BRDA:293,66,0,1
BRDA:296,67,0,0
BRDA:309,68,0,0
BRDA:318,69,0,1
BRDA:321,70,0,0
BRDA:349,71,0,1
BRDA:354,72,0,0
BRDA:356,73,0,0
BRDA:359,74,0,0
BRDA:360,75,0,0
BRDA:363,76,0,0
BRDA:365,77,0,0
BRDA:404,78,0,2
BRDA:405,79,0,0
BRDA:406,80,0,0
BRDA:413,81,0,0
BRDA:420,82,0,0
BRDA:424,83,0,0
BRDA:430,84,0,0
BRDA:431,85,0,0
BRDA:471,86,0,0
BRDA:471,87,0,0
BRDA:471,88,0,0
BRDA:477,89,0,0
BRDA:479,90,0,1
BRDA:498,91,0,2
BRDA:499,92,0,0
BRDA:499,93,0,0
BRDA:499,94,0,0
BRDA:502,95,0,0
BRDA:502,96,0,0
BRDA:503,97,0,0
BRDA:508,98,0,3
BRDA:525,99,0,4
BRDA:526,100,0,0
BRDA:537,101,0,2
BRDA:540,102,0,0
BRDA:540,103,0,0
BRDA:541,104,0,0
BRDA:541,105,0,0
BRDA:541,106,0,0
BRDA:551,107,0,2
BRDA:554,108,0,0
BRDA:564,109,0,2
BRDA:582,110,0,2
BRDA:584,111,0,0
BRDA:584,112,0,0
BRDA:584,113,0,0
BRDA:603,114,0,2
BRDA:604,115,0,0
BRDA:610,116,0,0
BRDA:610,117,0,0
BRDA:610,118,0,0
BRDA:616,119,0,0
BRDA:617,120,0,1
BRDA:618,121,0,0
BRDA:634,122,0,2
BRDA:635,123,0,0
BRDA:635,124,0,0
BRDA:635,125,0,0
BRDA:636,126,0,0
BRDA:636,127,0,0
BRDA:637,128,0,0
BRDA:640,129,0,4
BRDA:652,130,0,4
BRDA:653,131,0,0
BRDA:663,132,0,2
BRDA:664,133,0,0
BRDA:664,134,0,0
BRDA:665,135,0,0
BRDA:665,136,0,0
BRDA:665,137,0,0
BRDA:674,138,0,2
BRDA:675,139,0,0
BRDA:682,140,0,2
BRDA:695,141,0,2
BRDA:696,142,0,0
BRDA:696,143,0,1
BRDA:697,144,0,1
BRF:145
BRH:51
end_of_record
TN:
SF:backend\src\utils\resumeValidator.js
FN:14,validateEmail
FN:35,validatePhoneNumber
FN:84,performBasicGrammarChecks
FN:92,getMessage
FN:97,getMessage
FN:102,getMessage
FN:107,getMessage
FN:112,getMessage
FN:117,getMessage
FN:119,replacements
FN:146,checkGrammar
FN:248,countPdfPages
FN:261,validateResumeLength
FN:303,analyzeProfessionalTone
FN:370,checkFormatConsistency
FN:464,detectDateFormat
FN:485,checkMissingInformation
FN:616,extractTextFromResume
FN:684,validateResume
FNF:19
FNH:18
FNDA:4,validateEmail
FNDA:4,validatePhoneNumber
FNDA:7,performBasicGrammarChecks
FNDA:2,getMessage
FNDA:2,getMessage
FNDA:2,getMessage
FNDA:2,getMessage
FNDA:0,getMessage
FNDA:2,getMessage
FNDA:1,replacements
FNDA:8,checkGrammar
FNDA:5,countPdfPages
FNDA:4,validateResumeLength
FNDA:4,analyzeProfessionalTone
FNDA:2,checkFormatConsistency
FNDA:2,detectDateFormat
FNDA:2,checkMissingInformation
FNDA:2,extractTextFromResume
FNDA:1,validateResume
DA:1,1
DA:2,1
DA:3,1
DA:4,1
DA:5,1
DA:6,1
DA:7,1
DA:8,1
DA:9,1
DA:10,1
DA:11,1
DA:12,1
DA:13,1
DA:14,1
DA:15,4
DA:16,1
DA:17,1
DA:18,3
DA:19,4
DA:20,1
DA:21,1
DA:22,2
DA:23,2
DA:24,2
DA:25,1
DA:26,1
DA:27,1
DA:28,1
DA:29,1
DA:30,1
DA:31,1
DA:32,1
DA:33,1
DA:34,1
DA:35,1
DA:36,4
DA:37,0
DA:38,0
DA:39,4
DA:40,4
DA:41,4
DA:42,4
DA:43,4
DA:44,4
DA:45,1
DA:46,1
DA:47,1
DA:48,1
DA:49,1
DA:50,3
DA:51,3
DA:52,4
DA:53,1
DA:54,1
DA:55,1
DA:56,1
DA:57,1
DA:58,2
DA:59,2
DA:60,2
DA:61,2
DA:62,2
DA:63,2
DA:64,2
DA:65,2
DA:66,2
DA:67,2
DA:68,2
DA:69,2
DA:70,4
DA:71,0
DA:72,0
DA:73,0
DA:74,0
DA:75,0
DA:76,0
DA:77,0
DA:78,0
DA:79,0
DA:80,1
DA:81,1
DA:82,1
DA:83,1
DA:84,1
DA:85,7
DA:86,7
DA:87,7
DA:88,7
DA:89,7
DA:90,7
DA:91,7
DA:92,7
DA:93,7
DA:94,7
DA:95,7
DA:96,7
DA:97,7
DA:98,7
DA:99,7
DA:100,7
DA:101,7
DA:102,7
DA:103,7
DA:104,7
DA:105,7
DA:106,7
DA:107,7
DA:108,7
DA:109,7
DA:110,7
DA:111,7
DA:112,7
DA:113,7
DA:114,7
DA:115,7
DA:116,7
DA:117,7
DA:118,7
DA:119,7
DA:120,7
DA:121,7
DA:122,7
DA:123,7
DA:124,42
DA:125,42
DA:126,5
DA:127,5
DA:128,5
DA:129,5
DA:130,5
DA:131,5
DA:132,5
DA:133,5
DA:134,5
DA:135,5
DA:136,5
DA:137,5
DA:138,7
DA:139,7
DA:140,7
DA:141,7
DA:142,1
DA:143,1
DA:144,1
DA:145,1
DA:146,1
DA:147,8
DA:148,8
DA:149,8
DA:150,1
DA:151,1
DA:152,7
DA:153,7
DA:154,7
DA:155,7
DA:156,7
DA:157,7
DA:158,7
DA:159,7
DA:160,7
DA:161,7
DA:162,7
DA:163,7
DA:164,7
DA:165,7
DA:166,7
DA:167,7
DA:168,7
DA:169,7
DA:170,7
DA:171,7
DA:172,7
DA:173,7
DA:174,7
DA:175,7
DA:176,7
DA:177,7
DA:178,7
DA:179,7
DA:180,7
DA:181,7
DA:182,7
DA:183,7
DA:184,7
DA:185,7
DA:186,7
DA:187,7
DA:188,7
DA:189,7
DA:190,7
DA:191,7
DA:192,7
DA:193,7
DA:194,7
DA:195,7
DA:196,7
DA:197,7
DA:198,7
DA:199,7
DA:200,7
DA:201,7
DA:202,7
DA:203,7
DA:204,7
DA:205,7
DA:206,7
DA:207,7
DA:208,7
DA:209,7
DA:210,7
DA:211,7
DA:212,7
DA:213,7
DA:214,7
DA:215,7
DA:216,7
DA:217,7
DA:218,7
DA:219,7
DA:220,7
DA:221,7
DA:222,7
DA:223,7
DA:224,7
DA:225,7
DA:226,7
DA:227,7
DA:228,7
DA:229,7
DA:230,7
DA:231,7
DA:232,7
DA:233,7
DA:234,7
DA:235,7
DA:236,7
DA:237,7
DA:238,7
DA:239,7
DA:240,7
DA:241,7
DA:242,7
DA:243,7
DA:244,1
DA:245,1
DA:246,1
DA:247,1
DA:248,1
DA:249,5
DA:250,5
DA:251,5
DA:252,5
DA:253,0
DA:254,0
DA:255,0
DA:256,5
DA:257,1
DA:258,1
DA:259,1
DA:260,1
DA:261,1
DA:262,4
DA:263,4
DA:264,4
DA:265,4
DA:266,1
DA:267,1
DA:268,1
DA:269,1
DA:270,1
DA:271,1
DA:272,3
DA:273,4
DA:274,2
DA:275,2
DA:276,2
DA:277,2
DA:278,2
DA:279,2
DA:280,1
DA:281,1
DA:282,1
DA:283,1
DA:284,1
DA:285,1
DA:286,1
DA:287,1
DA:288,0
DA:289,0
DA:290,0
DA:291,0
DA:292,0
DA:293,0
DA:294,0
DA:295,0
DA:296,0
DA:297,0
DA:298,4
DA:299,1
DA:300,1
DA:301,1
DA:302,1
DA:303,1
DA:304,4
DA:305,4
DA:306,4
DA:307,4
DA:308,4
DA:309,4
DA:310,4
DA:311,4
DA:312,4
DA:313,4
DA:314,4
DA:315,4
DA:316,4
DA:317,4
DA:318,4
DA:319,4
DA:320,32
DA:321,32
DA:322,3
DA:323,3
DA:324,3
DA:325,3
DA:326,3
DA:327,3
DA:328,3
DA:329,3
DA:330,3
DA:331,4
DA:332,4
DA:333,4
DA:334,4
DA:335,4
DA:336,1
DA:337,1
DA:338,1
DA:339,1
DA:340,1
DA:341,1
DA:342,1
DA:343,4
DA:344,4
DA:345,4
DA:346,4
DA:347,4
DA:348,4
DA:349,4
DA:350,4
DA:351,4
DA:352,4
DA:353,16
DA:354,16
DA:355,3
DA:356,3
DA:357,3
DA:358,3
DA:359,3
DA:360,3
DA:361,3
DA:362,4
DA:363,4
DA:364,4
DA:365,4
DA:366,1
DA:367,1
DA:368,1
DA:369,1
DA:370,1
DA:371,2
DA:372,2
DA:373,2
DA:374,2
DA:375,2
DA:376,2
DA:377,2
DA:378,1
DA:379,1
DA:380,1
DA:381,2
DA:382,1
DA:383,1
DA:384,1
DA:385,2
DA:386,2
DA:387,2
DA:388,2
DA:389,2
DA:390,1
DA:391,1
DA:392,1
DA:393,1
DA:394,1
DA:395,1
DA:396,1
DA:397,1
DA:398,2
DA:399,2
DA:400,2
DA:401,2
DA:402,2
DA:403,2
DA:404,1
DA:405,0
DA:406,0
DA:407,0
DA:408,1
DA:409,0
DA:410,0
DA:411,0
DA:412,2
DA:413,2
DA:414,2
DA:415,2
DA:416,0
DA:417,0
DA:418,0
DA:419,0
DA:420,0
DA:421,0
DA:422,0
DA:423,2
DA:424,2
DA:425,2
DA:426,2
DA:427,2
DA:428,2
DA:429,1
DA:430,1
DA:431,1
DA:432,1
DA:433,2
DA:434,2
DA:435,2
DA:436,2
DA:437,2
DA:438,2
DA:439,2
DA:440,2
DA:441,1
DA:442,1
DA:443,1
DA:444,1
DA:445,1
DA:446,0
DA:447,0
DA:448,0
DA:449,0
DA:450,0
DA:451,0
DA:452,0
DA:453,0
DA:454,1
DA:455,2
DA:456,2
DA:457,2
DA:458,2
DA:459,2
DA:460,1
DA:461,1
DA:462,1
DA:463,1
DA:464,1
DA:465,2
DA:466,2
DA:467,2
DA:468,2
DA:469,2
DA:470,1
DA:471,2
DA:472,1
DA:473,1
DA:474,0
DA:475,0
DA:476,0
DA:477,0
DA:478,0
DA:479,0
DA:480,0
DA:481,1
DA:482,1
DA:483,1
DA:484,1
DA:485,1
DA:486,2
DA:487,2
DA:488,2
DA:489,2
DA:490,2
DA:491,2
DA:492,1
DA:493,1
DA:494,1
DA:495,1
DA:496,1
DA:497,1
DA:498,1
DA:499,1
DA:500,2
DA:501,2
DA:502,2
DA:503,2
DA:504,2
DA:505,2
DA:506,2
DA:507,2
DA:508,2
DA:509,2
DA:510,2
DA:511,2
DA:512,2
DA:513,2
DA:514,2
DA:515,2
DA:516,2
DA:517,2
DA:518,2
DA:519,2
DA:520,2
DA:521,1
DA:522,1
DA:523,1
DA:524,1
DA:525,1
DA:526,1
DA:527,1
DA:528,1
DA:529,1
DA:530,1
DA:531,1
DA:532,1
DA:533,1
DA:534,1
DA:535,2
DA:536,2
DA:537,2
DA:538,1
DA:539,1
DA:540,1
DA:541,1
DA:542,1
DA:543,1
DA:544,1
DA:545,1
DA:546,1
DA:547,1
DA:548,1
DA:549,1
DA:550,1
DA:551,1
DA:552,1
DA:553,1
DA:554,1
DA:555,1
DA:556,1
DA:557,1
DA:558,0
DA:559,0
DA:560,0
DA:561,0
DA:562,0
DA:563,0
DA:564,0
DA:565,0
DA:566,1
DA:567,1
DA:568,1
DA:569,1
DA:570,1
DA:571,0
DA:572,0
DA:573,0
DA:574,0
DA:575,0
DA:576,0
DA:577,0
DA:578,0
DA:579,1
DA:580,1
DA:581,1
DA:582,2
DA:583,2
DA:584,2
DA:585,1
DA:586,1
DA:587,1
DA:588,1
DA:589,1
DA:590,1
DA:591,1
DA:592,2
DA:593,2
DA:594,2
DA:595,1
DA:596,1
DA:597,1
DA:598,1
DA:599,1
DA:600,1
DA:601,1
DA:602,0
DA:603,0
DA:604,0
DA:605,0
DA:606,0
DA:607,0
DA:608,0
DA:609,2
DA:610,2
DA:611,2
DA:612,1
DA:613,1
DA:614,1
DA:615,1
DA:616,1
DA:617,2
DA:618,2
DA:619,2
DA:620,2
DA:621,2
DA:622,2
DA:623,2
DA:624,2
DA:625,2
DA:626,2
DA:627,2
DA:628,2
DA:629,2
DA:630,2
DA:631,2
DA:632,2
DA:633,2
DA:634,2
DA:635,2
DA:636,2
DA:637,2
DA:638,2
DA:639,2
DA:640,2
DA:641,2
DA:642,1
DA:643,2
DA:644,1
DA:645,1
DA:646,2
DA:647,2
DA:648,2
DA:649,2
DA:650,2
DA:651,1
DA:652,1
DA:653,1
DA:654,1
DA:655,1
DA:656,1
DA:657,1
DA:658,1
DA:659,2
DA:660,2
DA:661,2
DA:662,0
DA:663,0
DA:664,0
DA:665,0
DA:666,0
DA:667,0
DA:668,2
DA:669,2
DA:670,2
DA:671,0
DA:672,0
DA:673,0
DA:674,0
DA:675,0
DA:676,2
DA:677,2
DA:678,2
DA:679,1
DA:680,1
DA:681,1
DA:682,1
DA:683,1
DA:684,1
DA:685,1
DA:686,1
DA:687,1
DA:688,1
DA:689,1
DA:690,1
DA:691,1
DA:692,1
DA:693,1
DA:694,1
DA:695,1
DA:696,1
DA:697,1
DA:698,0
DA:699,0
DA:700,0
DA:701,0
DA:702,0
DA:703,0
DA:704,0
DA:705,0
DA:706,1
DA:707,1
DA:708,1
DA:709,1
DA:710,0
DA:711,0
DA:712,0
DA:713,0
DA:714,0
DA:715,0
DA:716,0
DA:717,0
DA:718,1
DA:719,1
DA:720,1
DA:721,1
DA:722,1
DA:723,1
DA:724,0
DA:725,0
DA:726,0
DA:727,0
DA:728,0
DA:729,0
DA:730,0
DA:731,1
DA:732,1
DA:733,1
DA:734,1
DA:735,0
DA:736,0
DA:737,0
DA:738,0
DA:739,0
DA:740,0
DA:741,0
DA:742,1
DA:743,1
DA:744,1
DA:745,1
DA:746,1
DA:747,1
DA:748,1
DA:749,8
DA:750,8
DA:751,6
DA:752,6
DA:753,8
DA:754,0
DA:755,0
DA:756,0
DA:757,0
DA:758,0
DA:759,8
DA:760,1
DA:761,1
DA:762,1
DA:763,0
DA:764,0
DA:765,0
DA:766,0
DA:767,0
DA:768,0
DA:769,0
DA:770,0
DA:771,0
DA:772,0
DA:773,0
DA:774,0
DA:775,0
DA:776,0
DA:777,0
DA:778,0
DA:779,0
DA:780,0
DA:781,0
DA:782,0
DA:783,0
DA:784,1
DA:785,1
DA:786,1
DA:787,1
DA:788,3
DA:789,0
DA:790,0
DA:791,3
DA:792,3
DA:793,3
DA:794,1
DA:795,1
DA:796,1
DA:797,1
DA:798,1
DA:799,0
DA:800,1
DA:801,1
DA:802,1
DA:803,1
DA:804,1
DA:805,1
DA:806,1
DA:807,1
DA:808,1
DA:809,1
DA:810,1
DA:811,0
DA:812,0
DA:813,0
DA:814,0
DA:815,0
DA:816,0
DA:817,1
DA:818,1
DA:819,2
DA:820,2
DA:821,2
DA:822,2
DA:823,2
DA:824,1
DA:825,1
DA:826,1
DA:827,1
DA:828,1
DA:829,1
DA:830,1
DA:831,0
DA:832,0
DA:833,0
DA:834,0
DA:835,0
DA:836,0
DA:837,0
DA:838,0
DA:839,0
DA:840,0
DA:841,1
DA:842,1
DA:843,1
DA:844,3
DA:845,3
DA:846,3
DA:847,2
DA:848,2
DA:849,2
DA:850,2
DA:851,2
DA:852,3
DA:853,3
DA:854,1
DA:855,1
DA:856,1
DA:857,1
DA:858,1
DA:859,1
DA:860,1
DA:861,1
DA:862,1
DA:863,1
DA:864,1
DA:865,1
DA:866,1
DA:867,1
DA:868,1
LF:868
LH:707
BRDA:14,0,0,4
BRDA:15,1,0,1
BRDA:17,2,0,3
BRDA:19,3,0,1
BRDA:21,4,0,2
BRDA:35,5,0,4
BRDA:36,6,0,0
BRDA:44,7,0,1
BRDA:49,8,0,3
BRDA:52,9,0,2
BRDA:52,10,0,1
BRDA:57,11,0,2
BRDA:70,12,0,0
BRDA:84,13,0,7
BRDA:92,14,0,2
BRDA:97,15,0,2
BRDA:102,16,0,2
BRDA:107,17,0,2
BRDA:117,18,0,2
BRDA:119,19,0,1
BRDA:119,20,0,0
BRDA:123,21,0,42
BRDA:125,22,0,5
BRDA:132,23,0,1
BRDA:132,24,0,4
BRDA:146,25,0,8
BRDA:148,26,0,1
BRDA:149,27,0,7
BRDA:149,28,0,1
BRDA:151,29,0,7
BRDA:160,30,0,5
BRDA:161,31,0,5
BRDA:248,32,0,5
BRDA:252,33,0,0
BRDA:261,34,0,4
BRDA:265,35,0,1
BRDA:271,36,0,3
BRDA:273,37,0,1
BRDA:273,38,0,2
BRDA:277,39,0,0
BRDA:279,40,0,1
BRDA:287,41,0,0
BRDA:303,42,0,4
BRDA:335,43,0,1
BRDA:335,44,0,1
BRDA:319,45,0,32
BRDA:321,46,0,3
BRDA:322,47,0,3
BRDA:352,48,0,16
BRDA:354,49,0,3
BRDA:370,50,0,2
BRDA:389,51,0,1
BRDA:415,52,0,0
BRDA:376,53,0,2
BRDA:377,54,0,1
BRDA:381,55,0,1
BRDA:381,56,0,1
BRDA:388,57,0,2
BRDA:403,58,0,1
BRDA:404,59,0,0
BRDA:408,60,0,0
BRDA:408,61,0,0
BRDA:427,62,0,2
BRDA:428,63,0,1
BRDA:428,64,0,1
BRDA:445,65,0,0
BRDA:445,66,0,0
BRDA:432,67,0,2
BRDA:464,68,0,2
BRDA:465,69,0,0
BRDA:466,70,0,0
BRDA:469,71,0,1
BRDA:471,72,0,0
BRDA:471,73,0,1
BRDA:473,74,0,0
BRDA:485,75,0,2
BRDA:487,76,0,0
BRDA:490,77,0,1
BRDA:491,78,0,1
BRDA:520,79,0,1
BRDA:520,80,0,1
BRDA:537,81,0,1
BRDA:537,82,0,1
BRDA:584,83,0,1
BRDA:584,84,0,1
BRDA:594,85,0,1
BRDA:594,86,0,1
BRDA:601,87,0,0
BRDA:545,88,0,1
BRDA:547,89,0,0
BRDA:550,90,0,0
BRDA:557,91,0,0
BRDA:570,92,0,0
BRDA:554,93,0,1
BRDA:569,94,0,2
BRDA:616,95,0,2
BRDA:624,96,0,1
BRDA:625,97,0,0
BRDA:626,98,0,0
BRDA:650,99,0,1
BRDA:650,100,0,1
BRDA:661,101,0,0
BRDA:661,102,0,0
BRDA:670,103,0,0
BRDA:670,104,0,0
BRDA:636,105,0,2
BRDA:638,106,0,1
BRDA:639,107,0,0
BRDA:640,108,0,1
BRDA:641,109,0,1
BRDA:641,110,0,1
BRDA:642,111,0,2
BRDA:651,112,0,1
BRDA:653,113,0,0
BRDA:654,114,0,0
BRDA:655,115,0,0
BRDA:656,116,0,0
BRDA:684,117,0,1
BRDA:693,118,0,0
BRDA:697,119,0,0
BRDA:709,120,0,0
BRDA:723,121,0,0
BRDA:734,122,0,0
BRDA:748,123,0,8
BRDA:750,124,0,7
BRDA:750,125,0,2
BRDA:750,126,0,6
BRDA:753,127,0,0
BRDA:762,128,0,0
BRDA:830,129,0,0
BRDA:830,130,0,0
BRDA:787,131,0,3
BRDA:788,132,0,0
BRDA:809,133,0,1
BRDA:810,134,0,0
BRDA:818,135,0,2
BRDA:843,136,0,3
BRDA:846,137,0,2
BRDA:864,138,0,5
BRF:139
BRH:95
end_of_record
